INFO:root:embedding methods amplitude, sample number 50, batch size 10, learning rate 0.01, epoch number 100, layer number 1
INFO:root:start epoch 1
INFO:root:Iter: 1| Accuracy: 0.7 | Loss: 0.23566162790400003
INFO:root:Iter: 2| Accuracy: 0.7 | Loss: 0.22801101242219413
INFO:root:Iter: 3| Accuracy: 0.6 | Loss: 0.20925241466698613
INFO:root:Iter: 4| Accuracy: 0.3 | Loss: 0.38716208448093725
INFO:root:Iter: 5| Accuracy: 0.3 | Loss: 0.2869806832916721
INFO:root:Iter: 6| Accuracy: 0.6 | Loss: 0.24796060583903942
INFO:root:Iter: 7| Accuracy: 0.4 | Loss: 0.282360979470698
INFO:root:Iter: 8| Accuracy: 0.6 | Loss: 0.23083268618798697
INFO:root:Iter: 9| Accuracy: 0.4 | Loss: 0.2502488413162677
INFO:root:Iter: 10| Accuracy: 0.7 | Loss: 0.22898022376650634
INFO:root:epoch 1 : Training Accuracy 0.53 , Loss 0.24909408082791612, Time 0.4201518456141154 minutes, Validation Accuracy 0.53
INFO:root:start epoch 2
INFO:root:Iter: 1| Accuracy: 0.6 | Loss: 0.24040527349664248
INFO:root:Iter: 2| Accuracy: 0.7 | Loss: 0.19668945424146717
INFO:root:Iter: 3| Accuracy: 0.7 | Loss: 0.22059198581920011
INFO:root:Iter: 4| Accuracy: 0.6 | Loss: 0.2455034996568414
INFO:root:Iter: 5| Accuracy: 0.7 | Loss: 0.226091178066938
INFO:root:Iter: 6| Accuracy: 0.7 | Loss: 0.18139580142925996
INFO:root:Iter: 7| Accuracy: 0.6 | Loss: 0.2892588587568515
INFO:root:Iter: 8| Accuracy: 0.4 | Loss: 0.3805726709194567
INFO:root:Iter: 9| Accuracy: 0.5 | Loss: 0.29070970390394646
INFO:root:Iter: 10| Accuracy: 0.7 | Loss: 0.1976148653152432
INFO:root:epoch 2 : Training Accuracy 0.62 , Loss 0.24226664765100256, Time 0.4056694984436035 minutes, Validation Accuracy 0.59
INFO:root:start epoch 3
INFO:root:Iter: 1| Accuracy: 0.6 | Loss: 0.2563290564772406
INFO:root:Iter: 2| Accuracy: 0.5 | Loss: 0.2940549388939062
INFO:root:Iter: 3| Accuracy: 0.7 | Loss: 0.21862274941829463
INFO:root:Iter: 4| Accuracy: 0.7 | Loss: 0.2570921151263463
INFO:root:Iter: 5| Accuracy: 0.7 | Loss: 0.254073200975804
INFO:root:Iter: 6| Accuracy: 0.8 | Loss: 0.15861344314667275
INFO:root:Iter: 7| Accuracy: 0.7 | Loss: 0.2633810957123316
INFO:root:Iter: 8| Accuracy: 0.6 | Loss: 0.22515945122060593
INFO:root:Iter: 9| Accuracy: 0.8 | Loss: 0.27001346918656727
INFO:root:Iter: 10| Accuracy: 0.9 | Loss: 0.17297476151380348
INFO:root:epoch 3 : Training Accuracy 0.7 , Loss 0.23101935643036128, Time 0.4029208540916443 minutes, Validation Accuracy 0.61
INFO:root:start epoch 4
INFO:root:Iter: 1| Accuracy: 0.9 | Loss: 0.2226753005416749
INFO:root:Iter: 2| Accuracy: 0.4 | Loss: 0.27357045117666523
INFO:root:Iter: 3| Accuracy: 0.6 | Loss: 0.2737229116600345
INFO:root:Iter: 4| Accuracy: 0.8 | Loss: 0.1992632457189086
INFO:root:Iter: 5| Accuracy: 0.8 | Loss: 0.22959062515422995
INFO:root:Iter: 6| Accuracy: 0.9 | Loss: 0.21143075035859044
INFO:root:Iter: 7| Accuracy: 0.5 | Loss: 0.21085983908765366
INFO:root:Iter: 8| Accuracy: 0.7 | Loss: 0.2878585502349004
INFO:root:Iter: 9| Accuracy: 0.8 | Loss: 0.1647031809321878
INFO:root:Iter: 10| Accuracy: 0.7 | Loss: 0.22514350487955292
INFO:root:epoch 4 : Training Accuracy 0.71 , Loss 0.22426702141975657, Time 0.403469987710317 minutes, Validation Accuracy 0.68
INFO:root:start epoch 5
INFO:root:Iter: 1| Accuracy: 0.6 | Loss: 0.2458218149804768
INFO:root:Iter: 2| Accuracy: 0.7 | Loss: 0.2107021663494748
INFO:root:Iter: 3| Accuracy: 0.6 | Loss: 0.3147083826109899
INFO:root:Iter: 4| Accuracy: 0.5 | Loss: 0.3259608277797169
INFO:root:Iter: 5| Accuracy: 0.7 | Loss: 0.17646331644572127
INFO:root:Iter: 6| Accuracy: 1.0 | Loss: 0.14583375077231348
INFO:root:Iter: 7| Accuracy: 0.9 | Loss: 0.16453744963946945
INFO:root:Iter: 8| Accuracy: 0.6 | Loss: 0.19349294765822717
INFO:root:Iter: 9| Accuracy: 1.0 | Loss: 0.1603284911912375
INFO:root:Iter: 10| Accuracy: 0.6 | Loss: 0.25335426118461607
INFO:root:epoch 5 : Training Accuracy 0.72 , Loss 0.21259672965432813, Time 0.4021779457728068 minutes, Validation Accuracy 0.69
INFO:root:start epoch 6
INFO:root:Iter: 1| Accuracy: 0.8 | Loss: 0.2275778988777959
INFO:root:Iter: 2| Accuracy: 0.5 | Loss: 0.3108628288894698
INFO:root:Iter: 3| Accuracy: 0.6 | Loss: 0.2751470731237865
INFO:root:Iter: 4| Accuracy: 0.7 | Loss: 0.21781078741456456
INFO:root:Iter: 5| Accuracy: 1.0 | Loss: 0.11169294876044558
INFO:root:Iter: 6| Accuracy: 0.7 | Loss: 0.21045243071459305
INFO:root:Iter: 7| Accuracy: 0.7 | Loss: 0.21711525050511177
INFO:root:Iter: 8| Accuracy: 1.0 | Loss: 0.1423464119300804
INFO:root:Iter: 9| Accuracy: 0.8 | Loss: 0.19706402255887204
INFO:root:Iter: 10| Accuracy: 0.8 | Loss: 0.19809770917451602
INFO:root:epoch 6 : Training Accuracy 0.76 , Loss 0.20682291228693722, Time 0.4169482747713725 minutes, Validation Accuracy 0.72
INFO:root:start epoch 7
INFO:root:Iter: 1| Accuracy: 0.8 | Loss: 0.1461917281007288
INFO:root:Iter: 2| Accuracy: 0.8 | Loss: 0.1840391308411819
INFO:root:Iter: 3| Accuracy: 0.8 | Loss: 0.20338788506525632
INFO:root:Iter: 4| Accuracy: 0.6 | Loss: 0.256440094599911
INFO:root:Iter: 5| Accuracy: 0.5 | Loss: 0.3003058795468915
INFO:root:Iter: 6| Accuracy: 0.9 | Loss: 0.16062897613494292
INFO:root:Iter: 7| Accuracy: 0.8 | Loss: 0.16695536919259277
INFO:root:Iter: 8| Accuracy: 0.9 | Loss: 0.16489301700548936
INFO:root:Iter: 9| Accuracy: 0.6 | Loss: 0.26591647568165555
INFO:root:Iter: 10| Accuracy: 0.9 | Loss: 0.14869311587573608
INFO:root:epoch 7 : Training Accuracy 0.76 , Loss 0.19990169428015225, Time 0.4073445399602254 minutes, Validation Accuracy 0.73
INFO:root:start epoch 8
INFO:root:Iter: 1| Accuracy: 0.6 | Loss: 0.22821209734630932
INFO:root:Iter: 2| Accuracy: 0.5 | Loss: 0.2616323137707406
INFO:root:Iter: 3| Accuracy: 0.6 | Loss: 0.2921287453888526
INFO:root:Iter: 4| Accuracy: 0.6 | Loss: 0.21942353021225194
INFO:root:Iter: 5| Accuracy: 1.0 | Loss: 0.15087557733351004
INFO:root:Iter: 6| Accuracy: 0.9 | Loss: 0.15164709039503982
INFO:root:Iter: 7| Accuracy: 0.7 | Loss: 0.19143745933779555
INFO:root:Iter: 8| Accuracy: 1.0 | Loss: 0.1238879657931633
INFO:root:Iter: 9| Accuracy: 1.0 | Loss: 0.11902748537491595
INFO:root:Iter: 10| Accuracy: 0.6 | Loss: 0.2162865355146045
INFO:root:epoch 8 : Training Accuracy 0.75 , Loss 0.19464832270888358, Time 0.40233372847239174 minutes, Validation Accuracy 0.75
INFO:root:start epoch 9
INFO:root:Iter: 1| Accuracy: 0.4 | Loss: 0.2845456315646412
INFO:root:Iter: 2| Accuracy: 0.8 | Loss: 0.21867265748910558
INFO:root:Iter: 3| Accuracy: 0.8 | Loss: 0.17488145771457403
INFO:root:Iter: 4| Accuracy: 0.8 | Loss: 0.2159324834671549
INFO:root:Iter: 5| Accuracy: 0.7 | Loss: 0.18798044562954236
INFO:root:Iter: 6| Accuracy: 0.8 | Loss: 0.15790390772607232
INFO:root:Iter: 7| Accuracy: 1.0 | Loss: 0.10236676039264965
INFO:root:Iter: 8| Accuracy: 0.9 | Loss: 0.1534738385497004
INFO:root:Iter: 9| Accuracy: 0.8 | Loss: 0.18177796870319402
INFO:root:Iter: 10| Accuracy: 0.8 | Loss: 0.21068687647690085
INFO:root:epoch 9 : Training Accuracy 0.78 , Loss 0.18618345413668397, Time 0.4013871709505717 minutes, Validation Accuracy 0.75
INFO:root:start epoch 10
INFO:root:Iter: 1| Accuracy: 0.9 | Loss: 0.15405451134492715
INFO:root:Iter: 2| Accuracy: 0.8 | Loss: 0.14009638731176294
INFO:root:Iter: 3| Accuracy: 0.7 | Loss: 0.23847714333524256
INFO:root:Iter: 4| Accuracy: 0.8 | Loss: 0.17697267085196963
INFO:root:Iter: 5| Accuracy: 0.6 | Loss: 0.2435101171239366
INFO:root:Iter: 6| Accuracy: 0.6 | Loss: 0.24880026420785573
INFO:root:Iter: 7| Accuracy: 0.9 | Loss: 0.16729142206487957
INFO:root:Iter: 8| Accuracy: 0.8 | Loss: 0.1750885535144113
INFO:root:Iter: 9| Accuracy: 0.9 | Loss: 0.15729927031920415
INFO:root:Iter: 10| Accuracy: 0.8 | Loss: 0.14206649139256144
INFO:root:epoch 10 : Training Accuracy 0.78 , Loss 0.18278326996258304, Time 0.40234262545903526 minutes, Validation Accuracy 0.75
INFO:root:start epoch 11
INFO:root:Iter: 1| Accuracy: 0.8 | Loss: 0.19651802418129777
INFO:root:Iter: 2| Accuracy: 0.6 | Loss: 0.2469335933489743
INFO:root:Iter: 3| Accuracy: 0.8 | Loss: 0.20221586261916932
INFO:root:Iter: 4| Accuracy: 1.0 | Loss: 0.11880934397809609
INFO:root:Iter: 5| Accuracy: 1.0 | Loss: 0.13677099127645098
INFO:root:Iter: 6| Accuracy: 0.8 | Loss: 0.18329909646719353
INFO:root:Iter: 7| Accuracy: 0.9 | Loss: 0.1510182436597788
INFO:root:Iter: 8| Accuracy: 0.8 | Loss: 0.19379949416540512
INFO:root:Iter: 9| Accuracy: 0.8 | Loss: 0.15096062954583506
INFO:root:Iter: 10| Accuracy: 0.6 | Loss: 0.22147561990316222
INFO:root:epoch 11 : Training Accuracy 0.81 , Loss 0.17743567889383743, Time 0.40723822514216107 minutes, Validation Accuracy 0.79
INFO:root:start epoch 12
INFO:root:Iter: 1| Accuracy: 0.5 | Loss: 0.2656853710075461
INFO:root:Iter: 2| Accuracy: 0.9 | Loss: 0.15134074433038144
INFO:root:Iter: 3| Accuracy: 0.9 | Loss: 0.1098910295872542
INFO:root:Iter: 4| Accuracy: 0.7 | Loss: 0.21722721190720012
INFO:root:Iter: 5| Accuracy: 0.7 | Loss: 0.20902496935583348
INFO:root:Iter: 6| Accuracy: 0.8 | Loss: 0.14039097812317114
INFO:root:Iter: 7| Accuracy: 1.0 | Loss: 0.16686929659996994
INFO:root:Iter: 8| Accuracy: 0.7 | Loss: 0.1997835182199263
INFO:root:Iter: 9| Accuracy: 0.7 | Loss: 0.1806466575977568
INFO:root:Iter: 10| Accuracy: 0.8 | Loss: 0.15232361138578115
INFO:root:epoch 12 : Training Accuracy 0.77 , Loss 0.17773869249032745, Time 0.406635046005249 minutes, Validation Accuracy 0.8
INFO:root:start epoch 13
INFO:root:Iter: 1| Accuracy: 0.7 | Loss: 0.17802236603331661
INFO:root:Iter: 2| Accuracy: 0.8 | Loss: 0.17628038078217975
INFO:root:Iter: 3| Accuracy: 0.9 | Loss: 0.13934136769276723
INFO:root:Iter: 4| Accuracy: 0.8 | Loss: 0.15590656387413404
INFO:root:Iter: 5| Accuracy: 0.8 | Loss: 0.18546798187854133
INFO:root:Iter: 6| Accuracy: 0.9 | Loss: 0.1949494925779557
INFO:root:Iter: 7| Accuracy: 0.8 | Loss: 0.18849885528206034
INFO:root:Iter: 8| Accuracy: 0.7 | Loss: 0.22172899955931863
INFO:root:Iter: 9| Accuracy: 0.9 | Loss: 0.12261160412682119
INFO:root:Iter: 10| Accuracy: 0.7 | Loss: 0.201702264705858
INFO:root:epoch 13 : Training Accuracy 0.8 , Loss 0.17226695489766133, Time 0.39974615573883054 minutes, Validation Accuracy 0.8
INFO:root:start epoch 14
INFO:root:Iter: 1| Accuracy: 0.7 | Loss: 0.17588227919954866
INFO:root:Iter: 2| Accuracy: 1.0 | Loss: 0.08928041549631613
INFO:root:Iter: 3| Accuracy: 0.9 | Loss: 0.1617719226024289
INFO:root:Iter: 4| Accuracy: 0.8 | Loss: 0.20816069021266775
INFO:root:Iter: 5| Accuracy: 0.8 | Loss: 0.16559785598178817
INFO:root:Iter: 6| Accuracy: 0.7 | Loss: 0.22750628462137149
INFO:root:Iter: 7| Accuracy: 0.7 | Loss: 0.19938020864358466
INFO:root:Iter: 8| Accuracy: 1.0 | Loss: 0.12094475586405828
INFO:root:Iter: 9| Accuracy: 0.7 | Loss: 0.22099477001931342
INFO:root:Iter: 10| Accuracy: 0.9 | Loss: 0.16769206044659837
INFO:root:epoch 14 : Training Accuracy 0.82 , Loss 0.17163092565774235, Time 0.3989660064379374 minutes, Validation Accuracy 0.8
INFO:root:start epoch 15
INFO:root:Iter: 1| Accuracy: 0.7 | Loss: 0.17755905237308317
INFO:root:Iter: 2| Accuracy: 0.9 | Loss: 0.13528990262837504
INFO:root:Iter: 3| Accuracy: 0.9 | Loss: 0.14798733951358953
INFO:root:Iter: 4| Accuracy: 0.6 | Loss: 0.23984320764007605
INFO:root:Iter: 5| Accuracy: 0.7 | Loss: 0.20398584109558332
INFO:root:Iter: 6| Accuracy: 1.0 | Loss: 0.12092335206200697
INFO:root:Iter: 7| Accuracy: 0.7 | Loss: 0.18496011725577824
INFO:root:Iter: 8| Accuracy: 0.9 | Loss: 0.13590700653971546
INFO:root:Iter: 9| Accuracy: 0.7 | Loss: 0.20379054534831353
INFO:root:Iter: 10| Accuracy: 0.8 | Loss: 0.16477441851167754
INFO:root:epoch 15 : Training Accuracy 0.79 , Loss 0.16847233539993273, Time 0.40216325521469115 minutes, Validation Accuracy 0.83
INFO:root:start epoch 16
INFO:root:Iter: 1| Accuracy: 0.9 | Loss: 0.166844305158896
INFO:root:Iter: 2| Accuracy: 0.8 | Loss: 0.14604871181612125
INFO:root:Iter: 3| Accuracy: 0.9 | Loss: 0.14411207727327421
INFO:root:Iter: 4| Accuracy: 0.8 | Loss: 0.1322868836540338
INFO:root:Iter: 5| Accuracy: 0.8 | Loss: 0.16900702182422528
INFO:root:Iter: 6| Accuracy: 0.8 | Loss: 0.1582757132537347
INFO:root:Iter: 7| Accuracy: 0.7 | Loss: 0.19263078174838463
INFO:root:Iter: 8| Accuracy: 0.9 | Loss: 0.15647027524079693
INFO:root:Iter: 9| Accuracy: 0.7 | Loss: 0.20761552447116163
INFO:root:Iter: 10| Accuracy: 0.7 | Loss: 0.19920445340391496
INFO:root:epoch 16 : Training Accuracy 0.8 , Loss 0.16805917829399927, Time 0.4003112316131592 minutes, Validation Accuracy 0.85
INFO:root:start epoch 17
INFO:root:Iter: 1| Accuracy: 0.9 | Loss: 0.1828894957079235
INFO:root:Iter: 2| Accuracy: 0.8 | Loss: 0.18599040019910187
INFO:root:Iter: 3| Accuracy: 1.0 | Loss: 0.14072671437657086
INFO:root:Iter: 4| Accuracy: 0.8 | Loss: 0.15235135417933218
INFO:root:Iter: 5| Accuracy: 0.8 | Loss: 0.14718963884295894
INFO:root:Iter: 6| Accuracy: 0.8 | Loss: 0.16479092889310987
INFO:root:Iter: 7| Accuracy: 0.7 | Loss: 0.1779925025761532
INFO:root:Iter: 8| Accuracy: 0.9 | Loss: 0.14740689860062017
INFO:root:Iter: 9| Accuracy: 0.7 | Loss: 0.19207770251942255
INFO:root:Iter: 10| Accuracy: 0.8 | Loss: 0.1737433946895014
INFO:root:epoch 17 : Training Accuracy 0.82 , Loss 0.1678619945179317, Time 0.40300892988840736 minutes, Validation Accuracy 0.83
INFO:root:start epoch 18
INFO:root:Iter: 1| Accuracy: 1.0 | Loss: 0.13385357480954352
INFO:root:Iter: 2| Accuracy: 1.0 | Loss: 0.12396863562158986
INFO:root:Iter: 3| Accuracy: 0.8 | Loss: 0.15141049759188388
INFO:root:Iter: 4| Accuracy: 0.9 | Loss: 0.1043059991473733
INFO:root:Iter: 5| Accuracy: 0.9 | Loss: 0.1260172157145612
INFO:root:Iter: 6| Accuracy: 0.5 | Loss: 0.2388194239402278
INFO:root:Iter: 7| Accuracy: 0.7 | Loss: 0.20472044265392011
INFO:root:Iter: 8| Accuracy: 0.6 | Loss: 0.23110940388431028
INFO:root:Iter: 9| Accuracy: 0.8 | Loss: 0.18827755106726085
INFO:root:Iter: 10| Accuracy: 0.8 | Loss: 0.15679754920087294
INFO:root:epoch 18 : Training Accuracy 0.8 , Loss 0.16371240377758653, Time 0.40776045322418214 minutes, Validation Accuracy 0.82
INFO:root:start epoch 19
INFO:root:Iter: 1| Accuracy: 0.9 | Loss: 0.1341184092532824
INFO:root:Iter: 2| Accuracy: 1.0 | Loss: 0.14835055325592292
INFO:root:Iter: 3| Accuracy: 0.9 | Loss: 0.15547267638280102
INFO:root:Iter: 4| Accuracy: 0.7 | Loss: 0.16811327544772756
INFO:root:Iter: 5| Accuracy: 0.7 | Loss: 0.15935949110331973
INFO:root:Iter: 6| Accuracy: 0.7 | Loss: 0.22905184866811892
INFO:root:Iter: 7| Accuracy: 0.9 | Loss: 0.1612021606001733
INFO:root:Iter: 8| Accuracy: 0.7 | Loss: 0.1876185330545893
INFO:root:Iter: 9| Accuracy: 0.8 | Loss: 0.15644213973342436
INFO:root:Iter: 10| Accuracy: 0.8 | Loss: 0.15489341315644922
INFO:root:epoch 19 : Training Accuracy 0.81 , Loss 0.1644740913210709, Time 0.3998697638511658 minutes, Validation Accuracy 0.85
INFO:root:start epoch 20
INFO:root:Iter: 1| Accuracy: 0.8 | Loss: 0.15747436889728444
INFO:root:Iter: 2| Accuracy: 0.7 | Loss: 0.20860496671624093
INFO:root:Iter: 3| Accuracy: 0.7 | Loss: 0.1776315012943483
INFO:root:Iter: 4| Accuracy: 0.9 | Loss: 0.1680682911753685
INFO:root:Iter: 5| Accuracy: 0.9 | Loss: 0.1560858129460585
INFO:root:Iter: 6| Accuracy: 0.8 | Loss: 0.15387116090992278
INFO:root:Iter: 7| Accuracy: 0.8 | Loss: 0.16867072264728
INFO:root:Iter: 8| Accuracy: 0.8 | Loss: 0.16843160038233945
INFO:root:Iter: 9| Accuracy: 1.0 | Loss: 0.10445509624635438
INFO:root:Iter: 10| Accuracy: 0.9 | Loss: 0.18249585066122087
INFO:root:epoch 20 : Training Accuracy 0.83 , Loss 0.16417359416686694, Time 0.3992028911908468 minutes, Validation Accuracy 0.83
INFO:root:start epoch 21
INFO:root:Iter: 1| Accuracy: 0.9 | Loss: 0.18890640311672846
INFO:root:Iter: 2| Accuracy: 0.7 | Loss: 0.21697219077714908
INFO:root:Iter: 3| Accuracy: 1.0 | Loss: 0.14069386858262822
INFO:root:Iter: 4| Accuracy: 1.0 | Loss: 0.1513839616956195
INFO:root:Iter: 5| Accuracy: 0.9 | Loss: 0.11833434396987849
INFO:root:Iter: 6| Accuracy: 0.9 | Loss: 0.13724267137555485
INFO:root:Iter: 7| Accuracy: 0.7 | Loss: 0.1659691638833179
INFO:root:Iter: 8| Accuracy: 0.5 | Loss: 0.23661789925228344
INFO:root:Iter: 9| Accuracy: 0.9 | Loss: 0.16854583193505276
INFO:root:Iter: 10| Accuracy: 1.0 | Loss: 0.1269039696787798
INFO:root:epoch 21 : Training Accuracy 0.85 , Loss 0.162678525115597, Time 0.40975341796875 minutes, Validation Accuracy 0.85
INFO:root:start epoch 22
INFO:root:Iter: 1| Accuracy: 0.9 | Loss: 0.1414672576799937
INFO:root:Iter: 2| Accuracy: 0.8 | Loss: 0.17609273683780888
INFO:root:Iter: 3| Accuracy: 1.0 | Loss: 0.16185056391740935
INFO:root:Iter: 4| Accuracy: 0.8 | Loss: 0.16826773047772262
INFO:root:Iter: 5| Accuracy: 0.7 | Loss: 0.18207244978352594
INFO:root:Iter: 6| Accuracy: 1.0 | Loss: 0.11572642655967921
INFO:root:Iter: 7| Accuracy: 0.8 | Loss: 0.1685060090172133
INFO:root:Iter: 8| Accuracy: 0.9 | Loss: 0.17391631548720315
INFO:root:Iter: 9| Accuracy: 0.8 | Loss: 0.14013795935027698
INFO:root:Iter: 10| Accuracy: 0.7 | Loss: 0.21036490752534726
INFO:root:epoch 22 : Training Accuracy 0.84 , Loss 0.16177075114760509, Time 0.4037887175877889 minutes, Validation Accuracy 0.85
INFO:root:start epoch 23
INFO:root:Iter: 1| Accuracy: 0.8 | Loss: 0.15827382089200762
INFO:root:Iter: 2| Accuracy: 0.9 | Loss: 0.1345022386034261
INFO:root:Iter: 3| Accuracy: 0.8 | Loss: 0.13158011838717248
INFO:root:Iter: 4| Accuracy: 1.0 | Loss: 0.12684662888117626
INFO:root:Iter: 5| Accuracy: 0.7 | Loss: 0.18430879975383055
INFO:root:Iter: 6| Accuracy: 0.7 | Loss: 0.20957331766082735
INFO:root:Iter: 7| Accuracy: 0.8 | Loss: 0.143070386852502
INFO:root:Iter: 8| Accuracy: 0.7 | Loss: 0.2027550611069892
INFO:root:Iter: 9| Accuracy: 0.9 | Loss: 0.15216040613677062
INFO:root:Iter: 10| Accuracy: 0.9 | Loss: 0.15853870882787802
INFO:root:epoch 23 : Training Accuracy 0.82 , Loss 0.16236293245917902, Time 0.41112077633539834 minutes, Validation Accuracy 0.84
INFO:root:start epoch 24
INFO:root:Iter: 1| Accuracy: 1.0 | Loss: 0.14555281353510763
INFO:root:Iter: 2| Accuracy: 1.0 | Loss: 0.08511688889294437
INFO:root:Iter: 3| Accuracy: 0.7 | Loss: 0.1890990261499384
INFO:root:Iter: 4| Accuracy: 0.7 | Loss: 0.2005431883752827
INFO:root:Iter: 5| Accuracy: 0.7 | Loss: 0.20324798091679366
INFO:root:Iter: 6| Accuracy: 0.9 | Loss: 0.12916202450683387
INFO:root:Iter: 7| Accuracy: 0.8 | Loss: 0.19872657331614585
INFO:root:Iter: 8| Accuracy: 0.7 | Loss: 0.19134291643442491
INFO:root:Iter: 9| Accuracy: 0.9 | Loss: 0.13360001575347258
INFO:root:Iter: 10| Accuracy: 1.0 | Loss: 0.15416484669038583
INFO:root:epoch 24 : Training Accuracy 0.84 , Loss 0.162090816708885, Time 0.4010803898175557 minutes, Validation Accuracy 0.85
INFO:root:start epoch 25
INFO:root:Iter: 1| Accuracy: 0.9 | Loss: 0.10475381579952861
INFO:root:Iter: 2| Accuracy: 1.0 | Loss: 0.14240513807188537
INFO:root:Iter: 3| Accuracy: 1.0 | Loss: 0.14188776365109138
INFO:root:Iter: 4| Accuracy: 0.9 | Loss: 0.1500763915125451
INFO:root:Iter: 5| Accuracy: 0.8 | Loss: 0.20052447266730122
INFO:root:Iter: 6| Accuracy: 0.6 | Loss: 0.2319454227605712
INFO:root:Iter: 7| Accuracy: 0.7 | Loss: 0.18123702965131122
INFO:root:Iter: 8| Accuracy: 0.8 | Loss: 0.1506278995996842
INFO:root:Iter: 9| Accuracy: 0.9 | Loss: 0.14994670932578252
INFO:root:Iter: 10| Accuracy: 0.7 | Loss: 0.18818880235235677
INFO:root:epoch 25 : Training Accuracy 0.83 , Loss 0.16129506540558697, Time 0.4009325464566549 minutes, Validation Accuracy 0.85
INFO:root:start epoch 26
INFO:root:Iter: 1| Accuracy: 1.0 | Loss: 0.1487561472853303
INFO:root:Iter: 2| Accuracy: 1.0 | Loss: 0.1356145677970249
INFO:root:Iter: 3| Accuracy: 0.8 | Loss: 0.20183075290683763
INFO:root:Iter: 4| Accuracy: 0.7 | Loss: 0.158406131157945
INFO:root:Iter: 5| Accuracy: 0.9 | Loss: 0.13555347658767916
INFO:root:Iter: 6| Accuracy: 0.7 | Loss: 0.21392757975245025
INFO:root:Iter: 7| Accuracy: 0.8 | Loss: 0.2182214871371982
INFO:root:Iter: 8| Accuracy: 0.9 | Loss: 0.14322868362971727
INFO:root:Iter: 9| Accuracy: 0.9 | Loss: 0.16378412390386615
INFO:root:Iter: 10| Accuracy: 1.0 | Loss: 0.11515898602532007
INFO:root:epoch 26 : Training Accuracy 0.87 , Loss 0.1601993757367602, Time 0.400185505549113 minutes, Validation Accuracy 0.85
INFO:root:start epoch 27
INFO:root:Iter: 1| Accuracy: 0.9 | Loss: 0.14743784514832026
INFO:root:Iter: 2| Accuracy: 0.9 | Loss: 0.1768406237054588
INFO:root:Iter: 3| Accuracy: 0.9 | Loss: 0.19429506101634034
INFO:root:Iter: 4| Accuracy: 0.6 | Loss: 0.19391054129872493
INFO:root:Iter: 5| Accuracy: 0.7 | Loss: 0.17550246734720365
INFO:root:Iter: 6| Accuracy: 0.9 | Loss: 0.152636485987686
INFO:root:Iter: 7| Accuracy: 0.9 | Loss: 0.10648279179294758
INFO:root:Iter: 8| Accuracy: 0.8 | Loss: 0.14383113872640563
INFO:root:Iter: 9| Accuracy: 0.8 | Loss: 0.14843015234128495
INFO:root:Iter: 10| Accuracy: 0.7 | Loss: 0.18178402774303815
INFO:root:epoch 27 : Training Accuracy 0.81 , Loss 0.1612223342299494, Time 0.40035168727238973 minutes, Validation Accuracy 0.83
INFO:root:start epoch 28
INFO:root:Iter: 1| Accuracy: 0.8 | Loss: 0.17606514947768975
INFO:root:Iter: 2| Accuracy: 0.8 | Loss: 0.19356171402271932
INFO:root:Iter: 3| Accuracy: 0.8 | Loss: 0.14319048737246023
INFO:root:Iter: 4| Accuracy: 0.7 | Loss: 0.19439270037020556
INFO:root:Iter: 5| Accuracy: 1.0 | Loss: 0.11561394710307378
INFO:root:Iter: 6| Accuracy: 0.8 | Loss: 0.13458333748272946
INFO:root:Iter: 7| Accuracy: 0.8 | Loss: 0.16018688692161187
INFO:root:Iter: 8| Accuracy: 0.9 | Loss: 0.13316606103084433
INFO:root:Iter: 9| Accuracy: 0.8 | Loss: 0.17899612581746013
INFO:root:Iter: 10| Accuracy: 0.8 | Loss: 0.17914615796839026
INFO:root:epoch 28 : Training Accuracy 0.82 , Loss 0.15932562001592057, Time 0.4017412980397542 minutes, Validation Accuracy 0.84
INFO:root:start epoch 29
INFO:root:Iter: 1| Accuracy: 0.7 | Loss: 0.17916654232515183
INFO:root:Iter: 2| Accuracy: 0.9 | Loss: 0.1477081131835816
INFO:root:Iter: 3| Accuracy: 0.8 | Loss: 0.14162967081276004
INFO:root:Iter: 4| Accuracy: 0.7 | Loss: 0.20559956334840743
INFO:root:Iter: 5| Accuracy: 0.9 | Loss: 0.1679735977916605
INFO:root:Iter: 6| Accuracy: 1.0 | Loss: 0.12369328717673242
INFO:root:Iter: 7| Accuracy: 0.8 | Loss: 0.1959856281397269
INFO:root:Iter: 8| Accuracy: 1.0 | Loss: 0.14905850456892614
INFO:root:Iter: 9| Accuracy: 0.9 | Loss: 0.1386408555238686
INFO:root:Iter: 10| Accuracy: 0.8 | Loss: 0.1653041170539656
INFO:root:epoch 29 : Training Accuracy 0.85 , Loss 0.15960345168985418, Time 0.40391968488693236 minutes, Validation Accuracy 0.89
INFO:root:start epoch 30
INFO:root:Iter: 1| Accuracy: 0.8 | Loss: 0.17705413541544815
INFO:root:Iter: 2| Accuracy: 0.9 | Loss: 0.14020682533494944
INFO:root:Iter: 3| Accuracy: 0.9 | Loss: 0.15871615478837955
INFO:root:Iter: 4| Accuracy: 0.8 | Loss: 0.16151166402671988
INFO:root:Iter: 5| Accuracy: 0.6 | Loss: 0.18368512560070954
INFO:root:Iter: 6| Accuracy: 0.8 | Loss: 0.15935347601098931
INFO:root:Iter: 7| Accuracy: 1.0 | Loss: 0.13902178796737213
INFO:root:Iter: 8| Accuracy: 0.6 | Loss: 0.1876997974024035
INFO:root:Iter: 9| Accuracy: 0.8 | Loss: 0.17858985399177293
INFO:root:Iter: 10| Accuracy: 1.0 | Loss: 0.11408851536091658
INFO:root:epoch 30 : Training Accuracy 0.82 , Loss 0.16096632169991473, Time 0.4030892093976339 minutes, Validation Accuracy 0.83
INFO:root:start epoch 31
INFO:root:Iter: 1| Accuracy: 0.9 | Loss: 0.15876588892748106
INFO:root:Iter: 2| Accuracy: 0.9 | Loss: 0.16373780160058032
INFO:root:Iter: 3| Accuracy: 0.9 | Loss: 0.1561387990418947
INFO:root:Iter: 4| Accuracy: 1.0 | Loss: 0.14170454646098543
INFO:root:Iter: 5| Accuracy: 0.8 | Loss: 0.16620557629971594
INFO:root:Iter: 6| Accuracy: 0.7 | Loss: 0.15913961459777903
INFO:root:Iter: 7| Accuracy: 0.8 | Loss: 0.16220823740741713
INFO:root:Iter: 8| Accuracy: 0.9 | Loss: 0.13829140459060252
INFO:root:Iter: 9| Accuracy: 0.9 | Loss: 0.16588006493496102
INFO:root:Iter: 10| Accuracy: 0.6 | Loss: 0.19408509423732284
INFO:root:epoch 31 : Training Accuracy 0.84 , Loss 0.16054208815031246, Time 0.4018073280652364 minutes, Validation Accuracy 0.78
INFO:root:start epoch 32
INFO:root:Iter: 1| Accuracy: 0.8 | Loss: 0.13851045109442256
INFO:root:Iter: 2| Accuracy: 0.9 | Loss: 0.1688441111653744
INFO:root:Iter: 3| Accuracy: 0.8 | Loss: 0.19728068446037056
INFO:root:Iter: 4| Accuracy: 0.7 | Loss: 0.16673182295931926
INFO:root:Iter: 5| Accuracy: 0.8 | Loss: 0.15732262728794494
INFO:root:Iter: 6| Accuracy: 0.8 | Loss: 0.13478872566265424
INFO:root:Iter: 7| Accuracy: 0.8 | Loss: 0.16760807590073767
INFO:root:Iter: 8| Accuracy: 0.8 | Loss: 0.17106726458645452
INFO:root:Iter: 9| Accuracy: 0.8 | Loss: 0.1580131290208539
INFO:root:Iter: 10| Accuracy: 0.9 | Loss: 0.12580160457507752
INFO:root:epoch 32 : Training Accuracy 0.81 , Loss 0.15758258061066038, Time 0.40127793947855633 minutes, Validation Accuracy 0.85
INFO:root:start epoch 33
INFO:root:Iter: 1| Accuracy: 0.7 | Loss: 0.205272953630922
INFO:root:Iter: 2| Accuracy: 1.0 | Loss: 0.13463489829197728
INFO:root:Iter: 3| Accuracy: 0.9 | Loss: 0.13284549729145817
INFO:root:Iter: 4| Accuracy: 0.8 | Loss: 0.1512275925787328
INFO:root:Iter: 5| Accuracy: 0.9 | Loss: 0.17054000111796877
INFO:root:Iter: 6| Accuracy: 0.9 | Loss: 0.13634691532107474
INFO:root:Iter: 7| Accuracy: 1.0 | Loss: 0.11270402273069717
INFO:root:Iter: 8| Accuracy: 0.9 | Loss: 0.16731021511935243
INFO:root:Iter: 9| Accuracy: 0.8 | Loss: 0.1738341048404691
INFO:root:Iter: 10| Accuracy: 0.7 | Loss: 0.21253251108956647
INFO:root:epoch 33 : Training Accuracy 0.86 , Loss 0.1598144230462552, Time 0.4059335629145304 minutes, Validation Accuracy 0.87
INFO:root:start epoch 34
INFO:root:Iter: 1| Accuracy: 0.8 | Loss: 0.11362443048340734
INFO:root:Iter: 2| Accuracy: 0.9 | Loss: 0.16447072626086093
INFO:root:Iter: 3| Accuracy: 0.8 | Loss: 0.15715618289316077
INFO:root:Iter: 4| Accuracy: 1.0 | Loss: 0.1549659306096124
INFO:root:Iter: 5| Accuracy: 0.9 | Loss: 0.12572457806564163
INFO:root:Iter: 6| Accuracy: 0.7 | Loss: 0.23102941141740754
INFO:root:Iter: 7| Accuracy: 0.8 | Loss: 0.16060265029165652
INFO:root:Iter: 8| Accuracy: 0.9 | Loss: 0.1400249821929475
INFO:root:Iter: 9| Accuracy: 0.8 | Loss: 0.18889884267543586
INFO:root:Iter: 10| Accuracy: 0.9 | Loss: 0.14595592367873642
INFO:root:epoch 34 : Training Accuracy 0.85 , Loss 0.15825483189373513, Time 0.407244348526001 minutes, Validation Accuracy 0.9
INFO:root:start epoch 35
INFO:root:Iter: 1| Accuracy: 0.9 | Loss: 0.17195908365942963
INFO:root:Iter: 2| Accuracy: 0.7 | Loss: 0.15146237398325862
INFO:root:Iter: 3| Accuracy: 1.0 | Loss: 0.12256467692725408
INFO:root:Iter: 4| Accuracy: 0.8 | Loss: 0.1831351701828145
INFO:root:Iter: 5| Accuracy: 0.8 | Loss: 0.1487812114396595
INFO:root:Iter: 6| Accuracy: 0.8 | Loss: 0.17917992223782966
INFO:root:Iter: 7| Accuracy: 0.7 | Loss: 0.19016726576110177
INFO:root:Iter: 8| Accuracy: 1.0 | Loss: 0.12399214575785633
INFO:root:Iter: 9| Accuracy: 0.8 | Loss: 0.1411431574129245
INFO:root:Iter: 10| Accuracy: 0.8 | Loss: 0.16099938100155028
INFO:root:epoch 35 : Training Accuracy 0.83 , Loss 0.15850062349368688, Time 0.4025763233502706 minutes, Validation Accuracy 0.85
INFO:root:start epoch 36
INFO:root:Iter: 1| Accuracy: 0.8 | Loss: 0.19942369068913762
INFO:root:Iter: 2| Accuracy: 0.7 | Loss: 0.18350356826476338
INFO:root:Iter: 3| Accuracy: 0.9 | Loss: 0.1602656475579093
INFO:root:Iter: 4| Accuracy: 0.9 | Loss: 0.16487307330964998
INFO:root:Iter: 5| Accuracy: 0.9 | Loss: 0.12096278578271531
INFO:root:Iter: 6| Accuracy: 0.8 | Loss: 0.13835823717926224
INFO:root:Iter: 7| Accuracy: 1.0 | Loss: 0.14439166246449872
INFO:root:Iter: 8| Accuracy: 0.8 | Loss: 0.15975259842789874
INFO:root:Iter: 9| Accuracy: 0.8 | Loss: 0.1823079596226954
INFO:root:Iter: 10| Accuracy: 0.9 | Loss: 0.12454508935231152
INFO:root:epoch 36 : Training Accuracy 0.85 , Loss 0.15793776879933816, Time 0.4237302859624227 minutes, Validation Accuracy 0.85
INFO:root:start epoch 37
INFO:root:Iter: 1| Accuracy: 0.8 | Loss: 0.1639434936541457
INFO:root:Iter: 2| Accuracy: 1.0 | Loss: 0.12242398166597548
INFO:root:Iter: 3| Accuracy: 1.0 | Loss: 0.11392501406641795
INFO:root:Iter: 4| Accuracy: 0.8 | Loss: 0.18628503733593654
INFO:root:Iter: 5| Accuracy: 0.9 | Loss: 0.1647800251682465
INFO:root:Iter: 6| Accuracy: 0.8 | Loss: 0.16069091015390669
INFO:root:Iter: 7| Accuracy: 0.7 | Loss: 0.19873064909504987
INFO:root:Iter: 8| Accuracy: 0.7 | Loss: 0.1926024609068378
INFO:root:Iter: 9| Accuracy: 1.0 | Loss: 0.11253892959382594
INFO:root:Iter: 10| Accuracy: 0.9 | Loss: 0.15663350041122595
INFO:root:epoch 37 : Training Accuracy 0.86 , Loss 0.15799244069423693, Time 0.4055339217185974 minutes, Validation Accuracy 0.88
INFO:root:start epoch 38
INFO:root:Iter: 1| Accuracy: 0.9 | Loss: 0.1279275819852284
INFO:root:Iter: 2| Accuracy: 0.8 | Loss: 0.16047164008561915
INFO:root:Iter: 3| Accuracy: 1.0 | Loss: 0.14869217188096265
INFO:root:Iter: 4| Accuracy: 0.9 | Loss: 0.14155206534812756
INFO:root:Iter: 5| Accuracy: 0.9 | Loss: 0.15924711983788348
INFO:root:Iter: 6| Accuracy: 0.9 | Loss: 0.1672484116167818
INFO:root:Iter: 7| Accuracy: 0.9 | Loss: 0.12048405249010023
INFO:root:Iter: 8| Accuracy: 0.6 | Loss: 0.2152744621705483
INFO:root:Iter: 9| Accuracy: 0.9 | Loss: 0.1327695888824914
INFO:root:Iter: 10| Accuracy: 0.8 | Loss: 0.18190652278130964
INFO:root:epoch 38 : Training Accuracy 0.86 , Loss 0.15804230317018755, Time 0.4020327170689901 minutes, Validation Accuracy 0.87
INFO:root:start epoch 39
INFO:root:Iter: 1| Accuracy: 0.9 | Loss: 0.14494882574884066
INFO:root:Iter: 2| Accuracy: 1.0 | Loss: 0.14628941928650624
INFO:root:Iter: 3| Accuracy: 0.9 | Loss: 0.14416524742087092
INFO:root:Iter: 4| Accuracy: 0.9 | Loss: 0.15705490415213966
INFO:root:Iter: 5| Accuracy: 0.7 | Loss: 0.19493833713462433
INFO:root:Iter: 6| Accuracy: 0.9 | Loss: 0.13089812562834874
INFO:root:Iter: 7| Accuracy: 0.7 | Loss: 0.18817412691292554
INFO:root:Iter: 8| Accuracy: 1.0 | Loss: 0.12707264569776602
INFO:root:Iter: 9| Accuracy: 0.9 | Loss: 0.16959570879403926
INFO:root:Iter: 10| Accuracy: 0.7 | Loss: 0.17175302336314813
INFO:root:epoch 39 : Training Accuracy 0.86 , Loss 0.15750217693174992, Time 0.40422454675038655 minutes, Validation Accuracy 0.87
INFO:root:start epoch 40
INFO:root:Iter: 1| Accuracy: 0.8 | Loss: 0.1584072163175854
INFO:root:Iter: 2| Accuracy: 0.8 | Loss: 0.1561059582214752
INFO:root:Iter: 3| Accuracy: 0.8 | Loss: 0.17760776283328655
INFO:root:Iter: 4| Accuracy: 1.0 | Loss: 0.15277827858860946
INFO:root:Iter: 5| Accuracy: 0.8 | Loss: 0.15907392772294754
INFO:root:Iter: 6| Accuracy: 0.9 | Loss: 0.15078910758386468
INFO:root:Iter: 7| Accuracy: 0.8 | Loss: 0.1482355957920632
INFO:root:Iter: 8| Accuracy: 0.8 | Loss: 0.18331936736211035
INFO:root:Iter: 9| Accuracy: 1.0 | Loss: 0.1594068197590602
INFO:root:Iter: 10| Accuracy: 0.9 | Loss: 0.15271488016403997
INFO:root:epoch 40 : Training Accuracy 0.86 , Loss 0.15836077847473062, Time 0.40223153432210285 minutes, Validation Accuracy 0.78
INFO:root:start epoch 41
INFO:root:Iter: 1| Accuracy: 0.9 | Loss: 0.16685610758434344
INFO:root:Iter: 2| Accuracy: 0.8 | Loss: 0.14047236690377332
INFO:root:Iter: 3| Accuracy: 0.8 | Loss: 0.17492846225908465
INFO:root:Iter: 4| Accuracy: 0.9 | Loss: 0.15861981512765164
INFO:root:Iter: 5| Accuracy: 0.9 | Loss: 0.16206336833108734
INFO:root:Iter: 6| Accuracy: 0.9 | Loss: 0.17441659526110415
INFO:root:Iter: 7| Accuracy: 0.8 | Loss: 0.16343690240843967
INFO:root:Iter: 8| Accuracy: 0.9 | Loss: 0.14583915138759554
INFO:root:Iter: 9| Accuracy: 0.7 | Loss: 0.18760735581072224
INFO:root:Iter: 10| Accuracy: 0.9 | Loss: 0.10862049873706543
INFO:root:epoch 41 : Training Accuracy 0.85 , Loss 0.15677470851060626, Time 0.4019918163617452 minutes, Validation Accuracy 0.9
INFO:root:start epoch 42
INFO:root:Iter: 1| Accuracy: 0.9 | Loss: 0.17281696264931948
INFO:root:Iter: 2| Accuracy: 0.8 | Loss: 0.17566743554672642
INFO:root:Iter: 3| Accuracy: 0.9 | Loss: 0.16645535232573933
INFO:root:Iter: 4| Accuracy: 0.8 | Loss: 0.17510035896965656
INFO:root:Iter: 5| Accuracy: 0.8 | Loss: 0.14469380020166922
INFO:root:Iter: 6| Accuracy: 0.9 | Loss: 0.186257063202489
INFO:root:Iter: 7| Accuracy: 1.0 | Loss: 0.1423704819871845
INFO:root:Iter: 8| Accuracy: 0.9 | Loss: 0.14827689765627877
INFO:root:Iter: 9| Accuracy: 0.9 | Loss: 0.12032112661070478
INFO:root:Iter: 10| Accuracy: 0.8 | Loss: 0.169541484233051
INFO:root:epoch 42 : Training Accuracy 0.87 , Loss 0.15603063076268558, Time 0.39943852424621584 minutes, Validation Accuracy 0.87
INFO:root:start epoch 43
INFO:root:Iter: 1| Accuracy: 0.9 | Loss: 0.14933354740267563
INFO:root:Iter: 2| Accuracy: 0.8 | Loss: 0.17331488810902101
INFO:root:Iter: 3| Accuracy: 1.0 | Loss: 0.15448337751837807
INFO:root:Iter: 4| Accuracy: 0.8 | Loss: 0.17607188745873067
INFO:root:Iter: 5| Accuracy: 0.9 | Loss: 0.11634875607701509
INFO:root:Iter: 6| Accuracy: 0.9 | Loss: 0.15350110092970876
INFO:root:Iter: 7| Accuracy: 0.8 | Loss: 0.17096907330347125
INFO:root:Iter: 8| Accuracy: 0.8 | Loss: 0.16085097632168416
INFO:root:Iter: 9| Accuracy: 0.7 | Loss: 0.16495840839792147
INFO:root:Iter: 10| Accuracy: 0.9 | Loss: 0.16985860375393763
INFO:root:epoch 43 : Training Accuracy 0.85 , Loss 0.1572332285298484, Time 0.40104216734568277 minutes, Validation Accuracy 0.91
INFO:root:start epoch 44
INFO:root:Iter: 1| Accuracy: 0.8 | Loss: 0.1757819873053591
INFO:root:Iter: 2| Accuracy: 0.9 | Loss: 0.1455536790397481
INFO:root:Iter: 3| Accuracy: 0.9 | Loss: 0.13336181056637575
INFO:root:Iter: 4| Accuracy: 0.9 | Loss: 0.15496775997052767
INFO:root:Iter: 5| Accuracy: 0.9 | Loss: 0.15420566558987414
INFO:root:Iter: 6| Accuracy: 0.8 | Loss: 0.15838767251945587
INFO:root:Iter: 7| Accuracy: 0.9 | Loss: 0.15824187753594685
INFO:root:Iter: 8| Accuracy: 0.8 | Loss: 0.18517894836635357
INFO:root:Iter: 9| Accuracy: 0.9 | Loss: 0.16466878346402522
INFO:root:Iter: 10| Accuracy: 0.8 | Loss: 0.15627675178895162
INFO:root:epoch 44 : Training Accuracy 0.86 , Loss 0.15679540918223045, Time 0.39965452353159586 minutes, Validation Accuracy 0.86
INFO:root:start epoch 45
INFO:root:Iter: 1| Accuracy: 0.9 | Loss: 0.14494701095411794
INFO:root:Iter: 2| Accuracy: 0.8 | Loss: 0.1360883626752026
INFO:root:Iter: 3| Accuracy: 1.0 | Loss: 0.15017747250476052
INFO:root:Iter: 4| Accuracy: 0.8 | Loss: 0.18329924608296663
INFO:root:Iter: 5| Accuracy: 0.8 | Loss: 0.16551952287390642
INFO:root:Iter: 6| Accuracy: 0.7 | Loss: 0.1433539321366634
INFO:root:Iter: 7| Accuracy: 0.9 | Loss: 0.20421997204487058
INFO:root:Iter: 8| Accuracy: 0.8 | Loss: 0.16416725623105358
INFO:root:Iter: 9| Accuracy: 0.9 | Loss: 0.12679003095274233
INFO:root:Iter: 10| Accuracy: 0.8 | Loss: 0.15422037215754034
INFO:root:epoch 45 : Training Accuracy 0.84 , Loss 0.15610002880606677, Time 0.4015884757041931 minutes, Validation Accuracy 0.85
INFO:root:start epoch 46
INFO:root:Iter: 1| Accuracy: 0.8 | Loss: 0.15579209558782478
INFO:root:Iter: 2| Accuracy: 0.9 | Loss: 0.11443410202838275
INFO:root:Iter: 3| Accuracy: 0.7 | Loss: 0.17571579049639421
INFO:root:Iter: 4| Accuracy: 0.8 | Loss: 0.1633420511141195
INFO:root:Iter: 5| Accuracy: 0.9 | Loss: 0.16636732757919956
INFO:root:Iter: 6| Accuracy: 0.6 | Loss: 0.19744874672486307
INFO:root:Iter: 7| Accuracy: 0.8 | Loss: 0.17832121487773983
INFO:root:Iter: 8| Accuracy: 1.0 | Loss: 0.15855117076194655
INFO:root:Iter: 9| Accuracy: 1.0 | Loss: 0.1292464840639293
INFO:root:Iter: 10| Accuracy: 1.0 | Loss: 0.12161012055504565
INFO:root:epoch 46 : Training Accuracy 0.85 , Loss 0.1566328042775778, Time 0.4001900355021159 minutes, Validation Accuracy 0.87
INFO:root:start epoch 47
INFO:root:Iter: 1| Accuracy: 1.0 | Loss: 0.15850180722871965
INFO:root:Iter: 2| Accuracy: 0.8 | Loss: 0.141699368797726
INFO:root:Iter: 3| Accuracy: 0.9 | Loss: 0.13891293528039367
INFO:root:Iter: 4| Accuracy: 0.8 | Loss: 0.19677728768433617
INFO:root:Iter: 5| Accuracy: 0.7 | Loss: 0.1475194080849192
INFO:root:Iter: 6| Accuracy: 0.9 | Loss: 0.14428427888324757
INFO:root:Iter: 7| Accuracy: 0.7 | Loss: 0.1844550243341771
INFO:root:Iter: 8| Accuracy: 0.7 | Loss: 0.1755793431101992
INFO:root:Iter: 9| Accuracy: 0.9 | Loss: 0.13997583528010699
INFO:root:Iter: 10| Accuracy: 1.0 | Loss: 0.1311445874060223
INFO:root:epoch 47 : Training Accuracy 0.84 , Loss 0.1572969337306589, Time 0.4042118032773336 minutes, Validation Accuracy 0.88
INFO:root:start epoch 48
INFO:root:Iter: 1| Accuracy: 0.9 | Loss: 0.16903676163791748
INFO:root:Iter: 2| Accuracy: 0.8 | Loss: 0.15899254035285618
INFO:root:Iter: 3| Accuracy: 0.7 | Loss: 0.19998710162239886
INFO:root:Iter: 4| Accuracy: 1.0 | Loss: 0.12049931071801226
INFO:root:Iter: 5| Accuracy: 0.8 | Loss: 0.15429548658823417
INFO:root:Iter: 6| Accuracy: 0.9 | Loss: 0.1325500456138811
INFO:root:Iter: 7| Accuracy: 1.0 | Loss: 0.13192218532316677
INFO:root:Iter: 8| Accuracy: 0.9 | Loss: 0.12491185217475051
INFO:root:Iter: 9| Accuracy: 0.6 | Loss: 0.18752381169656523
INFO:root:Iter: 10| Accuracy: 0.7 | Loss: 0.18601754333368492
INFO:root:epoch 48 : Training Accuracy 0.83 , Loss 0.15823533335444612, Time 0.4074517806371053 minutes, Validation Accuracy 0.89
INFO:root:start epoch 49
INFO:root:Iter: 1| Accuracy: 0.7 | Loss: 0.15941474861390104
INFO:root:Iter: 2| Accuracy: 0.9 | Loss: 0.19712844484722228
INFO:root:Iter: 3| Accuracy: 1.0 | Loss: 0.11970091930867972
INFO:root:Iter: 4| Accuracy: 0.9 | Loss: 0.11364048615256706
INFO:root:Iter: 5| Accuracy: 0.8 | Loss: 0.17027171990326204
INFO:root:Iter: 6| Accuracy: 0.8 | Loss: 0.17166716645901334
INFO:root:Iter: 7| Accuracy: 0.9 | Loss: 0.14975822071275208
INFO:root:Iter: 8| Accuracy: 0.8 | Loss: 0.18924610403299075
INFO:root:Iter: 9| Accuracy: 0.9 | Loss: 0.1608145603478877
INFO:root:Iter: 10| Accuracy: 0.9 | Loss: 0.1457324151245742
INFO:root:epoch 49 : Training Accuracy 0.86 , Loss 0.15553608579275133, Time 0.40164164304733274 minutes, Validation Accuracy 0.86
INFO:root:start epoch 50
INFO:root:Iter: 1| Accuracy: 1.0 | Loss: 0.15362691935967587
INFO:root:Iter: 2| Accuracy: 0.8 | Loss: 0.19597357713108896
INFO:root:Iter: 3| Accuracy: 1.0 | Loss: 0.13286312439519982
INFO:root:Iter: 4| Accuracy: 0.8 | Loss: 0.16731611766419624
INFO:root:Iter: 5| Accuracy: 0.8 | Loss: 0.17540496682465864
INFO:root:Iter: 6| Accuracy: 0.9 | Loss: 0.17633164100180856
INFO:root:Iter: 7| Accuracy: 0.9 | Loss: 0.11563260403108652
INFO:root:Iter: 8| Accuracy: 0.9 | Loss: 0.1414501131739771
INFO:root:Iter: 9| Accuracy: 0.9 | Loss: 0.14678308300308934
INFO:root:Iter: 10| Accuracy: 0.8 | Loss: 0.14661383591466048
INFO:root:epoch 50 : Training Accuracy 0.88 , Loss 0.1562955776205687, Time 0.40011351903279624 minutes, Validation Accuracy 0.85
INFO:root:start epoch 51
INFO:root:Iter: 1| Accuracy: 0.9 | Loss: 0.14294701774512739
INFO:root:Iter: 2| Accuracy: 0.9 | Loss: 0.16220457544021988
INFO:root:Iter: 3| Accuracy: 0.6 | Loss: 0.20737817441134299
INFO:root:Iter: 4| Accuracy: 0.9 | Loss: 0.16294710602033458
INFO:root:Iter: 5| Accuracy: 0.7 | Loss: 0.16486621935158116
INFO:root:Iter: 6| Accuracy: 0.8 | Loss: 0.15586857769734022
INFO:root:Iter: 7| Accuracy: 0.9 | Loss: 0.16849770868531727
INFO:root:Iter: 8| Accuracy: 0.9 | Loss: 0.12022015595276125
INFO:root:Iter: 9| Accuracy: 0.9 | Loss: 0.15012711624351374
INFO:root:Iter: 10| Accuracy: 0.9 | Loss: 0.11441529164634216
INFO:root:epoch 51 : Training Accuracy 0.84 , Loss 0.15665290731845996, Time 0.4005277713139852 minutes, Validation Accuracy 0.91
INFO:root:start epoch 52
INFO:root:Iter: 1| Accuracy: 1.0 | Loss: 0.1415635887850792
INFO:root:Iter: 2| Accuracy: 1.0 | Loss: 0.11841913781001903
INFO:root:Iter: 3| Accuracy: 0.8 | Loss: 0.16056981669404075
INFO:root:Iter: 4| Accuracy: 0.8 | Loss: 0.18443921797926738
INFO:root:Iter: 5| Accuracy: 1.0 | Loss: 0.13817329370558668
INFO:root:Iter: 6| Accuracy: 0.7 | Loss: 0.17288486215968887
INFO:root:Iter: 7| Accuracy: 0.8 | Loss: 0.16107014555408022
INFO:root:Iter: 8| Accuracy: 0.7 | Loss: 0.19443279102268438
INFO:root:Iter: 9| Accuracy: 0.7 | Loss: 0.14954629648988954
INFO:root:Iter: 10| Accuracy: 0.9 | Loss: 0.14047505935597382
INFO:root:epoch 52 : Training Accuracy 0.84 , Loss 0.15650089317332502, Time 0.40072011152903236 minutes, Validation Accuracy 0.89
INFO:root:start epoch 53
INFO:root:Iter: 1| Accuracy: 0.8 | Loss: 0.17963532005488353
INFO:root:Iter: 2| Accuracy: 1.0 | Loss: 0.12078248918836432
INFO:root:Iter: 3| Accuracy: 0.8 | Loss: 0.1354557586601618
INFO:root:Iter: 4| Accuracy: 0.8 | Loss: 0.15942299853508082
INFO:root:Iter: 5| Accuracy: 0.9 | Loss: 0.14984081546438746
INFO:root:Iter: 6| Accuracy: 0.9 | Loss: 0.17060020818571328
INFO:root:Iter: 7| Accuracy: 0.9 | Loss: 0.15821786631684168
INFO:root:Iter: 8| Accuracy: 0.9 | Loss: 0.14864482628126557
INFO:root:Iter: 9| Accuracy: 0.9 | Loss: 0.15228381947821118
INFO:root:Iter: 10| Accuracy: 0.7 | Loss: 0.18798807523822958
INFO:root:epoch 53 : Training Accuracy 0.86 , Loss 0.15845565597185166, Time 0.4020989696184794 minutes, Validation Accuracy 0.86
INFO:root:start epoch 54
INFO:root:Iter: 1| Accuracy: 1.0 | Loss: 0.1464827993125097
INFO:root:Iter: 2| Accuracy: 1.0 | Loss: 0.1528450273687695
INFO:root:Iter: 3| Accuracy: 0.9 | Loss: 0.16804868909044046
INFO:root:Iter: 4| Accuracy: 0.8 | Loss: 0.17744919137728501
INFO:root:Iter: 5| Accuracy: 0.7 | Loss: 0.19496259985879819
INFO:root:Iter: 6| Accuracy: 0.9 | Loss: 0.12952928231455646
INFO:root:Iter: 7| Accuracy: 0.8 | Loss: 0.16412651715662296
INFO:root:Iter: 8| Accuracy: 0.8 | Loss: 0.12680424684338307
INFO:root:Iter: 9| Accuracy: 1.0 | Loss: 0.14784790399571163
INFO:root:Iter: 10| Accuracy: 0.9 | Loss: 0.1487860489038543
INFO:root:epoch 54 : Training Accuracy 0.88 , Loss 0.15940965335409565, Time 0.3983250935872396 minutes, Validation Accuracy 0.89
INFO:root:start epoch 55
INFO:root:Iter: 1| Accuracy: 0.9 | Loss: 0.16111638057921862
INFO:root:Iter: 2| Accuracy: 0.8 | Loss: 0.16828192075145426
INFO:root:Iter: 3| Accuracy: 0.9 | Loss: 0.16623315391962148
INFO:root:Iter: 4| Accuracy: 1.0 | Loss: 0.12048084778585322
INFO:root:Iter: 5| Accuracy: 0.8 | Loss: 0.18300184440808936
INFO:root:Iter: 6| Accuracy: 0.9 | Loss: 0.12768848135257788
INFO:root:Iter: 7| Accuracy: 0.8 | Loss: 0.16544074353207192
INFO:root:Iter: 8| Accuracy: 1.0 | Loss: 0.1222410528102299
INFO:root:Iter: 9| Accuracy: 0.6 | Loss: 0.2170151373129488
INFO:root:Iter: 10| Accuracy: 0.8 | Loss: 0.15022580656091988
INFO:root:epoch 55 : Training Accuracy 0.85 , Loss 0.15507286583477092, Time 0.40079076290130616 minutes, Validation Accuracy 0.89
INFO:root:start epoch 56
INFO:root:Iter: 1| Accuracy: 0.8 | Loss: 0.1616737545729844
INFO:root:Iter: 2| Accuracy: 0.8 | Loss: 0.1669713501391946
INFO:root:Iter: 3| Accuracy: 1.0 | Loss: 0.1334344962324389
INFO:root:Iter: 4| Accuracy: 1.0 | Loss: 0.15705483849602347
INFO:root:Iter: 5| Accuracy: 0.9 | Loss: 0.16104255940932508
INFO:root:Iter: 6| Accuracy: 0.8 | Loss: 0.18571138956444658
INFO:root:Iter: 7| Accuracy: 0.9 | Loss: 0.12049675553684933
INFO:root:Iter: 8| Accuracy: 0.9 | Loss: 0.12614182035334348
INFO:root:Iter: 9| Accuracy: 0.8 | Loss: 0.17907004058683262
INFO:root:Iter: 10| Accuracy: 0.8 | Loss: 0.1634456764096747
INFO:root:epoch 56 : Training Accuracy 0.87 , Loss 0.15609044840907088, Time 0.3993443528811137 minutes, Validation Accuracy 0.86
INFO:root:start epoch 57
INFO:root:Iter: 1| Accuracy: 0.9 | Loss: 0.15947029951088978
INFO:root:Iter: 2| Accuracy: 0.9 | Loss: 0.19452349466697744
INFO:root:Iter: 3| Accuracy: 0.8 | Loss: 0.18662857902060218
INFO:root:Iter: 4| Accuracy: 0.7 | Loss: 0.15336396056302948
INFO:root:Iter: 5| Accuracy: 0.9 | Loss: 0.15240379802124565
INFO:root:Iter: 6| Accuracy: 0.9 | Loss: 0.14182107501841207
INFO:root:Iter: 7| Accuracy: 0.8 | Loss: 0.16457086589408082
INFO:root:Iter: 8| Accuracy: 0.9 | Loss: 0.13653410417799422
INFO:root:Iter: 9| Accuracy: 0.9 | Loss: 0.13085140387163186
INFO:root:Iter: 10| Accuracy: 0.8 | Loss: 0.13859056740562278
INFO:root:epoch 57 : Training Accuracy 0.85 , Loss 0.1528250007009923, Time 0.40232521295547485 minutes, Validation Accuracy 0.87
INFO:root:start epoch 58
INFO:root:Iter: 1| Accuracy: 0.8 | Loss: 0.17506943539447942
INFO:root:Iter: 2| Accuracy: 0.7 | Loss: 0.179209395707904
INFO:root:Iter: 3| Accuracy: 0.7 | Loss: 0.194895636953883
INFO:root:Iter: 4| Accuracy: 1.0 | Loss: 0.09583103488279252
INFO:root:Iter: 5| Accuracy: 0.8 | Loss: 0.16829782401238075
INFO:root:Iter: 6| Accuracy: 1.0 | Loss: 0.12595130199489246
INFO:root:Iter: 7| Accuracy: 0.9 | Loss: 0.15451108488509063
INFO:root:Iter: 8| Accuracy: 1.0 | Loss: 0.12361769300858427
INFO:root:Iter: 9| Accuracy: 0.8 | Loss: 0.17750339928503367
INFO:root:Iter: 10| Accuracy: 0.9 | Loss: 0.16032304057426625
INFO:root:epoch 58 : Training Accuracy 0.86 , Loss 0.1569606067561967, Time 0.3992456515630086 minutes, Validation Accuracy 0.88
INFO:root:start epoch 59
INFO:root:Iter: 1| Accuracy: 0.9 | Loss: 0.14133567674272715
INFO:root:Iter: 2| Accuracy: 0.7 | Loss: 0.16827554210095313
INFO:root:Iter: 3| Accuracy: 0.8 | Loss: 0.15900743282279792
INFO:root:Iter: 4| Accuracy: 0.7 | Loss: 0.17400738138756355
INFO:root:Iter: 5| Accuracy: 0.8 | Loss: 0.1541327775044516
INFO:root:Iter: 6| Accuracy: 0.9 | Loss: 0.14504969443108265
INFO:root:Iter: 7| Accuracy: 0.7 | Loss: 0.19775406181756977
INFO:root:Iter: 8| Accuracy: 1.0 | Loss: 0.13031530370504513
INFO:root:Iter: 9| Accuracy: 1.0 | Loss: 0.11665393888651479
INFO:root:Iter: 10| Accuracy: 0.9 | Loss: 0.1940205938158471
INFO:root:epoch 59 : Training Accuracy 0.84 , Loss 0.1554067826114951, Time 0.399857230981191 minutes, Validation Accuracy 0.9
INFO:root:start epoch 60
INFO:root:Iter: 1| Accuracy: 1.0 | Loss: 0.14476436343472357
INFO:root:Iter: 2| Accuracy: 0.8 | Loss: 0.16024139256876502
INFO:root:Iter: 3| Accuracy: 0.8 | Loss: 0.17777085640811086
INFO:root:Iter: 4| Accuracy: 0.8 | Loss: 0.1730437667318504
INFO:root:Iter: 5| Accuracy: 0.9 | Loss: 0.15212902198082898
INFO:root:Iter: 6| Accuracy: 0.9 | Loss: 0.13643199627275115
INFO:root:Iter: 7| Accuracy: 0.8 | Loss: 0.1384640529505923
INFO:root:Iter: 8| Accuracy: 1.0 | Loss: 0.1350905757904734
INFO:root:Iter: 9| Accuracy: 0.7 | Loss: 0.17619991153539558
INFO:root:Iter: 10| Accuracy: 0.8 | Loss: 0.17772130617317966
INFO:root:epoch 60 : Training Accuracy 0.85 , Loss 0.15623602570499145, Time 0.3994283358256022 minutes, Validation Accuracy 0.92
INFO:root:start epoch 61
INFO:root:Iter: 1| Accuracy: 0.9 | Loss: 0.1339075989433591
INFO:root:Iter: 2| Accuracy: 0.9 | Loss: 0.14901770431134992
INFO:root:Iter: 3| Accuracy: 0.8 | Loss: 0.13790069268869545
INFO:root:Iter: 4| Accuracy: 1.0 | Loss: 0.13984231986533355
INFO:root:Iter: 5| Accuracy: 0.5 | Loss: 0.22658811080161093
INFO:root:Iter: 6| Accuracy: 1.0 | Loss: 0.11782157065863201
INFO:root:Iter: 7| Accuracy: 0.8 | Loss: 0.18320638723034688
INFO:root:Iter: 8| Accuracy: 0.9 | Loss: 0.14385382232149618
INFO:root:Iter: 9| Accuracy: 1.0 | Loss: 0.18260520921557674
INFO:root:Iter: 10| Accuracy: 0.9 | Loss: 0.1640011842923176
INFO:root:epoch 61 : Training Accuracy 0.87 , Loss 0.15731820731800558, Time 0.40084409713745117 minutes, Validation Accuracy 0.8
INFO:root:start epoch 62
INFO:root:Iter: 1| Accuracy: 0.9 | Loss: 0.14984464719903665
INFO:root:Iter: 2| Accuracy: 0.8 | Loss: 0.19108529662578946
INFO:root:Iter: 3| Accuracy: 1.0 | Loss: 0.12896087077333412
INFO:root:Iter: 4| Accuracy: 0.9 | Loss: 0.14133407824607566
INFO:root:Iter: 5| Accuracy: 0.9 | Loss: 0.1362891469103785
INFO:root:Iter: 6| Accuracy: 1.0 | Loss: 0.17385721927654446
INFO:root:Iter: 7| Accuracy: 0.8 | Loss: 0.16665957798615613
INFO:root:Iter: 8| Accuracy: 0.9 | Loss: 0.16127749023521634
INFO:root:Iter: 9| Accuracy: 0.9 | Loss: 0.13376492593944952
INFO:root:Iter: 10| Accuracy: 0.9 | Loss: 0.18871148648749245
INFO:root:epoch 62 : Training Accuracy 0.9 , Loss 0.15490560276152357, Time 0.3984378139177958 minutes, Validation Accuracy 0.86
INFO:root:start epoch 63
INFO:root:Iter: 1| Accuracy: 0.8 | Loss: 0.14008699633215438
INFO:root:Iter: 2| Accuracy: 0.8 | Loss: 0.15049538329134968
INFO:root:Iter: 3| Accuracy: 0.8 | Loss: 0.1826050250946975
INFO:root:Iter: 4| Accuracy: 1.0 | Loss: 0.13099757985503463
INFO:root:Iter: 5| Accuracy: 1.0 | Loss: 0.10870532267093799
INFO:root:Iter: 6| Accuracy: 0.9 | Loss: 0.1662722725222608
INFO:root:Iter: 7| Accuracy: 0.9 | Loss: 0.19398662499836833
INFO:root:Iter: 8| Accuracy: 1.0 | Loss: 0.125820379751199
INFO:root:Iter: 9| Accuracy: 0.7 | Loss: 0.2173722734682398
INFO:root:Iter: 10| Accuracy: 0.9 | Loss: 0.13907213450592287
INFO:root:epoch 63 : Training Accuracy 0.88 , Loss 0.15623098997730211, Time 0.4004764437675476 minutes, Validation Accuracy 0.9
INFO:root:start epoch 64
INFO:root:Iter: 1| Accuracy: 1.0 | Loss: 0.14544753790244058
INFO:root:Iter: 2| Accuracy: 0.6 | Loss: 0.1673018607105972
INFO:root:Iter: 3| Accuracy: 0.9 | Loss: 0.14403651215474145
INFO:root:Iter: 4| Accuracy: 0.8 | Loss: 0.1393396046632615
INFO:root:Iter: 5| Accuracy: 0.9 | Loss: 0.13757546033595397
INFO:root:Iter: 6| Accuracy: 0.8 | Loss: 0.20272129084271634
INFO:root:Iter: 7| Accuracy: 0.9 | Loss: 0.12087085280156666
INFO:root:Iter: 8| Accuracy: 0.9 | Loss: 0.15420436568655319
INFO:root:Iter: 9| Accuracy: 0.7 | Loss: 0.16842533274169955
INFO:root:Iter: 10| Accuracy: 0.8 | Loss: 0.19910021615504217
INFO:root:epoch 64 : Training Accuracy 0.83 , Loss 0.16035856078509717, Time 0.4007940173149109 minutes, Validation Accuracy 0.92
INFO:root:start epoch 65
INFO:root:Iter: 1| Accuracy: 0.8 | Loss: 0.15995877084249482
INFO:root:Iter: 2| Accuracy: 0.6 | Loss: 0.19022544365875266
INFO:root:Iter: 3| Accuracy: 0.7 | Loss: 0.1927117940310113
INFO:root:Iter: 4| Accuracy: 1.0 | Loss: 0.127251248679935
INFO:root:Iter: 5| Accuracy: 0.7 | Loss: 0.1703833941358574
INFO:root:Iter: 6| Accuracy: 1.0 | Loss: 0.11948432447956661
INFO:root:Iter: 7| Accuracy: 0.9 | Loss: 0.14865993587953194
INFO:root:Iter: 8| Accuracy: 0.9 | Loss: 0.13961651757951227
INFO:root:Iter: 9| Accuracy: 0.9 | Loss: 0.14500400826556564
INFO:root:Iter: 10| Accuracy: 0.8 | Loss: 0.18214005743803066
INFO:root:epoch 65 : Training Accuracy 0.83 , Loss 0.15617071293717266, Time 0.40002144972483317 minutes, Validation Accuracy 0.9
INFO:root:start epoch 66
INFO:root:Iter: 1| Accuracy: 0.8 | Loss: 0.15016911890636167
INFO:root:Iter: 2| Accuracy: 1.0 | Loss: 0.12513428640060054
INFO:root:Iter: 3| Accuracy: 0.8 | Loss: 0.15371179890126074
INFO:root:Iter: 4| Accuracy: 0.9 | Loss: 0.17071943497603198
INFO:root:Iter: 5| Accuracy: 0.9 | Loss: 0.1670595968545942
INFO:root:Iter: 6| Accuracy: 0.8 | Loss: 0.16282415281348583
INFO:root:Iter: 7| Accuracy: 0.7 | Loss: 0.16498475809754806
INFO:root:Iter: 8| Accuracy: 1.0 | Loss: 0.14317292565448697
INFO:root:Iter: 9| Accuracy: 1.0 | Loss: 0.11596036877125848
INFO:root:Iter: 10| Accuracy: 0.5 | Loss: 0.19626166842178897
INFO:root:epoch 66 : Training Accuracy 0.84 , Loss 0.15527258160391744, Time 0.39947011868158977 minutes, Validation Accuracy 0.86
INFO:root:start epoch 67
INFO:root:Iter: 1| Accuracy: 0.9 | Loss: 0.1644943245169555
INFO:root:Iter: 2| Accuracy: 1.0 | Loss: 0.13341111475832848
INFO:root:Iter: 3| Accuracy: 0.9 | Loss: 0.13445890095190688
INFO:root:Iter: 4| Accuracy: 0.9 | Loss: 0.14263763424227938
INFO:root:Iter: 5| Accuracy: 0.7 | Loss: 0.18928150538979222
INFO:root:Iter: 6| Accuracy: 0.9 | Loss: 0.1488365010849626
INFO:root:Iter: 7| Accuracy: 0.9 | Loss: 0.17011665717683933
INFO:root:Iter: 8| Accuracy: 0.9 | Loss: 0.15393814314236726
INFO:root:Iter: 9| Accuracy: 0.7 | Loss: 0.14723160323471823
INFO:root:Iter: 10| Accuracy: 0.9 | Loss: 0.16558216139001508
INFO:root:epoch 67 : Training Accuracy 0.87 , Loss 0.15574541762149421, Time 0.40074426333109536 minutes, Validation Accuracy 0.85
INFO:root:start epoch 68
INFO:root:Iter: 1| Accuracy: 0.8 | Loss: 0.1513863611085518
INFO:root:Iter: 2| Accuracy: 0.8 | Loss: 0.2129601033772115
INFO:root:Iter: 3| Accuracy: 0.7 | Loss: 0.1385733705032348
INFO:root:Iter: 4| Accuracy: 1.0 | Loss: 0.1501709547244535
INFO:root:Iter: 5| Accuracy: 0.9 | Loss: 0.12952347388055138
INFO:root:Iter: 6| Accuracy: 0.8 | Loss: 0.16506603561637703
INFO:root:Iter: 7| Accuracy: 0.8 | Loss: 0.18355668017841828
INFO:root:Iter: 8| Accuracy: 0.9 | Loss: 0.1540189495014805
INFO:root:Iter: 9| Accuracy: 1.0 | Loss: 0.12469048759633465
INFO:root:Iter: 10| Accuracy: 0.8 | Loss: 0.1477961659030078
INFO:root:epoch 68 : Training Accuracy 0.85 , Loss 0.1541745161713752, Time 0.4007527311642965 minutes, Validation Accuracy 0.91
INFO:root:start epoch 69
INFO:root:Iter: 1| Accuracy: 0.9 | Loss: 0.1667220329694915
INFO:root:Iter: 2| Accuracy: 0.8 | Loss: 0.15871262116394078
INFO:root:Iter: 3| Accuracy: 0.9 | Loss: 0.1725078138254294
INFO:root:Iter: 4| Accuracy: 0.8 | Loss: 0.15632769036426725
INFO:root:Iter: 5| Accuracy: 1.0 | Loss: 0.1039196779580888
INFO:root:Iter: 6| Accuracy: 0.9 | Loss: 0.15127484279435596
INFO:root:Iter: 7| Accuracy: 0.9 | Loss: 0.17883600928746116
INFO:root:Iter: 8| Accuracy: 0.9 | Loss: 0.14540580717782622
INFO:root:Iter: 9| Accuracy: 0.9 | Loss: 0.15786494593016978
INFO:root:Iter: 10| Accuracy: 0.8 | Loss: 0.17291805742613756
INFO:root:epoch 69 : Training Accuracy 0.88 , Loss 0.15466509093248548, Time 0.3991413195927938 minutes, Validation Accuracy 0.9
INFO:root:start epoch 70
INFO:root:Iter: 1| Accuracy: 0.9 | Loss: 0.13013906724759355
INFO:root:Iter: 2| Accuracy: 0.8 | Loss: 0.1627845207176751
INFO:root:Iter: 3| Accuracy: 0.8 | Loss: 0.16119659085221277
INFO:root:Iter: 4| Accuracy: 0.9 | Loss: 0.17376315002402754
INFO:root:Iter: 5| Accuracy: 1.0 | Loss: 0.1796859526531094
INFO:root:Iter: 6| Accuracy: 0.9 | Loss: 0.17054882296205134
INFO:root:Iter: 7| Accuracy: 0.7 | Loss: 0.13714775527587408
INFO:root:Iter: 8| Accuracy: 0.9 | Loss: 0.1591919525138894
INFO:root:Iter: 9| Accuracy: 0.9 | Loss: 0.1365919161925731
INFO:root:Iter: 10| Accuracy: 0.9 | Loss: 0.15195728805533923
INFO:root:epoch 70 : Training Accuracy 0.87 , Loss 0.15761920061216775, Time 0.4002374807993571 minutes, Validation Accuracy 0.89
INFO:root:start epoch 71
INFO:root:Iter: 1| Accuracy: 0.9 | Loss: 0.15280694459403837
INFO:root:Iter: 2| Accuracy: 0.8 | Loss: 0.17064003769888655
INFO:root:Iter: 3| Accuracy: 0.9 | Loss: 0.14389990894725022
INFO:root:Iter: 4| Accuracy: 1.0 | Loss: 0.10124890469329291
INFO:root:Iter: 5| Accuracy: 0.8 | Loss: 0.14669947401881772
INFO:root:Iter: 6| Accuracy: 0.7 | Loss: 0.2039578827053167
INFO:root:Iter: 7| Accuracy: 0.9 | Loss: 0.16547369306467472
INFO:root:Iter: 8| Accuracy: 1.0 | Loss: 0.13121750919764014
INFO:root:Iter: 9| Accuracy: 0.9 | Loss: 0.12506102007274067
INFO:root:Iter: 10| Accuracy: 0.6 | Loss: 0.19433685232792916
INFO:root:epoch 71 : Training Accuracy 0.85 , Loss 0.1550452574952664, Time 0.4003444274266561 minutes, Validation Accuracy 0.9
INFO:root:start epoch 72
INFO:root:Iter: 1| Accuracy: 0.9 | Loss: 0.18568497260532021
INFO:root:Iter: 2| Accuracy: 0.7 | Loss: 0.18029215138057225
INFO:root:Iter: 3| Accuracy: 0.9 | Loss: 0.16593768118234864
INFO:root:Iter: 4| Accuracy: 0.9 | Loss: 0.18740770564733034
INFO:root:Iter: 5| Accuracy: 0.9 | Loss: 0.15874781705930593
INFO:root:Iter: 6| Accuracy: 0.8 | Loss: 0.14054829600647364
INFO:root:Iter: 7| Accuracy: 0.9 | Loss: 0.13096622755189943
INFO:root:Iter: 8| Accuracy: 0.7 | Loss: 0.17656113995415582
INFO:root:Iter: 9| Accuracy: 1.0 | Loss: 0.09255486338164068
INFO:root:Iter: 10| Accuracy: 0.9 | Loss: 0.14237432474082318
INFO:root:epoch 72 : Training Accuracy 0.86 , Loss 0.1541291925435791, Time 0.40149730841318765 minutes, Validation Accuracy 0.93
INFO:root:start epoch 73
INFO:root:Iter: 1| Accuracy: 1.0 | Loss: 0.135022934317012
INFO:root:Iter: 2| Accuracy: 0.8 | Loss: 0.15501216311082167
INFO:root:Iter: 3| Accuracy: 0.9 | Loss: 0.11546317850819206
INFO:root:Iter: 4| Accuracy: 0.8 | Loss: 0.14177486073264384
INFO:root:Iter: 5| Accuracy: 0.9 | Loss: 0.16163194373791606
INFO:root:Iter: 6| Accuracy: 0.8 | Loss: 0.16388316464758276
INFO:root:Iter: 7| Accuracy: 0.7 | Loss: 0.1979186529245462
INFO:root:Iter: 8| Accuracy: 0.9 | Loss: 0.16502354500191935
INFO:root:Iter: 9| Accuracy: 0.8 | Loss: 0.1717809932230737
INFO:root:Iter: 10| Accuracy: 1.0 | Loss: 0.13912913028386234
INFO:root:epoch 73 : Training Accuracy 0.86 , Loss 0.15293636518063747, Time 0.4005861242612203 minutes, Validation Accuracy 0.86
INFO:root:start epoch 74
INFO:root:Iter: 1| Accuracy: 1.0 | Loss: 0.14081744453278996
INFO:root:Iter: 2| Accuracy: 0.8 | Loss: 0.17257910910525567
INFO:root:Iter: 3| Accuracy: 0.9 | Loss: 0.13755782794376223
INFO:root:Iter: 4| Accuracy: 0.9 | Loss: 0.16730935432018318
INFO:root:Iter: 5| Accuracy: 0.7 | Loss: 0.17609291973798705
INFO:root:Iter: 6| Accuracy: 1.0 | Loss: 0.15903998194999833
INFO:root:Iter: 7| Accuracy: 1.0 | Loss: 0.12392303047410003
INFO:root:Iter: 8| Accuracy: 0.7 | Loss: 0.16188408745832306
INFO:root:Iter: 9| Accuracy: 0.9 | Loss: 0.1422458031772671
INFO:root:Iter: 10| Accuracy: 0.9 | Loss: 0.17056208810846296
INFO:root:epoch 74 : Training Accuracy 0.88 , Loss 0.15696664653430525, Time 0.4231117804845174 minutes, Validation Accuracy 0.87
INFO:root:start epoch 75
INFO:root:Iter: 1| Accuracy: 1.0 | Loss: 0.12028075463949262
INFO:root:Iter: 2| Accuracy: 1.0 | Loss: 0.1678642222235466
INFO:root:Iter: 3| Accuracy: 0.7 | Loss: 0.1821940029820918
INFO:root:Iter: 4| Accuracy: 0.8 | Loss: 0.18037566803954766
INFO:root:Iter: 5| Accuracy: 0.8 | Loss: 0.15733008828327139
INFO:root:Iter: 6| Accuracy: 1.0 | Loss: 0.14326846189520376
INFO:root:Iter: 7| Accuracy: 0.8 | Loss: 0.16404808788382666
INFO:root:Iter: 8| Accuracy: 0.9 | Loss: 0.14331529102975119
INFO:root:Iter: 9| Accuracy: 1.0 | Loss: 0.13094701642738668
INFO:root:Iter: 10| Accuracy: 0.7 | Loss: 0.18238680390486897
INFO:root:epoch 75 : Training Accuracy 0.87 , Loss 0.1549781872748048, Time 0.3996792236963908 minutes, Validation Accuracy 0.9
INFO:root:start epoch 76
INFO:root:Iter: 1| Accuracy: 0.7 | Loss: 0.1779742642827125
INFO:root:Iter: 2| Accuracy: 1.0 | Loss: 0.1381217215928797
INFO:root:Iter: 3| Accuracy: 0.9 | Loss: 0.14304994616599415
INFO:root:Iter: 4| Accuracy: 1.0 | Loss: 0.14974732563664062
INFO:root:Iter: 5| Accuracy: 0.9 | Loss: 0.14431385081423848
INFO:root:Iter: 6| Accuracy: 0.7 | Loss: 0.1684347959319565
INFO:root:Iter: 7| Accuracy: 0.8 | Loss: 0.1473538501147827
INFO:root:Iter: 8| Accuracy: 0.8 | Loss: 0.14663744608862822
INFO:root:Iter: 9| Accuracy: 0.9 | Loss: 0.13334177906145997
INFO:root:Iter: 10| Accuracy: 0.8 | Loss: 0.1916853028965257
INFO:root:epoch 76 : Training Accuracy 0.85 , Loss 0.15458075737063418, Time 0.399915611743927 minutes, Validation Accuracy 0.89
INFO:root:start epoch 77
INFO:root:Iter: 1| Accuracy: 0.7 | Loss: 0.1825396256639341
INFO:root:Iter: 2| Accuracy: 1.0 | Loss: 0.12217232156082962
INFO:root:Iter: 3| Accuracy: 0.8 | Loss: 0.13629185855885168
INFO:root:Iter: 4| Accuracy: 0.8 | Loss: 0.1672641071999215
INFO:root:Iter: 5| Accuracy: 0.9 | Loss: 0.15365201137258405
INFO:root:Iter: 6| Accuracy: 1.0 | Loss: 0.14047045601648517
INFO:root:Iter: 7| Accuracy: 1.0 | Loss: 0.1599732736217941
INFO:root:Iter: 8| Accuracy: 0.8 | Loss: 0.14676913708355457
INFO:root:Iter: 9| Accuracy: 0.9 | Loss: 0.18042010791281865
INFO:root:Iter: 10| Accuracy: 0.8 | Loss: 0.18779525873179875
INFO:root:epoch 77 : Training Accuracy 0.87 , Loss 0.15420104746542423, Time 0.40218754212061564 minutes, Validation Accuracy 0.88
INFO:root:start epoch 78
INFO:root:Iter: 1| Accuracy: 0.8 | Loss: 0.20537270893581364
INFO:root:Iter: 2| Accuracy: 0.8 | Loss: 0.13709792551600708
INFO:root:Iter: 3| Accuracy: 0.8 | Loss: 0.13556837643707292
INFO:root:Iter: 4| Accuracy: 0.9 | Loss: 0.12744465457839776
INFO:root:Iter: 5| Accuracy: 0.9 | Loss: 0.16093369926325057
INFO:root:Iter: 6| Accuracy: 0.9 | Loss: 0.19039724461686386
INFO:root:Iter: 7| Accuracy: 0.8 | Loss: 0.158259144040711
INFO:root:Iter: 8| Accuracy: 0.8 | Loss: 0.1454803999707105
INFO:root:Iter: 9| Accuracy: 0.9 | Loss: 0.18535097739992118
INFO:root:Iter: 10| Accuracy: 1.0 | Loss: 0.11391899959906533
INFO:root:epoch 78 : Training Accuracy 0.86 , Loss 0.1544509555950384, Time 0.39829955498377484 minutes, Validation Accuracy 0.88
INFO:root:start epoch 79
INFO:root:Iter: 1| Accuracy: 0.8 | Loss: 0.16445662029052915
INFO:root:Iter: 2| Accuracy: 0.8 | Loss: 0.17760661793757776
INFO:root:Iter: 3| Accuracy: 0.9 | Loss: 0.1597033520231814
INFO:root:Iter: 4| Accuracy: 0.9 | Loss: 0.11960783143105802
INFO:root:Iter: 5| Accuracy: 0.9 | Loss: 0.15860368413735054
INFO:root:Iter: 6| Accuracy: 1.0 | Loss: 0.11338796430073599
INFO:root:Iter: 7| Accuracy: 0.8 | Loss: 0.18534137673705037
INFO:root:Iter: 8| Accuracy: 0.8 | Loss: 0.15659644996822888
INFO:root:Iter: 9| Accuracy: 0.9 | Loss: 0.12162686523803294
INFO:root:Iter: 10| Accuracy: 0.7 | Loss: 0.20636629881209814
INFO:root:epoch 79 : Training Accuracy 0.85 , Loss 0.15496264663254794, Time 0.3997680425643921 minutes, Validation Accuracy 0.91
INFO:root:start epoch 80
INFO:root:Iter: 1| Accuracy: 0.8 | Loss: 0.16988023745812844
INFO:root:Iter: 2| Accuracy: 0.9 | Loss: 0.14375103553092747
INFO:root:Iter: 3| Accuracy: 0.7 | Loss: 0.18384077650151034
INFO:root:Iter: 4| Accuracy: 0.9 | Loss: 0.1767214383508297
INFO:root:Iter: 5| Accuracy: 0.9 | Loss: 0.14405336612320369
INFO:root:Iter: 6| Accuracy: 0.9 | Loss: 0.13116139315454522
INFO:root:Iter: 7| Accuracy: 0.9 | Loss: 0.15598199619649605
INFO:root:Iter: 8| Accuracy: 0.8 | Loss: 0.15458578046497784
INFO:root:Iter: 9| Accuracy: 0.9 | Loss: 0.13375965436934636
INFO:root:Iter: 10| Accuracy: 0.9 | Loss: 0.167454137279437
INFO:root:epoch 80 : Training Accuracy 0.86 , Loss 0.1552593409347921, Time 0.39908244609832766 minutes, Validation Accuracy 0.86
INFO:root:start epoch 81
INFO:root:Iter: 1| Accuracy: 1.0 | Loss: 0.1458054510709309
INFO:root:Iter: 2| Accuracy: 0.7 | Loss: 0.16646320630418454
INFO:root:Iter: 3| Accuracy: 0.8 | Loss: 0.14126771260885262
INFO:root:Iter: 4| Accuracy: 1.0 | Loss: 0.10790276082475414
INFO:root:Iter: 5| Accuracy: 0.8 | Loss: 0.1788984764230493
INFO:root:Iter: 6| Accuracy: 0.9 | Loss: 0.16455592495407112
INFO:root:Iter: 7| Accuracy: 0.9 | Loss: 0.16817142234202648
INFO:root:Iter: 8| Accuracy: 0.8 | Loss: 0.1449586606947707
INFO:root:Iter: 9| Accuracy: 0.9 | Loss: 0.1750983747485904
INFO:root:Iter: 10| Accuracy: 0.7 | Loss: 0.15911918410486633
INFO:root:epoch 81 : Training Accuracy 0.85 , Loss 0.154548871681039, Time 0.3997088074684143 minutes, Validation Accuracy 0.87
INFO:root:start epoch 82
INFO:root:Iter: 1| Accuracy: 0.8 | Loss: 0.19010592048353117
INFO:root:Iter: 2| Accuracy: 0.6 | Loss: 0.1911676456600424
INFO:root:Iter: 3| Accuracy: 0.9 | Loss: 0.16049163982001877
INFO:root:Iter: 4| Accuracy: 0.9 | Loss: 0.14384626940469322
INFO:root:Iter: 5| Accuracy: 0.8 | Loss: 0.16502435079859878
INFO:root:Iter: 6| Accuracy: 1.0 | Loss: 0.12213174359591672
INFO:root:Iter: 7| Accuracy: 0.9 | Loss: 0.18857098491363503
INFO:root:Iter: 8| Accuracy: 1.0 | Loss: 0.13113056147294255
INFO:root:Iter: 9| Accuracy: 0.8 | Loss: 0.11574657632268052
INFO:root:Iter: 10| Accuracy: 0.8 | Loss: 0.16526654721002232
INFO:root:epoch 82 : Training Accuracy 0.85 , Loss 0.15612622801504025, Time 0.39861028591791786 minutes, Validation Accuracy 0.89
INFO:root:start epoch 83
INFO:root:Iter: 1| Accuracy: 0.8 | Loss: 0.16780362376983143
INFO:root:Iter: 2| Accuracy: 0.9 | Loss: 0.12653360892932478
INFO:root:Iter: 3| Accuracy: 1.0 | Loss: 0.11893897083466913
INFO:root:Iter: 4| Accuracy: 0.8 | Loss: 0.19457672620611902
INFO:root:Iter: 5| Accuracy: 0.9 | Loss: 0.16441704519965553
INFO:root:Iter: 6| Accuracy: 1.0 | Loss: 0.1321135132997009
INFO:root:Iter: 7| Accuracy: 0.7 | Loss: 0.20344918790921757
INFO:root:Iter: 8| Accuracy: 0.8 | Loss: 0.1581207585420947
INFO:root:Iter: 9| Accuracy: 0.8 | Loss: 0.1420733457307107
INFO:root:Iter: 10| Accuracy: 0.9 | Loss: 0.14348072448772756
INFO:root:epoch 83 : Training Accuracy 0.86 , Loss 0.1554492860234854, Time 0.39957252740859983 minutes, Validation Accuracy 0.9
INFO:root:start epoch 84
INFO:root:Iter: 1| Accuracy: 0.7 | Loss: 0.17144541394959578
INFO:root:Iter: 2| Accuracy: 0.9 | Loss: 0.1693299897062645
INFO:root:Iter: 3| Accuracy: 0.9 | Loss: 0.14605986235133986
INFO:root:Iter: 4| Accuracy: 1.0 | Loss: 0.1432574693839067
INFO:root:Iter: 5| Accuracy: 0.9 | Loss: 0.11026866163997448
INFO:root:Iter: 6| Accuracy: 0.9 | Loss: 0.1299106889311004
INFO:root:Iter: 7| Accuracy: 0.8 | Loss: 0.1996035025799649
INFO:root:Iter: 8| Accuracy: 0.8 | Loss: 0.16927228476401335
INFO:root:Iter: 9| Accuracy: 0.6 | Loss: 0.18894834656452805
INFO:root:Iter: 10| Accuracy: 0.9 | Loss: 0.1378153612186998
INFO:root:epoch 84 : Training Accuracy 0.84 , Loss 0.15251549240254317, Time 0.3987718184789022 minutes, Validation Accuracy 0.87
INFO:root:start epoch 85
INFO:root:Iter: 1| Accuracy: 1.0 | Loss: 0.15174781747381086
INFO:root:Iter: 2| Accuracy: 0.9 | Loss: 0.14931574442000967
INFO:root:Iter: 3| Accuracy: 0.9 | Loss: 0.12815503244141124
INFO:root:Iter: 4| Accuracy: 0.8 | Loss: 0.16022268213858845
INFO:root:Iter: 5| Accuracy: 0.8 | Loss: 0.1267317680575852
INFO:root:Iter: 6| Accuracy: 1.0 | Loss: 0.1199662050848832
INFO:root:Iter: 7| Accuracy: 0.7 | Loss: 0.19038855069837696
INFO:root:Iter: 8| Accuracy: 1.0 | Loss: 0.13610592166475832
INFO:root:Iter: 9| Accuracy: 0.7 | Loss: 0.19631543385821718
INFO:root:Iter: 10| Accuracy: 0.8 | Loss: 0.19950593507559009
INFO:root:epoch 85 : Training Accuracy 0.86 , Loss 0.15696085336671264, Time 0.40241782665252684 minutes, Validation Accuracy 0.9
INFO:root:start epoch 86
INFO:root:Iter: 1| Accuracy: 0.9 | Loss: 0.14757137396560574
INFO:root:Iter: 2| Accuracy: 0.8 | Loss: 0.17054223212576333
INFO:root:Iter: 3| Accuracy: 0.8 | Loss: 0.16616255696145682
INFO:root:Iter: 4| Accuracy: 0.8 | Loss: 0.1765448563337398
INFO:root:Iter: 5| Accuracy: 1.0 | Loss: 0.13506647065889674
INFO:root:Iter: 6| Accuracy: 0.8 | Loss: 0.1740635916988515
INFO:root:Iter: 7| Accuracy: 0.8 | Loss: 0.1365133883973209
INFO:root:Iter: 8| Accuracy: 0.9 | Loss: 0.12569458650397602
INFO:root:Iter: 9| Accuracy: 0.8 | Loss: 0.1494974434795564
INFO:root:Iter: 10| Accuracy: 0.8 | Loss: 0.14882907152191102
INFO:root:epoch 86 : Training Accuracy 0.84 , Loss 0.15544697043363542, Time 0.40063081979751586 minutes, Validation Accuracy 0.89
INFO:root:start epoch 87
INFO:root:Iter: 1| Accuracy: 0.9 | Loss: 0.15236052854666832
INFO:root:Iter: 2| Accuracy: 1.0 | Loss: 0.1343547635621291
INFO:root:Iter: 3| Accuracy: 0.9 | Loss: 0.13158115716338048
INFO:root:Iter: 4| Accuracy: 0.9 | Loss: 0.16317940031831746
INFO:root:Iter: 5| Accuracy: 0.8 | Loss: 0.14741776989173103
INFO:root:Iter: 6| Accuracy: 0.8 | Loss: 0.1553586442221136
INFO:root:Iter: 7| Accuracy: 0.9 | Loss: 0.14876408533844604
INFO:root:Iter: 8| Accuracy: 0.8 | Loss: 0.1856082384362534
INFO:root:Iter: 9| Accuracy: 0.7 | Loss: 0.1596253259862422
INFO:root:Iter: 10| Accuracy: 0.9 | Loss: 0.17581873665509246
INFO:root:epoch 87 : Training Accuracy 0.86 , Loss 0.1559429009256762, Time 0.39985132614771524 minutes, Validation Accuracy 0.9
INFO:root:start epoch 88
INFO:root:Iter: 1| Accuracy: 0.7 | Loss: 0.17964267531425349
INFO:root:Iter: 2| Accuracy: 0.8 | Loss: 0.18742641270938065
INFO:root:Iter: 3| Accuracy: 0.9 | Loss: 0.13503250332189007
INFO:root:Iter: 4| Accuracy: 0.9 | Loss: 0.12948229653886514
INFO:root:Iter: 5| Accuracy: 1.0 | Loss: 0.14546465005450265
INFO:root:Iter: 6| Accuracy: 0.8 | Loss: 0.15413700563920907
INFO:root:Iter: 7| Accuracy: 0.7 | Loss: 0.19229393188982674
INFO:root:Iter: 8| Accuracy: 0.8 | Loss: 0.14555392511688506
INFO:root:Iter: 9| Accuracy: 1.0 | Loss: 0.16922511926753583
INFO:root:Iter: 10| Accuracy: 0.8 | Loss: 0.12841077652616412
INFO:root:epoch 88 : Training Accuracy 0.84 , Loss 0.15600076962353296, Time 0.39898879528045655 minutes, Validation Accuracy 0.89
INFO:root:start epoch 89
INFO:root:Iter: 1| Accuracy: 0.7 | Loss: 0.1869635516328633
INFO:root:Iter: 2| Accuracy: 1.0 | Loss: 0.1319137577973391
INFO:root:Iter: 3| Accuracy: 0.8 | Loss: 0.14313138436914558
INFO:root:Iter: 4| Accuracy: 0.9 | Loss: 0.14448664685833526
INFO:root:Iter: 5| Accuracy: 0.8 | Loss: 0.15073100736827405
INFO:root:Iter: 6| Accuracy: 0.8 | Loss: 0.17092399499381905
INFO:root:Iter: 7| Accuracy: 0.8 | Loss: 0.1872033915078413
INFO:root:Iter: 8| Accuracy: 0.9 | Loss: 0.12221172064748084
INFO:root:Iter: 9| Accuracy: 0.9 | Loss: 0.13827268990027808
INFO:root:Iter: 10| Accuracy: 0.9 | Loss: 0.1609590281982529
INFO:root:epoch 89 : Training Accuracy 0.85 , Loss 0.1552414529424656, Time 0.4008613069852193 minutes, Validation Accuracy 0.91
INFO:root:start epoch 90
INFO:root:Iter: 1| Accuracy: 0.9 | Loss: 0.1374999099678041
INFO:root:Iter: 2| Accuracy: 1.0 | Loss: 0.12397261139748103
INFO:root:Iter: 3| Accuracy: 0.7 | Loss: 0.19575516640685595
INFO:root:Iter: 4| Accuracy: 1.0 | Loss: 0.145851701178631
INFO:root:Iter: 5| Accuracy: 0.8 | Loss: 0.18798642668196117
INFO:root:Iter: 6| Accuracy: 0.9 | Loss: 0.1414589453274308
INFO:root:Iter: 7| Accuracy: 0.9 | Loss: 0.16474334473460742
INFO:root:Iter: 8| Accuracy: 0.8 | Loss: 0.1442309297511117
INFO:root:Iter: 9| Accuracy: 0.9 | Loss: 0.13881991416491116
INFO:root:Iter: 10| Accuracy: 0.9 | Loss: 0.1698531429693686
INFO:root:epoch 90 : Training Accuracy 0.88 , Loss 0.1549831971477329, Time 0.40179413159688315 minutes, Validation Accuracy 0.91
INFO:root:start epoch 91
INFO:root:Iter: 1| Accuracy: 0.8 | Loss: 0.17634457066752357
INFO:root:Iter: 2| Accuracy: 1.0 | Loss: 0.1248180741398599
INFO:root:Iter: 3| Accuracy: 0.9 | Loss: 0.140014490018206
INFO:root:Iter: 4| Accuracy: 0.9 | Loss: 0.15100246175894086
INFO:root:Iter: 5| Accuracy: 0.8 | Loss: 0.1475899206897469
INFO:root:Iter: 6| Accuracy: 0.9 | Loss: 0.17951512742367823
INFO:root:Iter: 7| Accuracy: 0.7 | Loss: 0.1528845411290479
INFO:root:Iter: 8| Accuracy: 0.8 | Loss: 0.14699122289832806
INFO:root:Iter: 9| Accuracy: 0.9 | Loss: 0.1600298498343681
INFO:root:Iter: 10| Accuracy: 0.9 | Loss: 0.15861380918104492
INFO:root:epoch 91 : Training Accuracy 0.86 , Loss 0.1539779886615176, Time 0.3986660758654276 minutes, Validation Accuracy 0.9
INFO:root:start epoch 92
INFO:root:Iter: 1| Accuracy: 0.9 | Loss: 0.16315480129518536
INFO:root:Iter: 2| Accuracy: 0.8 | Loss: 0.15994549907260938
INFO:root:Iter: 3| Accuracy: 0.9 | Loss: 0.10075142632951206
INFO:root:Iter: 4| Accuracy: 0.9 | Loss: 0.15919395306235112
INFO:root:Iter: 5| Accuracy: 0.7 | Loss: 0.14440408618765352
INFO:root:Iter: 6| Accuracy: 0.7 | Loss: 0.18407177095200816
INFO:root:Iter: 7| Accuracy: 1.0 | Loss: 0.1348242260244474
INFO:root:Iter: 8| Accuracy: 0.9 | Loss: 0.12652020295522762
INFO:root:Iter: 9| Accuracy: 0.9 | Loss: 0.1662998561122006
INFO:root:Iter: 10| Accuracy: 0.8 | Loss: 0.19089816102256146
INFO:root:epoch 92 : Training Accuracy 0.85 , Loss 0.153994648729882, Time 0.39869204759597776 minutes, Validation Accuracy 0.9
INFO:root:start epoch 93
INFO:root:Iter: 1| Accuracy: 0.8 | Loss: 0.18898962943205527
INFO:root:Iter: 2| Accuracy: 0.9 | Loss: 0.13779581143244155
INFO:root:Iter: 3| Accuracy: 0.9 | Loss: 0.12930508997395088
INFO:root:Iter: 4| Accuracy: 1.0 | Loss: 0.12630993227511342
INFO:root:Iter: 5| Accuracy: 0.9 | Loss: 0.15892789758200807
INFO:root:Iter: 6| Accuracy: 0.7 | Loss: 0.20837439546702125
INFO:root:Iter: 7| Accuracy: 0.9 | Loss: 0.12604067182556591
INFO:root:Iter: 8| Accuracy: 1.0 | Loss: 0.1377668542011716
INFO:root:Iter: 9| Accuracy: 0.7 | Loss: 0.19385685849289178
INFO:root:Iter: 10| Accuracy: 1.0 | Loss: 0.14089481979059512
INFO:root:epoch 93 : Training Accuracy 0.88 , Loss 0.1507906429705289, Time 0.3999657829602559 minutes, Validation Accuracy 0.89
INFO:root:start epoch 94
INFO:root:Iter: 1| Accuracy: 1.0 | Loss: 0.14698473114023933
INFO:root:Iter: 2| Accuracy: 0.8 | Loss: 0.17346674805298484
INFO:root:Iter: 3| Accuracy: 0.7 | Loss: 0.1652194831200675
INFO:root:Iter: 4| Accuracy: 0.7 | Loss: 0.1931866757830218
INFO:root:Iter: 5| Accuracy: 0.8 | Loss: 0.13152014528053768
INFO:root:Iter: 6| Accuracy: 0.9 | Loss: 0.17006180994747014
INFO:root:Iter: 7| Accuracy: 1.0 | Loss: 0.12319877379158414
INFO:root:Iter: 8| Accuracy: 0.9 | Loss: 0.14175374907888846
INFO:root:Iter: 9| Accuracy: 0.8 | Loss: 0.14100617196288104
INFO:root:Iter: 10| Accuracy: 0.9 | Loss: 0.14145124919176894
INFO:root:epoch 94 : Training Accuracy 0.85 , Loss 0.15462230906870503, Time 0.39998065630594887 minutes, Validation Accuracy 0.88
INFO:root:start epoch 95
INFO:root:Iter: 1| Accuracy: 0.6 | Loss: 0.17195331037357992
INFO:root:Iter: 2| Accuracy: 0.8 | Loss: 0.13665438592664195
INFO:root:Iter: 3| Accuracy: 1.0 | Loss: 0.12376891274674033
INFO:root:Iter: 4| Accuracy: 0.9 | Loss: 0.17082869277872853
INFO:root:Iter: 5| Accuracy: 0.6 | Loss: 0.200453162431448
INFO:root:Iter: 6| Accuracy: 0.9 | Loss: 0.1431568676415177
INFO:root:Iter: 7| Accuracy: 0.9 | Loss: 0.14846381197838535
INFO:root:Iter: 8| Accuracy: 0.9 | Loss: 0.12937929917867835
INFO:root:Iter: 9| Accuracy: 1.0 | Loss: 0.13964695270822094
INFO:root:Iter: 10| Accuracy: 0.8 | Loss: 0.18307148879821994
INFO:root:epoch 95 : Training Accuracy 0.84 , Loss 0.15364535964861645, Time 0.40051963726679485 minutes, Validation Accuracy 0.91
INFO:root:start epoch 96
INFO:root:Iter: 1| Accuracy: 0.7 | Loss: 0.18608264718807302
INFO:root:Iter: 2| Accuracy: 0.7 | Loss: 0.1486165515791275
INFO:root:Iter: 3| Accuracy: 0.7 | Loss: 0.18566250572522885
INFO:root:Iter: 4| Accuracy: 0.8 | Loss: 0.17330354759611857
INFO:root:Iter: 5| Accuracy: 0.9 | Loss: 0.14246010526105957
INFO:root:Iter: 6| Accuracy: 0.9 | Loss: 0.16482521249356522
INFO:root:Iter: 7| Accuracy: 0.9 | Loss: 0.16359690252701933
INFO:root:Iter: 8| Accuracy: 0.9 | Loss: 0.15800054626011611
INFO:root:Iter: 9| Accuracy: 1.0 | Loss: 0.14891652641452996
INFO:root:Iter: 10| Accuracy: 1.0 | Loss: 0.12370876532517347
INFO:root:epoch 96 : Training Accuracy 0.85 , Loss 0.1536065480546176, Time 0.4007631540298462 minutes, Validation Accuracy 0.83
INFO:root:start epoch 97
INFO:root:Iter: 1| Accuracy: 1.0 | Loss: 0.12978961803658695
INFO:root:Iter: 2| Accuracy: 0.8 | Loss: 0.1401088993647855
INFO:root:Iter: 3| Accuracy: 0.7 | Loss: 0.19904012734724869
INFO:root:Iter: 4| Accuracy: 0.9 | Loss: 0.1697744410009325
INFO:root:Iter: 5| Accuracy: 0.9 | Loss: 0.1752972525623897
INFO:root:Iter: 6| Accuracy: 0.8 | Loss: 0.16713589053108377
INFO:root:Iter: 7| Accuracy: 0.8 | Loss: 0.17930223996422137
INFO:root:Iter: 8| Accuracy: 0.9 | Loss: 0.14060985861905906
INFO:root:Iter: 9| Accuracy: 0.9 | Loss: 0.12091770124760368
INFO:root:Iter: 10| Accuracy: 0.9 | Loss: 0.1301480505774482
INFO:root:epoch 97 : Training Accuracy 0.86 , Loss 0.15612401144518961, Time 0.40004953145980837 minutes, Validation Accuracy 0.92
INFO:root:start epoch 98
INFO:root:Iter: 1| Accuracy: 0.8 | Loss: 0.1778770512962988
INFO:root:Iter: 2| Accuracy: 0.8 | Loss: 0.18105278409259104
INFO:root:Iter: 3| Accuracy: 0.9 | Loss: 0.15412857476672576
INFO:root:Iter: 4| Accuracy: 0.9 | Loss: 0.12131844128879303
INFO:root:Iter: 5| Accuracy: 0.9 | Loss: 0.12171409424347217
INFO:root:Iter: 6| Accuracy: 0.8 | Loss: 0.15155429779862395
INFO:root:Iter: 7| Accuracy: 0.9 | Loss: 0.13335591613468697
INFO:root:Iter: 8| Accuracy: 0.9 | Loss: 0.1411668337612086
INFO:root:Iter: 9| Accuracy: 0.7 | Loss: 0.20610532428268705
INFO:root:Iter: 10| Accuracy: 0.9 | Loss: 0.1846580191744565
INFO:root:epoch 98 : Training Accuracy 0.85 , Loss 0.1554621350365647, Time 0.40910166104634604 minutes, Validation Accuracy 0.92
INFO:root:start epoch 99
INFO:root:Iter: 1| Accuracy: 0.8 | Loss: 0.1601372232410258
INFO:root:Iter: 2| Accuracy: 1.0 | Loss: 0.12181324945272368
INFO:root:Iter: 3| Accuracy: 0.9 | Loss: 0.13044353756655275
INFO:root:Iter: 4| Accuracy: 0.8 | Loss: 0.169130216852388
INFO:root:Iter: 5| Accuracy: 0.8 | Loss: 0.15016711392191956
INFO:root:Iter: 6| Accuracy: 1.0 | Loss: 0.08399674479419099
INFO:root:Iter: 7| Accuracy: 0.8 | Loss: 0.18552177066465092
INFO:root:Iter: 8| Accuracy: 0.9 | Loss: 0.16048735742126619
INFO:root:Iter: 9| Accuracy: 0.8 | Loss: 0.20205167272275837
INFO:root:Iter: 10| Accuracy: 0.8 | Loss: 0.18674705675827927
INFO:root:epoch 99 : Training Accuracy 0.86 , Loss 0.153062519278111, Time 0.4090609351793925 minutes, Validation Accuracy 0.92
INFO:root:start epoch 100
INFO:root:Iter: 1| Accuracy: 0.8 | Loss: 0.15044677079260066
INFO:root:Iter: 2| Accuracy: 1.0 | Loss: 0.15052347977118966
INFO:root:Iter: 3| Accuracy: 1.0 | Loss: 0.15416420077772858
INFO:root:Iter: 4| Accuracy: 0.9 | Loss: 0.16558421838263943
INFO:root:Iter: 5| Accuracy: 0.9 | Loss: 0.16907855589821688
INFO:root:Iter: 6| Accuracy: 0.9 | Loss: 0.11038146526904291
INFO:root:Iter: 7| Accuracy: 0.6 | Loss: 0.21030632882694658
INFO:root:Iter: 8| Accuracy: 1.0 | Loss: 0.12339126296436306
INFO:root:Iter: 9| Accuracy: 0.8 | Loss: 0.1453197477611346
INFO:root:Iter: 10| Accuracy: 0.8 | Loss: 0.18065817004284399
INFO:root:epoch 100 : Training Accuracy 0.87 , Loss 0.1552501385124347, Time 0.3948330322901408 minutes, Validation Accuracy 0.91
