INFO:root:embedding methods amplitude, sample number 50, batch size 5, learning rate 0.01, epoch number 50, layer number 2, numpy random seed 0
INFO:root:start epoch 1
INFO:root:Iter: 1| Accuracy: 0.0 | Loss: 0.30546468046400005
INFO:root:Iter: 2| Accuracy: 0.2 | Loss: 0.4080218102070508
INFO:root:Iter: 3| Accuracy: 0.4 | Loss: 0.23224789277052418
INFO:root:Iter: 4| Accuracy: 0.2 | Loss: 0.30206981659652804
INFO:root:Iter: 5| Accuracy: 0.6 | Loss: 0.31431833778137697
INFO:root:Iter: 6| Accuracy: 0.6 | Loss: 0.28722949595918823
INFO:root:Iter: 7| Accuracy: 0.2 | Loss: 0.41633572460039936
INFO:root:Iter: 8| Accuracy: 0.2 | Loss: 0.353291198025742
INFO:root:Iter: 9| Accuracy: 0.6 | Loss: 0.28549718930647244
INFO:root:Iter: 10| Accuracy: 0.4 | Loss: 0.364741096937063
INFO:root:Iter: 11| Accuracy: 0.2 | Loss: 0.3081083704851025
INFO:root:Iter: 12| Accuracy: 0.2 | Loss: 0.338861255439575
INFO:root:Iter: 13| Accuracy: 0.2 | Loss: 0.38060193177758644
INFO:root:Iter: 14| Accuracy: 0.6 | Loss: 0.27788638908288366
INFO:root:Iter: 15| Accuracy: 0.4 | Loss: 0.260165142616961
INFO:root:Iter: 16| Accuracy: 0.4 | Loss: 0.2491401476162558
INFO:root:Iter: 17| Accuracy: 0.2 | Loss: 0.3063290026744623
INFO:root:Iter: 18| Accuracy: 0.2 | Loss: 0.331834971777483
INFO:root:Iter: 19| Accuracy: 0.6 | Loss: 0.35398463217526915
INFO:root:Iter: 20| Accuracy: 0.2 | Loss: 0.31833270577780315
INFO:root:epoch 1 : Training Accuracy 0.33 , Loss 0.29264321856103204, Time 0.6327138622601827 minutes, Validation Accuracy 0.45
INFO:root:start epoch 2
INFO:root:Iter: 1| Accuracy: 0.2 | Loss: 0.3548908600413356
INFO:root:Iter: 2| Accuracy: 1.0 | Loss: 0.17694701746606356
INFO:root:Iter: 3| Accuracy: 0.0 | Loss: 0.42003336699197824
INFO:root:Iter: 4| Accuracy: 0.4 | Loss: 0.31188786355487536
INFO:root:Iter: 5| Accuracy: 0.4 | Loss: 0.31346851544721266
INFO:root:Iter: 6| Accuracy: 0.4 | Loss: 0.3021368631563658
INFO:root:Iter: 7| Accuracy: 0.4 | Loss: 0.19096007476618765
INFO:root:Iter: 8| Accuracy: 0.2 | Loss: 0.4108370100773956
INFO:root:Iter: 9| Accuracy: 0.4 | Loss: 0.3243017552389638
INFO:root:Iter: 10| Accuracy: 0.2 | Loss: 0.29549468109795524
INFO:root:Iter: 11| Accuracy: 0.6 | Loss: 0.20188097394274812
INFO:root:Iter: 12| Accuracy: 1.0 | Loss: 0.10430488153689169
INFO:root:Iter: 13| Accuracy: 0.4 | Loss: 0.2445019752618311
INFO:root:Iter: 14| Accuracy: 0.6 | Loss: 0.2145606835346284
INFO:root:Iter: 15| Accuracy: 0.4 | Loss: 0.3266819034178422
INFO:root:Iter: 16| Accuracy: 0.8 | Loss: 0.2154031775241969
INFO:root:Iter: 17| Accuracy: 0.8 | Loss: 0.1816727678625211
INFO:root:Iter: 18| Accuracy: 1.0 | Loss: 0.17472718028552114
INFO:root:Iter: 19| Accuracy: 0.8 | Loss: 0.2209298288146592
INFO:root:Iter: 20| Accuracy: 0.6 | Loss: 0.2279640152520855
INFO:root:epoch 2 : Training Accuracy 0.53 , Loss 0.232419909650819, Time 0.6280605673789978 minutes, Validation Accuracy 0.7
INFO:root:start epoch 3
INFO:root:Iter: 1| Accuracy: 0.8 | Loss: 0.20485180668229658
INFO:root:Iter: 2| Accuracy: 0.4 | Loss: 0.2827014831008454
INFO:root:Iter: 3| Accuracy: 0.8 | Loss: 0.1934840009037883
INFO:root:Iter: 4| Accuracy: 0.4 | Loss: 0.24785964831655197
INFO:root:Iter: 5| Accuracy: 0.4 | Loss: 0.2954208791327956
INFO:root:Iter: 6| Accuracy: 0.8 | Loss: 0.19111678591740708
INFO:root:Iter: 7| Accuracy: 1.0 | Loss: 0.13656475197904233
INFO:root:Iter: 8| Accuracy: 0.8 | Loss: 0.16022745468787095
INFO:root:Iter: 9| Accuracy: 0.4 | Loss: 0.26889773109956755
INFO:root:Iter: 10| Accuracy: 0.8 | Loss: 0.20340618586384399
INFO:root:Iter: 11| Accuracy: 0.6 | Loss: 0.2417113593105364
INFO:root:Iter: 12| Accuracy: 0.8 | Loss: 0.17869722259634907
INFO:root:Iter: 13| Accuracy: 0.4 | Loss: 0.26520962221122923
INFO:root:Iter: 14| Accuracy: 0.8 | Loss: 0.20550576905375312
INFO:root:Iter: 15| Accuracy: 0.6 | Loss: 0.2253691338639417
INFO:root:Iter: 16| Accuracy: 0.6 | Loss: 0.20112542997653748
INFO:root:Iter: 17| Accuracy: 0.8 | Loss: 0.1432555555121814
INFO:root:Iter: 18| Accuracy: 1.0 | Loss: 0.17030566269604158
INFO:root:Iter: 19| Accuracy: 0.8 | Loss: 0.18705793243883756
INFO:root:Iter: 20| Accuracy: 0.8 | Loss: 0.18184293380392075
INFO:root:epoch 3 : Training Accuracy 0.69 , Loss 0.19284228010301127, Time 0.6277433832486471 minutes, Validation Accuracy 0.82
INFO:root:start epoch 4
INFO:root:Iter: 1| Accuracy: 0.4 | Loss: 0.21847177374237878
INFO:root:Iter: 2| Accuracy: 0.6 | Loss: 0.2629665872619537
INFO:root:Iter: 3| Accuracy: 0.6 | Loss: 0.20168179956613988
INFO:root:Iter: 4| Accuracy: 0.8 | Loss: 0.15004077186265224
INFO:root:Iter: 5| Accuracy: 1.0 | Loss: 0.12644788692130043
INFO:root:Iter: 6| Accuracy: 0.6 | Loss: 0.15637995594712312
INFO:root:Iter: 7| Accuracy: 0.6 | Loss: 0.24700963562414052
INFO:root:Iter: 8| Accuracy: 1.0 | Loss: 0.10436928071477283
INFO:root:Iter: 9| Accuracy: 0.4 | Loss: 0.23921995719246456
INFO:root:Iter: 10| Accuracy: 1.0 | Loss: 0.1415715753279892
INFO:root:Iter: 11| Accuracy: 1.0 | Loss: 0.12644587320002693
INFO:root:Iter: 12| Accuracy: 0.4 | Loss: 0.22899900250560198
INFO:root:Iter: 13| Accuracy: 1.0 | Loss: 0.09782831927226135
INFO:root:Iter: 14| Accuracy: 1.0 | Loss: 0.12989022844437828
INFO:root:Iter: 15| Accuracy: 0.6 | Loss: 0.20186048194107692
INFO:root:Iter: 16| Accuracy: 1.0 | Loss: 0.18476983190629465
INFO:root:Iter: 17| Accuracy: 1.0 | Loss: 0.0938219719650154
INFO:root:Iter: 18| Accuracy: 0.8 | Loss: 0.17634444775111574
INFO:root:Iter: 19| Accuracy: 0.6 | Loss: 0.19738884062607331
INFO:root:Iter: 20| Accuracy: 0.4 | Loss: 0.22853478467571087
INFO:root:epoch 4 : Training Accuracy 0.74 , Loss 0.16463771473404953, Time 0.6283538301785787 minutes, Validation Accuracy 0.91
INFO:root:start epoch 5
INFO:root:Iter: 1| Accuracy: 0.6 | Loss: 0.1716797554169007
INFO:root:Iter: 2| Accuracy: 0.8 | Loss: 0.17419027776639937
INFO:root:Iter: 3| Accuracy: 1.0 | Loss: 0.10680237205775507
INFO:root:Iter: 4| Accuracy: 0.8 | Loss: 0.15605454498215776
INFO:root:Iter: 5| Accuracy: 1.0 | Loss: 0.11617612965673245
INFO:root:Iter: 6| Accuracy: 0.8 | Loss: 0.19345251755232354
INFO:root:Iter: 7| Accuracy: 0.8 | Loss: 0.1974042646541622
INFO:root:Iter: 8| Accuracy: 0.2 | Loss: 0.28297357123019024
INFO:root:Iter: 9| Accuracy: 0.6 | Loss: 0.172816037513277
INFO:root:Iter: 10| Accuracy: 1.0 | Loss: 0.12598304089770712
INFO:root:Iter: 11| Accuracy: 1.0 | Loss: 0.10164454259356788
INFO:root:Iter: 12| Accuracy: 0.8 | Loss: 0.17916101112192387
INFO:root:Iter: 13| Accuracy: 0.8 | Loss: 0.2072994604303276
INFO:root:Iter: 14| Accuracy: 1.0 | Loss: 0.14133137324291914
INFO:root:Iter: 15| Accuracy: 1.0 | Loss: 0.13157935710347446
INFO:root:Iter: 16| Accuracy: 0.8 | Loss: 0.1461097429882257
INFO:root:Iter: 17| Accuracy: 1.0 | Loss: 0.11040764121216795
INFO:root:Iter: 18| Accuracy: 1.0 | Loss: 0.10753240820008869
INFO:root:Iter: 19| Accuracy: 0.8 | Loss: 0.16044058718242035
INFO:root:Iter: 20| Accuracy: 0.8 | Loss: 0.1928040557221516
INFO:root:epoch 5 : Training Accuracy 0.83 , Loss 0.14910718083315164, Time 0.6381675680478414 minutes, Validation Accuracy 0.93
INFO:root:start epoch 6
INFO:root:Iter: 1| Accuracy: 0.6 | Loss: 0.19311662884524763
INFO:root:Iter: 2| Accuracy: 1.0 | Loss: 0.12080615238283579
INFO:root:Iter: 3| Accuracy: 1.0 | Loss: 0.07891655914651224
INFO:root:Iter: 4| Accuracy: 1.0 | Loss: 0.07847139663525307
INFO:root:Iter: 5| Accuracy: 1.0 | Loss: 0.12119878556110138
INFO:root:Iter: 6| Accuracy: 0.6 | Loss: 0.21568083290867945
INFO:root:Iter: 7| Accuracy: 1.0 | Loss: 0.1274119102517347
INFO:root:Iter: 8| Accuracy: 0.2 | Loss: 0.30342966366150914
INFO:root:Iter: 9| Accuracy: 0.8 | Loss: 0.16571767377744906
INFO:root:Iter: 10| Accuracy: 0.8 | Loss: 0.11358002411463022
INFO:root:Iter: 11| Accuracy: 0.8 | Loss: 0.1542188421218913
INFO:root:Iter: 12| Accuracy: 1.0 | Loss: 0.13932380277822667
INFO:root:Iter: 13| Accuracy: 0.8 | Loss: 0.11611350886305412
INFO:root:Iter: 14| Accuracy: 0.8 | Loss: 0.17296303596845944
INFO:root:Iter: 15| Accuracy: 0.6 | Loss: 0.2194666741241152
INFO:root:Iter: 16| Accuracy: 0.8 | Loss: 0.12126452993067513
INFO:root:Iter: 17| Accuracy: 1.0 | Loss: 0.10238127104069335
INFO:root:Iter: 18| Accuracy: 0.8 | Loss: 0.17419583450441667
INFO:root:Iter: 19| Accuracy: 1.0 | Loss: 0.10869500279245643
INFO:root:Iter: 20| Accuracy: 0.8 | Loss: 0.14465893959253306
INFO:root:epoch 6 : Training Accuracy 0.82 , Loss 0.139810058015057, Time 0.6278928399085999 minutes, Validation Accuracy 0.92
INFO:root:start epoch 7
INFO:root:Iter: 1| Accuracy: 0.8 | Loss: 0.17771616245973756
INFO:root:Iter: 2| Accuracy: 0.8 | Loss: 0.11495646124301924
INFO:root:Iter: 3| Accuracy: 0.8 | Loss: 0.2211065461076934
INFO:root:Iter: 4| Accuracy: 1.0 | Loss: 0.15965871128544648
INFO:root:Iter: 5| Accuracy: 0.8 | Loss: 0.18028712158702603
INFO:root:Iter: 6| Accuracy: 1.0 | Loss: 0.09575753508321189
INFO:root:Iter: 7| Accuracy: 0.8 | Loss: 0.16568298134387205
INFO:root:Iter: 8| Accuracy: 0.6 | Loss: 0.15956679297714632
INFO:root:Iter: 9| Accuracy: 1.0 | Loss: 0.10459248629070543
INFO:root:Iter: 10| Accuracy: 0.8 | Loss: 0.13435383048647137
INFO:root:Iter: 11| Accuracy: 1.0 | Loss: 0.1258404073132962
INFO:root:Iter: 12| Accuracy: 1.0 | Loss: 0.09697360685270826
INFO:root:Iter: 13| Accuracy: 1.0 | Loss: 0.1311251216326425
INFO:root:Iter: 14| Accuracy: 1.0 | Loss: 0.08386813863452831
INFO:root:Iter: 15| Accuracy: 0.6 | Loss: 0.18437027636315467
INFO:root:Iter: 16| Accuracy: 1.0 | Loss: 0.08983866079712524
INFO:root:Iter: 17| Accuracy: 1.0 | Loss: 0.07413626712830845
INFO:root:Iter: 18| Accuracy: 0.8 | Loss: 0.12059990724503673
INFO:root:Iter: 19| Accuracy: 1.0 | Loss: 0.17114486432700296
INFO:root:Iter: 20| Accuracy: 0.8 | Loss: 0.1432807853258193
INFO:root:epoch 7 : Training Accuracy 0.88 , Loss 0.13474202475311486, Time 0.6274039467175802 minutes, Validation Accuracy 0.91
INFO:root:start epoch 8
INFO:root:Iter: 1| Accuracy: 1.0 | Loss: 0.14323822260507407
INFO:root:Iter: 2| Accuracy: 1.0 | Loss: 0.07514294051854395
INFO:root:Iter: 3| Accuracy: 1.0 | Loss: 0.123066224800679
INFO:root:Iter: 4| Accuracy: 1.0 | Loss: 0.08754570241306334
INFO:root:Iter: 5| Accuracy: 0.8 | Loss: 0.15733899450273936
INFO:root:Iter: 6| Accuracy: 1.0 | Loss: 0.0673466972345199
INFO:root:Iter: 7| Accuracy: 0.8 | Loss: 0.1442427562751664
INFO:root:Iter: 8| Accuracy: 0.6 | Loss: 0.16835281229925972
INFO:root:Iter: 9| Accuracy: 1.0 | Loss: 0.11404753919988848
INFO:root:Iter: 10| Accuracy: 0.8 | Loss: 0.24919999934807507
INFO:root:Iter: 11| Accuracy: 0.8 | Loss: 0.11208232513376826
INFO:root:Iter: 12| Accuracy: 0.6 | Loss: 0.23421888307272867
INFO:root:Iter: 13| Accuracy: 0.8 | Loss: 0.13636385955781055
INFO:root:Iter: 14| Accuracy: 1.0 | Loss: 0.12818563533241695
INFO:root:Iter: 15| Accuracy: 0.8 | Loss: 0.14896108597266627
INFO:root:Iter: 16| Accuracy: 1.0 | Loss: 0.14093467693130698
INFO:root:Iter: 17| Accuracy: 1.0 | Loss: 0.07139105951260542
INFO:root:Iter: 18| Accuracy: 0.8 | Loss: 0.15317635960621456
INFO:root:Iter: 19| Accuracy: 1.0 | Loss: 0.08111130569960143
INFO:root:Iter: 20| Accuracy: 0.8 | Loss: 0.1272269514660128
INFO:root:epoch 8 : Training Accuracy 0.88 , Loss 0.12897122684286083, Time 0.6197553475697836 minutes, Validation Accuracy 0.94
INFO:root:start epoch 9
INFO:root:Iter: 1| Accuracy: 0.8 | Loss: 0.19557442928638674
INFO:root:Iter: 2| Accuracy: 1.0 | Loss: 0.10247285104995155
INFO:root:Iter: 3| Accuracy: 1.0 | Loss: 0.09126409006382498
INFO:root:Iter: 4| Accuracy: 0.8 | Loss: 0.1505447548507213
INFO:root:Iter: 5| Accuracy: 0.6 | Loss: 0.15604704911345177
INFO:root:Iter: 6| Accuracy: 0.8 | Loss: 0.16838987657736953
INFO:root:Iter: 7| Accuracy: 1.0 | Loss: 0.08906262324732005
INFO:root:Iter: 8| Accuracy: 1.0 | Loss: 0.12579819994089528
INFO:root:Iter: 9| Accuracy: 0.8 | Loss: 0.16251684264240948
INFO:root:Iter: 10| Accuracy: 1.0 | Loss: 0.10336052855550079
INFO:root:Iter: 11| Accuracy: 1.0 | Loss: 0.0698153305446809
INFO:root:Iter: 12| Accuracy: 0.8 | Loss: 0.1602362591565916
INFO:root:Iter: 13| Accuracy: 1.0 | Loss: 0.1303926228820818
INFO:root:Iter: 14| Accuracy: 1.0 | Loss: 0.09716865965122179
INFO:root:Iter: 15| Accuracy: 0.8 | Loss: 0.1339105158790705
INFO:root:Iter: 16| Accuracy: 0.8 | Loss: 0.13201691375575217
INFO:root:Iter: 17| Accuracy: 0.8 | Loss: 0.1384153917537322
INFO:root:Iter: 18| Accuracy: 1.0 | Loss: 0.08758061840496671
INFO:root:Iter: 19| Accuracy: 1.0 | Loss: 0.10915770369440617
INFO:root:Iter: 20| Accuracy: 0.8 | Loss: 0.14925714254591513
INFO:root:epoch 9 : Training Accuracy 0.89 , Loss 0.12449758327809335, Time 0.6178296605745951 minutes, Validation Accuracy 0.99
INFO:root:start epoch 10
INFO:root:Iter: 1| Accuracy: 1.0 | Loss: 0.12265086463876791
INFO:root:Iter: 2| Accuracy: 1.0 | Loss: 0.10026248380982036
INFO:root:Iter: 3| Accuracy: 0.8 | Loss: 0.1509872400009022
INFO:root:Iter: 4| Accuracy: 0.8 | Loss: 0.1359114837799455
INFO:root:Iter: 5| Accuracy: 0.6 | Loss: 0.21611636562260203
INFO:root:Iter: 6| Accuracy: 1.0 | Loss: 0.07596707014575976
INFO:root:Iter: 7| Accuracy: 0.6 | Loss: 0.173345934035852
INFO:root:Iter: 8| Accuracy: 1.0 | Loss: 0.11574829997486072
INFO:root:Iter: 9| Accuracy: 1.0 | Loss: 0.10966947922200539
INFO:root:Iter: 10| Accuracy: 1.0 | Loss: 0.10702591978277735
INFO:root:Iter: 11| Accuracy: 1.0 | Loss: 0.11961999996218069
INFO:root:Iter: 12| Accuracy: 1.0 | Loss: 0.14714160503761647
INFO:root:Iter: 13| Accuracy: 1.0 | Loss: 0.11879398696409202
INFO:root:Iter: 14| Accuracy: 1.0 | Loss: 0.09922315818549918
INFO:root:Iter: 15| Accuracy: 0.8 | Loss: 0.1999386144572158
INFO:root:Iter: 16| Accuracy: 1.0 | Loss: 0.047089431279000935
INFO:root:Iter: 17| Accuracy: 0.8 | Loss: 0.14142462808777068
INFO:root:Iter: 18| Accuracy: 1.0 | Loss: 0.10986185431844664
INFO:root:Iter: 19| Accuracy: 0.8 | Loss: 0.12425706150258979
INFO:root:Iter: 20| Accuracy: 1.0 | Loss: 0.07989733425400589
INFO:root:epoch 10 : Training Accuracy 0.91 , Loss 0.12508861800047735, Time 0.6198934674263 minutes, Validation Accuracy 0.99
INFO:root:start epoch 11
INFO:root:Iter: 1| Accuracy: 1.0 | Loss: 0.14897963532551078
INFO:root:Iter: 2| Accuracy: 1.0 | Loss: 0.14821571628663724
INFO:root:Iter: 3| Accuracy: 1.0 | Loss: 0.08175713034959062
INFO:root:Iter: 4| Accuracy: 0.8 | Loss: 0.1359131644266479
INFO:root:Iter: 5| Accuracy: 1.0 | Loss: 0.078889983760247
INFO:root:Iter: 6| Accuracy: 1.0 | Loss: 0.08571775380749982
INFO:root:Iter: 7| Accuracy: 0.6 | Loss: 0.17135032750280085
INFO:root:Iter: 8| Accuracy: 0.8 | Loss: 0.09232179692022455
INFO:root:Iter: 9| Accuracy: 1.0 | Loss: 0.11779719624141664
INFO:root:Iter: 10| Accuracy: 1.0 | Loss: 0.1257598440814367
INFO:root:Iter: 11| Accuracy: 1.0 | Loss: 0.12616801933901423
INFO:root:Iter: 12| Accuracy: 0.8 | Loss: 0.14841402530320477
INFO:root:Iter: 13| Accuracy: 0.8 | Loss: 0.08958896287405978
INFO:root:Iter: 14| Accuracy: 1.0 | Loss: 0.13924318773977715
INFO:root:Iter: 15| Accuracy: 1.0 | Loss: 0.07982327355808774
INFO:root:Iter: 16| Accuracy: 0.8 | Loss: 0.19343074774675262
INFO:root:Iter: 17| Accuracy: 1.0 | Loss: 0.1002763082984284
INFO:root:Iter: 18| Accuracy: 0.6 | Loss: 0.16057595789236673
INFO:root:Iter: 19| Accuracy: 0.6 | Loss: 0.17053811973156352
INFO:root:Iter: 20| Accuracy: 0.8 | Loss: 0.1997437180925211
INFO:root:epoch 11 : Training Accuracy 0.88 , Loss 0.12843274318505474, Time 0.6184090574582418 minutes, Validation Accuracy 0.96
INFO:root:start epoch 12
INFO:root:Iter: 1| Accuracy: 0.8 | Loss: 0.13339679972036525
INFO:root:Iter: 2| Accuracy: 1.0 | Loss: 0.1397806009720441
INFO:root:Iter: 3| Accuracy: 1.0 | Loss: 0.06740324276695091
INFO:root:Iter: 4| Accuracy: 0.8 | Loss: 0.14923648057550518
INFO:root:Iter: 5| Accuracy: 0.8 | Loss: 0.11559161522273635
INFO:root:Iter: 6| Accuracy: 0.8 | Loss: 0.16185495244565964
INFO:root:Iter: 7| Accuracy: 1.0 | Loss: 0.12294907392051346
INFO:root:Iter: 8| Accuracy: 0.6 | Loss: 0.21118646980326963
INFO:root:Iter: 9| Accuracy: 1.0 | Loss: 0.10113832496633157
INFO:root:Iter: 10| Accuracy: 1.0 | Loss: 0.08239611748696794
INFO:root:Iter: 11| Accuracy: 1.0 | Loss: 0.08982457288285485
INFO:root:Iter: 12| Accuracy: 1.0 | Loss: 0.14138195114223634
INFO:root:Iter: 13| Accuracy: 1.0 | Loss: 0.0684435429867261
INFO:root:Iter: 14| Accuracy: 1.0 | Loss: 0.06429905632214736
INFO:root:Iter: 15| Accuracy: 1.0 | Loss: 0.10650630571612867
INFO:root:Iter: 16| Accuracy: 0.8 | Loss: 0.08808922265576317
INFO:root:Iter: 17| Accuracy: 0.8 | Loss: 0.11231087544210556
INFO:root:Iter: 18| Accuracy: 1.0 | Loss: 0.1485209932935097
INFO:root:Iter: 19| Accuracy: 1.0 | Loss: 0.11120468777634052
INFO:root:Iter: 20| Accuracy: 0.8 | Loss: 0.19033835248072503
INFO:root:epoch 12 : Training Accuracy 0.91 , Loss 0.12172938720154719, Time 0.61922634045283 minutes, Validation Accuracy 0.97
INFO:root:start epoch 13
INFO:root:Iter: 1| Accuracy: 1.0 | Loss: 0.0706770729795024
INFO:root:Iter: 2| Accuracy: 0.8 | Loss: 0.17096322985417006
INFO:root:Iter: 3| Accuracy: 1.0 | Loss: 0.1356399497534977
INFO:root:Iter: 4| Accuracy: 0.8 | Loss: 0.17608714013004917
INFO:root:Iter: 5| Accuracy: 1.0 | Loss: 0.10461073220490302
INFO:root:Iter: 6| Accuracy: 1.0 | Loss: 0.08201059873427838
INFO:root:Iter: 7| Accuracy: 1.0 | Loss: 0.13886978480350176
INFO:root:Iter: 8| Accuracy: 1.0 | Loss: 0.09706465400823565
INFO:root:Iter: 9| Accuracy: 0.8 | Loss: 0.12185608191055927
INFO:root:Iter: 10| Accuracy: 1.0 | Loss: 0.11856572625879339
INFO:root:Iter: 11| Accuracy: 0.8 | Loss: 0.1552817950681719
INFO:root:Iter: 12| Accuracy: 0.8 | Loss: 0.11883600389055413
INFO:root:Iter: 13| Accuracy: 1.0 | Loss: 0.15035886867405435
INFO:root:Iter: 14| Accuracy: 1.0 | Loss: 0.0873199112295167
INFO:root:Iter: 15| Accuracy: 0.8 | Loss: 0.11753441081744789
INFO:root:Iter: 16| Accuracy: 1.0 | Loss: 0.0626267645027003
INFO:root:Iter: 17| Accuracy: 1.0 | Loss: 0.0856986969511231
INFO:root:Iter: 18| Accuracy: 1.0 | Loss: 0.1220981724680521
INFO:root:Iter: 19| Accuracy: 1.0 | Loss: 0.1683759849992042
INFO:root:Iter: 20| Accuracy: 0.8 | Loss: 0.13164538896359707
INFO:root:epoch 13 : Training Accuracy 0.93 , Loss 0.11843739447512316, Time 0.6236940503120423 minutes, Validation Accuracy 0.96
INFO:root:start epoch 14
INFO:root:Iter: 1| Accuracy: 1.0 | Loss: 0.0832129941075896
INFO:root:Iter: 2| Accuracy: 1.0 | Loss: 0.05844036389554608
INFO:root:Iter: 3| Accuracy: 1.0 | Loss: 0.13545041152289267
INFO:root:Iter: 4| Accuracy: 1.0 | Loss: 0.11881539722414125
INFO:root:Iter: 5| Accuracy: 0.8 | Loss: 0.16066374396139077
INFO:root:Iter: 6| Accuracy: 0.8 | Loss: 0.10999728989907194
INFO:root:Iter: 7| Accuracy: 0.6 | Loss: 0.1895397025197027
INFO:root:Iter: 8| Accuracy: 0.6 | Loss: 0.2774349377909601
INFO:root:Iter: 9| Accuracy: 1.0 | Loss: 0.10892097367018434
INFO:root:Iter: 10| Accuracy: 1.0 | Loss: 0.1348398269628853
INFO:root:Iter: 11| Accuracy: 1.0 | Loss: 0.08001679484735122
INFO:root:Iter: 12| Accuracy: 1.0 | Loss: 0.052262338309047286
INFO:root:Iter: 13| Accuracy: 1.0 | Loss: 0.06483893842071983
INFO:root:Iter: 14| Accuracy: 1.0 | Loss: 0.09846885498160658
INFO:root:Iter: 15| Accuracy: 1.0 | Loss: 0.14117577310913715
INFO:root:Iter: 16| Accuracy: 1.0 | Loss: 0.11182963817713105
INFO:root:Iter: 17| Accuracy: 0.6 | Loss: 0.19012532046122482
INFO:root:Iter: 18| Accuracy: 1.0 | Loss: 0.08985249547415178
INFO:root:Iter: 19| Accuracy: 1.0 | Loss: 0.11302606681393339
INFO:root:Iter: 20| Accuracy: 1.0 | Loss: 0.05446150251048796
INFO:root:epoch 14 : Training Accuracy 0.92 , Loss 0.11761903779922436, Time 0.6187831322352092 minutes, Validation Accuracy 0.98
INFO:root:start epoch 15
INFO:root:Iter: 1| Accuracy: 0.8 | Loss: 0.14275705935236088
INFO:root:Iter: 2| Accuracy: 1.0 | Loss: 0.04941934733671095
INFO:root:Iter: 3| Accuracy: 1.0 | Loss: 0.11876657359108836
INFO:root:Iter: 4| Accuracy: 0.8 | Loss: 0.12008694404936415
INFO:root:Iter: 5| Accuracy: 0.8 | Loss: 0.14194707680345736
INFO:root:Iter: 6| Accuracy: 1.0 | Loss: 0.11117795073692893
INFO:root:Iter: 7| Accuracy: 1.0 | Loss: 0.11353503636902876
INFO:root:Iter: 8| Accuracy: 0.8 | Loss: 0.14148876521575943
INFO:root:Iter: 9| Accuracy: 1.0 | Loss: 0.08717973571922692
INFO:root:Iter: 10| Accuracy: 0.8 | Loss: 0.13777080407549555
INFO:root:Iter: 11| Accuracy: 1.0 | Loss: 0.10609860406683261
INFO:root:Iter: 12| Accuracy: 0.8 | Loss: 0.16111318219671772
INFO:root:Iter: 13| Accuracy: 0.8 | Loss: 0.15064308035369006
INFO:root:Iter: 14| Accuracy: 1.0 | Loss: 0.1381352171471727
INFO:root:Iter: 15| Accuracy: 1.0 | Loss: 0.09993936081603519
INFO:root:Iter: 16| Accuracy: 1.0 | Loss: 0.09269856251942456
INFO:root:Iter: 17| Accuracy: 1.0 | Loss: 0.05663524931486461
INFO:root:Iter: 18| Accuracy: 1.0 | Loss: 0.09995163190604212
INFO:root:Iter: 19| Accuracy: 0.8 | Loss: 0.21278337195809768
INFO:root:Iter: 20| Accuracy: 1.0 | Loss: 0.11629502200469839
INFO:root:epoch 15 : Training Accuracy 0.92 , Loss 0.11840851064973063, Time 0.6228047768274944 minutes, Validation Accuracy 0.99
INFO:root:start epoch 16
INFO:root:Iter: 1| Accuracy: 0.8 | Loss: 0.18344892377527094
INFO:root:Iter: 2| Accuracy: 1.0 | Loss: 0.09147792530432883
INFO:root:Iter: 3| Accuracy: 1.0 | Loss: 0.07674918884250083
INFO:root:Iter: 4| Accuracy: 0.8 | Loss: 0.1719748881861368
INFO:root:Iter: 5| Accuracy: 1.0 | Loss: 0.11502872073680478
INFO:root:Iter: 6| Accuracy: 1.0 | Loss: 0.12880714309983315
INFO:root:Iter: 7| Accuracy: 1.0 | Loss: 0.10406336731155563
INFO:root:Iter: 8| Accuracy: 1.0 | Loss: 0.06818791651409775
INFO:root:Iter: 9| Accuracy: 0.6 | Loss: 0.15747502798416643
INFO:root:Iter: 10| Accuracy: 0.8 | Loss: 0.13302035797272138
INFO:root:Iter: 11| Accuracy: 0.8 | Loss: 0.15122555450630432
INFO:root:Iter: 12| Accuracy: 1.0 | Loss: 0.08079247479176072
INFO:root:Iter: 13| Accuracy: 1.0 | Loss: 0.07469973656295084
INFO:root:Iter: 14| Accuracy: 1.0 | Loss: 0.06060167737082178
INFO:root:Iter: 15| Accuracy: 1.0 | Loss: 0.12644151152649682
INFO:root:Iter: 16| Accuracy: 0.8 | Loss: 0.15535207865651396
INFO:root:Iter: 17| Accuracy: 1.0 | Loss: 0.11579046289768584
INFO:root:Iter: 18| Accuracy: 0.8 | Loss: 0.16383419814388
INFO:root:Iter: 19| Accuracy: 1.0 | Loss: 0.1211127477735046
INFO:root:Iter: 20| Accuracy: 1.0 | Loss: 0.08379407030525311
INFO:root:epoch 16 : Training Accuracy 0.92 , Loss 0.11665961372427258, Time 0.6184327363967895 minutes, Validation Accuracy 0.99
INFO:root:start epoch 17
INFO:root:Iter: 1| Accuracy: 1.0 | Loss: 0.11783353215416854
INFO:root:Iter: 2| Accuracy: 1.0 | Loss: 0.08841251805181265
INFO:root:Iter: 3| Accuracy: 0.8 | Loss: 0.10631357402391695
INFO:root:Iter: 4| Accuracy: 1.0 | Loss: 0.1397461083731815
INFO:root:Iter: 5| Accuracy: 0.8 | Loss: 0.15097445683101493
INFO:root:Iter: 6| Accuracy: 1.0 | Loss: 0.08616170949935129
INFO:root:Iter: 7| Accuracy: 1.0 | Loss: 0.10834010780661467
INFO:root:Iter: 8| Accuracy: 0.8 | Loss: 0.1441218756830867
INFO:root:Iter: 9| Accuracy: 1.0 | Loss: 0.10671860775080502
INFO:root:Iter: 10| Accuracy: 1.0 | Loss: 0.10612823758661731
INFO:root:Iter: 11| Accuracy: 0.8 | Loss: 0.1016677356106204
INFO:root:Iter: 12| Accuracy: 0.8 | Loss: 0.1588370728814395
INFO:root:Iter: 13| Accuracy: 0.8 | Loss: 0.13868358933431296
INFO:root:Iter: 14| Accuracy: 1.0 | Loss: 0.10676142319236645
INFO:root:Iter: 15| Accuracy: 1.0 | Loss: 0.1311047301954243
INFO:root:Iter: 16| Accuracy: 0.8 | Loss: 0.1665013422298934
INFO:root:Iter: 17| Accuracy: 1.0 | Loss: 0.06362498601149545
INFO:root:Iter: 18| Accuracy: 1.0 | Loss: 0.08557851843257748
INFO:root:Iter: 19| Accuracy: 1.0 | Loss: 0.12506457344123087
INFO:root:Iter: 20| Accuracy: 1.0 | Loss: 0.11060145071490309
INFO:root:epoch 17 : Training Accuracy 0.93 , Loss 0.11465719353905846, Time 0.6187963525454203 minutes, Validation Accuracy 0.98
INFO:root:start epoch 18
INFO:root:Iter: 1| Accuracy: 0.8 | Loss: 0.15488357389445206
INFO:root:Iter: 2| Accuracy: 0.8 | Loss: 0.17813554964491923
INFO:root:Iter: 3| Accuracy: 0.8 | Loss: 0.2040636110059999
INFO:root:Iter: 4| Accuracy: 1.0 | Loss: 0.1301563239655155
INFO:root:Iter: 5| Accuracy: 1.0 | Loss: 0.08194349236430003
INFO:root:Iter: 6| Accuracy: 1.0 | Loss: 0.06261483935811758
INFO:root:Iter: 7| Accuracy: 1.0 | Loss: 0.08861151721207647
INFO:root:Iter: 8| Accuracy: 1.0 | Loss: 0.1450307660505184
INFO:root:Iter: 9| Accuracy: 1.0 | Loss: 0.09392195583602614
INFO:root:Iter: 10| Accuracy: 0.6 | Loss: 0.15693362290224785
INFO:root:Iter: 11| Accuracy: 0.8 | Loss: 0.097024513868227
INFO:root:Iter: 12| Accuracy: 1.0 | Loss: 0.1348434380875553
INFO:root:Iter: 13| Accuracy: 1.0 | Loss: 0.09021240179110869
INFO:root:Iter: 14| Accuracy: 1.0 | Loss: 0.0517101848861532
INFO:root:Iter: 15| Accuracy: 1.0 | Loss: 0.07804491971746866
INFO:root:Iter: 16| Accuracy: 1.0 | Loss: 0.11759247184238646
INFO:root:Iter: 17| Accuracy: 1.0 | Loss: 0.0662279608100026
INFO:root:Iter: 18| Accuracy: 1.0 | Loss: 0.11353340692698843
INFO:root:Iter: 19| Accuracy: 1.0 | Loss: 0.08038797700689918
INFO:root:Iter: 20| Accuracy: 0.8 | Loss: 0.15078742270556095
INFO:root:epoch 18 : Training Accuracy 0.93 , Loss 0.11267620745533267, Time 0.6185574730237325 minutes, Validation Accuracy 0.99
INFO:root:start epoch 19
INFO:root:Iter: 1| Accuracy: 0.8 | Loss: 0.1041125140991924
INFO:root:Iter: 2| Accuracy: 0.8 | Loss: 0.1332888017574071
INFO:root:Iter: 3| Accuracy: 1.0 | Loss: 0.09599812322296189
INFO:root:Iter: 4| Accuracy: 0.8 | Loss: 0.13599899094221188
INFO:root:Iter: 5| Accuracy: 1.0 | Loss: 0.10936220590213526
INFO:root:Iter: 6| Accuracy: 1.0 | Loss: 0.06592346181845903
INFO:root:Iter: 7| Accuracy: 0.8 | Loss: 0.14663730053481377
INFO:root:Iter: 8| Accuracy: 1.0 | Loss: 0.17075895507119765
INFO:root:Iter: 9| Accuracy: 0.8 | Loss: 0.09253614112829048
INFO:root:Iter: 10| Accuracy: 1.0 | Loss: 0.10903366069279061
INFO:root:Iter: 11| Accuracy: 0.8 | Loss: 0.23708162190440274
INFO:root:Iter: 12| Accuracy: 1.0 | Loss: 0.11136120099461624
INFO:root:Iter: 13| Accuracy: 1.0 | Loss: 0.04799707618152181
INFO:root:Iter: 14| Accuracy: 1.0 | Loss: 0.07205317643376503
INFO:root:Iter: 15| Accuracy: 0.8 | Loss: 0.13315174296738885
INFO:root:Iter: 16| Accuracy: 1.0 | Loss: 0.10081443508342355
INFO:root:Iter: 17| Accuracy: 1.0 | Loss: 0.09104966324743066
INFO:root:Iter: 18| Accuracy: 1.0 | Loss: 0.13220242161524348
INFO:root:Iter: 19| Accuracy: 1.0 | Loss: 0.11083469422914363
INFO:root:Iter: 20| Accuracy: 1.0 | Loss: 0.07837389624146436
INFO:root:epoch 19 : Training Accuracy 0.93 , Loss 0.11371569822878869, Time 0.6188287218411763 minutes, Validation Accuracy 1.0
INFO:root:start epoch 20
INFO:root:Iter: 1| Accuracy: 1.0 | Loss: 0.08842499222068453
INFO:root:Iter: 2| Accuracy: 0.8 | Loss: 0.18369899325648195
INFO:root:Iter: 3| Accuracy: 1.0 | Loss: 0.1181433243816736
INFO:root:Iter: 4| Accuracy: 0.6 | Loss: 0.16232188442266834
INFO:root:Iter: 5| Accuracy: 1.0 | Loss: 0.10860497143490559
INFO:root:Iter: 6| Accuracy: 1.0 | Loss: 0.10002239424778166
INFO:root:Iter: 7| Accuracy: 1.0 | Loss: 0.07965063652601459
INFO:root:Iter: 8| Accuracy: 0.6 | Loss: 0.20897691184830794
INFO:root:Iter: 9| Accuracy: 1.0 | Loss: 0.11941141377573461
INFO:root:Iter: 10| Accuracy: 0.8 | Loss: 0.12370683521319595
INFO:root:Iter: 11| Accuracy: 0.4 | Loss: 0.2275058294652652
INFO:root:Iter: 12| Accuracy: 0.8 | Loss: 0.11603083096803113
INFO:root:Iter: 13| Accuracy: 1.0 | Loss: 0.10846280074884995
INFO:root:Iter: 14| Accuracy: 1.0 | Loss: 0.05721366697476794
INFO:root:Iter: 15| Accuracy: 1.0 | Loss: 0.08568858276352402
INFO:root:Iter: 16| Accuracy: 0.8 | Loss: 0.15625608536318053
INFO:root:Iter: 17| Accuracy: 1.0 | Loss: 0.07928711028623056
INFO:root:Iter: 18| Accuracy: 1.0 | Loss: 0.10888623404649074
INFO:root:Iter: 19| Accuracy: 1.0 | Loss: 0.0839355803378996
INFO:root:Iter: 20| Accuracy: 1.0 | Loss: 0.06948100837910047
INFO:root:epoch 20 : Training Accuracy 0.89 , Loss 0.11414350131988084, Time 0.6200089891751607 minutes, Validation Accuracy 1.0
INFO:root:start epoch 21
INFO:root:Iter: 1| Accuracy: 0.8 | Loss: 0.0986090005852599
INFO:root:Iter: 2| Accuracy: 1.0 | Loss: 0.09672400858655958
INFO:root:Iter: 3| Accuracy: 1.0 | Loss: 0.09709087744528097
INFO:root:Iter: 4| Accuracy: 1.0 | Loss: 0.11511820941174138
INFO:root:Iter: 5| Accuracy: 1.0 | Loss: 0.11796380824827671
INFO:root:Iter: 6| Accuracy: 0.8 | Loss: 0.16624089137875342
INFO:root:Iter: 7| Accuracy: 1.0 | Loss: 0.06495639844695132
INFO:root:Iter: 8| Accuracy: 0.8 | Loss: 0.13331632452750491
INFO:root:Iter: 9| Accuracy: 0.6 | Loss: 0.15171835508040843
INFO:root:Iter: 10| Accuracy: 1.0 | Loss: 0.09882574645843062
INFO:root:Iter: 11| Accuracy: 0.6 | Loss: 0.18237071243521596
INFO:root:Iter: 12| Accuracy: 1.0 | Loss: 0.12996976024083057
INFO:root:Iter: 13| Accuracy: 1.0 | Loss: 0.1044061070677567
INFO:root:Iter: 14| Accuracy: 1.0 | Loss: 0.11341856053117513
INFO:root:Iter: 15| Accuracy: 1.0 | Loss: 0.09667712221501198
INFO:root:Iter: 16| Accuracy: 1.0 | Loss: 0.06038371273216967
INFO:root:Iter: 17| Accuracy: 1.0 | Loss: 0.08597133409661335
INFO:root:Iter: 18| Accuracy: 1.0 | Loss: 0.1050280128960706
INFO:root:Iter: 19| Accuracy: 0.8 | Loss: 0.1385956191205019
INFO:root:Iter: 20| Accuracy: 0.8 | Loss: 0.13983447649710043
INFO:root:epoch 21 : Training Accuracy 0.91 , Loss 0.11134593099133905, Time 0.6238088051478068 minutes, Validation Accuracy 1.0
INFO:root:start epoch 22
INFO:root:Iter: 1| Accuracy: 0.8 | Loss: 0.17033874754732872
INFO:root:Iter: 2| Accuracy: 1.0 | Loss: 0.04280740736548545
INFO:root:Iter: 3| Accuracy: 0.8 | Loss: 0.14638993413660512
INFO:root:Iter: 4| Accuracy: 0.8 | Loss: 0.10500871634880089
INFO:root:Iter: 5| Accuracy: 1.0 | Loss: 0.10300391544251948
INFO:root:Iter: 6| Accuracy: 1.0 | Loss: 0.1080274452697981
INFO:root:Iter: 7| Accuracy: 1.0 | Loss: 0.12500780832969902
INFO:root:Iter: 8| Accuracy: 0.8 | Loss: 0.16008482018578804
INFO:root:Iter: 9| Accuracy: 0.8 | Loss: 0.10355419201070364
INFO:root:Iter: 10| Accuracy: 1.0 | Loss: 0.09974153867894835
INFO:root:Iter: 11| Accuracy: 1.0 | Loss: 0.09869703897263135
INFO:root:Iter: 12| Accuracy: 1.0 | Loss: 0.06278736042681232
INFO:root:Iter: 13| Accuracy: 1.0 | Loss: 0.10554326112692203
INFO:root:Iter: 14| Accuracy: 0.8 | Loss: 0.09741960149778776
INFO:root:Iter: 15| Accuracy: 1.0 | Loss: 0.1253519471673909
INFO:root:Iter: 16| Accuracy: 1.0 | Loss: 0.13588755622160284
INFO:root:Iter: 17| Accuracy: 1.0 | Loss: 0.0902348304640117
INFO:root:Iter: 18| Accuracy: 1.0 | Loss: 0.09732164329760092
INFO:root:Iter: 19| Accuracy: 0.8 | Loss: 0.17773782111180295
INFO:root:Iter: 20| Accuracy: 0.8 | Loss: 0.1316262423268353
INFO:root:epoch 22 : Training Accuracy 0.92 , Loss 0.11222397167975835, Time 0.61854567527771 minutes, Validation Accuracy 0.99
INFO:root:start epoch 23
INFO:root:Iter: 1| Accuracy: 0.8 | Loss: 0.1874098853069774
INFO:root:Iter: 2| Accuracy: 0.8 | Loss: 0.09454299845986432
INFO:root:Iter: 3| Accuracy: 1.0 | Loss: 0.030301121192567764
INFO:root:Iter: 4| Accuracy: 1.0 | Loss: 0.11827782166689202
INFO:root:Iter: 5| Accuracy: 1.0 | Loss: 0.11930649918512604
INFO:root:Iter: 6| Accuracy: 0.8 | Loss: 0.09798900190834053
INFO:root:Iter: 7| Accuracy: 0.8 | Loss: 0.12968912313472467
INFO:root:Iter: 8| Accuracy: 0.8 | Loss: 0.13947003595288415
INFO:root:Iter: 9| Accuracy: 1.0 | Loss: 0.0932960252823196
INFO:root:Iter: 10| Accuracy: 0.6 | Loss: 0.16900823591190403
INFO:root:Iter: 11| Accuracy: 0.8 | Loss: 0.13287378694045032
INFO:root:Iter: 12| Accuracy: 1.0 | Loss: 0.13143349053641326
INFO:root:Iter: 13| Accuracy: 1.0 | Loss: 0.095770056561965
INFO:root:Iter: 14| Accuracy: 1.0 | Loss: 0.11751589167964926
INFO:root:Iter: 15| Accuracy: 1.0 | Loss: 0.06155385054179967
INFO:root:Iter: 16| Accuracy: 1.0 | Loss: 0.12562444613556217
INFO:root:Iter: 17| Accuracy: 1.0 | Loss: 0.12513299305693731
INFO:root:Iter: 18| Accuracy: 1.0 | Loss: 0.05513032006618659
INFO:root:Iter: 19| Accuracy: 1.0 | Loss: 0.13695076823493152
INFO:root:Iter: 20| Accuracy: 0.8 | Loss: 0.11264484703862829
INFO:root:epoch 23 : Training Accuracy 0.91 , Loss 0.11220384193434611, Time 0.6177059491475423 minutes, Validation Accuracy 0.98
INFO:root:start epoch 24
INFO:root:Iter: 1| Accuracy: 0.8 | Loss: 0.14285454558111513
INFO:root:Iter: 2| Accuracy: 1.0 | Loss: 0.09435642148357781
INFO:root:Iter: 3| Accuracy: 1.0 | Loss: 0.09085511333670185
INFO:root:Iter: 4| Accuracy: 1.0 | Loss: 0.06587988834361082
INFO:root:Iter: 5| Accuracy: 1.0 | Loss: 0.06541986974795447
INFO:root:Iter: 6| Accuracy: 1.0 | Loss: 0.12559084723684033
INFO:root:Iter: 7| Accuracy: 0.6 | Loss: 0.19534697159719355
INFO:root:Iter: 8| Accuracy: 1.0 | Loss: 0.13543801073917247
INFO:root:Iter: 9| Accuracy: 1.0 | Loss: 0.12342902401329876
INFO:root:Iter: 10| Accuracy: 1.0 | Loss: 0.0826724137142765
INFO:root:Iter: 11| Accuracy: 1.0 | Loss: 0.0812249744307192
INFO:root:Iter: 12| Accuracy: 1.0 | Loss: 0.12091963682768318
INFO:root:Iter: 13| Accuracy: 1.0 | Loss: 0.15327058581496994
INFO:root:Iter: 14| Accuracy: 0.8 | Loss: 0.15713012397285334
INFO:root:Iter: 15| Accuracy: 0.8 | Loss: 0.15634705370205446
INFO:root:Iter: 16| Accuracy: 1.0 | Loss: 0.10756435184468871
INFO:root:Iter: 17| Accuracy: 1.0 | Loss: 0.08540367984517303
INFO:root:Iter: 18| Accuracy: 1.0 | Loss: 0.06480407096296001
INFO:root:Iter: 19| Accuracy: 1.0 | Loss: 0.10279355306190882
INFO:root:Iter: 20| Accuracy: 1.0 | Loss: 0.06630116802391667
INFO:root:epoch 24 : Training Accuracy 0.95 , Loss 0.11091543707735071, Time 0.6184892574946086 minutes, Validation Accuracy 0.98
INFO:root:start epoch 25
INFO:root:Iter: 1| Accuracy: 1.0 | Loss: 0.10066048155045937
INFO:root:Iter: 2| Accuracy: 0.8 | Loss: 0.13751070272804816
INFO:root:Iter: 3| Accuracy: 1.0 | Loss: 0.07000126489965836
INFO:root:Iter: 4| Accuracy: 0.8 | Loss: 0.19711901042504948
INFO:root:Iter: 5| Accuracy: 1.0 | Loss: 0.06196717819543518
INFO:root:Iter: 6| Accuracy: 0.8 | Loss: 0.21498041287674025
INFO:root:Iter: 7| Accuracy: 1.0 | Loss: 0.06557341966525818
INFO:root:Iter: 8| Accuracy: 0.8 | Loss: 0.16131187342316985
INFO:root:Iter: 9| Accuracy: 0.8 | Loss: 0.14820673608946794
INFO:root:Iter: 10| Accuracy: 1.0 | Loss: 0.10095077703794626
INFO:root:Iter: 11| Accuracy: 1.0 | Loss: 0.07711421442232316
INFO:root:Iter: 12| Accuracy: 0.8 | Loss: 0.13480620714612193
INFO:root:Iter: 13| Accuracy: 1.0 | Loss: 0.07674019759133346
INFO:root:Iter: 14| Accuracy: 1.0 | Loss: 0.12457169931786394
INFO:root:Iter: 15| Accuracy: 1.0 | Loss: 0.06860651220466887
INFO:root:Iter: 16| Accuracy: 1.0 | Loss: 0.13002917082185925
INFO:root:Iter: 17| Accuracy: 1.0 | Loss: 0.07195260081197338
INFO:root:Iter: 18| Accuracy: 1.0 | Loss: 0.10301590224302108
INFO:root:Iter: 19| Accuracy: 1.0 | Loss: 0.05670249824067134
INFO:root:Iter: 20| Accuracy: 1.0 | Loss: 0.10601799438079469
INFO:root:epoch 25 : Training Accuracy 0.94 , Loss 0.11066152268577113, Time 0.6180508772532145 minutes, Validation Accuracy 0.99
INFO:root:start epoch 26
INFO:root:Iter: 1| Accuracy: 1.0 | Loss: 0.1936224710157654
INFO:root:Iter: 2| Accuracy: 1.0 | Loss: 0.10521148728876564
INFO:root:Iter: 3| Accuracy: 1.0 | Loss: 0.07532185610287992
INFO:root:Iter: 4| Accuracy: 0.8 | Loss: 0.145611196310512
INFO:root:Iter: 5| Accuracy: 0.8 | Loss: 0.11964880895656697
INFO:root:Iter: 6| Accuracy: 0.8 | Loss: 0.10729587812590373
INFO:root:Iter: 7| Accuracy: 1.0 | Loss: 0.15090142807606535
INFO:root:Iter: 8| Accuracy: 1.0 | Loss: 0.06113873508295538
INFO:root:Iter: 9| Accuracy: 1.0 | Loss: 0.09195808462484835
INFO:root:Iter: 10| Accuracy: 1.0 | Loss: 0.0665169235004602
INFO:root:Iter: 11| Accuracy: 0.6 | Loss: 0.21029714088078827
INFO:root:Iter: 12| Accuracy: 1.0 | Loss: 0.11028816649479678
INFO:root:Iter: 13| Accuracy: 1.0 | Loss: 0.1166094823700258
INFO:root:Iter: 14| Accuracy: 1.0 | Loss: 0.13215325303211725
INFO:root:Iter: 15| Accuracy: 1.0 | Loss: 0.11783914150496273
INFO:root:Iter: 16| Accuracy: 1.0 | Loss: 0.07407762293265086
INFO:root:Iter: 17| Accuracy: 0.8 | Loss: 0.09987169864663632
INFO:root:Iter: 18| Accuracy: 1.0 | Loss: 0.0651548220013444
INFO:root:Iter: 19| Accuracy: 1.0 | Loss: 0.12550578366437243
INFO:root:Iter: 20| Accuracy: 1.0 | Loss: 0.06735625608946663
INFO:root:epoch 26 : Training Accuracy 0.94 , Loss 0.1101645666056045, Time 0.6189909299214681 minutes, Validation Accuracy 1.0
INFO:root:start epoch 27
INFO:root:Iter: 1| Accuracy: 1.0 | Loss: 0.09563209949824618
INFO:root:Iter: 2| Accuracy: 1.0 | Loss: 0.08634612694098298
INFO:root:Iter: 3| Accuracy: 1.0 | Loss: 0.11258104317702626
INFO:root:Iter: 4| Accuracy: 1.0 | Loss: 0.09709241600764867
INFO:root:Iter: 5| Accuracy: 0.8 | Loss: 0.14254138987464637
INFO:root:Iter: 6| Accuracy: 1.0 | Loss: 0.11975064517509873
INFO:root:Iter: 7| Accuracy: 0.8 | Loss: 0.15534235424505494
INFO:root:Iter: 8| Accuracy: 0.8 | Loss: 0.146699489876376
INFO:root:Iter: 9| Accuracy: 1.0 | Loss: 0.08831426484159241
INFO:root:Iter: 10| Accuracy: 1.0 | Loss: 0.10178430143767955
INFO:root:Iter: 11| Accuracy: 1.0 | Loss: 0.08030812767625303
INFO:root:Iter: 12| Accuracy: 1.0 | Loss: 0.05465132678477323
INFO:root:Iter: 13| Accuracy: 0.6 | Loss: 0.18301783254042375
INFO:root:Iter: 14| Accuracy: 1.0 | Loss: 0.13407783456893524
INFO:root:Iter: 15| Accuracy: 1.0 | Loss: 0.0878557362813697
INFO:root:Iter: 16| Accuracy: 1.0 | Loss: 0.13945016773357796
INFO:root:Iter: 17| Accuracy: 1.0 | Loss: 0.07335262476623505
INFO:root:Iter: 18| Accuracy: 0.8 | Loss: 0.14296943022897315
INFO:root:Iter: 19| Accuracy: 1.0 | Loss: 0.08389623147514418
INFO:root:Iter: 20| Accuracy: 1.0 | Loss: 0.12395901289895166
INFO:root:epoch 27 : Training Accuracy 0.94 , Loss 0.10959671102848413, Time 0.6184202194213867 minutes, Validation Accuracy 0.99
INFO:root:start epoch 28
INFO:root:Iter: 1| Accuracy: 1.0 | Loss: 0.07733605821067027
INFO:root:Iter: 2| Accuracy: 1.0 | Loss: 0.10550305576802366
INFO:root:Iter: 3| Accuracy: 1.0 | Loss: 0.04165319760846673
INFO:root:Iter: 4| Accuracy: 1.0 | Loss: 0.11023029874426342
INFO:root:Iter: 5| Accuracy: 1.0 | Loss: 0.06862781465355428
INFO:root:Iter: 6| Accuracy: 0.8 | Loss: 0.14685766388067859
INFO:root:Iter: 7| Accuracy: 1.0 | Loss: 0.059111785307402395
INFO:root:Iter: 8| Accuracy: 1.0 | Loss: 0.08659417082780825
INFO:root:Iter: 9| Accuracy: 0.8 | Loss: 0.16925929909702728
INFO:root:Iter: 10| Accuracy: 1.0 | Loss: 0.054270227816445825
INFO:root:Iter: 11| Accuracy: 1.0 | Loss: 0.09705163105527635
INFO:root:Iter: 12| Accuracy: 0.8 | Loss: 0.1785256623350822
INFO:root:Iter: 13| Accuracy: 1.0 | Loss: 0.13257762318539137
INFO:root:Iter: 14| Accuracy: 1.0 | Loss: 0.05175265996604996
INFO:root:Iter: 15| Accuracy: 1.0 | Loss: 0.07008582719702634
INFO:root:Iter: 16| Accuracy: 0.8 | Loss: 0.1551605272921154
INFO:root:Iter: 17| Accuracy: 0.8 | Loss: 0.20910274405849716
INFO:root:Iter: 18| Accuracy: 0.8 | Loss: 0.1343468138236714
INFO:root:Iter: 19| Accuracy: 0.8 | Loss: 0.13040324487200733
INFO:root:Iter: 20| Accuracy: 0.8 | Loss: 0.1443322476902769
INFO:root:epoch 28 : Training Accuracy 0.92 , Loss 0.10952837618560907, Time 0.6180681308110555 minutes, Validation Accuracy 1.0
INFO:root:start epoch 29
INFO:root:Iter: 1| Accuracy: 1.0 | Loss: 0.06491775753194406
INFO:root:Iter: 2| Accuracy: 1.0 | Loss: 0.10964372571388872
INFO:root:Iter: 3| Accuracy: 1.0 | Loss: 0.07792714815918626
INFO:root:Iter: 4| Accuracy: 0.8 | Loss: 0.14640467931771223
INFO:root:Iter: 5| Accuracy: 1.0 | Loss: 0.11638396907362936
INFO:root:Iter: 6| Accuracy: 1.0 | Loss: 0.13035383326388628
INFO:root:Iter: 7| Accuracy: 1.0 | Loss: 0.059842059501978705
INFO:root:Iter: 8| Accuracy: 1.0 | Loss: 0.10886854328325049
INFO:root:Iter: 9| Accuracy: 0.8 | Loss: 0.16925118256453375
INFO:root:Iter: 10| Accuracy: 0.8 | Loss: 0.10705081120141632
INFO:root:Iter: 11| Accuracy: 1.0 | Loss: 0.09217814249782846
INFO:root:Iter: 12| Accuracy: 1.0 | Loss: 0.07056112038406039
INFO:root:Iter: 13| Accuracy: 0.6 | Loss: 0.13556177723552293
INFO:root:Iter: 14| Accuracy: 0.8 | Loss: 0.13781716029495517
INFO:root:Iter: 15| Accuracy: 1.0 | Loss: 0.08321897952618837
INFO:root:Iter: 16| Accuracy: 1.0 | Loss: 0.1536631332584919
INFO:root:Iter: 17| Accuracy: 1.0 | Loss: 0.10143153448162126
INFO:root:Iter: 18| Accuracy: 1.0 | Loss: 0.11167771946628664
INFO:root:Iter: 19| Accuracy: 1.0 | Loss: 0.11528511945777924
INFO:root:Iter: 20| Accuracy: 1.0 | Loss: 0.09532928118295417
INFO:root:epoch 29 : Training Accuracy 0.94 , Loss 0.1102516111805651, Time 0.6223171353340149 minutes, Validation Accuracy 1.0
INFO:root:start epoch 30
INFO:root:Iter: 1| Accuracy: 1.0 | Loss: 0.06545371005139444
INFO:root:Iter: 2| Accuracy: 0.8 | Loss: 0.1273254483063885
INFO:root:Iter: 3| Accuracy: 1.0 | Loss: 0.11064181415442494
INFO:root:Iter: 4| Accuracy: 1.0 | Loss: 0.08922276119821367
INFO:root:Iter: 5| Accuracy: 0.4 | Loss: 0.2109391511997843
INFO:root:Iter: 6| Accuracy: 1.0 | Loss: 0.11259023788475905
INFO:root:Iter: 7| Accuracy: 1.0 | Loss: 0.10869072236855284
INFO:root:Iter: 8| Accuracy: 1.0 | Loss: 0.10124653727481736
INFO:root:Iter: 9| Accuracy: 1.0 | Loss: 0.1694814414166313
INFO:root:Iter: 10| Accuracy: 1.0 | Loss: 0.1362913253223111
INFO:root:Iter: 11| Accuracy: 1.0 | Loss: 0.052251888868084295
INFO:root:Iter: 12| Accuracy: 1.0 | Loss: 0.05471632110231859
INFO:root:Iter: 13| Accuracy: 1.0 | Loss: 0.07951499357775497
INFO:root:Iter: 14| Accuracy: 1.0 | Loss: 0.09833706363837327
INFO:root:Iter: 15| Accuracy: 1.0 | Loss: 0.072031489207054
INFO:root:Iter: 16| Accuracy: 1.0 | Loss: 0.1726292121071418
INFO:root:Iter: 17| Accuracy: 0.8 | Loss: 0.11865329924492632
INFO:root:Iter: 18| Accuracy: 0.8 | Loss: 0.12030286775520085
INFO:root:Iter: 19| Accuracy: 1.0 | Loss: 0.06870473087653525
INFO:root:Iter: 20| Accuracy: 0.8 | Loss: 0.13746805551407126
INFO:root:epoch 30 : Training Accuracy 0.93 , Loss 0.10869507011863103, Time 0.6181596318880717 minutes, Validation Accuracy 0.99
INFO:root:start epoch 31
INFO:root:Iter: 1| Accuracy: 1.0 | Loss: 0.09431269339633139
INFO:root:Iter: 2| Accuracy: 0.8 | Loss: 0.16732911327581892
INFO:root:Iter: 3| Accuracy: 0.8 | Loss: 0.11585024444655197
INFO:root:Iter: 4| Accuracy: 1.0 | Loss: 0.13427376386464746
INFO:root:Iter: 5| Accuracy: 0.8 | Loss: 0.09284110594440229
INFO:root:Iter: 6| Accuracy: 1.0 | Loss: 0.124383331534173
INFO:root:Iter: 7| Accuracy: 1.0 | Loss: 0.049513313835669835
INFO:root:Iter: 8| Accuracy: 0.8 | Loss: 0.14066507777072912
INFO:root:Iter: 9| Accuracy: 1.0 | Loss: 0.10739575726285533
INFO:root:Iter: 10| Accuracy: 0.8 | Loss: 0.1538797995776647
INFO:root:Iter: 11| Accuracy: 1.0 | Loss: 0.10263921548100093
INFO:root:Iter: 12| Accuracy: 1.0 | Loss: 0.10482183896248107
INFO:root:Iter: 13| Accuracy: 1.0 | Loss: 0.08590630442059492
INFO:root:Iter: 14| Accuracy: 0.8 | Loss: 0.1727158815041201
INFO:root:Iter: 15| Accuracy: 1.0 | Loss: 0.03706233952292369
INFO:root:Iter: 16| Accuracy: 1.0 | Loss: 0.08400227833215675
INFO:root:Iter: 17| Accuracy: 1.0 | Loss: 0.08478679169446585
INFO:root:Iter: 18| Accuracy: 1.0 | Loss: 0.052522886024569004
INFO:root:Iter: 19| Accuracy: 1.0 | Loss: 0.12644331508142764
INFO:root:Iter: 20| Accuracy: 0.8 | Loss: 0.13847928466923085
INFO:root:epoch 31 : Training Accuracy 0.93 , Loss 0.10847041332280752, Time 0.6184492905934652 minutes, Validation Accuracy 0.98
INFO:root:start epoch 32
INFO:root:Iter: 1| Accuracy: 1.0 | Loss: 0.14085167332650667
INFO:root:Iter: 2| Accuracy: 1.0 | Loss: 0.1751334555009582
INFO:root:Iter: 3| Accuracy: 1.0 | Loss: 0.09909642373350239
INFO:root:Iter: 4| Accuracy: 1.0 | Loss: 0.07023956888301208
INFO:root:Iter: 5| Accuracy: 0.8 | Loss: 0.08645810561083037
INFO:root:Iter: 6| Accuracy: 0.8 | Loss: 0.17476681309468328
INFO:root:Iter: 7| Accuracy: 1.0 | Loss: 0.08396358648450615
INFO:root:Iter: 8| Accuracy: 1.0 | Loss: 0.1126149098266133
INFO:root:Iter: 9| Accuracy: 0.8 | Loss: 0.09653393987251628
INFO:root:Iter: 10| Accuracy: 1.0 | Loss: 0.12340203308371563
INFO:root:Iter: 11| Accuracy: 0.8 | Loss: 0.0888036058088208
INFO:root:Iter: 12| Accuracy: 1.0 | Loss: 0.07734850898398789
INFO:root:Iter: 13| Accuracy: 1.0 | Loss: 0.11343308580156206
INFO:root:Iter: 14| Accuracy: 0.8 | Loss: 0.13066456223846676
INFO:root:Iter: 15| Accuracy: 1.0 | Loss: 0.09955361924384291
INFO:root:Iter: 16| Accuracy: 1.0 | Loss: 0.04334447143906821
INFO:root:Iter: 17| Accuracy: 1.0 | Loss: 0.05934560696459769
INFO:root:Iter: 18| Accuracy: 1.0 | Loss: 0.1524412598958102
INFO:root:Iter: 19| Accuracy: 0.8 | Loss: 0.10595427441542046
INFO:root:Iter: 20| Accuracy: 1.0 | Loss: 0.12414554853668207
INFO:root:epoch 32 : Training Accuracy 0.94 , Loss 0.10717432928681041, Time 0.6177221377690633 minutes, Validation Accuracy 0.99
INFO:root:start epoch 33
INFO:root:Iter: 1| Accuracy: 0.8 | Loss: 0.126295400240103
INFO:root:Iter: 2| Accuracy: 1.0 | Loss: 0.07267765052476374
INFO:root:Iter: 3| Accuracy: 1.0 | Loss: 0.10396747870479864
INFO:root:Iter: 4| Accuracy: 0.8 | Loss: 0.14020299470051203
INFO:root:Iter: 5| Accuracy: 0.8 | Loss: 0.1962947522872489
INFO:root:Iter: 6| Accuracy: 1.0 | Loss: 0.09448172909491759
INFO:root:Iter: 7| Accuracy: 1.0 | Loss: 0.11970616459386614
INFO:root:Iter: 8| Accuracy: 1.0 | Loss: 0.081524169498287
INFO:root:Iter: 9| Accuracy: 1.0 | Loss: 0.12330947078586525
INFO:root:Iter: 10| Accuracy: 0.8 | Loss: 0.146764605657787
INFO:root:Iter: 11| Accuracy: 1.0 | Loss: 0.0644129670593113
INFO:root:Iter: 12| Accuracy: 0.8 | Loss: 0.11597216403192415
INFO:root:Iter: 13| Accuracy: 1.0 | Loss: 0.12296014098481271
INFO:root:Iter: 14| Accuracy: 1.0 | Loss: 0.0807594870703729
INFO:root:Iter: 15| Accuracy: 0.8 | Loss: 0.15659216410289617
INFO:root:Iter: 16| Accuracy: 1.0 | Loss: 0.05432547360460327
INFO:root:Iter: 17| Accuracy: 1.0 | Loss: 0.09744809569054061
INFO:root:Iter: 18| Accuracy: 1.0 | Loss: 0.14324020106925953
INFO:root:Iter: 19| Accuracy: 1.0 | Loss: 0.10630123627711097
INFO:root:Iter: 20| Accuracy: 1.0 | Loss: 0.07920691827737136
INFO:root:epoch 33 : Training Accuracy 0.94 , Loss 0.10840946008082755, Time 0.6189884543418884 minutes, Validation Accuracy 0.98
INFO:root:start epoch 34
INFO:root:Iter: 1| Accuracy: 0.8 | Loss: 0.1315083740277198
INFO:root:Iter: 2| Accuracy: 1.0 | Loss: 0.11976136980862581
INFO:root:Iter: 3| Accuracy: 1.0 | Loss: 0.14098313826195039
INFO:root:Iter: 4| Accuracy: 0.8 | Loss: 0.10525989036640285
INFO:root:Iter: 5| Accuracy: 1.0 | Loss: 0.1140290519127741
INFO:root:Iter: 6| Accuracy: 1.0 | Loss: 0.12474489301860628
INFO:root:Iter: 7| Accuracy: 1.0 | Loss: 0.09429897192556927
INFO:root:Iter: 8| Accuracy: 1.0 | Loss: 0.12449021332213295
INFO:root:Iter: 9| Accuracy: 1.0 | Loss: 0.05807887586765503
INFO:root:Iter: 10| Accuracy: 0.6 | Loss: 0.17043009250990448
INFO:root:Iter: 11| Accuracy: 1.0 | Loss: 0.05436126138194828
INFO:root:Iter: 12| Accuracy: 1.0 | Loss: 0.10509103702812994
INFO:root:Iter: 13| Accuracy: 1.0 | Loss: 0.09858513017207929
INFO:root:Iter: 14| Accuracy: 0.8 | Loss: 0.11968792730874019
INFO:root:Iter: 15| Accuracy: 1.0 | Loss: 0.05739299843031938
INFO:root:Iter: 16| Accuracy: 0.8 | Loss: 0.10388234068177396
INFO:root:Iter: 17| Accuracy: 1.0 | Loss: 0.11023416607206608
INFO:root:Iter: 18| Accuracy: 1.0 | Loss: 0.10705210228225623
INFO:root:Iter: 19| Accuracy: 0.8 | Loss: 0.09978571322195456
INFO:root:Iter: 20| Accuracy: 1.0 | Loss: 0.11100207864994757
INFO:root:epoch 34 : Training Accuracy 0.93 , Loss 0.10846410418736678, Time 0.6177931666374207 minutes, Validation Accuracy 0.97
INFO:root:start epoch 35
INFO:root:Iter: 1| Accuracy: 1.0 | Loss: 0.09634374127106059
INFO:root:Iter: 2| Accuracy: 0.6 | Loss: 0.18554995526791684
INFO:root:Iter: 3| Accuracy: 1.0 | Loss: 0.1069764722365762
INFO:root:Iter: 4| Accuracy: 0.8 | Loss: 0.15718944007528418
INFO:root:Iter: 5| Accuracy: 0.8 | Loss: 0.1296450567884197
INFO:root:Iter: 6| Accuracy: 1.0 | Loss: 0.08922405242160499
INFO:root:Iter: 7| Accuracy: 1.0 | Loss: 0.08243952260647057
INFO:root:Iter: 8| Accuracy: 1.0 | Loss: 0.0952400885215201
INFO:root:Iter: 9| Accuracy: 1.0 | Loss: 0.05841698075911048
INFO:root:Iter: 10| Accuracy: 0.8 | Loss: 0.13186649851546728
INFO:root:Iter: 11| Accuracy: 1.0 | Loss: 0.1554403218006229
INFO:root:Iter: 12| Accuracy: 0.8 | Loss: 0.18758783286781433
INFO:root:Iter: 13| Accuracy: 1.0 | Loss: 0.06279963390653527
INFO:root:Iter: 14| Accuracy: 1.0 | Loss: 0.093399767882277
INFO:root:Iter: 15| Accuracy: 1.0 | Loss: 0.05425455218857762
INFO:root:Iter: 16| Accuracy: 1.0 | Loss: 0.1119483853589526
INFO:root:Iter: 17| Accuracy: 1.0 | Loss: 0.08870344530029749
INFO:root:Iter: 18| Accuracy: 1.0 | Loss: 0.0689509973112834
INFO:root:Iter: 19| Accuracy: 0.8 | Loss: 0.11739291381992967
INFO:root:Iter: 20| Accuracy: 1.0 | Loss: 0.10188207600846741
INFO:root:epoch 35 : Training Accuracy 0.93 , Loss 0.10515109136547662, Time 0.6181617935498556 minutes, Validation Accuracy 0.99
INFO:root:start epoch 36
INFO:root:Iter: 1| Accuracy: 1.0 | Loss: 0.11785060599293587
INFO:root:Iter: 2| Accuracy: 1.0 | Loss: 0.033666249308303295
INFO:root:Iter: 3| Accuracy: 1.0 | Loss: 0.09885833873025315
INFO:root:Iter: 4| Accuracy: 1.0 | Loss: 0.09320463888838904
INFO:root:Iter: 5| Accuracy: 1.0 | Loss: 0.055435039226040025
INFO:root:Iter: 6| Accuracy: 1.0 | Loss: 0.07819125316420343
INFO:root:Iter: 7| Accuracy: 1.0 | Loss: 0.10235168215062677
INFO:root:Iter: 8| Accuracy: 0.6 | Loss: 0.19933323722101276
INFO:root:Iter: 9| Accuracy: 1.0 | Loss: 0.09724167453084379
INFO:root:Iter: 10| Accuracy: 1.0 | Loss: 0.07867947625843391
INFO:root:Iter: 11| Accuracy: 0.8 | Loss: 0.1482554859523382
INFO:root:Iter: 12| Accuracy: 1.0 | Loss: 0.12070418170366692
INFO:root:Iter: 13| Accuracy: 0.8 | Loss: 0.1437325762703464
INFO:root:Iter: 14| Accuracy: 1.0 | Loss: 0.1344903407652012
INFO:root:Iter: 15| Accuracy: 1.0 | Loss: 0.09284886862848989
INFO:root:Iter: 16| Accuracy: 1.0 | Loss: 0.09325811376146564
INFO:root:Iter: 17| Accuracy: 0.8 | Loss: 0.09017046046709662
INFO:root:Iter: 18| Accuracy: 0.8 | Loss: 0.18798371880069306
INFO:root:Iter: 19| Accuracy: 1.0 | Loss: 0.14749974887994838
INFO:root:Iter: 20| Accuracy: 1.0 | Loss: 0.07046750444997212
INFO:root:epoch 36 : Training Accuracy 0.94 , Loss 0.10630957968215689, Time 0.6176238536834717 minutes, Validation Accuracy 0.99
INFO:root:start epoch 37
INFO:root:Iter: 1| Accuracy: 1.0 | Loss: 0.07479524870284356
INFO:root:Iter: 2| Accuracy: 1.0 | Loss: 0.044525316424198436
INFO:root:Iter: 3| Accuracy: 1.0 | Loss: 0.096086940851307
INFO:root:Iter: 4| Accuracy: 1.0 | Loss: 0.14202172660392445
INFO:root:Iter: 5| Accuracy: 0.8 | Loss: 0.09462579926195068
INFO:root:Iter: 6| Accuracy: 1.0 | Loss: 0.042549722435828094
INFO:root:Iter: 7| Accuracy: 1.0 | Loss: 0.1163733299047051
INFO:root:Iter: 8| Accuracy: 1.0 | Loss: 0.13689915526149316
INFO:root:Iter: 9| Accuracy: 1.0 | Loss: 0.10156098359040315
INFO:root:Iter: 10| Accuracy: 0.8 | Loss: 0.10236893106753694
INFO:root:Iter: 11| Accuracy: 0.8 | Loss: 0.17733360330791917
INFO:root:Iter: 12| Accuracy: 0.8 | Loss: 0.17189497272201743
INFO:root:Iter: 13| Accuracy: 0.8 | Loss: 0.1501188577184795
INFO:root:Iter: 14| Accuracy: 1.0 | Loss: 0.13426381430186557
INFO:root:Iter: 15| Accuracy: 0.8 | Loss: 0.15353422213774054
INFO:root:Iter: 16| Accuracy: 1.0 | Loss: 0.05300977623296749
INFO:root:Iter: 17| Accuracy: 1.0 | Loss: 0.09781489095296377
INFO:root:Iter: 18| Accuracy: 1.0 | Loss: 0.10861687661013561
INFO:root:Iter: 19| Accuracy: 1.0 | Loss: 0.0774697609564748
INFO:root:Iter: 20| Accuracy: 1.0 | Loss: 0.10769307488959426
INFO:root:epoch 37 : Training Accuracy 0.94 , Loss 0.10713126915797475, Time 0.6256160140037537 minutes, Validation Accuracy 0.97
INFO:root:start epoch 38
INFO:root:Iter: 1| Accuracy: 0.8 | Loss: 0.12214576944798142
INFO:root:Iter: 2| Accuracy: 1.0 | Loss: 0.049559096530297296
INFO:root:Iter: 3| Accuracy: 1.0 | Loss: 0.06516974757163711
INFO:root:Iter: 4| Accuracy: 1.0 | Loss: 0.04985075108311731
INFO:root:Iter: 5| Accuracy: 0.8 | Loss: 0.12835693677046303
INFO:root:Iter: 6| Accuracy: 1.0 | Loss: 0.10505365378531946
INFO:root:Iter: 7| Accuracy: 1.0 | Loss: 0.08195719606186799
INFO:root:Iter: 8| Accuracy: 0.8 | Loss: 0.1790794536843293
INFO:root:Iter: 9| Accuracy: 1.0 | Loss: 0.08938495199229071
INFO:root:Iter: 10| Accuracy: 0.8 | Loss: 0.08040028440844929
INFO:root:Iter: 11| Accuracy: 0.8 | Loss: 0.12931000693956948
INFO:root:Iter: 12| Accuracy: 1.0 | Loss: 0.10705175964550942
INFO:root:Iter: 13| Accuracy: 1.0 | Loss: 0.10071717667041646
INFO:root:Iter: 14| Accuracy: 0.8 | Loss: 0.1687974014707133
INFO:root:Iter: 15| Accuracy: 1.0 | Loss: 0.11232549694965747
INFO:root:Iter: 16| Accuracy: 0.8 | Loss: 0.13126131292261037
INFO:root:Iter: 17| Accuracy: 1.0 | Loss: 0.08506513999571415
INFO:root:Iter: 18| Accuracy: 1.0 | Loss: 0.11249563680529377
INFO:root:Iter: 19| Accuracy: 0.8 | Loss: 0.14464279309410977
INFO:root:Iter: 20| Accuracy: 1.0 | Loss: 0.1302342627412325
INFO:root:epoch 38 : Training Accuracy 0.92 , Loss 0.10839734666696905, Time 0.6199308037757874 minutes, Validation Accuracy 0.97
INFO:root:start epoch 39
INFO:root:Iter: 1| Accuracy: 0.8 | Loss: 0.13815019730397055
INFO:root:Iter: 2| Accuracy: 1.0 | Loss: 0.1484496229530916
INFO:root:Iter: 3| Accuracy: 1.0 | Loss: 0.07401761650579669
INFO:root:Iter: 4| Accuracy: 1.0 | Loss: 0.05271634358824177
INFO:root:Iter: 5| Accuracy: 0.8 | Loss: 0.20181074184354442
INFO:root:Iter: 6| Accuracy: 0.8 | Loss: 0.102516690834719
INFO:root:Iter: 7| Accuracy: 1.0 | Loss: 0.08957194831695418
INFO:root:Iter: 8| Accuracy: 0.8 | Loss: 0.12185455474333098
INFO:root:Iter: 9| Accuracy: 1.0 | Loss: 0.11047711675170817
INFO:root:Iter: 10| Accuracy: 1.0 | Loss: 0.11561854528103972
INFO:root:Iter: 11| Accuracy: 1.0 | Loss: 0.10839905392429636
INFO:root:Iter: 12| Accuracy: 1.0 | Loss: 0.07648691831733632
INFO:root:Iter: 13| Accuracy: 1.0 | Loss: 0.08972357459920263
INFO:root:Iter: 14| Accuracy: 1.0 | Loss: 0.13275612055341202
INFO:root:Iter: 15| Accuracy: 1.0 | Loss: 0.056262188135282686
INFO:root:Iter: 16| Accuracy: 0.6 | Loss: 0.18494609948921842
INFO:root:Iter: 17| Accuracy: 1.0 | Loss: 0.07072515336099741
INFO:root:Iter: 18| Accuracy: 1.0 | Loss: 0.11949607546129606
INFO:root:Iter: 19| Accuracy: 1.0 | Loss: 0.08869297261408937
INFO:root:Iter: 20| Accuracy: 1.0 | Loss: 0.03544068107861388
INFO:root:epoch 39 : Training Accuracy 0.94 , Loss 0.1061056042632335, Time 0.6205615997314453 minutes, Validation Accuracy 0.99
INFO:root:start epoch 40
INFO:root:Iter: 1| Accuracy: 0.8 | Loss: 0.12132012774299132
INFO:root:Iter: 2| Accuracy: 1.0 | Loss: 0.07855034393719731
INFO:root:Iter: 3| Accuracy: 1.0 | Loss: 0.0906219593240219
INFO:root:Iter: 4| Accuracy: 0.6 | Loss: 0.19410539060478654
INFO:root:Iter: 5| Accuracy: 1.0 | Loss: 0.10207507576218033
INFO:root:Iter: 6| Accuracy: 1.0 | Loss: 0.0939404219460744
INFO:root:Iter: 7| Accuracy: 1.0 | Loss: 0.05813185724397709
INFO:root:Iter: 8| Accuracy: 1.0 | Loss: 0.06470232598816746
INFO:root:Iter: 9| Accuracy: 0.8 | Loss: 0.1847748641360187
INFO:root:Iter: 10| Accuracy: 1.0 | Loss: 0.08449247821519035
INFO:root:Iter: 11| Accuracy: 1.0 | Loss: 0.10467717817748852
INFO:root:Iter: 12| Accuracy: 1.0 | Loss: 0.06075318751702734
INFO:root:Iter: 13| Accuracy: 1.0 | Loss: 0.10096668360028363
INFO:root:Iter: 14| Accuracy: 0.8 | Loss: 0.151402456640346
INFO:root:Iter: 15| Accuracy: 1.0 | Loss: 0.0964699557969348
INFO:root:Iter: 16| Accuracy: 1.0 | Loss: 0.13152214304768875
INFO:root:Iter: 17| Accuracy: 1.0 | Loss: 0.1003906665069334
INFO:root:Iter: 18| Accuracy: 1.0 | Loss: 0.06734858447323297
INFO:root:Iter: 19| Accuracy: 1.0 | Loss: 0.10892918264222881
INFO:root:Iter: 20| Accuracy: 0.8 | Loss: 0.1375227329925916
INFO:root:epoch 40 : Training Accuracy 0.94 , Loss 0.107011113104973, Time 0.6215866208076477 minutes, Validation Accuracy 0.98
INFO:root:start epoch 41
INFO:root:Iter: 1| Accuracy: 1.0 | Loss: 0.06775493565952391
INFO:root:Iter: 2| Accuracy: 1.0 | Loss: 0.1102978648313409
INFO:root:Iter: 3| Accuracy: 1.0 | Loss: 0.09637362630640427
INFO:root:Iter: 4| Accuracy: 1.0 | Loss: 0.12782579875640324
INFO:root:Iter: 5| Accuracy: 0.8 | Loss: 0.14596204592437292
INFO:root:Iter: 6| Accuracy: 1.0 | Loss: 0.09056695556255517
INFO:root:Iter: 7| Accuracy: 1.0 | Loss: 0.07352876281638147
INFO:root:Iter: 8| Accuracy: 0.8 | Loss: 0.1278568052541676
INFO:root:Iter: 9| Accuracy: 1.0 | Loss: 0.035815722188333045
INFO:root:Iter: 10| Accuracy: 0.8 | Loss: 0.18751973764379265
INFO:root:Iter: 11| Accuracy: 1.0 | Loss: 0.08194191290301199
INFO:root:Iter: 12| Accuracy: 1.0 | Loss: 0.11279777374251224
INFO:root:Iter: 13| Accuracy: 0.8 | Loss: 0.1778972366829221
INFO:root:Iter: 14| Accuracy: 1.0 | Loss: 0.0844922638000086
INFO:root:Iter: 15| Accuracy: 1.0 | Loss: 0.0688024114371807
INFO:root:Iter: 16| Accuracy: 1.0 | Loss: 0.07543631345978279
INFO:root:Iter: 17| Accuracy: 1.0 | Loss: 0.07133018605861373
INFO:root:Iter: 18| Accuracy: 1.0 | Loss: 0.14058488899183405
INFO:root:Iter: 19| Accuracy: 0.8 | Loss: 0.15086404226841005
INFO:root:Iter: 20| Accuracy: 0.8 | Loss: 0.11996087014111503
INFO:root:epoch 41 : Training Accuracy 0.94 , Loss 0.10687206310376306, Time 0.6174861987431844 minutes, Validation Accuracy 0.99
INFO:root:start epoch 42
INFO:root:Iter: 1| Accuracy: 1.0 | Loss: 0.10087535382919006
INFO:root:Iter: 2| Accuracy: 0.8 | Loss: 0.17921564621766176
INFO:root:Iter: 3| Accuracy: 1.0 | Loss: 0.07535294590287826
INFO:root:Iter: 4| Accuracy: 1.0 | Loss: 0.10614986478865354
INFO:root:Iter: 5| Accuracy: 1.0 | Loss: 0.0733596154216108
INFO:root:Iter: 6| Accuracy: 1.0 | Loss: 0.15663926317937643
INFO:root:Iter: 7| Accuracy: 0.8 | Loss: 0.09723127847500426
INFO:root:Iter: 8| Accuracy: 1.0 | Loss: 0.07574738863100458
INFO:root:Iter: 9| Accuracy: 1.0 | Loss: 0.1365523014695219
INFO:root:Iter: 10| Accuracy: 1.0 | Loss: 0.07511907233587564
INFO:root:Iter: 11| Accuracy: 1.0 | Loss: 0.06850385949882346
INFO:root:Iter: 12| Accuracy: 0.6 | Loss: 0.20126329667432316
INFO:root:Iter: 13| Accuracy: 0.8 | Loss: 0.19217994960761167
INFO:root:Iter: 14| Accuracy: 1.0 | Loss: 0.10154084443366054
INFO:root:Iter: 15| Accuracy: 1.0 | Loss: 0.055314615142379855
INFO:root:Iter: 16| Accuracy: 1.0 | Loss: 0.04453934922425644
INFO:root:Iter: 17| Accuracy: 0.8 | Loss: 0.1262744249919321
INFO:root:Iter: 18| Accuracy: 1.0 | Loss: 0.08137458020953349
INFO:root:Iter: 19| Accuracy: 0.8 | Loss: 0.1752596598943288
INFO:root:Iter: 20| Accuracy: 1.0 | Loss: 0.08089388367539666
INFO:root:epoch 42 : Training Accuracy 0.93 , Loss 0.10882144109082724, Time 0.6187501152356466 minutes, Validation Accuracy 0.97
INFO:root:start epoch 43
INFO:root:Iter: 1| Accuracy: 0.8 | Loss: 0.12792511171519277
INFO:root:Iter: 2| Accuracy: 1.0 | Loss: 0.08718507992811239
INFO:root:Iter: 3| Accuracy: 0.8 | Loss: 0.16998066379830365
INFO:root:Iter: 4| Accuracy: 1.0 | Loss: 0.11101234881283428
INFO:root:Iter: 5| Accuracy: 1.0 | Loss: 0.07271480313329395
INFO:root:Iter: 6| Accuracy: 0.8 | Loss: 0.12641808252629208
INFO:root:Iter: 7| Accuracy: 1.0 | Loss: 0.049962725660518466
INFO:root:Iter: 8| Accuracy: 1.0 | Loss: 0.07926415172803278
INFO:root:Iter: 9| Accuracy: 1.0 | Loss: 0.11918790632604807
INFO:root:Iter: 10| Accuracy: 1.0 | Loss: 0.07433710338755353
INFO:root:Iter: 11| Accuracy: 1.0 | Loss: 0.09361257381667662
INFO:root:Iter: 12| Accuracy: 0.8 | Loss: 0.14329312571163003
INFO:root:Iter: 13| Accuracy: 0.6 | Loss: 0.14169844401962267
INFO:root:Iter: 14| Accuracy: 0.8 | Loss: 0.15950409542583924
INFO:root:Iter: 15| Accuracy: 0.4 | Loss: 0.21102422574653218
INFO:root:Iter: 16| Accuracy: 0.8 | Loss: 0.15502029558092656
INFO:root:Iter: 17| Accuracy: 1.0 | Loss: 0.0701215082192034
INFO:root:Iter: 18| Accuracy: 1.0 | Loss: 0.09975122932015702
INFO:root:Iter: 19| Accuracy: 0.8 | Loss: 0.12105884580718236
INFO:root:Iter: 20| Accuracy: 1.0 | Loss: 0.0702204489304912
INFO:root:epoch 43 : Training Accuracy 0.88 , Loss 0.10724156760031817, Time 0.6173391858736674 minutes, Validation Accuracy 0.99
INFO:root:start epoch 44
INFO:root:Iter: 1| Accuracy: 1.0 | Loss: 0.0858230187001705
INFO:root:Iter: 2| Accuracy: 1.0 | Loss: 0.11093572756177536
INFO:root:Iter: 3| Accuracy: 1.0 | Loss: 0.08254979478394261
INFO:root:Iter: 4| Accuracy: 1.0 | Loss: 0.06338869801895641
INFO:root:Iter: 5| Accuracy: 1.0 | Loss: 0.08126125732320313
INFO:root:Iter: 6| Accuracy: 0.8 | Loss: 0.13263136392834102
INFO:root:Iter: 7| Accuracy: 0.6 | Loss: 0.1962349452550966
INFO:root:Iter: 8| Accuracy: 1.0 | Loss: 0.07851588327672065
INFO:root:Iter: 9| Accuracy: 1.0 | Loss: 0.06616691319078015
INFO:root:Iter: 10| Accuracy: 1.0 | Loss: 0.09354907438052862
INFO:root:Iter: 11| Accuracy: 1.0 | Loss: 0.10894256356363889
INFO:root:Iter: 12| Accuracy: 1.0 | Loss: 0.14110094225813125
INFO:root:Iter: 13| Accuracy: 1.0 | Loss: 0.07599647906697804
INFO:root:Iter: 14| Accuracy: 0.8 | Loss: 0.11324708999916233
INFO:root:Iter: 15| Accuracy: 0.8 | Loss: 0.13462955569145982
INFO:root:Iter: 16| Accuracy: 1.0 | Loss: 0.1273665103498601
INFO:root:Iter: 17| Accuracy: 0.8 | Loss: 0.1366712846560671
INFO:root:Iter: 18| Accuracy: 1.0 | Loss: 0.09184270819880316
INFO:root:Iter: 19| Accuracy: 1.0 | Loss: 0.10126846812291405
INFO:root:Iter: 20| Accuracy: 1.0 | Loss: 0.09574913422734657
INFO:root:epoch 44 : Training Accuracy 0.94 , Loss 0.10742954937303466, Time 0.6178416927655538 minutes, Validation Accuracy 0.98
INFO:root:start epoch 45
INFO:root:Iter: 1| Accuracy: 1.0 | Loss: 0.11201607579650344
INFO:root:Iter: 2| Accuracy: 1.0 | Loss: 0.0590016330329549
INFO:root:Iter: 3| Accuracy: 1.0 | Loss: 0.055076991458606485
INFO:root:Iter: 4| Accuracy: 1.0 | Loss: 0.05917714879351268
INFO:root:Iter: 5| Accuracy: 0.8 | Loss: 0.13364702460491354
INFO:root:Iter: 6| Accuracy: 1.0 | Loss: 0.05680513269774481
INFO:root:Iter: 7| Accuracy: 1.0 | Loss: 0.0963865384540731
INFO:root:Iter: 8| Accuracy: 0.8 | Loss: 0.15596393188411012
INFO:root:Iter: 9| Accuracy: 1.0 | Loss: 0.12479409824346818
INFO:root:Iter: 10| Accuracy: 1.0 | Loss: 0.17683073790546752
INFO:root:Iter: 11| Accuracy: 0.8 | Loss: 0.17021881260442545
INFO:root:Iter: 12| Accuracy: 1.0 | Loss: 0.08878482729181461
INFO:root:Iter: 13| Accuracy: 1.0 | Loss: 0.06990927902712782
INFO:root:Iter: 14| Accuracy: 1.0 | Loss: 0.1236685095238554
INFO:root:Iter: 15| Accuracy: 0.8 | Loss: 0.08818788323302254
INFO:root:Iter: 16| Accuracy: 1.0 | Loss: 0.13276052282008108
INFO:root:Iter: 17| Accuracy: 1.0 | Loss: 0.11052372646820399
INFO:root:Iter: 18| Accuracy: 0.8 | Loss: 0.10152037052071634
INFO:root:Iter: 19| Accuracy: 1.0 | Loss: 0.10710510223342096
INFO:root:Iter: 20| Accuracy: 0.8 | Loss: 0.12325354156390715
INFO:root:epoch 45 : Training Accuracy 0.94 , Loss 0.10601377334412765, Time 0.6171749194463094 minutes, Validation Accuracy 0.98
INFO:root:start epoch 46
INFO:root:Iter: 1| Accuracy: 1.0 | Loss: 0.045190189139564005
INFO:root:Iter: 2| Accuracy: 1.0 | Loss: 0.07100448672162352
INFO:root:Iter: 3| Accuracy: 0.8 | Loss: 0.1601705955356901
INFO:root:Iter: 4| Accuracy: 1.0 | Loss: 0.11487975309389815
INFO:root:Iter: 5| Accuracy: 1.0 | Loss: 0.09274898767096211
INFO:root:Iter: 6| Accuracy: 0.8 | Loss: 0.1267542734407648
INFO:root:Iter: 7| Accuracy: 1.0 | Loss: 0.08904617550805721
INFO:root:Iter: 8| Accuracy: 0.8 | Loss: 0.08835780707871456
INFO:root:Iter: 9| Accuracy: 1.0 | Loss: 0.10849748042273158
INFO:root:Iter: 10| Accuracy: 1.0 | Loss: 0.09907618804655287
INFO:root:Iter: 11| Accuracy: 1.0 | Loss: 0.10588336570136743
INFO:root:Iter: 12| Accuracy: 0.8 | Loss: 0.16043799486802177
INFO:root:Iter: 13| Accuracy: 1.0 | Loss: 0.13471684098072728
INFO:root:Iter: 14| Accuracy: 0.8 | Loss: 0.18676448014242875
INFO:root:Iter: 15| Accuracy: 1.0 | Loss: 0.1254536592943589
INFO:root:Iter: 16| Accuracy: 1.0 | Loss: 0.08199944975974165
INFO:root:Iter: 17| Accuracy: 0.8 | Loss: 0.10765032260109766
INFO:root:Iter: 18| Accuracy: 1.0 | Loss: 0.052657961817888455
INFO:root:Iter: 19| Accuracy: 0.8 | Loss: 0.09187164400238432
INFO:root:Iter: 20| Accuracy: 1.0 | Loss: 0.10672063068534639
INFO:root:epoch 46 : Training Accuracy 0.93 , Loss 0.10543743965965686, Time 0.6171005765597025 minutes, Validation Accuracy 0.99
INFO:root:start epoch 47
INFO:root:Iter: 1| Accuracy: 1.0 | Loss: 0.08476592367002482
INFO:root:Iter: 2| Accuracy: 1.0 | Loss: 0.08692134191269099
INFO:root:Iter: 3| Accuracy: 0.8 | Loss: 0.14216333245919519
INFO:root:Iter: 4| Accuracy: 1.0 | Loss: 0.08725974843744581
INFO:root:Iter: 5| Accuracy: 0.8 | Loss: 0.13924031378839746
INFO:root:Iter: 6| Accuracy: 1.0 | Loss: 0.12934414303724098
INFO:root:Iter: 7| Accuracy: 1.0 | Loss: 0.06941144418754193
INFO:root:Iter: 8| Accuracy: 1.0 | Loss: 0.07032081828459288
INFO:root:Iter: 9| Accuracy: 0.8 | Loss: 0.1585348309861313
INFO:root:Iter: 10| Accuracy: 1.0 | Loss: 0.08440552942414295
INFO:root:Iter: 11| Accuracy: 0.8 | Loss: 0.1839102838507542
INFO:root:Iter: 12| Accuracy: 1.0 | Loss: 0.11273081316862923
INFO:root:Iter: 13| Accuracy: 1.0 | Loss: 0.1143998378810229
INFO:root:Iter: 14| Accuracy: 1.0 | Loss: 0.1015839684959643
INFO:root:Iter: 15| Accuracy: 1.0 | Loss: 0.06886940903800601
INFO:root:Iter: 16| Accuracy: 1.0 | Loss: 0.15672956322109818
INFO:root:Iter: 17| Accuracy: 1.0 | Loss: 0.051685650292062
INFO:root:Iter: 18| Accuracy: 0.8 | Loss: 0.13694203508777042
INFO:root:Iter: 19| Accuracy: 1.0 | Loss: 0.10041009719397191
INFO:root:Iter: 20| Accuracy: 1.0 | Loss: 0.07117439544103162
INFO:root:epoch 47 : Training Accuracy 0.95 , Loss 0.10690005015044265, Time 0.619337817033132 minutes, Validation Accuracy 0.98
INFO:root:start epoch 48
INFO:root:Iter: 1| Accuracy: 1.0 | Loss: 0.14112255649782485
INFO:root:Iter: 2| Accuracy: 1.0 | Loss: 0.09587530581428169
INFO:root:Iter: 3| Accuracy: 1.0 | Loss: 0.11737216158858946
INFO:root:Iter: 4| Accuracy: 1.0 | Loss: 0.08253077690902341
INFO:root:Iter: 5| Accuracy: 0.8 | Loss: 0.11826039512859168
INFO:root:Iter: 6| Accuracy: 0.8 | Loss: 0.1533243185845799
INFO:root:Iter: 7| Accuracy: 1.0 | Loss: 0.1264064465028514
INFO:root:Iter: 8| Accuracy: 1.0 | Loss: 0.1001378725178889
INFO:root:Iter: 9| Accuracy: 1.0 | Loss: 0.10081418362450738
INFO:root:Iter: 10| Accuracy: 1.0 | Loss: 0.09617078182539739
INFO:root:Iter: 11| Accuracy: 0.6 | Loss: 0.18249594040161723
INFO:root:Iter: 12| Accuracy: 1.0 | Loss: 0.0780401961477413
INFO:root:Iter: 13| Accuracy: 1.0 | Loss: 0.0608574373540869
INFO:root:Iter: 14| Accuracy: 1.0 | Loss: 0.10807899394275418
INFO:root:Iter: 15| Accuracy: 0.8 | Loss: 0.09889645218788896
INFO:root:Iter: 16| Accuracy: 1.0 | Loss: 0.06575496812106359
INFO:root:Iter: 17| Accuracy: 0.8 | Loss: 0.15742243855222005
INFO:root:Iter: 18| Accuracy: 1.0 | Loss: 0.07538403226990073
INFO:root:Iter: 19| Accuracy: 1.0 | Loss: 0.11420068372906209
INFO:root:Iter: 20| Accuracy: 1.0 | Loss: 0.09109454621269793
INFO:root:epoch 48 : Training Accuracy 0.94 , Loss 0.10861817226286866, Time 0.6179404060045878 minutes, Validation Accuracy 0.98
INFO:root:start epoch 49
INFO:root:Iter: 1| Accuracy: 1.0 | Loss: 0.09318544707533091
INFO:root:Iter: 2| Accuracy: 1.0 | Loss: 0.07568196562862238
INFO:root:Iter: 3| Accuracy: 1.0 | Loss: 0.06867210569194107
INFO:root:Iter: 4| Accuracy: 1.0 | Loss: 0.12097922277287662
INFO:root:Iter: 5| Accuracy: 1.0 | Loss: 0.07201874945842908
INFO:root:Iter: 6| Accuracy: 1.0 | Loss: 0.1175890352991426
INFO:root:Iter: 7| Accuracy: 1.0 | Loss: 0.056577726537960005
INFO:root:Iter: 8| Accuracy: 1.0 | Loss: 0.11083615959671093
INFO:root:Iter: 9| Accuracy: 1.0 | Loss: 0.11226208082694382
INFO:root:Iter: 10| Accuracy: 1.0 | Loss: 0.07950998039315052
INFO:root:Iter: 11| Accuracy: 1.0 | Loss: 0.11414183688500161
INFO:root:Iter: 12| Accuracy: 0.8 | Loss: 0.08691853557086464
INFO:root:Iter: 13| Accuracy: 0.8 | Loss: 0.13845519814706247
INFO:root:Iter: 14| Accuracy: 1.0 | Loss: 0.10213283670687485
INFO:root:Iter: 15| Accuracy: 0.8 | Loss: 0.11512307088801324
INFO:root:Iter: 16| Accuracy: 0.4 | Loss: 0.29870616109951587
INFO:root:Iter: 17| Accuracy: 1.0 | Loss: 0.05694913215396248
INFO:root:Iter: 18| Accuracy: 0.8 | Loss: 0.147163589601689
INFO:root:Iter: 19| Accuracy: 0.8 | Loss: 0.13342123986259485
INFO:root:Iter: 20| Accuracy: 1.0 | Loss: 0.09004582100382384
INFO:root:epoch 49 : Training Accuracy 0.92 , Loss 0.10757672785467473, Time 0.6174326539039612 minutes, Validation Accuracy 0.99
INFO:root:start epoch 50
INFO:root:Iter: 1| Accuracy: 0.8 | Loss: 0.12526652978184377
INFO:root:Iter: 2| Accuracy: 1.0 | Loss: 0.11254537233728532
INFO:root:Iter: 3| Accuracy: 0.8 | Loss: 0.13860454509471254
INFO:root:Iter: 4| Accuracy: 0.8 | Loss: 0.11926154687806563
INFO:root:Iter: 5| Accuracy: 1.0 | Loss: 0.11253788131504568
INFO:root:Iter: 6| Accuracy: 1.0 | Loss: 0.07784691119395196
INFO:root:Iter: 7| Accuracy: 1.0 | Loss: 0.10573178508935119
INFO:root:Iter: 8| Accuracy: 1.0 | Loss: 0.07849203002414139
INFO:root:Iter: 9| Accuracy: 1.0 | Loss: 0.07184029444047738
INFO:root:Iter: 10| Accuracy: 0.8 | Loss: 0.12517702718280208
INFO:root:Iter: 11| Accuracy: 1.0 | Loss: 0.08976728097690992
INFO:root:Iter: 12| Accuracy: 0.8 | Loss: 0.13164405924115663
INFO:root:Iter: 13| Accuracy: 1.0 | Loss: 0.070969005164629
INFO:root:Iter: 14| Accuracy: 1.0 | Loss: 0.1294814560489878
INFO:root:Iter: 15| Accuracy: 0.8 | Loss: 0.11434090483696746
INFO:root:Iter: 16| Accuracy: 0.8 | Loss: 0.1594757579676614
INFO:root:Iter: 17| Accuracy: 0.8 | Loss: 0.12928352931329148
INFO:root:Iter: 18| Accuracy: 1.0 | Loss: 0.0990225370078617
INFO:root:Iter: 19| Accuracy: 1.0 | Loss: 0.05718338230385598
INFO:root:Iter: 20| Accuracy: 1.0 | Loss: 0.12438264131819039
INFO:root:epoch 50 : Training Accuracy 0.92 , Loss 0.10551739832323576, Time 0.6176311453183492 minutes, Validation Accuracy 0.99
