INFO:root:embedding methods angle, sample number 100, batch size 10, learning rate 0.01, epoch number 50, layer number 2
INFO:root:start epoch 1
INFO:root:Iter: 1| Accuracy: 0.4 | Loss: 0.4221708489000001
INFO:root:Iter: 2| Accuracy: 0.6 | Loss: 0.2238756288564676
INFO:root:Iter: 3| Accuracy: 0.3 | Loss: 0.4666098631505271
INFO:root:Iter: 4| Accuracy: 0.5 | Loss: 0.28153917905235415
INFO:root:Iter: 5| Accuracy: 0.5 | Loss: 0.3174476467561334
INFO:root:Iter: 6| Accuracy: 0.8 | Loss: 0.1176003091665325
INFO:root:Iter: 7| Accuracy: 0.2 | Loss: 0.3245328128070718
INFO:root:Iter: 8| Accuracy: 0.6 | Loss: 0.27406251854030617
INFO:root:Iter: 9| Accuracy: 0.7 | Loss: 0.20876571078488468
INFO:root:Iter: 10| Accuracy: 0.3 | Loss: 0.33503315688763574
INFO:root:Iter: 11| Accuracy: 0.7 | Loss: 0.21589158395364447
INFO:root:Iter: 12| Accuracy: 1.0 | Loss: 0.14304168107067636
INFO:root:Iter: 13| Accuracy: 0.6 | Loss: 0.23274265247537107
INFO:root:Iter: 14| Accuracy: 0.3 | Loss: 0.29182269314206655
INFO:root:Iter: 15| Accuracy: 0.4 | Loss: 0.266324117263519
INFO:root:Iter: 16| Accuracy: 0.9 | Loss: 0.18910296869112608
INFO:root:Iter: 17| Accuracy: 0.9 | Loss: 0.180586631414824
INFO:root:Iter: 18| Accuracy: 0.5 | Loss: 0.22146725088031016
INFO:root:Iter: 19| Accuracy: 0.5 | Loss: 0.22688754095006405
INFO:root:Iter: 20| Accuracy: 0.4 | Loss: 0.27315492772860545
INFO:root:epoch 1 : Training Accuracy 0.555 , Loss 0.2342168415216597, Time 0.4864873846371969 minutes, Validation Accuracy 0.315
INFO:root:start epoch 2
INFO:root:Iter: 1| Accuracy: 0.3 | Loss: 0.2355199721953595
INFO:root:Iter: 2| Accuracy: 0.5 | Loss: 0.21398664301871198
INFO:root:Iter: 3| Accuracy: 0.7 | Loss: 0.20049703915770953
INFO:root:Iter: 4| Accuracy: 0.5 | Loss: 0.2395749668585246
INFO:root:Iter: 5| Accuracy: 0.5 | Loss: 0.23912957225891937
INFO:root:Iter: 6| Accuracy: 0.3 | Loss: 0.29675715069582276
INFO:root:Iter: 7| Accuracy: 0.2 | Loss: 0.2858025411060151
INFO:root:Iter: 8| Accuracy: 0.4 | Loss: 0.23454488649802463
INFO:root:Iter: 9| Accuracy: 0.5 | Loss: 0.25627307671473654
INFO:root:Iter: 10| Accuracy: 0.5 | Loss: 0.2675390401834716
INFO:root:Iter: 11| Accuracy: 0.3 | Loss: 0.2732752898837951
INFO:root:Iter: 12| Accuracy: 0.4 | Loss: 0.27026044840819485
INFO:root:Iter: 13| Accuracy: 0.6 | Loss: 0.244692768769771
INFO:root:Iter: 14| Accuracy: 0.6 | Loss: 0.2521664024913778
INFO:root:Iter: 15| Accuracy: 0.6 | Loss: 0.20804465290053592
INFO:root:Iter: 16| Accuracy: 0.4 | Loss: 0.2658309938062963
INFO:root:Iter: 17| Accuracy: 0.5 | Loss: 0.2456420162246868
INFO:root:Iter: 18| Accuracy: 0.7 | Loss: 0.21227076534952044
INFO:root:Iter: 19| Accuracy: 1.0 | Loss: 0.1666975145936616
INFO:root:Iter: 20| Accuracy: 0.6 | Loss: 0.24490188331733612
INFO:root:epoch 2 : Training Accuracy 0.505 , Loss 0.24082817848485008, Time 0.48519362608591715 minutes, Validation Accuracy 0.345
INFO:root:start epoch 3
INFO:root:Iter: 1| Accuracy: 0.6 | Loss: 0.24237786882451057
INFO:root:Iter: 2| Accuracy: 0.4 | Loss: 0.275190009695251
INFO:root:Iter: 3| Accuracy: 0.8 | Loss: 0.2265402960328129
INFO:root:Iter: 4| Accuracy: 0.6 | Loss: 0.2572793023852037
INFO:root:Iter: 5| Accuracy: 0.9 | Loss: 0.18867675360621133
INFO:root:Iter: 6| Accuracy: 0.3 | Loss: 0.27594688110898213
INFO:root:Iter: 7| Accuracy: 0.7 | Loss: 0.21002539352369176
INFO:root:Iter: 8| Accuracy: 0.5 | Loss: 0.24895226270819165
INFO:root:Iter: 9| Accuracy: 0.8 | Loss: 0.22503840091274813
INFO:root:Iter: 10| Accuracy: 0.3 | Loss: 0.35216155864754345
INFO:root:Iter: 11| Accuracy: 0.4 | Loss: 0.2674384571521427
INFO:root:Iter: 12| Accuracy: 1.0 | Loss: 0.17829760762867697
INFO:root:Iter: 13| Accuracy: 0.4 | Loss: 0.28534713706883486
INFO:root:Iter: 14| Accuracy: 0.4 | Loss: 0.2760717458205361
INFO:root:Iter: 15| Accuracy: 0.8 | Loss: 0.2165230943575966
INFO:root:Iter: 16| Accuracy: 0.9 | Loss: 0.2001213476614266
INFO:root:Iter: 17| Accuracy: 0.5 | Loss: 0.26448624216936556
INFO:root:Iter: 18| Accuracy: 0.7 | Loss: 0.218909587184048
INFO:root:Iter: 19| Accuracy: 0.5 | Loss: 0.2563591197006729
INFO:root:Iter: 20| Accuracy: 1.0 | Loss: 0.1543822644860629
INFO:root:epoch 3 : Training Accuracy 0.625 , Loss 0.24106954010690096, Time 0.49400728146235146 minutes, Validation Accuracy 0.38
INFO:root:start epoch 4
INFO:root:Iter: 1| Accuracy: 0.8 | Loss: 0.21530094150967974
INFO:root:Iter: 2| Accuracy: 1.0 | Loss: 0.13604130127418587
INFO:root:Iter: 3| Accuracy: 0.7 | Loss: 0.22081818832809189
INFO:root:Iter: 4| Accuracy: 0.4 | Loss: 0.2696087791814331
INFO:root:Iter: 5| Accuracy: 0.9 | Loss: 0.19838720356013756
INFO:root:Iter: 6| Accuracy: 0.7 | Loss: 0.23637489884537183
INFO:root:Iter: 7| Accuracy: 0.6 | Loss: 0.2814354295326357
INFO:root:Iter: 8| Accuracy: 0.4 | Loss: 0.2636256615088769
INFO:root:Iter: 9| Accuracy: 0.5 | Loss: 0.2716369650364451
INFO:root:Iter: 10| Accuracy: 0.6 | Loss: 0.2452032041418119
INFO:root:Iter: 11| Accuracy: 0.8 | Loss: 0.24203945632459645
INFO:root:Iter: 12| Accuracy: 0.5 | Loss: 0.2906386294842511
INFO:root:Iter: 13| Accuracy: 0.6 | Loss: 0.21837160222429586
INFO:root:Iter: 14| Accuracy: 0.3 | Loss: 0.2944113244220792
INFO:root:Iter: 15| Accuracy: 0.4 | Loss: 0.30035383164099755
INFO:root:Iter: 16| Accuracy: 1.0 | Loss: 0.20625330329006059
INFO:root:Iter: 17| Accuracy: 0.9 | Loss: 0.18537919695152347
INFO:root:Iter: 18| Accuracy: 0.4 | Loss: 0.29235904245112765
INFO:root:Iter: 19| Accuracy: 0.8 | Loss: 0.21248796151047947
INFO:root:Iter: 20| Accuracy: 0.5 | Loss: 0.23843646558105372
INFO:root:epoch 4 : Training Accuracy 0.64 , Loss 0.24018660292147975, Time 0.49311131636301675 minutes, Validation Accuracy 0.315
INFO:root:start epoch 5
INFO:root:Iter: 1| Accuracy: 0.5 | Loss: 0.22241038011829675
INFO:root:Iter: 2| Accuracy: 0.5 | Loss: 0.25600976622341615
INFO:root:Iter: 3| Accuracy: 0.5 | Loss: 0.23793664756219585
INFO:root:Iter: 4| Accuracy: 0.6 | Loss: 0.25629780496080384
INFO:root:Iter: 5| Accuracy: 0.5 | Loss: 0.2435548067715032
INFO:root:Iter: 6| Accuracy: 0.8 | Loss: 0.20678619580164814
INFO:root:Iter: 7| Accuracy: 0.5 | Loss: 0.24634912010804677
INFO:root:Iter: 8| Accuracy: 0.4 | Loss: 0.27719839880711183
INFO:root:Iter: 9| Accuracy: 0.4 | Loss: 0.28042466507637265
INFO:root:Iter: 10| Accuracy: 0.8 | Loss: 0.22595766018136434
INFO:root:Iter: 11| Accuracy: 0.4 | Loss: 0.2924260389111045
INFO:root:Iter: 12| Accuracy: 0.4 | Loss: 0.281898172542589
INFO:root:Iter: 13| Accuracy: 0.7 | Loss: 0.23179017999299076
INFO:root:Iter: 14| Accuracy: 0.5 | Loss: 0.276570975514325
INFO:root:Iter: 15| Accuracy: 0.7 | Loss: 0.2094202191536027
INFO:root:Iter: 16| Accuracy: 0.6 | Loss: 0.2674535134967412
INFO:root:Iter: 17| Accuracy: 0.6 | Loss: 0.20746446573214455
INFO:root:Iter: 18| Accuracy: 0.4 | Loss: 0.2939451440852687
INFO:root:Iter: 19| Accuracy: 1.0 | Loss: 0.1890237343120942
INFO:root:Iter: 20| Accuracy: 0.6 | Loss: 0.2608655048859065
INFO:root:epoch 5 : Training Accuracy 0.57 , Loss 0.24594221289639934, Time 0.48843238353729246 minutes, Validation Accuracy 0.37
INFO:root:start epoch 6
INFO:root:Iter: 1| Accuracy: 0.4 | Loss: 0.25019149322213086
INFO:root:Iter: 2| Accuracy: 0.8 | Loss: 0.1917077248356323
INFO:root:Iter: 3| Accuracy: 0.5 | Loss: 0.2677712442003266
INFO:root:Iter: 4| Accuracy: 0.5 | Loss: 0.26213985598552525
INFO:root:Iter: 5| Accuracy: 0.4 | Loss: 0.2444185899527059
INFO:root:Iter: 6| Accuracy: 0.7 | Loss: 0.1910923861262783
INFO:root:Iter: 7| Accuracy: 0.3 | Loss: 0.26605475000264467
INFO:root:Iter: 8| Accuracy: 0.1 | Loss: 0.3305857083560877
INFO:root:Iter: 9| Accuracy: 0.8 | Loss: 0.22020831516462724
INFO:root:Iter: 10| Accuracy: 0.4 | Loss: 0.2632248816451266
INFO:root:Iter: 11| Accuracy: 0.3 | Loss: 0.32966905719092093
INFO:root:Iter: 12| Accuracy: 0.9 | Loss: 0.22277548253076884
INFO:root:Iter: 13| Accuracy: 0.7 | Loss: 0.2393237216120055
INFO:root:Iter: 14| Accuracy: 0.8 | Loss: 0.22845313823830637
INFO:root:Iter: 15| Accuracy: 0.5 | Loss: 0.27073070182877396
INFO:root:Iter: 16| Accuracy: 0.8 | Loss: 0.2590232384190834
INFO:root:Iter: 17| Accuracy: 0.7 | Loss: 0.26108894933942495
INFO:root:Iter: 18| Accuracy: 0.8 | Loss: 0.2164677723746744
INFO:root:Iter: 19| Accuracy: 0.3 | Loss: 0.2840047952041644
INFO:root:Iter: 20| Accuracy: 0.7 | Loss: 0.21545630674431998
INFO:root:epoch 6 : Training Accuracy 0.57 , Loss 0.24819207250729536, Time 0.49024991591771444 minutes, Validation Accuracy 0.355
INFO:root:start epoch 7
INFO:root:Iter: 1| Accuracy: 0.6 | Loss: 0.23072147860710657
INFO:root:Iter: 2| Accuracy: 1.0 | Loss: 0.17085264691622798
INFO:root:Iter: 3| Accuracy: 0.7 | Loss: 0.22591238119320406
INFO:root:Iter: 4| Accuracy: 0.4 | Loss: 0.31648643409861366
INFO:root:Iter: 5| Accuracy: 0.7 | Loss: 0.21345892693906574
INFO:root:Iter: 6| Accuracy: 0.4 | Loss: 0.2824353620905361
INFO:root:Iter: 7| Accuracy: 0.6 | Loss: 0.24347495136993308
INFO:root:Iter: 8| Accuracy: 0.3 | Loss: 0.2560347701268009
INFO:root:Iter: 9| Accuracy: 0.4 | Loss: 0.2317551885004348
INFO:root:Iter: 10| Accuracy: 0.6 | Loss: 0.1969387427489882
INFO:root:Iter: 11| Accuracy: 0.6 | Loss: 0.21394376088590566
INFO:root:Iter: 12| Accuracy: 0.5 | Loss: 0.2336147720622245
INFO:root:Iter: 13| Accuracy: 0.7 | Loss: 0.20569365311286925
INFO:root:Iter: 14| Accuracy: 0.6 | Loss: 0.24056674840721856
INFO:root:Iter: 15| Accuracy: 0.4 | Loss: 0.25190470854181235
INFO:root:Iter: 16| Accuracy: 0.5 | Loss: 0.2314097149013144
INFO:root:Iter: 17| Accuracy: 0.6 | Loss: 0.22932298030199583
INFO:root:Iter: 18| Accuracy: 0.8 | Loss: 0.21180909127117417
INFO:root:Iter: 19| Accuracy: 0.4 | Loss: 0.2478152427469741
INFO:root:Iter: 20| Accuracy: 0.3 | Loss: 0.27627972131444445
INFO:root:epoch 7 : Training Accuracy 0.555 , Loss 0.23247385597927767, Time 0.4880399783452352 minutes, Validation Accuracy 0.365
INFO:root:start epoch 8
INFO:root:Iter: 1| Accuracy: 0.7 | Loss: 0.22448881303906484
INFO:root:Iter: 2| Accuracy: 0.5 | Loss: 0.24098483604812512
INFO:root:Iter: 3| Accuracy: 0.7 | Loss: 0.239666414194724
INFO:root:Iter: 4| Accuracy: 0.3 | Loss: 0.250175639283995
INFO:root:Iter: 5| Accuracy: 0.3 | Loss: 0.30323694500885756
INFO:root:Iter: 6| Accuracy: 0.7 | Loss: 0.2404910340573904
INFO:root:Iter: 7| Accuracy: 0.8 | Loss: 0.21250214463400385
INFO:root:Iter: 8| Accuracy: 1.0 | Loss: 0.17681952464925638
INFO:root:Iter: 9| Accuracy: 0.4 | Loss: 0.2700161016169931
INFO:root:Iter: 10| Accuracy: 0.9 | Loss: 0.19005174251627072
INFO:root:Iter: 11| Accuracy: 1.0 | Loss: 0.17012761257507455
INFO:root:Iter: 12| Accuracy: 0.6 | Loss: 0.24061760834042095
INFO:root:Iter: 13| Accuracy: 0.9 | Loss: 0.18774853503164277
INFO:root:Iter: 14| Accuracy: 1.0 | Loss: 0.11579914313752256
INFO:root:Iter: 15| Accuracy: 0.6 | Loss: 0.2719977219249835
INFO:root:Iter: 16| Accuracy: 0.2 | Loss: 0.31058212779811667
INFO:root:Iter: 17| Accuracy: 0.2 | Loss: 0.28610725822656496
INFO:root:Iter: 18| Accuracy: 0.1 | Loss: 0.3134352240316231
INFO:root:Iter: 19| Accuracy: 0.7 | Loss: 0.24126394124276357
INFO:root:Iter: 20| Accuracy: 1.0 | Loss: 0.16985806270766393
INFO:root:epoch 8 : Training Accuracy 0.63 , Loss 0.23031373506976852, Time 0.786280874411265 minutes, Validation Accuracy 0.415
INFO:root:start epoch 9
INFO:root:Iter: 1| Accuracy: 0.9 | Loss: 0.19467936865430482
INFO:root:Iter: 2| Accuracy: 0.9 | Loss: 0.188814222812774
INFO:root:Iter: 3| Accuracy: 0.7 | Loss: 0.19248770116037453
INFO:root:Iter: 4| Accuracy: 0.9 | Loss: 0.18109765950561404
INFO:root:Iter: 5| Accuracy: 0.8 | Loss: 0.2133088581314344
INFO:root:Iter: 6| Accuracy: 0.6 | Loss: 0.23292252735099175
INFO:root:Iter: 7| Accuracy: 0.3 | Loss: 0.27761516662682845
INFO:root:Iter: 8| Accuracy: 0.5 | Loss: 0.2504206590947073
INFO:root:Iter: 9| Accuracy: 0.5 | Loss: 0.2549121854725086
INFO:root:Iter: 10| Accuracy: 0.2 | Loss: 0.2993781901494267
INFO:root:Iter: 11| Accuracy: 0.4 | Loss: 0.28517706448588476
INFO:root:Iter: 12| Accuracy: 0.6 | Loss: 0.23496446604780852
INFO:root:Iter: 13| Accuracy: 0.5 | Loss: 0.23361697692068656
INFO:root:Iter: 14| Accuracy: 1.0 | Loss: 0.183919983367366
INFO:root:Iter: 15| Accuracy: 0.9 | Loss: 0.19809856855032365
INFO:root:Iter: 16| Accuracy: 0.2 | Loss: 0.2754778579250117
INFO:root:Iter: 17| Accuracy: 0.2 | Loss: 0.31058469155683394
INFO:root:Iter: 18| Accuracy: 0.9 | Loss: 0.19003528799316283
INFO:root:Iter: 19| Accuracy: 0.4 | Loss: 0.2703707858579354
INFO:root:Iter: 20| Accuracy: 0.3 | Loss: 0.27737370189739197
INFO:root:epoch 9 : Training Accuracy 0.585 , Loss 0.23512087692646133, Time 0.6588421543439229 minutes, Validation Accuracy 0.325
INFO:root:start epoch 10
INFO:root:Iter: 1| Accuracy: 0.8 | Loss: 0.18469007444057625
INFO:root:Iter: 2| Accuracy: 0.7 | Loss: 0.23102977290068635
INFO:root:Iter: 3| Accuracy: 0.3 | Loss: 0.29332845687304426
INFO:root:Iter: 4| Accuracy: 0.3 | Loss: 0.2730022959984841
INFO:root:Iter: 5| Accuracy: 0.8 | Loss: 0.22525746581626738
INFO:root:Iter: 6| Accuracy: 0.5 | Loss: 0.26927216001416154
INFO:root:Iter: 7| Accuracy: 0.3 | Loss: 0.2892229607256124
INFO:root:Iter: 8| Accuracy: 0.5 | Loss: 0.27181043251737214
INFO:root:Iter: 9| Accuracy: 0.7 | Loss: 0.2207506308465606
INFO:root:Iter: 10| Accuracy: 0.3 | Loss: 0.2826802522163478
INFO:root:Iter: 11| Accuracy: 0.6 | Loss: 0.21545095575490875
INFO:root:Iter: 12| Accuracy: 0.9 | Loss: 0.21071776472376844
INFO:root:Iter: 13| Accuracy: 0.6 | Loss: 0.23881397971094306
INFO:root:Iter: 14| Accuracy: 0.5 | Loss: 0.25461514650192196
INFO:root:Iter: 15| Accuracy: 0.5 | Loss: 0.2494324994082877
INFO:root:Iter: 16| Accuracy: 0.5 | Loss: 0.23734921050425734
INFO:root:Iter: 17| Accuracy: 0.6 | Loss: 0.222085446259422
INFO:root:Iter: 18| Accuracy: 0.5 | Loss: 0.22334245733361852
INFO:root:Iter: 19| Accuracy: 0.2 | Loss: 0.2873579729299561
INFO:root:Iter: 20| Accuracy: 0.9 | Loss: 0.1811960054393355
INFO:root:epoch 10 : Training Accuracy 0.55 , Loss 0.2428707874266434, Time 1.1275984684626261 minutes, Validation Accuracy 0.34
INFO:root:start epoch 11
INFO:root:Iter: 1| Accuracy: 0.4 | Loss: 0.28013146320356197
INFO:root:Iter: 2| Accuracy: 0.8 | Loss: 0.25780829980290065
INFO:root:Iter: 3| Accuracy: 0.9 | Loss: 0.1961305488807935
INFO:root:Iter: 4| Accuracy: 0.9 | Loss: 0.21634204016473252
INFO:root:Iter: 5| Accuracy: 0.2 | Loss: 0.30471058211201063
INFO:root:Iter: 6| Accuracy: 1.0 | Loss: 0.12159591086345962
INFO:root:Iter: 7| Accuracy: 0.4 | Loss: 0.30555830497869635
INFO:root:Iter: 8| Accuracy: 0.8 | Loss: 0.20250516570540072
INFO:root:Iter: 9| Accuracy: 0.9 | Loss: 0.22504849057935594
INFO:root:Iter: 10| Accuracy: 0.9 | Loss: 0.18489641134344106
INFO:root:Iter: 11| Accuracy: 0.7 | Loss: 0.23506301958881962
INFO:root:Iter: 12| Accuracy: 0.8 | Loss: 0.20437988550075342
INFO:root:Iter: 13| Accuracy: 0.6 | Loss: 0.24715011881551954
INFO:root:Iter: 14| Accuracy: 0.6 | Loss: 0.2302554134796438
INFO:root:Iter: 15| Accuracy: 0.3 | Loss: 0.30972289054735713
INFO:root:Iter: 16| Accuracy: 0.6 | Loss: 0.24153289403078407
INFO:root:Iter: 17| Accuracy: 0.4 | Loss: 0.3174154443634532
INFO:root:Iter: 18| Accuracy: 0.7 | Loss: 0.23980991009860114
INFO:root:Iter: 19| Accuracy: 0.6 | Loss: 0.23833053687677763
INFO:root:Iter: 20| Accuracy: 0.8 | Loss: 0.23581658802720554
INFO:root:epoch 11 : Training Accuracy 0.665 , Loss 0.23830771866462488, Time 1.1230615536371866 minutes, Validation Accuracy 0.395
INFO:root:start epoch 12
INFO:root:Iter: 1| Accuracy: 0.9 | Loss: 0.1564976333853338
INFO:root:Iter: 2| Accuracy: 0.8 | Loss: 0.21156108171243537
INFO:root:Iter: 3| Accuracy: 0.6 | Loss: 0.23920106117221146
INFO:root:Iter: 4| Accuracy: 0.8 | Loss: 0.2276207030671499
INFO:root:Iter: 5| Accuracy: 0.6 | Loss: 0.23992191363167317
INFO:root:Iter: 6| Accuracy: 0.7 | Loss: 0.21895467423630702
INFO:root:Iter: 7| Accuracy: 0.6 | Loss: 0.25480456087820935
INFO:root:Iter: 8| Accuracy: 0.8 | Loss: 0.1961131326053297
INFO:root:Iter: 9| Accuracy: 1.0 | Loss: 0.1843975800813667
INFO:root:Iter: 10| Accuracy: 0.3 | Loss: 0.2682393148850374
INFO:root:Iter: 11| Accuracy: 0.7 | Loss: 0.22385536704071324
INFO:root:Iter: 12| Accuracy: 0.6 | Loss: 0.22852132096261712
INFO:root:Iter: 13| Accuracy: 0.4 | Loss: 0.2703786102432459
INFO:root:Iter: 14| Accuracy: 1.0 | Loss: 0.18554010783953895
INFO:root:Iter: 15| Accuracy: 0.5 | Loss: 0.26062018409113347
INFO:root:Iter: 16| Accuracy: 0.8 | Loss: 0.20793539033298156
INFO:root:Iter: 17| Accuracy: 0.4 | Loss: 0.25333565904618854
INFO:root:Iter: 18| Accuracy: 0.8 | Loss: 0.20040441350421237
INFO:root:Iter: 19| Accuracy: 0.3 | Loss: 0.28943319872809686
INFO:root:Iter: 20| Accuracy: 0.6 | Loss: 0.24323518877115338
INFO:root:epoch 12 : Training Accuracy 0.66 , Loss 0.22795473284906845, Time 1.115473473072052 minutes, Validation Accuracy 0.345
INFO:root:start epoch 13
INFO:root:Iter: 1| Accuracy: 0.2 | Loss: 0.3192915833869858
INFO:root:Iter: 2| Accuracy: 0.3 | Loss: 0.2684749330455339
INFO:root:Iter: 3| Accuracy: 0.7 | Loss: 0.21022737659611063
INFO:root:Iter: 4| Accuracy: 0.5 | Loss: 0.25219232759133625
INFO:root:Iter: 5| Accuracy: 0.5 | Loss: 0.24336548398339758
INFO:root:Iter: 6| Accuracy: 0.4 | Loss: 0.24181412059562027
INFO:root:Iter: 7| Accuracy: 0.9 | Loss: 0.21533788942745505
INFO:root:Iter: 8| Accuracy: 0.7 | Loss: 0.21707216047349323
INFO:root:Iter: 9| Accuracy: 0.4 | Loss: 0.2677617156871924
INFO:root:Iter: 10| Accuracy: 0.1 | Loss: 0.32081074526800346
INFO:root:Iter: 11| Accuracy: 0.8 | Loss: 0.20707815922456185
INFO:root:Iter: 12| Accuracy: 1.0 | Loss: 0.1695012885399593
INFO:root:Iter: 13| Accuracy: 0.5 | Loss: 0.255401796034442
INFO:root:Iter: 14| Accuracy: 0.7 | Loss: 0.22691106997520166
INFO:root:Iter: 15| Accuracy: 0.8 | Loss: 0.22893792804410745
INFO:root:Iter: 16| Accuracy: 0.8 | Loss: 0.20675425716223023
INFO:root:Iter: 17| Accuracy: 0.9 | Loss: 0.18695504756496703
INFO:root:Iter: 18| Accuracy: 0.2 | Loss: 0.2918961979112416
INFO:root:Iter: 19| Accuracy: 1.0 | Loss: 0.1631858164174941
INFO:root:Iter: 20| Accuracy: 0.4 | Loss: 0.2666329034661148
INFO:root:epoch 13 : Training Accuracy 0.59 , Loss 0.23909848579380835, Time 1.1184818585713705 minutes, Validation Accuracy 0.415
INFO:root:start epoch 14
INFO:root:Iter: 1| Accuracy: 0.6 | Loss: 0.24783673016553628
INFO:root:Iter: 2| Accuracy: 0.7 | Loss: 0.21490212425993827
INFO:root:Iter: 3| Accuracy: 0.7 | Loss: 0.20375320564293897
INFO:root:Iter: 4| Accuracy: 0.7 | Loss: 0.21504734651888371
INFO:root:Iter: 5| Accuracy: 0.8 | Loss: 0.23245037367869648
INFO:root:Iter: 6| Accuracy: 0.3 | Loss: 0.29093410083584137
INFO:root:Iter: 7| Accuracy: 1.0 | Loss: 0.16143233219402622
INFO:root:Iter: 8| Accuracy: 0.7 | Loss: 0.23678044795687242
INFO:root:Iter: 9| Accuracy: 0.7 | Loss: 0.24524620456502005
INFO:root:Iter: 10| Accuracy: 0.4 | Loss: 0.30251363780773793
INFO:root:Iter: 11| Accuracy: 0.2 | Loss: 0.31342645678371206
INFO:root:Iter: 12| Accuracy: 0.5 | Loss: 0.2389939623774771
INFO:root:Iter: 13| Accuracy: 1.0 | Loss: 0.15287354222300417
INFO:root:Iter: 14| Accuracy: 0.3 | Loss: 0.3123408257931267
INFO:root:Iter: 15| Accuracy: 0.8 | Loss: 0.20605810341603753
INFO:root:Iter: 16| Accuracy: 0.9 | Loss: 0.19482207455289952
INFO:root:Iter: 17| Accuracy: 0.4 | Loss: 0.2809904336668648
INFO:root:Iter: 18| Accuracy: 0.6 | Loss: 0.2852280485547651
INFO:root:Iter: 19| Accuracy: 0.1 | Loss: 0.31275639664706145
INFO:root:Iter: 20| Accuracy: 0.3 | Loss: 0.28493549341668806
INFO:root:epoch 14 : Training Accuracy 0.585 , Loss 0.24620345356873813, Time 0.7020419160525004 minutes, Validation Accuracy 0.37
INFO:root:start epoch 15
INFO:root:Iter: 1| Accuracy: 0.9 | Loss: 0.18648253575386564
INFO:root:Iter: 2| Accuracy: 0.5 | Loss: 0.2282625885891687
INFO:root:Iter: 3| Accuracy: 0.6 | Loss: 0.23106735499835923
INFO:root:Iter: 4| Accuracy: 0.6 | Loss: 0.223628125562859
INFO:root:Iter: 5| Accuracy: 0.7 | Loss: 0.23149445295453858
INFO:root:Iter: 6| Accuracy: 0.9 | Loss: 0.20165648863547103
INFO:root:Iter: 7| Accuracy: 0.4 | Loss: 0.2867266047875042
INFO:root:Iter: 8| Accuracy: 0.5 | Loss: 0.20367182177661497
INFO:root:Iter: 9| Accuracy: 0.5 | Loss: 0.24378122367221983
INFO:root:Iter: 10| Accuracy: 0.3 | Loss: 0.26762907659340557
INFO:root:Iter: 11| Accuracy: 0.4 | Loss: 0.29504993535607177
INFO:root:Iter: 12| Accuracy: 0.3 | Loss: 0.28067428851367726
INFO:root:Iter: 13| Accuracy: 0.7 | Loss: 0.22033596749956388
INFO:root:Iter: 14| Accuracy: 0.8 | Loss: 0.21750424519604233
INFO:root:Iter: 15| Accuracy: 0.5 | Loss: 0.25683372733771614
INFO:root:Iter: 16| Accuracy: 0.4 | Loss: 0.23119820152682427
INFO:root:Iter: 17| Accuracy: 0.4 | Loss: 0.27718307193060554
INFO:root:Iter: 18| Accuracy: 0.5 | Loss: 0.23615146286763014
INFO:root:Iter: 19| Accuracy: 0.5 | Loss: 0.2211184358692738
INFO:root:Iter: 20| Accuracy: 0.9 | Loss: 0.19392725652117876
INFO:root:epoch 15 : Training Accuracy 0.565 , Loss 0.23608280402074366, Time 0.49131322701772057 minutes, Validation Accuracy 0.335
INFO:root:start epoch 16
INFO:root:Iter: 1| Accuracy: 0.7 | Loss: 0.22185067265500824
INFO:root:Iter: 2| Accuracy: 0.7 | Loss: 0.21879193402806782
INFO:root:Iter: 3| Accuracy: 0.9 | Loss: 0.1922298554416354
INFO:root:Iter: 4| Accuracy: 0.8 | Loss: 0.1990862884611224
INFO:root:Iter: 5| Accuracy: 0.1 | Loss: 0.2939429450205497
INFO:root:Iter: 6| Accuracy: 0.5 | Loss: 0.27387748446379595
INFO:root:Iter: 7| Accuracy: 0.8 | Loss: 0.22395568256960674
INFO:root:Iter: 8| Accuracy: 0.5 | Loss: 0.2536045287486183
INFO:root:Iter: 9| Accuracy: 0.8 | Loss: 0.18670748064537881
INFO:root:Iter: 10| Accuracy: 0.6 | Loss: 0.23927274605236457
INFO:root:Iter: 11| Accuracy: 0.6 | Loss: 0.21185851307177347
INFO:root:Iter: 12| Accuracy: 0.8 | Loss: 0.18758562811746743
INFO:root:Iter: 13| Accuracy: 0.3 | Loss: 0.313202696500073
INFO:root:Iter: 14| Accuracy: 0.8 | Loss: 0.22302503074548263
INFO:root:Iter: 15| Accuracy: 0.6 | Loss: 0.2538695663601046
INFO:root:Iter: 16| Accuracy: 1.0 | Loss: 0.1591050851398492
INFO:root:Iter: 17| Accuracy: 1.0 | Loss: 0.14389335533370531
INFO:root:Iter: 18| Accuracy: 0.6 | Loss: 0.23415498308428573
INFO:root:Iter: 19| Accuracy: 0.4 | Loss: 0.2752228023144227
INFO:root:Iter: 20| Accuracy: 0.8 | Loss: 0.22518277804316678
INFO:root:epoch 16 : Training Accuracy 0.665 , Loss 0.22638192377693855, Time 0.6922571857770284 minutes, Validation Accuracy 0.435
INFO:root:start epoch 17
INFO:root:Iter: 1| Accuracy: 0.2 | Loss: 0.34496146415802637
INFO:root:Iter: 2| Accuracy: 0.9 | Loss: 0.20421499710697852
INFO:root:Iter: 3| Accuracy: 1.0 | Loss: 0.17187069757999845
INFO:root:Iter: 4| Accuracy: 0.3 | Loss: 0.29599445061769125
INFO:root:Iter: 5| Accuracy: 0.6 | Loss: 0.25642322932954664
INFO:root:Iter: 6| Accuracy: 0.9 | Loss: 0.19895595548377415
INFO:root:Iter: 7| Accuracy: 0.9 | Loss: 0.1875900204688894
INFO:root:Iter: 8| Accuracy: 0.6 | Loss: 0.22832364267838826
INFO:root:Iter: 9| Accuracy: 0.3 | Loss: 0.25823052147353437
INFO:root:Iter: 10| Accuracy: 0.7 | Loss: 0.22450161677628883
INFO:root:Iter: 11| Accuracy: 0.5 | Loss: 0.21968829615795835
INFO:root:Iter: 12| Accuracy: 0.3 | Loss: 0.2925286974441726
INFO:root:Iter: 13| Accuracy: 0.6 | Loss: 0.2189066022411132
INFO:root:Iter: 14| Accuracy: 0.7 | Loss: 0.25114682219780354
INFO:root:Iter: 15| Accuracy: 0.9 | Loss: 0.17194229573405095
INFO:root:Iter: 16| Accuracy: 0.5 | Loss: 0.24848732126069056
INFO:root:Iter: 17| Accuracy: 0.8 | Loss: 0.2080277935432054
INFO:root:Iter: 18| Accuracy: 0.2 | Loss: 0.3168696211332697
INFO:root:Iter: 19| Accuracy: 1.0 | Loss: 0.14299605640782437
INFO:root:Iter: 20| Accuracy: 0.5 | Loss: 0.2558542332243348
INFO:root:epoch 17 : Training Accuracy 0.62 , Loss 0.23583210782521, Time 0.8628914475440979 minutes, Validation Accuracy 0.425
INFO:root:start epoch 18
INFO:root:Iter: 1| Accuracy: 0.4 | Loss: 0.28754773289485747
INFO:root:Iter: 2| Accuracy: 0.7 | Loss: 0.22601739141436114
INFO:root:Iter: 3| Accuracy: 1.0 | Loss: 0.18400165275244812
INFO:root:Iter: 4| Accuracy: 0.3 | Loss: 0.27602154283954206
INFO:root:Iter: 5| Accuracy: 0.8 | Loss: 0.20564383381078705
INFO:root:Iter: 6| Accuracy: 0.5 | Loss: 0.2513310615790993
INFO:root:Iter: 7| Accuracy: 0.7 | Loss: 0.2225825128949217
INFO:root:Iter: 8| Accuracy: 1.0 | Loss: 0.1775076174042845
INFO:root:Iter: 9| Accuracy: 0.8 | Loss: 0.19001415495669466
INFO:root:Iter: 10| Accuracy: 0.3 | Loss: 0.29301894004855467
INFO:root:Iter: 11| Accuracy: 0.7 | Loss: 0.19134773451082526
INFO:root:Iter: 12| Accuracy: 0.2 | Loss: 0.2681444857944018
INFO:root:Iter: 13| Accuracy: 0.7 | Loss: 0.22268242940907132
INFO:root:Iter: 14| Accuracy: 0.6 | Loss: 0.2258865225386419
INFO:root:Iter: 15| Accuracy: 0.6 | Loss: 0.24262336474248714
INFO:root:Iter: 16| Accuracy: 0.7 | Loss: 0.2130958049767672
INFO:root:Iter: 17| Accuracy: 0.7 | Loss: 0.22222449787193782
INFO:root:Iter: 18| Accuracy: 0.0 | Loss: 0.3611241396349595
INFO:root:Iter: 19| Accuracy: 0.7 | Loss: 0.2159691368064966
INFO:root:Iter: 20| Accuracy: 0.5 | Loss: 0.23694745121494293
INFO:root:epoch 18 : Training Accuracy 0.595 , Loss 0.2336328409268148, Time 0.4870676676432292 minutes, Validation Accuracy 0.485
INFO:root:start epoch 19
INFO:root:Iter: 1| Accuracy: 0.9 | Loss: 0.20842941648068933
INFO:root:Iter: 2| Accuracy: 1.0 | Loss: 0.2068872419161702
INFO:root:Iter: 3| Accuracy: 0.7 | Loss: 0.22773262025211388
INFO:root:Iter: 4| Accuracy: 0.4 | Loss: 0.26600580391717465
INFO:root:Iter: 5| Accuracy: 0.8 | Loss: 0.2230579182919084
INFO:root:Iter: 6| Accuracy: 0.6 | Loss: 0.21322601026749294
INFO:root:Iter: 7| Accuracy: 0.6 | Loss: 0.22394925622575806
INFO:root:Iter: 8| Accuracy: 0.4 | Loss: 0.29619155112702716
INFO:root:Iter: 9| Accuracy: 1.0 | Loss: 0.18527982560202302
INFO:root:Iter: 10| Accuracy: 0.7 | Loss: 0.21548093935128715
INFO:root:Iter: 11| Accuracy: 0.4 | Loss: 0.25772642570482435
INFO:root:Iter: 12| Accuracy: 1.0 | Loss: 0.15067842726202402
INFO:root:Iter: 13| Accuracy: 0.2 | Loss: 0.3006202768297693
INFO:root:Iter: 14| Accuracy: 0.8 | Loss: 0.18936097343381603
INFO:root:Iter: 15| Accuracy: 0.3 | Loss: 0.27618416540258073
INFO:root:Iter: 16| Accuracy: 1.0 | Loss: 0.1326565958212274
INFO:root:Iter: 17| Accuracy: 0.1 | Loss: 0.35907240532199497
INFO:root:Iter: 18| Accuracy: 0.7 | Loss: 0.2370763021111509
INFO:root:Iter: 19| Accuracy: 0.7 | Loss: 0.2053086144838323
INFO:root:Iter: 20| Accuracy: 0.7 | Loss: 0.22078496752128984
INFO:root:epoch 19 : Training Accuracy 0.65 , Loss 0.2290148624403811, Time 0.4881244659423828 minutes, Validation Accuracy 0.525
INFO:root:start epoch 20
INFO:root:Iter: 1| Accuracy: 0.1 | Loss: 0.3135080592393045
INFO:root:Iter: 2| Accuracy: 0.7 | Loss: 0.205497913528653
INFO:root:Iter: 3| Accuracy: 0.8 | Loss: 0.1827150362421212
INFO:root:Iter: 4| Accuracy: 0.7 | Loss: 0.1923786922279484
INFO:root:Iter: 5| Accuracy: 1.0 | Loss: 0.13800714176007461
INFO:root:Iter: 6| Accuracy: 0.5 | Loss: 0.22922815920893463
INFO:root:Iter: 7| Accuracy: 0.5 | Loss: 0.285480010441382
INFO:root:Iter: 8| Accuracy: 0.4 | Loss: 0.23286189394549633
INFO:root:Iter: 9| Accuracy: 0.9 | Loss: 0.1871579005542435
INFO:root:Iter: 10| Accuracy: 0.8 | Loss: 0.2172719969015227
INFO:root:Iter: 11| Accuracy: 0.4 | Loss: 0.27081935822763953
INFO:root:Iter: 12| Accuracy: 0.6 | Loss: 0.22500086615957748
INFO:root:Iter: 13| Accuracy: 0.5 | Loss: 0.2539511527535268
INFO:root:Iter: 14| Accuracy: 0.8 | Loss: 0.19880150890407025
INFO:root:Iter: 15| Accuracy: 0.4 | Loss: 0.27597316880591904
INFO:root:Iter: 16| Accuracy: 0.7 | Loss: 0.2198581661451359
INFO:root:Iter: 17| Accuracy: 1.0 | Loss: 0.12060462177522338
INFO:root:Iter: 18| Accuracy: 0.3 | Loss: 0.32041290200631234
INFO:root:Iter: 19| Accuracy: 1.0 | Loss: 0.16058840369098953
INFO:root:Iter: 20| Accuracy: 0.0 | Loss: 0.36329131519650415
INFO:root:epoch 20 : Training Accuracy 0.605 , Loss 0.2264587193959238, Time 0.4871092716852824 minutes, Validation Accuracy 0.6
INFO:root:start epoch 21
INFO:root:Iter: 1| Accuracy: 0.5 | Loss: 0.225984528194686
INFO:root:Iter: 2| Accuracy: 0.8 | Loss: 0.20006032960062892
INFO:root:Iter: 3| Accuracy: 0.9 | Loss: 0.19114617449572613
INFO:root:Iter: 4| Accuracy: 0.8 | Loss: 0.1943991300824129
INFO:root:Iter: 5| Accuracy: 0.9 | Loss: 0.184864508315204
INFO:root:Iter: 6| Accuracy: 0.7 | Loss: 0.21046216793640174
INFO:root:Iter: 7| Accuracy: 0.7 | Loss: 0.23133006591595318
INFO:root:Iter: 8| Accuracy: 0.2 | Loss: 0.35132766795237935
INFO:root:Iter: 9| Accuracy: 1.0 | Loss: 0.16277818377863115
INFO:root:Iter: 10| Accuracy: 0.4 | Loss: 0.24106218880195276
INFO:root:Iter: 11| Accuracy: 0.9 | Loss: 0.19471243816374165
INFO:root:Iter: 12| Accuracy: 0.3 | Loss: 0.31641595893958285
INFO:root:Iter: 13| Accuracy: 0.2 | Loss: 0.3162480343628006
INFO:root:Iter: 14| Accuracy: 0.5 | Loss: 0.2302852075910356
INFO:root:Iter: 15| Accuracy: 0.9 | Loss: 0.1730178389292069
INFO:root:Iter: 16| Accuracy: 0.8 | Loss: 0.20643036032750506
INFO:root:Iter: 17| Accuracy: 0.7 | Loss: 0.20784813859072798
INFO:root:Iter: 18| Accuracy: 0.9 | Loss: 0.1806257583973459
INFO:root:Iter: 19| Accuracy: 0.7 | Loss: 0.2279633811550176
INFO:root:Iter: 20| Accuracy: 0.7 | Loss: 0.2306132306180655
INFO:root:epoch 21 : Training Accuracy 0.675 , Loss 0.2211762322866202, Time 0.4902539650599162 minutes, Validation Accuracy 0.69
INFO:root:start epoch 22
INFO:root:Iter: 1| Accuracy: 0.7 | Loss: 0.20231876004932187
INFO:root:Iter: 2| Accuracy: 0.8 | Loss: 0.21655333771443233
INFO:root:Iter: 3| Accuracy: 0.8 | Loss: 0.21451196023367505
INFO:root:Iter: 4| Accuracy: 0.1 | Loss: 0.35917412223754386
INFO:root:Iter: 5| Accuracy: 0.7 | Loss: 0.2396535495971063
INFO:root:Iter: 6| Accuracy: 0.8 | Loss: 0.18922151997611514
INFO:root:Iter: 7| Accuracy: 0.9 | Loss: 0.17494531989661433
INFO:root:Iter: 8| Accuracy: 0.9 | Loss: 0.18023689635089796
INFO:root:Iter: 9| Accuracy: 0.3 | Loss: 0.33598920168707813
INFO:root:Iter: 10| Accuracy: 1.0 | Loss: 0.13801734600699628
INFO:root:Iter: 11| Accuracy: 0.5 | Loss: 0.2519707746494574
INFO:root:Iter: 12| Accuracy: 0.9 | Loss: 0.18624933829822388
INFO:root:Iter: 13| Accuracy: 0.8 | Loss: 0.21537918509771012
INFO:root:Iter: 14| Accuracy: 1.0 | Loss: 0.14298783261832043
INFO:root:Iter: 15| Accuracy: 0.0 | Loss: 0.4108839230275197
INFO:root:Iter: 16| Accuracy: 1.0 | Loss: 0.12072353397129995
INFO:root:Iter: 17| Accuracy: 0.8 | Loss: 0.18619965256052032
INFO:root:Iter: 18| Accuracy: 1.0 | Loss: 0.13463975341457976
INFO:root:Iter: 19| Accuracy: 0.2 | Loss: 0.35538588594060866
INFO:root:Iter: 20| Accuracy: 0.0 | Loss: 0.3498159151192074
INFO:root:epoch 22 : Training Accuracy 0.66 , Loss 0.22355549581188158, Time 0.49012994368871055 minutes, Validation Accuracy 0.8
INFO:root:start epoch 23
INFO:root:Iter: 1| Accuracy: 0.8 | Loss: 0.1607957790353161
INFO:root:Iter: 2| Accuracy: 0.9 | Loss: 0.1808562247308529
INFO:root:Iter: 3| Accuracy: 0.1 | Loss: 0.31914396471427364
INFO:root:Iter: 4| Accuracy: 1.0 | Loss: 0.1324287508694637
INFO:root:Iter: 5| Accuracy: 0.8 | Loss: 0.17576197043132344
INFO:root:Iter: 6| Accuracy: 0.1 | Loss: 0.37648943651833283
INFO:root:Iter: 7| Accuracy: 0.9 | Loss: 0.1435574311097369
INFO:root:Iter: 8| Accuracy: 0.5 | Loss: 0.25185490167817065
INFO:root:Iter: 9| Accuracy: 0.7 | Loss: 0.16533366940674762
INFO:root:Iter: 10| Accuracy: 0.9 | Loss: 0.15816319949238405
INFO:root:Iter: 11| Accuracy: 0.9 | Loss: 0.17288210971126677
INFO:root:Iter: 12| Accuracy: 0.0 | Loss: 0.36149442914161006
INFO:root:Iter: 13| Accuracy: 0.7 | Loss: 0.20995252903896802
INFO:root:Iter: 14| Accuracy: 0.9 | Loss: 0.1650359237451521
INFO:root:Iter: 15| Accuracy: 0.2 | Loss: 0.3593790018664296
INFO:root:Iter: 16| Accuracy: 0.8 | Loss: 0.17457181507409872
INFO:root:Iter: 17| Accuracy: 0.8 | Loss: 0.19569045567306084
INFO:root:Iter: 18| Accuracy: 0.9 | Loss: 0.16408547203644852
INFO:root:Iter: 19| Accuracy: 0.7 | Loss: 0.19381979750921582
INFO:root:Iter: 20| Accuracy: 0.9 | Loss: 0.16542936915331205
INFO:root:epoch 23 : Training Accuracy 0.675 , Loss 0.2097706216425806, Time 0.4893014589945475 minutes, Validation Accuracy 0.755
INFO:root:start epoch 24
INFO:root:Iter: 1| Accuracy: 0.6 | Loss: 0.24815243090857025
INFO:root:Iter: 2| Accuracy: 0.8 | Loss: 0.17298115392326152
INFO:root:Iter: 3| Accuracy: 0.9 | Loss: 0.17942280427211896
INFO:root:Iter: 4| Accuracy: 1.0 | Loss: 0.15994457837601062
INFO:root:Iter: 5| Accuracy: 1.0 | Loss: 0.15681303852142164
INFO:root:Iter: 6| Accuracy: 0.9 | Loss: 0.160099475054025
INFO:root:Iter: 7| Accuracy: 1.0 | Loss: 0.13352182137358198
INFO:root:Iter: 8| Accuracy: 0.1 | Loss: 0.3920846756151531
INFO:root:Iter: 9| Accuracy: 0.8 | Loss: 0.21272597882335859
INFO:root:Iter: 10| Accuracy: 0.5 | Loss: 0.2780271264754809
INFO:root:Iter: 11| Accuracy: 0.0 | Loss: 0.36752978277445914
INFO:root:Iter: 12| Accuracy: 1.0 | Loss: 0.09697910355896458
INFO:root:Iter: 13| Accuracy: 0.9 | Loss: 0.15953213646603057
INFO:root:Iter: 14| Accuracy: 0.7 | Loss: 0.18532728839303902
INFO:root:Iter: 15| Accuracy: 1.0 | Loss: 0.1349043074761391
INFO:root:Iter: 16| Accuracy: 0.8 | Loss: 0.15812772595579333
INFO:root:Iter: 17| Accuracy: 0.1 | Loss: 0.36356796999844454
INFO:root:Iter: 18| Accuracy: 0.1 | Loss: 0.4091194822103984
INFO:root:Iter: 19| Accuracy: 1.0 | Loss: 0.12033943497551144
INFO:root:Iter: 20| Accuracy: 0.2 | Loss: 0.36981572622572034
INFO:root:epoch 24 : Training Accuracy 0.67 , Loss 0.21752022155702974, Time 0.4871807336807251 minutes, Validation Accuracy 0.815
INFO:root:start epoch 25
INFO:root:Iter: 1| Accuracy: 0.9 | Loss: 0.14295824138506247
INFO:root:Iter: 2| Accuracy: 1.0 | Loss: 0.17290241023358593
INFO:root:Iter: 3| Accuracy: 1.0 | Loss: 0.11871489937180468
INFO:root:Iter: 4| Accuracy: 1.0 | Loss: 0.1522105976058987
INFO:root:Iter: 5| Accuracy: 0.1 | Loss: 0.3888744592620351
INFO:root:Iter: 6| Accuracy: 1.0 | Loss: 0.13771548342310128
INFO:root:Iter: 7| Accuracy: 1.0 | Loss: 0.1252905150703161
INFO:root:Iter: 8| Accuracy: 0.1 | Loss: 0.3933841820548384
INFO:root:Iter: 9| Accuracy: 0.9 | Loss: 0.1322736485389547
INFO:root:Iter: 10| Accuracy: 0.2 | Loss: 0.3931753952178168
INFO:root:Iter: 11| Accuracy: 0.8 | Loss: 0.16825489933675186
INFO:root:Iter: 12| Accuracy: 0.4 | Loss: 0.3584261488618101
INFO:root:Iter: 13| Accuracy: 0.1 | Loss: 0.3679937313312484
INFO:root:Iter: 14| Accuracy: 0.6 | Loss: 0.17345300901704114
INFO:root:Iter: 15| Accuracy: 0.9 | Loss: 0.1406861369302485
INFO:root:Iter: 16| Accuracy: 0.7 | Loss: 0.21839445039565505
INFO:root:Iter: 17| Accuracy: 1.0 | Loss: 0.11916520826613346
INFO:root:Iter: 18| Accuracy: 1.0 | Loss: 0.15056136655206404
INFO:root:Iter: 19| Accuracy: 0.9 | Loss: 0.1400563125298395
INFO:root:Iter: 20| Accuracy: 0.0 | Loss: 0.38673817592577453
INFO:root:epoch 25 : Training Accuracy 0.68 , Loss 0.21808982556941506, Time 0.48920214573542276 minutes, Validation Accuracy 0.89
INFO:root:start epoch 26
INFO:root:Iter: 1| Accuracy: 1.0 | Loss: 0.17095254185583564
INFO:root:Iter: 2| Accuracy: 0.8 | Loss: 0.17450190332047494
INFO:root:Iter: 3| Accuracy: 1.0 | Loss: 0.10764361121386815
INFO:root:Iter: 4| Accuracy: 1.0 | Loss: 0.12685223047253952
INFO:root:Iter: 5| Accuracy: 0.1 | Loss: 0.3863968871007125
INFO:root:Iter: 6| Accuracy: 0.9 | Loss: 0.11864615089624833
INFO:root:Iter: 7| Accuracy: 0.8 | Loss: 0.17162445412005115
INFO:root:Iter: 8| Accuracy: 0.8 | Loss: 0.15331656888510972
INFO:root:Iter: 9| Accuracy: 0.9 | Loss: 0.13691512252648427
INFO:root:Iter: 10| Accuracy: 0.0 | Loss: 0.42172961212242843
INFO:root:Iter: 11| Accuracy: 0.9 | Loss: 0.12935164700234963
INFO:root:Iter: 12| Accuracy: 1.0 | Loss: 0.15271723082579017
INFO:root:Iter: 13| Accuracy: 0.9 | Loss: 0.1497316889276038
INFO:root:Iter: 14| Accuracy: 0.1 | Loss: 0.3608699033425878
INFO:root:Iter: 15| Accuracy: 1.0 | Loss: 0.10599198689678586
INFO:root:Iter: 16| Accuracy: 0.9 | Loss: 0.14078407774034712
INFO:root:Iter: 17| Accuracy: 1.0 | Loss: 0.13028829551750812
INFO:root:Iter: 18| Accuracy: 0.8 | Loss: 0.17433521117850623
INFO:root:Iter: 19| Accuracy: 0.8 | Loss: 0.16185250290239514
INFO:root:Iter: 20| Accuracy: 0.8 | Loss: 0.15988113400756898
INFO:root:epoch 26 : Training Accuracy 0.775 , Loss 0.17873755410629322, Time 0.49044683774312336 minutes, Validation Accuracy 0.89
INFO:root:start epoch 27
INFO:root:Iter: 1| Accuracy: 0.8 | Loss: 0.13595927697579122
INFO:root:Iter: 2| Accuracy: 0.7 | Loss: 0.18290684601855212
INFO:root:Iter: 3| Accuracy: 0.8 | Loss: 0.16577381573610256
INFO:root:Iter: 4| Accuracy: 0.8 | Loss: 0.15616929492928167
INFO:root:Iter: 5| Accuracy: 1.0 | Loss: 0.12004691007340502
INFO:root:Iter: 6| Accuracy: 1.0 | Loss: 0.14699157770940335
INFO:root:Iter: 7| Accuracy: 0.9 | Loss: 0.14837396509305073
INFO:root:Iter: 8| Accuracy: 0.9 | Loss: 0.1526860410672069
INFO:root:Iter: 9| Accuracy: 1.0 | Loss: 0.12144125278948899
INFO:root:Iter: 10| Accuracy: 1.0 | Loss: 0.13879629820025216
INFO:root:Iter: 11| Accuracy: 0.9 | Loss: 0.13371792638783625
INFO:root:Iter: 12| Accuracy: 0.9 | Loss: 0.11940661894725017
INFO:root:Iter: 13| Accuracy: 0.8 | Loss: 0.15818683608328427
INFO:root:Iter: 14| Accuracy: 1.0 | Loss: 0.10763278007593366
INFO:root:Iter: 15| Accuracy: 0.9 | Loss: 0.09807581009504243
INFO:root:Iter: 16| Accuracy: 1.0 | Loss: 0.11117452402551646
INFO:root:Iter: 17| Accuracy: 1.0 | Loss: 0.11836171657588923
INFO:root:Iter: 18| Accuracy: 0.7 | Loss: 0.25449975844828493
INFO:root:Iter: 19| Accuracy: 0.9 | Loss: 0.12244468185903867
INFO:root:Iter: 20| Accuracy: 1.0 | Loss: 0.11759437305681142
INFO:root:epoch 27 : Training Accuracy 0.9 , Loss 0.13086889777903676, Time 0.4879804849624634 minutes, Validation Accuracy 0.915
INFO:root:start epoch 28
INFO:root:Iter: 1| Accuracy: 1.0 | Loss: 0.08844597802819408
INFO:root:Iter: 2| Accuracy: 1.0 | Loss: 0.09627527413938697
INFO:root:Iter: 3| Accuracy: 1.0 | Loss: 0.07869298240133019
INFO:root:Iter: 4| Accuracy: 0.0 | Loss: 0.5075691666488852
INFO:root:Iter: 5| Accuracy: 1.0 | Loss: 0.10810317002229042
INFO:root:Iter: 6| Accuracy: 1.0 | Loss: 0.09011746514267907
INFO:root:Iter: 7| Accuracy: 0.1 | Loss: 0.4382189385778747
INFO:root:Iter: 8| Accuracy: 0.9 | Loss: 0.1315209958450297
INFO:root:Iter: 9| Accuracy: 1.0 | Loss: 0.10896337116662953
INFO:root:Iter: 10| Accuracy: 1.0 | Loss: 0.10110650634875437
INFO:root:Iter: 11| Accuracy: 0.1 | Loss: 0.4671201481909447
INFO:root:Iter: 12| Accuracy: 1.0 | Loss: 0.08422753284676607
INFO:root:Iter: 13| Accuracy: 0.9 | Loss: 0.13577525466709006
INFO:root:Iter: 14| Accuracy: 0.8 | Loss: 0.12831794429206073
INFO:root:Iter: 15| Accuracy: 0.6 | Loss: 0.24065759245368704
INFO:root:Iter: 16| Accuracy: 1.0 | Loss: 0.124176177648528
INFO:root:Iter: 17| Accuracy: 0.7 | Loss: 0.135793615731147
INFO:root:Iter: 18| Accuracy: 0.0 | Loss: 0.5401449523632746
INFO:root:Iter: 19| Accuracy: 1.0 | Loss: 0.07178194281155643
INFO:root:Iter: 20| Accuracy: 1.0 | Loss: 0.09317566966153774
INFO:root:epoch 28 : Training Accuracy 0.755 , Loss 0.1887735947750569, Time 0.4885330518086751 minutes, Validation Accuracy 0.985
INFO:root:start epoch 29
INFO:root:Iter: 1| Accuracy: 1.0 | Loss: 0.08185353255102343
INFO:root:Iter: 2| Accuracy: 1.0 | Loss: 0.08990100258109618
INFO:root:Iter: 3| Accuracy: 0.7 | Loss: 0.20600235811774886
INFO:root:Iter: 4| Accuracy: 0.0 | Loss: 0.5536636264095949
INFO:root:Iter: 5| Accuracy: 0.7 | Loss: 0.26501272843866286
INFO:root:Iter: 6| Accuracy: 1.0 | Loss: 0.07222542077538202
INFO:root:Iter: 7| Accuracy: 1.0 | Loss: 0.10384582650578678
INFO:root:Iter: 8| Accuracy: 1.0 | Loss: 0.10348474836766183
INFO:root:Iter: 9| Accuracy: 0.0 | Loss: 0.5098437286886744
INFO:root:Iter: 10| Accuracy: 1.0 | Loss: 0.06703543856652644
INFO:root:Iter: 11| Accuracy: 0.9 | Loss: 0.13346107412627278
INFO:root:Iter: 12| Accuracy: 0.0 | Loss: 0.525908490884537
INFO:root:Iter: 13| Accuracy: 0.9 | Loss: 0.16333661431580643
INFO:root:Iter: 14| Accuracy: 0.9 | Loss: 0.10730528386086184
INFO:root:Iter: 15| Accuracy: 0.8 | Loss: 0.17539488018483745
INFO:root:Iter: 16| Accuracy: 0.1 | Loss: 0.5159483756259523
INFO:root:Iter: 17| Accuracy: 0.8 | Loss: 0.14277892326859074
INFO:root:Iter: 18| Accuracy: 0.0 | Loss: 0.5117852567103172
INFO:root:Iter: 19| Accuracy: 0.9 | Loss: 0.13564711892694153
INFO:root:Iter: 20| Accuracy: 1.0 | Loss: 0.07327614698029995
INFO:root:epoch 29 : Training Accuracy 0.685 , Loss 0.2251128186391596, Time 0.48838076988856 minutes, Validation Accuracy 0.935
INFO:root:start epoch 30
INFO:root:Iter: 1| Accuracy: 0.7 | Loss: 0.1197774451854841
INFO:root:Iter: 2| Accuracy: 0.8 | Loss: 0.1262701678779891
INFO:root:Iter: 3| Accuracy: 1.0 | Loss: 0.08385884094458178
INFO:root:Iter: 4| Accuracy: 0.0 | Loss: 0.5071339042864802
INFO:root:Iter: 5| Accuracy: 1.0 | Loss: 0.07980430225707681
INFO:root:Iter: 6| Accuracy: 1.0 | Loss: 0.10523093055848802
INFO:root:Iter: 7| Accuracy: 0.0 | Loss: 0.498667582565761
INFO:root:Iter: 8| Accuracy: 0.9 | Loss: 0.09744513518405487
INFO:root:Iter: 9| Accuracy: 0.9 | Loss: 0.10562282885940495
INFO:root:Iter: 10| Accuracy: 1.0 | Loss: 0.10515981370323615
INFO:root:Iter: 11| Accuracy: 0.7 | Loss: 0.19395578578012243
INFO:root:Iter: 12| Accuracy: 0.0 | Loss: 0.5680728938574049
INFO:root:Iter: 13| Accuracy: 0.9 | Loss: 0.11051411746571731
INFO:root:Iter: 14| Accuracy: 0.0 | Loss: 0.5264430930678222
INFO:root:Iter: 15| Accuracy: 0.9 | Loss: 0.1056299376128248
INFO:root:Iter: 16| Accuracy: 1.0 | Loss: 0.06387190246980903
INFO:root:Iter: 17| Accuracy: 0.9 | Loss: 0.09911501282973825
INFO:root:Iter: 18| Accuracy: 0.2 | Loss: 0.449300339714991
INFO:root:Iter: 19| Accuracy: 0.6 | Loss: 0.1952777911871016
INFO:root:Iter: 20| Accuracy: 0.1 | Loss: 0.5100185341077705
INFO:root:epoch 30 : Training Accuracy 0.63 , Loss 0.23054836941637308, Time 0.486403222878774 minutes, Validation Accuracy 0.965
INFO:root:start epoch 31
INFO:root:Iter: 1| Accuracy: 1.0 | Loss: 0.09023747494177958
INFO:root:Iter: 2| Accuracy: 0.0 | Loss: 0.5168708965258032
INFO:root:Iter: 3| Accuracy: 0.9 | Loss: 0.0984813088009353
INFO:root:Iter: 4| Accuracy: 0.9 | Loss: 0.11066375648606505
INFO:root:Iter: 5| Accuracy: 0.1 | Loss: 0.47203421275543445
INFO:root:Iter: 6| Accuracy: 1.0 | Loss: 0.10870697912733948
INFO:root:Iter: 7| Accuracy: 1.0 | Loss: 0.07728200244496783
INFO:root:Iter: 8| Accuracy: 0.0 | Loss: 0.510827556630225
INFO:root:Iter: 9| Accuracy: 0.7 | Loss: 0.17342609535886624
INFO:root:Iter: 10| Accuracy: 1.0 | Loss: 0.09359467447228917
INFO:root:Iter: 11| Accuracy: 1.0 | Loss: 0.11123974066407608
INFO:root:Iter: 12| Accuracy: 1.0 | Loss: 0.13026975563000362
INFO:root:Iter: 13| Accuracy: 0.8 | Loss: 0.12188124856914202
INFO:root:Iter: 14| Accuracy: 0.1 | Loss: 0.49719683741771215
INFO:root:Iter: 15| Accuracy: 0.8 | Loss: 0.13801275663737894
INFO:root:Iter: 16| Accuracy: 0.9 | Loss: 0.143239509540147
INFO:root:Iter: 17| Accuracy: 0.0 | Loss: 0.5287032989423779
INFO:root:Iter: 18| Accuracy: 1.0 | Loss: 0.11166516251830723
INFO:root:Iter: 19| Accuracy: 0.8 | Loss: 0.17669642546895536
INFO:root:Iter: 20| Accuracy: 0.0 | Loss: 0.4884878834351258
INFO:root:epoch 31 : Training Accuracy 0.65 , Loss 0.23211843698200701, Time 0.4867616216341654 minutes, Validation Accuracy 0.97
INFO:root:start epoch 32
INFO:root:Iter: 1| Accuracy: 1.0 | Loss: 0.08713620475785595
INFO:root:Iter: 2| Accuracy: 0.2 | Loss: 0.41020407632047506
INFO:root:Iter: 3| Accuracy: 0.9 | Loss: 0.11337272859201619
INFO:root:Iter: 4| Accuracy: 1.0 | Loss: 0.09411731781039284
INFO:root:Iter: 5| Accuracy: 1.0 | Loss: 0.11124626369539939
INFO:root:Iter: 6| Accuracy: 1.0 | Loss: 0.08973460000401419
INFO:root:Iter: 7| Accuracy: 0.1 | Loss: 0.5055032174876671
INFO:root:Iter: 8| Accuracy: 1.0 | Loss: 0.0785662798309172
INFO:root:Iter: 9| Accuracy: 0.7 | Loss: 0.17811068353811038
INFO:root:Iter: 10| Accuracy: 0.9 | Loss: 0.11956024634923004
INFO:root:Iter: 11| Accuracy: 1.0 | Loss: 0.08893170250936451
INFO:root:Iter: 12| Accuracy: 0.0 | Loss: 0.5158131506335147
INFO:root:Iter: 13| Accuracy: 0.9 | Loss: 0.12269669436486041
INFO:root:Iter: 14| Accuracy: 0.7 | Loss: 0.21441009608832115
INFO:root:Iter: 15| Accuracy: 0.0 | Loss: 0.48245932530058894
INFO:root:Iter: 16| Accuracy: 0.9 | Loss: 0.0948773829687535
INFO:root:Iter: 17| Accuracy: 1.0 | Loss: 0.07327324091308349
INFO:root:Iter: 18| Accuracy: 1.0 | Loss: 0.08891775373415647
INFO:root:Iter: 19| Accuracy: 0.9 | Loss: 0.08232681541148529
INFO:root:Iter: 20| Accuracy: 0.0 | Loss: 0.4722794217721379
INFO:root:epoch 32 : Training Accuracy 0.71 , Loss 0.19953798296246283, Time 0.4879132906595866 minutes, Validation Accuracy 0.96
INFO:root:start epoch 33
INFO:root:Iter: 1| Accuracy: 0.1 | Loss: 0.4725360054166651
INFO:root:Iter: 2| Accuracy: 0.9 | Loss: 0.12741238685266743
INFO:root:Iter: 3| Accuracy: 1.0 | Loss: 0.11666826708733133
INFO:root:Iter: 4| Accuracy: 1.0 | Loss: 0.08844108935921056
INFO:root:Iter: 5| Accuracy: 0.9 | Loss: 0.13396490001056657
INFO:root:Iter: 6| Accuracy: 0.1 | Loss: 0.45684275329355284
INFO:root:Iter: 7| Accuracy: 1.0 | Loss: 0.1315517285183036
INFO:root:Iter: 8| Accuracy: 0.2 | Loss: 0.44868725063754955
INFO:root:Iter: 9| Accuracy: 0.0 | Loss: 0.47231201574928916
INFO:root:Iter: 10| Accuracy: 0.7 | Loss: 0.1460835927904441
INFO:root:Iter: 11| Accuracy: 1.0 | Loss: 0.07861629566473756
INFO:root:Iter: 12| Accuracy: 1.0 | Loss: 0.08353355199887161
INFO:root:Iter: 13| Accuracy: 1.0 | Loss: 0.08453603402960744
INFO:root:Iter: 14| Accuracy: 1.0 | Loss: 0.10691998031099219
INFO:root:Iter: 15| Accuracy: 0.9 | Loss: 0.1338706384862921
INFO:root:Iter: 16| Accuracy: 1.0 | Loss: 0.09738249559948671
INFO:root:Iter: 17| Accuracy: 1.0 | Loss: 0.10313008707574944
INFO:root:Iter: 18| Accuracy: 1.0 | Loss: 0.09522500985919376
INFO:root:Iter: 19| Accuracy: 0.9 | Loss: 0.10977388811559743
INFO:root:Iter: 20| Accuracy: 1.0 | Loss: 0.07842183374208503
INFO:root:epoch 33 : Training Accuracy 0.785 , Loss 0.17781760965879045, Time 0.4876222014427185 minutes, Validation Accuracy 0.95
INFO:root:start epoch 34
INFO:root:Iter: 1| Accuracy: 0.9 | Loss: 0.1029588538223436
INFO:root:Iter: 2| Accuracy: 1.0 | Loss: 0.06384446849111958
INFO:root:Iter: 3| Accuracy: 1.0 | Loss: 0.07665652687144861
INFO:root:Iter: 4| Accuracy: 1.0 | Loss: 0.07390932014394588
INFO:root:Iter: 5| Accuracy: 0.2 | Loss: 0.41639541420444576
INFO:root:Iter: 6| Accuracy: 0.9 | Loss: 0.12020361814937712
INFO:root:Iter: 7| Accuracy: 0.1 | Loss: 0.4910588589189124
INFO:root:Iter: 8| Accuracy: 0.8 | Loss: 0.14469851497395897
INFO:root:Iter: 9| Accuracy: 0.9 | Loss: 0.12551561839201025
INFO:root:Iter: 10| Accuracy: 0.0 | Loss: 0.4947960211725129
INFO:root:Iter: 11| Accuracy: 1.0 | Loss: 0.06682182579645693
INFO:root:Iter: 12| Accuracy: 0.9 | Loss: 0.12509657988452322
INFO:root:Iter: 13| Accuracy: 0.9 | Loss: 0.11145271198013632
INFO:root:Iter: 14| Accuracy: 1.0 | Loss: 0.08776596382589016
INFO:root:Iter: 15| Accuracy: 0.9 | Loss: 0.10074433605197888
INFO:root:Iter: 16| Accuracy: 0.6 | Loss: 0.22146799994109972
INFO:root:Iter: 17| Accuracy: 0.9 | Loss: 0.10355009277395415
INFO:root:Iter: 18| Accuracy: 1.0 | Loss: 0.07780575506123463
INFO:root:Iter: 19| Accuracy: 1.0 | Loss: 0.08192268137546621
INFO:root:Iter: 20| Accuracy: 0.9 | Loss: 0.11333667191009984
INFO:root:epoch 34 : Training Accuracy 0.795 , Loss 0.15716606958883125, Time 0.4852874636650085 minutes, Validation Accuracy 0.985
INFO:root:start epoch 35
INFO:root:Iter: 1| Accuracy: 0.0 | Loss: 0.5281554076360098
INFO:root:Iter: 2| Accuracy: 1.0 | Loss: 0.07085922029995255
INFO:root:Iter: 3| Accuracy: 1.0 | Loss: 0.09016422315415926
INFO:root:Iter: 4| Accuracy: 1.0 | Loss: 0.08579722714027184
INFO:root:Iter: 5| Accuracy: 0.9 | Loss: 0.11770923436394234
INFO:root:Iter: 6| Accuracy: 1.0 | Loss: 0.07508002159507629
INFO:root:Iter: 7| Accuracy: 0.9 | Loss: 0.10043351027242134
INFO:root:Iter: 8| Accuracy: 1.0 | Loss: 0.06836306904167767
INFO:root:Iter: 9| Accuracy: 0.0 | Loss: 0.5246189585222719
INFO:root:Iter: 10| Accuracy: 0.9 | Loss: 0.10249027028346698
INFO:root:Iter: 11| Accuracy: 0.9 | Loss: 0.11430234722494936
INFO:root:Iter: 12| Accuracy: 0.9 | Loss: 0.13010958970802558
INFO:root:Iter: 13| Accuracy: 0.0 | Loss: 0.5375970135541318
INFO:root:Iter: 14| Accuracy: 0.0 | Loss: 0.5176314191443934
INFO:root:Iter: 15| Accuracy: 0.7 | Loss: 0.14702018494444857
INFO:root:Iter: 16| Accuracy: 1.0 | Loss: 0.05594815173186128
INFO:root:Iter: 17| Accuracy: 0.9 | Loss: 0.11441741084120989
INFO:root:Iter: 18| Accuracy: 0.7 | Loss: 0.23373456846162427
INFO:root:Iter: 19| Accuracy: 1.0 | Loss: 0.09110384287252567
INFO:root:Iter: 20| Accuracy: 1.0 | Loss: 0.10628882836337714
INFO:root:epoch 35 : Training Accuracy 0.74 , Loss 0.18844340453603092, Time 0.4735063632329305 minutes, Validation Accuracy 0.985
INFO:root:start epoch 36
INFO:root:Iter: 1| Accuracy: 0.9 | Loss: 0.13645925622415156
INFO:root:Iter: 2| Accuracy: 1.0 | Loss: 0.08733698230775058
INFO:root:Iter: 3| Accuracy: 1.0 | Loss: 0.09841133395191014
INFO:root:Iter: 4| Accuracy: 1.0 | Loss: 0.08242473793178298
INFO:root:Iter: 5| Accuracy: 0.3 | Loss: 0.39003794640576117
INFO:root:Iter: 6| Accuracy: 1.0 | Loss: 0.07529760894648205
INFO:root:Iter: 7| Accuracy: 0.0 | Loss: 0.5079043495065219
INFO:root:Iter: 8| Accuracy: 1.0 | Loss: 0.09710968091116644
INFO:root:Iter: 9| Accuracy: 0.8 | Loss: 0.14151278899746966
INFO:root:Iter: 10| Accuracy: 1.0 | Loss: 0.09015520399850256
INFO:root:Iter: 11| Accuracy: 0.0 | Loss: 0.5510285374529913
INFO:root:Iter: 12| Accuracy: 1.0 | Loss: 0.08358679581112871
INFO:root:Iter: 13| Accuracy: 0.0 | Loss: 0.5335954157478716
INFO:root:Iter: 14| Accuracy: 0.8 | Loss: 0.1434245364650668
INFO:root:Iter: 15| Accuracy: 1.0 | Loss: 0.08947401475856201
INFO:root:Iter: 16| Accuracy: 0.5 | Loss: 0.2912440652894487
INFO:root:Iter: 17| Accuracy: 0.0 | Loss: 0.5199436845743446
INFO:root:Iter: 18| Accuracy: 1.0 | Loss: 0.09150391784855776
INFO:root:Iter: 19| Accuracy: 1.0 | Loss: 0.06421463876765841
INFO:root:Iter: 20| Accuracy: 0.8 | Loss: 0.12925037294570305
INFO:root:epoch 36 : Training Accuracy 0.705 , Loss 0.20956921008456092, Time 0.5956813097000122 minutes, Validation Accuracy 0.98
INFO:root:start epoch 37
INFO:root:Iter: 1| Accuracy: 1.0 | Loss: 0.07602006420801027
INFO:root:Iter: 2| Accuracy: 1.0 | Loss: 0.07784729055459376
INFO:root:Iter: 3| Accuracy: 1.0 | Loss: 0.07153050661850663
INFO:root:Iter: 4| Accuracy: 0.0 | Loss: 0.5618785544928088
INFO:root:Iter: 5| Accuracy: 0.6 | Loss: 0.23748480273192488
INFO:root:Iter: 6| Accuracy: 0.9 | Loss: 0.09623661545842074
INFO:root:Iter: 7| Accuracy: 0.1 | Loss: 0.4959840422403324
INFO:root:Iter: 8| Accuracy: 0.0 | Loss: 0.5612553331551682
INFO:root:Iter: 9| Accuracy: 1.0 | Loss: 0.0753485127143689
INFO:root:Iter: 10| Accuracy: 0.3 | Loss: 0.40337579940419743
INFO:root:Iter: 11| Accuracy: 1.0 | Loss: 0.07716022754559719
INFO:root:Iter: 12| Accuracy: 0.9 | Loss: 0.08935352728054285
INFO:root:Iter: 13| Accuracy: 0.9 | Loss: 0.11771106654271526
INFO:root:Iter: 14| Accuracy: 1.0 | Loss: 0.08903488800685537
INFO:root:Iter: 15| Accuracy: 0.6 | Loss: 0.25005717915738856
INFO:root:Iter: 16| Accuracy: 0.8 | Loss: 0.10626008207751492
INFO:root:Iter: 17| Accuracy: 1.0 | Loss: 0.0852263867740545
INFO:root:Iter: 18| Accuracy: 0.7 | Loss: 0.1521897561611491
INFO:root:Iter: 19| Accuracy: 1.0 | Loss: 0.09135570116731348
INFO:root:Iter: 20| Accuracy: 1.0 | Loss: 0.10350179805182005
INFO:root:epoch 37 : Training Accuracy 0.74 , Loss 0.19068283929845944, Time 0.48993953863779705 minutes, Validation Accuracy 0.975
INFO:root:start epoch 38
INFO:root:Iter: 1| Accuracy: 0.9 | Loss: 0.09961768722728867
INFO:root:Iter: 2| Accuracy: 0.1 | Loss: 0.46302550426160793
INFO:root:Iter: 3| Accuracy: 0.2 | Loss: 0.4464323674933194
INFO:root:Iter: 4| Accuracy: 1.0 | Loss: 0.07279097161285616
INFO:root:Iter: 5| Accuracy: 0.9 | Loss: 0.07394397756174452
INFO:root:Iter: 6| Accuracy: 1.0 | Loss: 0.06905292116140312
INFO:root:Iter: 7| Accuracy: 1.0 | Loss: 0.08028848104835819
INFO:root:Iter: 8| Accuracy: 0.9 | Loss: 0.07858164751866233
INFO:root:Iter: 9| Accuracy: 0.9 | Loss: 0.07793859728175795
INFO:root:Iter: 10| Accuracy: 0.9 | Loss: 0.1153800089398774
INFO:root:Iter: 11| Accuracy: 0.9 | Loss: 0.10363411560705127
INFO:root:Iter: 12| Accuracy: 0.7 | Loss: 0.17974922520479794
INFO:root:Iter: 13| Accuracy: 0.0 | Loss: 0.5291315923658455
INFO:root:Iter: 14| Accuracy: 1.0 | Loss: 0.10283353434978267
INFO:root:Iter: 15| Accuracy: 1.0 | Loss: 0.06885787057961916
INFO:root:Iter: 16| Accuracy: 1.0 | Loss: 0.08867476392571301
INFO:root:Iter: 17| Accuracy: 1.0 | Loss: 0.07024084728117676
INFO:root:Iter: 18| Accuracy: 0.9 | Loss: 0.0918843071315392
INFO:root:Iter: 19| Accuracy: 0.9 | Loss: 0.12239733465646996
INFO:root:Iter: 20| Accuracy: 0.5 | Loss: 0.3220737703794139
INFO:root:epoch 38 : Training Accuracy 0.785 , Loss 0.1617064426838521, Time 0.4878990848859151 minutes, Validation Accuracy 0.965
INFO:root:start epoch 39
INFO:root:Iter: 1| Accuracy: 1.0 | Loss: 0.09394409151006511
