INFO:root:embedding methods angle, sample number 100, batch size 10, learning rate 0.1, epoch number 50, layer number 2, pca parameter 8, numpy random seed 0, qubits number 8
INFO:root:start epoch 1
INFO:root:Iter: 1| Accuracy: 0.5 | Loss: 0.30311772000000003
INFO:root:Iter: 2| Accuracy: 0.4 | Loss: 0.2829354530560001
INFO:root:Iter: 3| Accuracy: 0.2 | Loss: 0.3070251721863424
INFO:root:Iter: 4| Accuracy: 0.3 | Loss: 0.2445492233903268
INFO:root:Iter: 5| Accuracy: 0.5 | Loss: 0.2135179058548613
INFO:root:Iter: 6| Accuracy: 0.6 | Loss: 0.18562508192564312
INFO:root:Iter: 7| Accuracy: 0.6 | Loss: 0.20983417874497542
INFO:root:Iter: 8| Accuracy: 1.0 | Loss: 0.15492505475112636
INFO:root:Iter: 9| Accuracy: 0.2 | Loss: 0.3547896511453589
INFO:root:Iter: 10| Accuracy: 1.0 | Loss: 0.10723311132721085
INFO:root:Iter: 11| Accuracy: 0.9 | Loss: 0.13503523678560123
INFO:root:Iter: 12| Accuracy: 0.9 | Loss: 0.10551295076064238
INFO:root:Iter: 13| Accuracy: 0.0 | Loss: 0.5283813850251071
INFO:root:Iter: 14| Accuracy: 1.0 | Loss: 0.08879200252653963
INFO:root:Iter: 15| Accuracy: 1.0 | Loss: 0.07391827021877362
INFO:root:Iter: 16| Accuracy: 1.0 | Loss: 0.07413313920086542
INFO:root:Iter: 17| Accuracy: 1.0 | Loss: 0.08970174800722894
INFO:root:Iter: 18| Accuracy: 0.0 | Loss: 0.5083735049275393
INFO:root:Iter: 19| Accuracy: 0.9 | Loss: 0.0898882005085636
INFO:root:Iter: 20| Accuracy: 0.9 | Loss: 0.09664949481664753
INFO:root:epoch 1 : Training Accuracy 0.645 , Loss 0.1690549608414787, Time 2.2345120151837667 minutes, Validation Accuracy 0.975, Minimal Info Left 0.9843416030934391
INFO:root:start epoch 2
INFO:root:Iter: 1| Accuracy: 1.0 | Loss: 0.09071475063482515
INFO:root:Iter: 2| Accuracy: 0.9 | Loss: 0.07260514437060928
INFO:root:Iter: 3| Accuracy: 1.0 | Loss: 0.0914749055394272
INFO:root:Iter: 4| Accuracy: 0.9 | Loss: 0.09939793054527174
INFO:root:Iter: 5| Accuracy: 0.9 | Loss: 0.08561550914092028
INFO:root:Iter: 6| Accuracy: 0.7 | Loss: 0.16718249517771921
INFO:root:Iter: 7| Accuracy: 0.1 | Loss: 0.5483905149072197
INFO:root:Iter: 8| Accuracy: 0.9 | Loss: 0.09020744038292791
INFO:root:Iter: 9| Accuracy: 0.6 | Loss: 0.1586208487643199
INFO:root:Iter: 10| Accuracy: 0.9 | Loss: 0.11465465042268778
INFO:root:Iter: 11| Accuracy: 1.0 | Loss: 0.1086965537828923
INFO:root:Iter: 12| Accuracy: 1.0 | Loss: 0.06414640793922528
INFO:root:Iter: 13| Accuracy: 1.0 | Loss: 0.051628074286912615
INFO:root:Iter: 14| Accuracy: 0.0 | Loss: 0.5957123785213216
INFO:root:Iter: 15| Accuracy: 0.9 | Loss: 0.08274339360396228
INFO:root:Iter: 16| Accuracy: 1.0 | Loss: 0.047583726912470585
INFO:root:Iter: 17| Accuracy: 1.0 | Loss: 0.0606847751980635
INFO:root:Iter: 18| Accuracy: 0.8 | Loss: 0.11253374757501382
INFO:root:Iter: 19| Accuracy: 1.0 | Loss: 0.026614358611089118
INFO:root:Iter: 20| Accuracy: 0.9 | Loss: 0.10602493522482073
INFO:root:epoch 2 : Training Accuracy 0.825 , Loss 0.1378779968471959, Time 2.0484269420305887 minutes, Validation Accuracy 0.99, Minimal Info Left 0.9782784809988007
INFO:root:start epoch 3
INFO:root:Iter: 1| Accuracy: 1.0 | Loss: 0.08839211944022012
INFO:root:Iter: 2| Accuracy: 1.0 | Loss: 0.07261357657344655
INFO:root:Iter: 3| Accuracy: 0.9 | Loss: 0.10808576047876464
INFO:root:Iter: 4| Accuracy: 0.9 | Loss: 0.1115247680100639
INFO:root:Iter: 5| Accuracy: 1.0 | Loss: 0.043066113856559174
INFO:root:Iter: 6| Accuracy: 1.0 | Loss: 0.061003275471949205
INFO:root:Iter: 7| Accuracy: 0.0 | Loss: 0.5415134541974698
INFO:root:Iter: 8| Accuracy: 0.9 | Loss: 0.09885884109442065
INFO:root:Iter: 9| Accuracy: 1.0 | Loss: 0.05230302076694313
INFO:root:Iter: 10| Accuracy: 1.0 | Loss: 0.07831273073212576
INFO:root:Iter: 11| Accuracy: 0.9 | Loss: 0.07629173680491604
INFO:root:Iter: 12| Accuracy: 0.9 | Loss: 0.08483620098843236
INFO:root:Iter: 13| Accuracy: 0.9 | Loss: 0.09594734101591866
INFO:root:Iter: 14| Accuracy: 0.9 | Loss: 0.0762110424050568
INFO:root:Iter: 15| Accuracy: 1.0 | Loss: 0.06398429954769504
INFO:root:Iter: 16| Accuracy: 1.0 | Loss: 0.04994142866350852
INFO:root:Iter: 17| Accuracy: 0.9 | Loss: 0.08000548484092282
INFO:root:Iter: 18| Accuracy: 1.0 | Loss: 0.08295822931643024
INFO:root:Iter: 19| Accuracy: 0.9 | Loss: 0.0717635084989225
INFO:root:Iter: 20| Accuracy: 1.0 | Loss: 0.039668096025587206
INFO:root:epoch 3 : Training Accuracy 0.905 , Loss 0.10986066000905292, Time 2.0557121435801187 minutes, Validation Accuracy 0.97, Minimal Info Left 0.9810979789499423
INFO:root:start epoch 4
INFO:root:Iter: 1| Accuracy: 1.0 | Loss: 0.04715088071419749
INFO:root:Iter: 2| Accuracy: 0.8 | Loss: 0.181683186118987
INFO:root:Iter: 3| Accuracy: 1.0 | Loss: 0.0798369077230823
INFO:root:Iter: 4| Accuracy: 1.0 | Loss: 0.05122147688348094
INFO:root:Iter: 5| Accuracy: 1.0 | Loss: 0.04842327856437735
INFO:root:Iter: 6| Accuracy: 1.0 | Loss: 0.05920213658154355
INFO:root:Iter: 7| Accuracy: 1.0 | Loss: 0.07068397065438226
INFO:root:Iter: 8| Accuracy: 0.9 | Loss: 0.06685015005931197
INFO:root:Iter: 9| Accuracy: 1.0 | Loss: 0.05248964755716691
INFO:root:Iter: 10| Accuracy: 0.9 | Loss: 0.09187697059360976
INFO:root:Iter: 11| Accuracy: 1.0 | Loss: 0.10009533476681558
INFO:root:Iter: 12| Accuracy: 0.9 | Loss: 0.09242127685311671
INFO:root:Iter: 13| Accuracy: 0.0 | Loss: 0.6081195239900733
INFO:root:Iter: 14| Accuracy: 0.2 | Loss: 0.5227626674083903
INFO:root:Iter: 15| Accuracy: 1.0 | Loss: 0.06127571982201237
INFO:root:Iter: 16| Accuracy: 1.0 | Loss: 0.05070897237030671
INFO:root:Iter: 17| Accuracy: 1.0 | Loss: 0.05496258770359763
INFO:root:Iter: 18| Accuracy: 1.0 | Loss: 0.06657089882204764
INFO:root:Iter: 19| Accuracy: 0.1 | Loss: 0.5524243159347338
INFO:root:Iter: 20| Accuracy: 1.0 | Loss: 0.051450297621281914
INFO:root:epoch 4 : Training Accuracy 0.84 , Loss 0.1492280589367005, Time 2.7296140710512797 minutes, Validation Accuracy 0.99, Minimal Info Left 0.9861704530795866
INFO:root:start epoch 5
INFO:root:Iter: 1| Accuracy: 1.0 | Loss: 0.06277243439830774
INFO:root:Iter: 2| Accuracy: 1.0 | Loss: 0.05613611052796523
INFO:root:Iter: 3| Accuracy: 0.1 | Loss: 0.5577767340519528
INFO:root:Iter: 4| Accuracy: 1.0 | Loss: 0.04293255023011068
INFO:root:Iter: 5| Accuracy: 0.9 | Loss: 0.060847639136875034
INFO:root:Iter: 6| Accuracy: 0.9 | Loss: 0.08248873807405442
INFO:root:Iter: 7| Accuracy: 1.0 | Loss: 0.0655834951296477
INFO:root:Iter: 8| Accuracy: 1.0 | Loss: 0.07015277108726978
INFO:root:Iter: 9| Accuracy: 1.0 | Loss: 0.0494524141813153
INFO:root:Iter: 10| Accuracy: 1.0 | Loss: 0.081515432544536
INFO:root:Iter: 11| Accuracy: 0.8 | Loss: 0.1380399026959413
INFO:root:Iter: 12| Accuracy: 0.9 | Loss: 0.09872189465646583
INFO:root:Iter: 13| Accuracy: 0.3 | Loss: 0.4969454064123552
INFO:root:Iter: 14| Accuracy: 0.8 | Loss: 0.11355664049639698
INFO:root:Iter: 15| Accuracy: 1.0 | Loss: 0.09517923148887411
INFO:root:Iter: 16| Accuracy: 0.9 | Loss: 0.08518849309221378
INFO:root:Iter: 17| Accuracy: 1.0 | Loss: 0.06276554188399877
INFO:root:Iter: 18| Accuracy: 1.0 | Loss: 0.07935870272289483
INFO:root:Iter: 19| Accuracy: 0.9 | Loss: 0.12403233344084649
INFO:root:Iter: 20| Accuracy: 0.8 | Loss: 0.17917136722772217
INFO:root:epoch 5 : Training Accuracy 0.865 , Loss 0.14149062195733314, Time 1.9801815112431844 minutes, Validation Accuracy 0.955, Minimal Info Left 0.9696826527933068
INFO:root:start epoch 6
INFO:root:Iter: 1| Accuracy: 1.0 | Loss: 0.046942951374257066
INFO:root:Iter: 2| Accuracy: 0.0 | Loss: 0.6090832650568048
INFO:root:Iter: 3| Accuracy: 1.0 | Loss: 0.03511201752725003
INFO:root:Iter: 4| Accuracy: 0.2 | Loss: 0.48483144969960146
INFO:root:Iter: 5| Accuracy: 0.0 | Loss: 0.6713527475291088
INFO:root:Iter: 6| Accuracy: 1.0 | Loss: 0.10149445476463356
INFO:root:Iter: 7| Accuracy: 0.9 | Loss: 0.13238309267104545
INFO:root:Iter: 8| Accuracy: 0.9 | Loss: 0.08068592822936702
INFO:root:Iter: 9| Accuracy: 0.8 | Loss: 0.14840434521123794
INFO:root:Iter: 10| Accuracy: 0.9 | Loss: 0.07483335554782473
INFO:root:Iter: 11| Accuracy: 1.0 | Loss: 0.05929504994323372
INFO:root:Iter: 12| Accuracy: 0.1 | Loss: 0.5732949877090354
INFO:root:Iter: 13| Accuracy: 0.9 | Loss: 0.1281992127103542
INFO:root:Iter: 14| Accuracy: 1.0 | Loss: 0.07518636910007692
INFO:root:Iter: 15| Accuracy: 1.0 | Loss: 0.06678023308560464
INFO:root:Iter: 16| Accuracy: 0.9 | Loss: 0.10073375937255713
INFO:root:Iter: 17| Accuracy: 1.0 | Loss: 0.07096120866916021
INFO:root:Iter: 18| Accuracy: 0.6 | Loss: 0.2701197568679874
INFO:root:Iter: 19| Accuracy: 1.0 | Loss: 0.06408207550745801
INFO:root:Iter: 20| Accuracy: 0.7 | Loss: 0.20344390717688818
INFO:root:epoch 6 : Training Accuracy 0.745 , Loss 0.1953168892171938, Time 1.9915366291999816 minutes, Validation Accuracy 0.99, Minimal Info Left 0.9858958790753252
INFO:root:start epoch 7
INFO:root:Iter: 1| Accuracy: 0.0 | Loss: 0.5796105103316606
INFO:root:Iter: 2| Accuracy: 0.3 | Loss: 0.5228233934023325
INFO:root:Iter: 3| Accuracy: 1.0 | Loss: 0.0695886845943857
INFO:root:Iter: 4| Accuracy: 1.0 | Loss: 0.09418050616287629
INFO:root:Iter: 5| Accuracy: 1.0 | Loss: 0.08421790660080052
INFO:root:Iter: 6| Accuracy: 0.6 | Loss: 0.2743442202308081
INFO:root:Iter: 7| Accuracy: 1.0 | Loss: 0.06016105051101782
INFO:root:Iter: 8| Accuracy: 1.0 | Loss: 0.08122514582962745
INFO:root:Iter: 9| Accuracy: 0.8 | Loss: 0.11331508242325475
INFO:root:Iter: 10| Accuracy: 0.7 | Loss: 0.16568368106150927
INFO:root:Iter: 11| Accuracy: 0.9 | Loss: 0.07744463267775059
INFO:root:Iter: 12| Accuracy: 1.0 | Loss: 0.06194104415281807
INFO:root:Iter: 13| Accuracy: 0.9 | Loss: 0.08302753747365436
INFO:root:Iter: 14| Accuracy: 1.0 | Loss: 0.050614329932862155
INFO:root:Iter: 15| Accuracy: 0.1 | Loss: 0.5707404209532451
INFO:root:Iter: 16| Accuracy: 0.9 | Loss: 0.059802626993353446
INFO:root:Iter: 17| Accuracy: 1.0 | Loss: 0.08089057022066187
INFO:root:Iter: 18| Accuracy: 0.9 | Loss: 0.09971442559843716
INFO:root:Iter: 19| Accuracy: 0.6 | Loss: 0.1805869448002238
INFO:root:Iter: 20| Accuracy: 0.9 | Loss: 0.10993499201952997
INFO:root:epoch 7 : Training Accuracy 0.78 , Loss 0.1756796030176171, Time 2.0382319053014117 minutes, Validation Accuracy 0.945, Minimal Info Left 0.9843847566531024
INFO:root:start epoch 8
INFO:root:Iter: 1| Accuracy: 1.0 | Loss: 0.05253699180107672
INFO:root:Iter: 2| Accuracy: 1.0 | Loss: 0.0652020580818839
INFO:root:Iter: 3| Accuracy: 0.3 | Loss: 0.46725450383201333
INFO:root:Iter: 4| Accuracy: 1.0 | Loss: 0.06591813206733418
INFO:root:Iter: 5| Accuracy: 0.2 | Loss: 0.4691366126355135
INFO:root:Iter: 6| Accuracy: 0.1 | Loss: 0.5608486582832395
INFO:root:Iter: 7| Accuracy: 0.9 | Loss: 0.15281359227546082
INFO:root:Iter: 8| Accuracy: 1.0 | Loss: 0.09985917641292076
INFO:root:Iter: 9| Accuracy: 1.0 | Loss: 0.059113992709324534
INFO:root:Iter: 10| Accuracy: 1.0 | Loss: 0.05953135862087864
INFO:root:Iter: 11| Accuracy: 0.9 | Loss: 0.11645202603926035
INFO:root:Iter: 12| Accuracy: 0.9 | Loss: 0.08028410412965156
INFO:root:Iter: 13| Accuracy: 1.0 | Loss: 0.03695308152804623
INFO:root:Iter: 14| Accuracy: 0.9 | Loss: 0.06871804922745559
INFO:root:Iter: 15| Accuracy: 0.2 | Loss: 0.45923836618776875
INFO:root:Iter: 16| Accuracy: 1.0 | Loss: 0.09606353555741108
INFO:root:Iter: 17| Accuracy: 0.2 | Loss: 0.4840682599951219
INFO:root:Iter: 18| Accuracy: 1.0 | Loss: 0.12391214415397209
INFO:root:Iter: 19| Accuracy: 0.9 | Loss: 0.10179920027073139
INFO:root:Iter: 20| Accuracy: 1.0 | Loss: 0.049254266096883284
INFO:root:epoch 8 : Training Accuracy 0.775 , Loss 0.17889912270473707, Time 2.0857757051785786 minutes, Validation Accuracy 0.98, Minimal Info Left 0.9799161056577934
INFO:root:start epoch 9
INFO:root:Iter: 1| Accuracy: 1.0 | Loss: 0.06786230971928747
INFO:root:Iter: 2| Accuracy: 0.9 | Loss: 0.11260066101553359
INFO:root:Iter: 3| Accuracy: 1.0 | Loss: 0.04843726376336254
INFO:root:Iter: 4| Accuracy: 0.9 | Loss: 0.09411127595079669
INFO:root:Iter: 5| Accuracy: 0.1 | Loss: 0.6052876103853032
INFO:root:Iter: 6| Accuracy: 1.0 | Loss: 0.05044141102713005
INFO:root:Iter: 7| Accuracy: 0.6 | Loss: 0.2202450878455867
INFO:root:Iter: 8| Accuracy: 0.0 | Loss: 0.6226005762636795
INFO:root:Iter: 9| Accuracy: 0.0 | Loss: 0.6447807149451497
INFO:root:Iter: 10| Accuracy: 0.8 | Loss: 0.1441176908144551
INFO:root:Iter: 11| Accuracy: 1.0 | Loss: 0.07547341609166977
INFO:root:Iter: 12| Accuracy: 1.0 | Loss: 0.061430850403779824
INFO:root:Iter: 13| Accuracy: 0.9 | Loss: 0.09714175208822323
INFO:root:Iter: 14| Accuracy: 1.0 | Loss: 0.06944029243142888
INFO:root:Iter: 15| Accuracy: 1.0 | Loss: 0.08362180286999918
INFO:root:Iter: 16| Accuracy: 0.8 | Loss: 0.1290654562672066
INFO:root:Iter: 17| Accuracy: 0.8 | Loss: 0.16709222324911804
INFO:root:Iter: 18| Accuracy: 1.0 | Loss: 0.038567488980840774
INFO:root:Iter: 19| Accuracy: 0.1 | Loss: 0.5455273076970873
INFO:root:Iter: 20| Accuracy: 1.0 | Loss: 0.06038662909568924
INFO:root:epoch 9 : Training Accuracy 0.745 , Loss 0.19480586601952332, Time 2.077655553817749 minutes, Validation Accuracy 0.99, Minimal Info Left 0.9864269159213372
INFO:root:start epoch 10
INFO:root:Iter: 1| Accuracy: 1.0 | Loss: 0.05765769692750546
INFO:root:Iter: 2| Accuracy: 1.0 | Loss: 0.05895140003072238
INFO:root:Iter: 3| Accuracy: 1.0 | Loss: 0.07357600906734064
INFO:root:Iter: 4| Accuracy: 0.1 | Loss: 0.5090763481795031
INFO:root:Iter: 5| Accuracy: 0.8 | Loss: 0.13128222923636063
INFO:root:Iter: 6| Accuracy: 0.0 | Loss: 0.5502266350243066
INFO:root:Iter: 7| Accuracy: 1.0 | Loss: 0.07819648216389004
INFO:root:Iter: 8| Accuracy: 1.0 | Loss: 0.05972953091074411
INFO:root:Iter: 9| Accuracy: 0.0 | Loss: 0.5584018423729458
INFO:root:Iter: 10| Accuracy: 1.0 | Loss: 0.06809810411535598
INFO:root:Iter: 11| Accuracy: 0.0 | Loss: 0.6294526725883568
INFO:root:Iter: 12| Accuracy: 1.0 | Loss: 0.05952145290587855
INFO:root:Iter: 13| Accuracy: 1.0 | Loss: 0.0653555659555086
INFO:root:Iter: 14| Accuracy: 1.0 | Loss: 0.04337322711376368
INFO:root:Iter: 15| Accuracy: 0.9 | Loss: 0.084903116398526
INFO:root:Iter: 16| Accuracy: 0.8 | Loss: 0.11053191875278776
INFO:root:Iter: 17| Accuracy: 1.0 | Loss: 0.047736748901975865
INFO:root:Iter: 18| Accuracy: 0.1 | Loss: 0.5017695300832419
INFO:root:Iter: 19| Accuracy: 1.0 | Loss: 0.06263326301616617
INFO:root:Iter: 20| Accuracy: 0.4 | Loss: 0.3413773539987434
INFO:root:epoch 10 : Training Accuracy 0.705 , Loss 0.21248384189987593, Time 2.0869264086087544 minutes, Validation Accuracy 0.98, Minimal Info Left 0.9809232558497284
INFO:root:start epoch 11
INFO:root:Iter: 1| Accuracy: 0.3 | Loss: 0.5372280553212959
INFO:root:Iter: 2| Accuracy: 0.9 | Loss: 0.134883063562699
INFO:root:Iter: 3| Accuracy: 0.9 | Loss: 0.0806076609504349
INFO:root:Iter: 4| Accuracy: 1.0 | Loss: 0.05241406667979622
INFO:root:Iter: 5| Accuracy: 0.1 | Loss: 0.6037455528296689
INFO:root:Iter: 6| Accuracy: 0.9 | Loss: 0.11577480842039907
INFO:root:Iter: 7| Accuracy: 1.0 | Loss: 0.06354414544275087
INFO:root:Iter: 8| Accuracy: 1.0 | Loss: 0.07603305699642118
INFO:root:Iter: 9| Accuracy: 1.0 | Loss: 0.07944749244949914
INFO:root:Iter: 10| Accuracy: 1.0 | Loss: 0.06739906809232793
INFO:root:Iter: 11| Accuracy: 1.0 | Loss: 0.06323384179494963
INFO:root:Iter: 12| Accuracy: 0.7 | Loss: 0.21245802707979022
INFO:root:Iter: 13| Accuracy: 1.0 | Loss: 0.0296637061435382
INFO:root:Iter: 14| Accuracy: 1.0 | Loss: 0.06416874336502995
INFO:root:Iter: 15| Accuracy: 1.0 | Loss: 0.076663240839568
INFO:root:Iter: 16| Accuracy: 0.1 | Loss: 0.5101624802641718
INFO:root:Iter: 17| Accuracy: 1.0 | Loss: 0.07247751407862066
INFO:root:Iter: 18| Accuracy: 1.0 | Loss: 0.12264498299752039
INFO:root:Iter: 19| Accuracy: 1.0 | Loss: 0.06170030651408692
INFO:root:Iter: 20| Accuracy: 1.0 | Loss: 0.05759286185599133
INFO:root:epoch 11 : Training Accuracy 0.845 , Loss 0.14954225645590122, Time 2.0844419240951537 minutes, Validation Accuracy 0.99, Minimal Info Left 0.9835605931866288
INFO:root:start epoch 12
INFO:root:Iter: 1| Accuracy: 1.0 | Loss: 0.029828498632332688
INFO:root:Iter: 2| Accuracy: 1.0 | Loss: 0.08091260856936391
INFO:root:Iter: 3| Accuracy: 0.2 | Loss: 0.570802455607558
INFO:root:Iter: 4| Accuracy: 0.7 | Loss: 0.22957072941117085
INFO:root:Iter: 5| Accuracy: 1.0 | Loss: 0.08002822020927146
INFO:root:Iter: 6| Accuracy: 0.9 | Loss: 0.12694911630838923
INFO:root:Iter: 7| Accuracy: 1.0 | Loss: 0.07973945911275873
INFO:root:Iter: 8| Accuracy: 0.5 | Loss: 0.22182930463386835
INFO:root:Iter: 9| Accuracy: 1.0 | Loss: 0.06924472069860141
INFO:root:Iter: 10| Accuracy: 0.8 | Loss: 0.09891343740700506
INFO:root:Iter: 11| Accuracy: 1.0 | Loss: 0.03984034357086502
INFO:root:Iter: 12| Accuracy: 0.9 | Loss: 0.07070369467813782
INFO:root:Iter: 13| Accuracy: 0.1 | Loss: 0.5536314993023055
INFO:root:Iter: 14| Accuracy: 0.9 | Loss: 0.10485652603772737
INFO:root:Iter: 15| Accuracy: 1.0 | Loss: 0.0682094733843702
INFO:root:Iter: 16| Accuracy: 1.0 | Loss: 0.056389648776683655
INFO:root:Iter: 17| Accuracy: 1.0 | Loss: 0.06681881186447833
INFO:root:Iter: 18| Accuracy: 0.0 | Loss: 0.6686764962175019
INFO:root:Iter: 19| Accuracy: 1.0 | Loss: 0.05117465424758174
INFO:root:Iter: 20| Accuracy: 0.9 | Loss: 0.07548138260389406
INFO:root:epoch 12 : Training Accuracy 0.795 , Loss 0.16595482060411387, Time 2.0810070951779682 minutes, Validation Accuracy 0.99, Minimal Info Left 0.9858454019380658
INFO:root:start epoch 13
INFO:root:Iter: 1| Accuracy: 0.9 | Loss: 0.08391322076085751
INFO:root:Iter: 2| Accuracy: 0.8 | Loss: 0.12441328240558672
INFO:root:Iter: 3| Accuracy: 1.0 | Loss: 0.04904497983571206
INFO:root:Iter: 4| Accuracy: 1.0 | Loss: 0.08864930687188707
INFO:root:Iter: 5| Accuracy: 0.9 | Loss: 0.07329134751229692
INFO:root:Iter: 6| Accuracy: 1.0 | Loss: 0.04464416828100717
INFO:root:Iter: 7| Accuracy: 1.0 | Loss: 0.05809988242026737
INFO:root:Iter: 8| Accuracy: 1.0 | Loss: 0.05983495907549015
INFO:root:Iter: 9| Accuracy: 0.9 | Loss: 0.08670014808799505
INFO:root:Iter: 10| Accuracy: 0.0 | Loss: 0.6124134100293986
INFO:root:Iter: 11| Accuracy: 0.0 | Loss: 0.5985102393736461
INFO:root:Iter: 12| Accuracy: 0.1 | Loss: 0.5540992582936715
INFO:root:Iter: 13| Accuracy: 1.0 | Loss: 0.08482717740399208
INFO:root:Iter: 14| Accuracy: 1.0 | Loss: 0.06352017332394252
INFO:root:Iter: 15| Accuracy: 0.9 | Loss: 0.09617640091759615
INFO:root:Iter: 16| Accuracy: 0.0 | Loss: 0.5575156843597994
INFO:root:Iter: 17| Accuracy: 1.0 | Loss: 0.06705156662575541
INFO:root:Iter: 18| Accuracy: 0.1 | Loss: 0.4609700168229076
INFO:root:Iter: 19| Accuracy: 0.1 | Loss: 0.5694852866187452
INFO:root:Iter: 20| Accuracy: 0.2 | Loss: 0.5153488072647752
INFO:root:epoch 13 : Training Accuracy 0.645 , Loss 0.2550223254572789, Time 2.078792329629262 minutes, Validation Accuracy 0.965, Minimal Info Left 0.9818207071011373
INFO:root:start epoch 14
INFO:root:Iter: 1| Accuracy: 1.0 | Loss: 0.08305546231242145
INFO:root:Iter: 2| Accuracy: 1.0 | Loss: 0.05958327695456268
INFO:root:Iter: 3| Accuracy: 0.9 | Loss: 0.07653424754413744
INFO:root:Iter: 4| Accuracy: 1.0 | Loss: 0.0744099786006042
INFO:root:Iter: 5| Accuracy: 1.0 | Loss: 0.06591504429819713
INFO:root:Iter: 6| Accuracy: 0.9 | Loss: 0.09732689347836702
INFO:root:Iter: 7| Accuracy: 0.9 | Loss: 0.10937550630641757
INFO:root:Iter: 8| Accuracy: 1.0 | Loss: 0.07426495507922434
INFO:root:Iter: 9| Accuracy: 1.0 | Loss: 0.058660225591296966
INFO:root:Iter: 10| Accuracy: 1.0 | Loss: 0.10300462933160189
INFO:root:Iter: 11| Accuracy: 1.0 | Loss: 0.0615819381188102
INFO:root:Iter: 12| Accuracy: 0.9 | Loss: 0.08377624695503406
INFO:root:Iter: 13| Accuracy: 0.9 | Loss: 0.16076246673135805
INFO:root:Iter: 14| Accuracy: 0.9 | Loss: 0.09808891931794109
INFO:root:Iter: 15| Accuracy: 1.0 | Loss: 0.07774971650731552
INFO:root:Iter: 16| Accuracy: 1.0 | Loss: 0.03932357607382125
INFO:root:Iter: 17| Accuracy: 1.0 | Loss: 0.07135002340904814
INFO:root:Iter: 18| Accuracy: 1.0 | Loss: 0.0959297228672982
INFO:root:Iter: 19| Accuracy: 0.1 | Loss: 0.5565063226780315
INFO:root:Iter: 20| Accuracy: 0.8 | Loss: 0.14364072436700676
INFO:root:epoch 14 : Training Accuracy 0.915 , Loss 0.11872240839289075, Time 2.0807255069414774 minutes, Validation Accuracy 1.0, Minimal Info Left 0.982455538145636
INFO:root:start epoch 15
INFO:root:Iter: 1| Accuracy: 0.4 | Loss: 0.5255281195820312
INFO:root:Iter: 2| Accuracy: 0.4 | Loss: 0.5087022756527925
INFO:root:Iter: 3| Accuracy: 0.9 | Loss: 0.1033765556652176
INFO:root:Iter: 4| Accuracy: 0.8 | Loss: 0.11017517142135683
INFO:root:Iter: 5| Accuracy: 0.4 | Loss: 0.32709868689470917
INFO:root:Iter: 6| Accuracy: 0.3 | Loss: 0.5326157617824256
INFO:root:Iter: 7| Accuracy: 0.8 | Loss: 0.15422296664891927
INFO:root:Iter: 8| Accuracy: 1.0 | Loss: 0.08011755783705075
INFO:root:Iter: 9| Accuracy: 1.0 | Loss: 0.054910505023262855
INFO:root:Iter: 10| Accuracy: 0.0 | Loss: 0.5971858296126158
INFO:root:Iter: 11| Accuracy: 1.0 | Loss: 0.06284027929055958
INFO:root:Iter: 12| Accuracy: 1.0 | Loss: 0.04533233035531707
INFO:root:Iter: 13| Accuracy: 1.0 | Loss: 0.06920389918917727
INFO:root:Iter: 14| Accuracy: 0.8 | Loss: 0.16221020930008784
INFO:root:Iter: 15| Accuracy: 1.0 | Loss: 0.039655077852099714
INFO:root:Iter: 16| Accuracy: 1.0 | Loss: 0.053282429326935846
INFO:root:Iter: 17| Accuracy: 0.8 | Loss: 0.13773555529930614
INFO:root:Iter: 18| Accuracy: 0.0 | Loss: 0.6182150979797802
INFO:root:Iter: 19| Accuracy: 1.0 | Loss: 0.135770428732559
INFO:root:Iter: 20| Accuracy: 0.1 | Loss: 0.5147831380270931
INFO:root:epoch 15 : Training Accuracy 0.685 , Loss 0.24646927011174813, Time 2.0769986430803935 minutes, Validation Accuracy 0.995, Minimal Info Left 0.9823589769649802
INFO:root:start epoch 16
INFO:root:Iter: 1| Accuracy: 0.2 | Loss: 0.5599415751845785
INFO:root:Iter: 2| Accuracy: 1.0 | Loss: 0.08128419804538903
INFO:root:Iter: 3| Accuracy: 1.0 | Loss: 0.06689226661255059
INFO:root:Iter: 4| Accuracy: 0.1 | Loss: 0.5577246343287517
INFO:root:Iter: 5| Accuracy: 1.0 | Loss: 0.06272221948197418
INFO:root:Iter: 6| Accuracy: 1.0 | Loss: 0.04974435128808607
INFO:root:Iter: 7| Accuracy: 0.0 | Loss: 0.5913657438122397
INFO:root:Iter: 8| Accuracy: 0.1 | Loss: 0.5597972338834709
INFO:root:Iter: 9| Accuracy: 0.8 | Loss: 0.11575175905465229
INFO:root:Iter: 10| Accuracy: 1.0 | Loss: 0.05328181242001061
INFO:root:Iter: 11| Accuracy: 0.7 | Loss: 0.1932806512962211
INFO:root:Iter: 12| Accuracy: 0.9 | Loss: 0.10368153187268399
INFO:root:Iter: 13| Accuracy: 1.0 | Loss: 0.06404122833302654
INFO:root:Iter: 14| Accuracy: 0.9 | Loss: 0.09906086479103912
INFO:root:Iter: 15| Accuracy: 1.0 | Loss: 0.09425299434209752
INFO:root:Iter: 16| Accuracy: 0.8 | Loss: 0.1369412310219281
INFO:root:Iter: 17| Accuracy: 1.0 | Loss: 0.08657993191193943
INFO:root:Iter: 18| Accuracy: 0.9 | Loss: 0.084148235491304
INFO:root:Iter: 19| Accuracy: 0.4 | Loss: 0.4806771813727545
INFO:root:Iter: 20| Accuracy: 1.0 | Loss: 0.08511370511591752
INFO:root:epoch 16 : Training Accuracy 0.74 , Loss 0.23217697772794213, Time 2.090302832921346 minutes, Validation Accuracy 0.955, Minimal Info Left 0.9801414521634337
INFO:root:start epoch 17
INFO:root:Iter: 1| Accuracy: 0.2 | Loss: 0.6385530689622826
INFO:root:Iter: 2| Accuracy: 0.9 | Loss: 0.09560289830359439
INFO:root:Iter: 3| Accuracy: 1.0 | Loss: 0.0759856707652479
INFO:root:Iter: 4| Accuracy: 0.1 | Loss: 0.49500159236204544
INFO:root:Iter: 5| Accuracy: 1.0 | Loss: 0.12712471487905957
INFO:root:Iter: 6| Accuracy: 0.8 | Loss: 0.13048953263401156
INFO:root:Iter: 7| Accuracy: 1.0 | Loss: 0.05176369874276866
INFO:root:Iter: 8| Accuracy: 1.0 | Loss: 0.062295173453657225
INFO:root:Iter: 9| Accuracy: 1.0 | Loss: 0.05803883289130174
INFO:root:Iter: 10| Accuracy: 0.0 | Loss: 0.6397551052912193
INFO:root:Iter: 11| Accuracy: 0.1 | Loss: 0.5602741554452182
INFO:root:Iter: 12| Accuracy: 0.0 | Loss: 0.5483822369250482
INFO:root:Iter: 13| Accuracy: 0.4 | Loss: 0.37301654052719735
INFO:root:Iter: 14| Accuracy: 0.7 | Loss: 0.1648416058126434
INFO:root:Iter: 15| Accuracy: 1.0 | Loss: 0.08737159062041255
INFO:root:Iter: 16| Accuracy: 0.6 | Loss: 0.4535582701725641
INFO:root:Iter: 17| Accuracy: 0.8 | Loss: 0.13634126393870089
INFO:root:Iter: 18| Accuracy: 1.0 | Loss: 0.10433163582703164
INFO:root:Iter: 19| Accuracy: 0.6 | Loss: 0.23226963224592612
INFO:root:Iter: 20| Accuracy: 1.0 | Loss: 0.09806130226853257
INFO:root:epoch 17 : Training Accuracy 0.66 , Loss 0.2449377955427285, Time 2.0824527382850646 minutes, Validation Accuracy 0.98, Minimal Info Left 0.9858325996133114
INFO:root:start epoch 18
INFO:root:Iter: 1| Accuracy: 0.3 | Loss: 0.30046014480653443
INFO:root:Iter: 2| Accuracy: 1.0 | Loss: 0.10630886968771547
INFO:root:Iter: 3| Accuracy: 0.6 | Loss: 0.1779586650823227
INFO:root:Iter: 4| Accuracy: 0.9 | Loss: 0.11254633056115289
INFO:root:Iter: 5| Accuracy: 0.1 | Loss: 0.48390278398804
INFO:root:Iter: 6| Accuracy: 1.0 | Loss: 0.08646352382486637
INFO:root:Iter: 7| Accuracy: 0.0 | Loss: 0.42713746369401234
INFO:root:Iter: 8| Accuracy: 0.9 | Loss: 0.11198029019781304
INFO:root:Iter: 9| Accuracy: 0.9 | Loss: 0.12600930007927194
INFO:root:Iter: 10| Accuracy: 1.0 | Loss: 0.12547772553757225
INFO:root:Iter: 11| Accuracy: 0.2 | Loss: 0.41348425515913306
INFO:root:Iter: 12| Accuracy: 0.8 | Loss: 0.1525530889213337
INFO:root:Iter: 13| Accuracy: 0.9 | Loss: 0.18333604930741593
INFO:root:Iter: 14| Accuracy: 1.0 | Loss: 0.13686431728258222
INFO:root:Iter: 15| Accuracy: 1.0 | Loss: 0.08529533858109303
INFO:root:Iter: 16| Accuracy: 1.0 | Loss: 0.08094284698695178
INFO:root:Iter: 17| Accuracy: 0.8 | Loss: 0.19645497048356358
INFO:root:Iter: 18| Accuracy: 0.9 | Loss: 0.08132570840455447
INFO:root:Iter: 19| Accuracy: 0.8 | Loss: 0.12731873842637106
INFO:root:Iter: 20| Accuracy: 0.9 | Loss: 0.0797290066442926
INFO:root:epoch 18 : Training Accuracy 0.75 , Loss 0.1854850770379227, Time 1.997883415222168 minutes, Validation Accuracy 0.935, Minimal Info Left 0.9831399602446652
INFO:root:start epoch 19
INFO:root:Iter: 1| Accuracy: 1.0 | Loss: 0.07068249113904705
INFO:root:Iter: 2| Accuracy: 0.8 | Loss: 0.10082100126419002
INFO:root:Iter: 3| Accuracy: 0.0 | Loss: 0.5317299747567809
INFO:root:Iter: 4| Accuracy: 0.9 | Loss: 0.1048141042920594
INFO:root:Iter: 5| Accuracy: 1.0 | Loss: 0.08601259903233076
INFO:root:Iter: 6| Accuracy: 0.2 | Loss: 0.48956010113199716
INFO:root:Iter: 7| Accuracy: 0.9 | Loss: 0.07387001859788725
INFO:root:Iter: 8| Accuracy: 0.3 | Loss: 0.46878916088634837
INFO:root:Iter: 9| Accuracy: 1.0 | Loss: 0.09842647268639211
INFO:root:Iter: 10| Accuracy: 0.8 | Loss: 0.13323908176286356
INFO:root:Iter: 11| Accuracy: 0.8 | Loss: 0.10536231599756159
INFO:root:Iter: 12| Accuracy: 1.0 | Loss: 0.06817013647142142
INFO:root:Iter: 13| Accuracy: 1.0 | Loss: 0.07542295923836638
INFO:root:Iter: 14| Accuracy: 0.0 | Loss: 0.5615374542693744
INFO:root:Iter: 15| Accuracy: 0.9 | Loss: 0.13429028594240017
INFO:root:Iter: 16| Accuracy: 1.0 | Loss: 0.053293054260968364
INFO:root:Iter: 17| Accuracy: 1.0 | Loss: 0.06055673250949458
INFO:root:Iter: 18| Accuracy: 0.9 | Loss: 0.086674967923723
INFO:root:Iter: 19| Accuracy: 1.0 | Loss: 0.06114358060135013
INFO:root:Iter: 20| Accuracy: 0.0 | Loss: 0.5941536370442375
INFO:root:epoch 19 : Training Accuracy 0.725 , Loss 0.20215885341285073, Time 1.9546409646670024 minutes, Validation Accuracy 0.975, Minimal Info Left 0.9767480534085058
INFO:root:start epoch 20
INFO:root:Iter: 1| Accuracy: 0.9 | Loss: 0.08799276062923819
INFO:root:Iter: 2| Accuracy: 1.0 | Loss: 0.06935491635767208
INFO:root:Iter: 3| Accuracy: 1.0 | Loss: 0.07594636219984405
INFO:root:Iter: 4| Accuracy: 0.9 | Loss: 0.1172212650479438
INFO:root:Iter: 5| Accuracy: 0.3 | Loss: 0.4908275726488248
INFO:root:Iter: 6| Accuracy: 1.0 | Loss: 0.055979780699409974
INFO:root:Iter: 7| Accuracy: 0.8 | Loss: 0.14200198931336477
INFO:root:Iter: 8| Accuracy: 1.0 | Loss: 0.0844679839280442
INFO:root:Iter: 9| Accuracy: 1.0 | Loss: 0.08153658952250657
INFO:root:Iter: 10| Accuracy: 0.8 | Loss: 0.14164766125736653
INFO:root:Iter: 11| Accuracy: 1.0 | Loss: 0.06596950843897456
INFO:root:Iter: 12| Accuracy: 1.0 | Loss: 0.054160046652570924
INFO:root:Iter: 13| Accuracy: 0.1 | Loss: 0.5035371331038003
INFO:root:Iter: 14| Accuracy: 1.0 | Loss: 0.08698422501641856
INFO:root:Iter: 15| Accuracy: 1.0 | Loss: 0.0653407829983519
INFO:root:Iter: 16| Accuracy: 0.1 | Loss: 0.5832608562651421
INFO:root:Iter: 17| Accuracy: 1.0 | Loss: 0.08246770934838907
INFO:root:Iter: 18| Accuracy: 1.0 | Loss: 0.050101697629751495
INFO:root:Iter: 19| Accuracy: 0.0 | Loss: 0.6042822446610836
INFO:root:Iter: 20| Accuracy: 1.0 | Loss: 0.09482263581510174
INFO:root:epoch 20 : Training Accuracy 0.795 , Loss 0.17501181919312955, Time 1.9504899024963378 minutes, Validation Accuracy 0.99, Minimal Info Left 0.9820036570393955
INFO:root:start epoch 21
INFO:root:Iter: 1| Accuracy: 1.0 | Loss: 0.0337885966235598
INFO:root:Iter: 2| Accuracy: 0.9 | Loss: 0.0728644634929417
INFO:root:Iter: 3| Accuracy: 1.0 | Loss: 0.057859716833803886
INFO:root:Iter: 4| Accuracy: 0.8 | Loss: 0.15677116909464922
INFO:root:Iter: 5| Accuracy: 0.9 | Loss: 0.12218906926515165
INFO:root:Iter: 6| Accuracy: 0.3 | Loss: 0.4094135480107983
INFO:root:Iter: 7| Accuracy: 1.0 | Loss: 0.09568423033534523
INFO:root:Iter: 8| Accuracy: 1.0 | Loss: 0.07143304915699719
INFO:root:Iter: 9| Accuracy: 1.0 | Loss: 0.0731417652488486
INFO:root:Iter: 10| Accuracy: 0.3 | Loss: 0.4901884429262548
INFO:root:Iter: 11| Accuracy: 1.0 | Loss: 0.04814522673647771
INFO:root:Iter: 12| Accuracy: 0.1 | Loss: 0.5432125971232544
INFO:root:Iter: 13| Accuracy: 1.0 | Loss: 0.04877493917282224
INFO:root:Iter: 14| Accuracy: 1.0 | Loss: 0.043809507705083135
INFO:root:Iter: 15| Accuracy: 0.9 | Loss: 0.08818019038682205
INFO:root:Iter: 16| Accuracy: 0.9 | Loss: 0.112094323299662
INFO:root:Iter: 17| Accuracy: 1.0 | Loss: 0.047045313195881525
INFO:root:Iter: 18| Accuracy: 1.0 | Loss: 0.0549152678747028
INFO:root:Iter: 19| Accuracy: 1.0 | Loss: 0.06973253692426898
INFO:root:Iter: 20| Accuracy: 0.7 | Loss: 0.26441014940236773
INFO:root:epoch 21 : Training Accuracy 0.84 , Loss 0.14864346843628706, Time 1.944506831963857 minutes, Validation Accuracy 0.985, Minimal Info Left 0.9819129261272134
INFO:root:start epoch 22
INFO:root:Iter: 1| Accuracy: 1.0 | Loss: 0.05221647057739679
INFO:root:Iter: 2| Accuracy: 1.0 | Loss: 0.04389038707166746
INFO:root:Iter: 3| Accuracy: 0.1 | Loss: 0.5471827979218638
INFO:root:Iter: 4| Accuracy: 0.2 | Loss: 0.540013352730589
INFO:root:Iter: 5| Accuracy: 0.2 | Loss: 0.518491374631026
INFO:root:Iter: 6| Accuracy: 1.0 | Loss: 0.10745823997238788
INFO:root:Iter: 7| Accuracy: 0.3 | Loss: 0.5187336016974606
INFO:root:Iter: 8| Accuracy: 0.8 | Loss: 0.13339766210712334
INFO:root:Iter: 9| Accuracy: 1.0 | Loss: 0.09209343482000995
INFO:root:Iter: 10| Accuracy: 1.0 | Loss: 0.08875165645843083
INFO:root:Iter: 11| Accuracy: 0.2 | Loss: 0.5601768349747888
INFO:root:Iter: 12| Accuracy: 1.0 | Loss: 0.08357947016392267
INFO:root:Iter: 13| Accuracy: 1.0 | Loss: 0.05486018212910596
INFO:root:Iter: 14| Accuracy: 0.8 | Loss: 0.16350665736007533
INFO:root:Iter: 15| Accuracy: 0.9 | Loss: 0.11710316541284697
INFO:root:Iter: 16| Accuracy: 1.0 | Loss: 0.06229817838770128
INFO:root:Iter: 17| Accuracy: 1.0 | Loss: 0.0734586730450175
INFO:root:Iter: 18| Accuracy: 1.0 | Loss: 0.08176331887773527
INFO:root:Iter: 19| Accuracy: 1.0 | Loss: 0.06534023622849292
INFO:root:Iter: 20| Accuracy: 0.5 | Loss: 0.29291876160453706
INFO:root:epoch 22 : Training Accuracy 0.75 , Loss 0.2048585619327829, Time 1.946486242612203 minutes, Validation Accuracy 0.99, Minimal Info Left 0.9805655671013918
INFO:root:start epoch 23
INFO:root:Iter: 1| Accuracy: 0.9 | Loss: 0.09175498747171151
INFO:root:Iter: 2| Accuracy: 0.9 | Loss: 0.10733232083752395
INFO:root:Iter: 3| Accuracy: 1.0 | Loss: 0.043623333247246286
INFO:root:Iter: 4| Accuracy: 0.2 | Loss: 0.4512096948274988
INFO:root:Iter: 5| Accuracy: 1.0 | Loss: 0.08736688583436283
INFO:root:Iter: 6| Accuracy: 0.8 | Loss: 0.11392671600105264
INFO:root:Iter: 7| Accuracy: 1.0 | Loss: 0.04787276182398623
INFO:root:Iter: 8| Accuracy: 1.0 | Loss: 0.03438390193924205
INFO:root:Iter: 9| Accuracy: 0.9 | Loss: 0.08948983197044574
INFO:root:Iter: 10| Accuracy: 1.0 | Loss: 0.05736950527069795
INFO:root:Iter: 11| Accuracy: 0.0 | Loss: 0.5976832075753494
INFO:root:Iter: 12| Accuracy: 0.0 | Loss: 0.6142035427992947
INFO:root:Iter: 13| Accuracy: 0.0 | Loss: 0.5592006723823786
INFO:root:Iter: 14| Accuracy: 0.4 | Loss: 0.4913419032422082
INFO:root:Iter: 15| Accuracy: 0.3 | Loss: 0.31397044893322196
INFO:root:Iter: 16| Accuracy: 0.9 | Loss: 0.12755695883942295
INFO:root:Iter: 17| Accuracy: 0.8 | Loss: 0.1331841025353445
INFO:root:Iter: 18| Accuracy: 0.7 | Loss: 0.12344824875040199
INFO:root:Iter: 19| Accuracy: 0.9 | Loss: 0.11215623912317503
INFO:root:Iter: 20| Accuracy: 0.8 | Loss: 0.18327768364013797
INFO:root:epoch 23 : Training Accuracy 0.675 , Loss 0.2118566255340661, Time 1.945061711470286 minutes, Validation Accuracy 0.99, Minimal Info Left 0.9821502262571451
INFO:root:start epoch 24
INFO:root:Iter: 1| Accuracy: 0.8 | Loss: 0.0920625652388206
INFO:root:Iter: 2| Accuracy: 0.4 | Loss: 0.28054205681095845
INFO:root:Iter: 3| Accuracy: 1.0 | Loss: 0.08892144114670271
INFO:root:Iter: 4| Accuracy: 0.2 | Loss: 0.4828100774057894
INFO:root:Iter: 5| Accuracy: 0.9 | Loss: 0.10897343416868668
INFO:root:Iter: 6| Accuracy: 0.9 | Loss: 0.11359761175921475
INFO:root:Iter: 7| Accuracy: 1.0 | Loss: 0.08687403948493445
INFO:root:Iter: 8| Accuracy: 1.0 | Loss: 0.07836910599752231
INFO:root:Iter: 9| Accuracy: 0.9 | Loss: 0.08439813039616066
INFO:root:Iter: 10| Accuracy: 0.9 | Loss: 0.10304389990872038
INFO:root:Iter: 11| Accuracy: 1.0 | Loss: 0.05077192757283855
INFO:root:Iter: 12| Accuracy: 1.0 | Loss: 0.06696558289242541
INFO:root:Iter: 13| Accuracy: 0.0 | Loss: 0.5605552727576718
INFO:root:Iter: 14| Accuracy: 0.9 | Loss: 0.0740153725395295
INFO:root:Iter: 15| Accuracy: 1.0 | Loss: 0.0961800798195024
INFO:root:Iter: 16| Accuracy: 1.0 | Loss: 0.039632746870134884
INFO:root:Iter: 17| Accuracy: 1.0 | Loss: 0.08001349052912948
INFO:root:Iter: 18| Accuracy: 0.9 | Loss: 0.08341855113630064
INFO:root:Iter: 19| Accuracy: 0.1 | Loss: 0.46892048664202796
INFO:root:Iter: 20| Accuracy: 0.8 | Loss: 0.0983340950561497
INFO:root:epoch 24 : Training Accuracy 0.785 , Loss 0.1622671024636389, Time 2.0139808654785156 minutes, Validation Accuracy 0.99, Minimal Info Left 0.9820763124673809
INFO:root:start epoch 25
INFO:root:Iter: 1| Accuracy: 0.9 | Loss: 0.1016728185425442
INFO:root:Iter: 2| Accuracy: 1.0 | Loss: 0.08694708431706928
INFO:root:Iter: 3| Accuracy: 1.0 | Loss: 0.035403043067783205
INFO:root:Iter: 4| Accuracy: 1.0 | Loss: 0.08546375599086672
INFO:root:Iter: 5| Accuracy: 0.0 | Loss: 0.5846944505981361
INFO:root:Iter: 6| Accuracy: 0.8 | Loss: 0.11870800618923201
INFO:root:Iter: 7| Accuracy: 1.0 | Loss: 0.05408789916278377
INFO:root:Iter: 8| Accuracy: 0.8 | Loss: 0.12257218438604815
INFO:root:Iter: 9| Accuracy: 0.8 | Loss: 0.10849710170990931
INFO:root:Iter: 10| Accuracy: 0.1 | Loss: 0.4680430189337743
INFO:root:Iter: 11| Accuracy: 0.9 | Loss: 0.08429176880639977
INFO:root:Iter: 12| Accuracy: 0.4 | Loss: 0.3713636247155473
INFO:root:Iter: 13| Accuracy: 0.7 | Loss: 0.15225658300471345
INFO:root:Iter: 14| Accuracy: 0.5 | Loss: 0.6166282245187836
INFO:root:Iter: 15| Accuracy: 1.0 | Loss: 0.0717827460274505
INFO:root:Iter: 16| Accuracy: 1.0 | Loss: 0.07621244559872759
INFO:root:Iter: 17| Accuracy: 1.0 | Loss: 0.08668964729581807
INFO:root:Iter: 18| Accuracy: 1.0 | Loss: 0.05031961006607727
INFO:root:Iter: 19| Accuracy: 1.0 | Loss: 0.06507783186740426
INFO:root:Iter: 20| Accuracy: 1.0 | Loss: 0.04915111433763583
INFO:root:epoch 25 : Training Accuracy 0.795 , Loss 0.1904454396856241, Time 2.0823549151420595 minutes, Validation Accuracy 0.925, Minimal Info Left 0.9794229258487372
INFO:root:start epoch 26
INFO:root:Iter: 1| Accuracy: 1.0 | Loss: 0.059526648614900646
INFO:root:Iter: 2| Accuracy: 1.0 | Loss: 0.05442141102681401
INFO:root:Iter: 3| Accuracy: 0.9 | Loss: 0.08059031627927528
INFO:root:Iter: 4| Accuracy: 0.9 | Loss: 0.0831737122394121
INFO:root:Iter: 5| Accuracy: 0.9 | Loss: 0.10210553976524168
INFO:root:Iter: 6| Accuracy: 0.2 | Loss: 0.4616836977976986
INFO:root:Iter: 7| Accuracy: 0.9 | Loss: 0.09939081537208742
INFO:root:Iter: 8| Accuracy: 1.0 | Loss: 0.1018210265075606
INFO:root:Iter: 9| Accuracy: 0.8 | Loss: 0.13820791716070305
INFO:root:Iter: 10| Accuracy: 0.1 | Loss: 0.6132476257575881
INFO:root:Iter: 11| Accuracy: 0.9 | Loss: 0.12506439063863964
INFO:root:Iter: 12| Accuracy: 0.9 | Loss: 0.14574741804924987
INFO:root:Iter: 13| Accuracy: 1.0 | Loss: 0.09754912724871795
INFO:root:Iter: 14| Accuracy: 0.9 | Loss: 0.07477742261734754
INFO:root:Iter: 15| Accuracy: 0.9 | Loss: 0.09031560945924008
INFO:root:Iter: 16| Accuracy: 1.0 | Loss: 0.0549790987837437
INFO:root:Iter: 17| Accuracy: 1.0 | Loss: 0.053708511701279125
INFO:root:Iter: 18| Accuracy: 1.0 | Loss: 0.045945453733430244
INFO:root:Iter: 19| Accuracy: 0.9 | Loss: 0.09118699371244192
INFO:root:Iter: 20| Accuracy: 1.0 | Loss: 0.07806084048261872
INFO:root:epoch 26 : Training Accuracy 0.86 , Loss 0.13011703159579346, Time 2.1401272813479104 minutes, Validation Accuracy 0.99, Minimal Info Left 0.9724105283085628
INFO:root:start epoch 27
INFO:root:Iter: 1| Accuracy: 0.0 | Loss: 0.6838672198822164
INFO:root:Iter: 2| Accuracy: 1.0 | Loss: 0.08470507175213557
INFO:root:Iter: 3| Accuracy: 0.9 | Loss: 0.07999912916857442
INFO:root:Iter: 4| Accuracy: 1.0 | Loss: 0.07035618573310501
INFO:root:Iter: 5| Accuracy: 0.9 | Loss: 0.10027700503417858
INFO:root:Iter: 6| Accuracy: 1.0 | Loss: 0.0667281449577568
INFO:root:Iter: 7| Accuracy: 1.0 | Loss: 0.04171600006081059
INFO:root:Iter: 8| Accuracy: 1.0 | Loss: 0.0702183792530319
INFO:root:Iter: 9| Accuracy: 1.0 | Loss: 0.05144270896214963
INFO:root:Iter: 10| Accuracy: 0.0 | Loss: 0.6158133347077784
INFO:root:Iter: 11| Accuracy: 1.0 | Loss: 0.0793155290681151
INFO:root:Iter: 12| Accuracy: 1.0 | Loss: 0.04243926161411509
INFO:root:Iter: 13| Accuracy: 0.9 | Loss: 0.10350838125534263
INFO:root:Iter: 14| Accuracy: 1.0 | Loss: 0.06589069647322085
INFO:root:Iter: 15| Accuracy: 0.1 | Loss: 0.49662991802971873
INFO:root:Iter: 16| Accuracy: 1.0 | Loss: 0.06101217128221813
INFO:root:Iter: 17| Accuracy: 0.9 | Loss: 0.10081288151375045
INFO:root:Iter: 18| Accuracy: 0.1 | Loss: 0.5383256216696164
INFO:root:Iter: 19| Accuracy: 1.0 | Loss: 0.05268000896978037
INFO:root:Iter: 20| Accuracy: 0.9 | Loss: 0.08084275757220251
INFO:root:epoch 27 : Training Accuracy 0.785 , Loss 0.1717000314556663, Time 2.1474658370018007 minutes, Validation Accuracy 0.99, Minimal Info Left 0.9796198644489716
INFO:root:start epoch 28
INFO:root:Iter: 1| Accuracy: 1.0 | Loss: 0.056375904235217024
INFO:root:Iter: 2| Accuracy: 1.0 | Loss: 0.0588263953487118
INFO:root:Iter: 3| Accuracy: 0.9 | Loss: 0.09077725916944215
INFO:root:Iter: 4| Accuracy: 0.9 | Loss: 0.06780934221251418
INFO:root:Iter: 5| Accuracy: 1.0 | Loss: 0.05214330899101668
INFO:root:Iter: 6| Accuracy: 1.0 | Loss: 0.057615519515897884
INFO:root:Iter: 7| Accuracy: 0.7 | Loss: 0.15645099498118614
INFO:root:Iter: 8| Accuracy: 1.0 | Loss: 0.04182222225746979
INFO:root:Iter: 9| Accuracy: 1.0 | Loss: 0.045732338717466445
INFO:root:Iter: 10| Accuracy: 1.0 | Loss: 0.09421858706921188
INFO:root:Iter: 11| Accuracy: 0.5 | Loss: 0.29405232025956746
INFO:root:Iter: 12| Accuracy: 0.9 | Loss: 0.11409955435592238
INFO:root:Iter: 13| Accuracy: 1.0 | Loss: 0.05583045784566678
INFO:root:Iter: 14| Accuracy: 0.9 | Loss: 0.09906430016630184
INFO:root:Iter: 15| Accuracy: 1.0 | Loss: 0.0956605798671595
INFO:root:Iter: 16| Accuracy: 1.0 | Loss: 0.05857755674045952
INFO:root:Iter: 17| Accuracy: 0.0 | Loss: 0.6640500811699253
INFO:root:Iter: 18| Accuracy: 1.0 | Loss: 0.05399530957760053
INFO:root:Iter: 19| Accuracy: 0.9 | Loss: 0.08736151758914326
INFO:root:Iter: 20| Accuracy: 0.8 | Loss: 0.1459033096361678
INFO:root:epoch 28 : Training Accuracy 0.875 , Loss 0.12180954584186847, Time 2.1528634428977966 minutes, Validation Accuracy 0.98, Minimal Info Left 0.9795363706007335
INFO:root:start epoch 29
INFO:root:Iter: 1| Accuracy: 1.0 | Loss: 0.03527612447696425
INFO:root:Iter: 2| Accuracy: 1.0 | Loss: 0.03731291968787613
INFO:root:Iter: 3| Accuracy: 0.1 | Loss: 0.5200644526569884
INFO:root:Iter: 4| Accuracy: 1.0 | Loss: 0.0710575062097061
INFO:root:Iter: 5| Accuracy: 1.0 | Loss: 0.07203682432122957
INFO:root:Iter: 6| Accuracy: 1.0 | Loss: 0.08509663657421576
INFO:root:Iter: 7| Accuracy: 1.0 | Loss: 0.07828359636477347
INFO:root:Iter: 8| Accuracy: 1.0 | Loss: 0.07435420748638476
INFO:root:Iter: 9| Accuracy: 1.0 | Loss: 0.04359494839571958
INFO:root:Iter: 10| Accuracy: 0.9 | Loss: 0.08085715394637524
INFO:root:Iter: 11| Accuracy: 0.9 | Loss: 0.0845704772324053
INFO:root:Iter: 12| Accuracy: 1.0 | Loss: 0.05425492196535968
INFO:root:Iter: 13| Accuracy: 1.0 | Loss: 0.03918578192060435
INFO:root:Iter: 14| Accuracy: 0.1 | Loss: 0.5049577443506349
INFO:root:Iter: 15| Accuracy: 0.9 | Loss: 0.10255724889122986
INFO:root:Iter: 16| Accuracy: 1.0 | Loss: 0.11823227720484912
INFO:root:Iter: 17| Accuracy: 1.0 | Loss: 0.07485503901763227
INFO:root:Iter: 18| Accuracy: 0.1 | Loss: 0.5930236646983571
INFO:root:Iter: 19| Accuracy: 1.0 | Loss: 0.09113326658752921
INFO:root:Iter: 20| Accuracy: 0.0 | Loss: 0.5399266769529799
INFO:root:epoch 29 : Training Accuracy 0.8 , Loss 0.16448443198660942, Time 2.156609499454498 minutes, Validation Accuracy 0.99, Minimal Info Left 0.985469309623458
INFO:root:start epoch 30
INFO:root:Iter: 1| Accuracy: 1.0 | Loss: 0.04170904548800854
INFO:root:Iter: 2| Accuracy: 1.0 | Loss: 0.08105722425883724
INFO:root:Iter: 3| Accuracy: 1.0 | Loss: 0.08043559037285788
INFO:root:Iter: 4| Accuracy: 0.9 | Loss: 0.08599066122207341
INFO:root:Iter: 5| Accuracy: 1.0 | Loss: 0.07215776225169278
INFO:root:Iter: 6| Accuracy: 0.0 | Loss: 0.6127988503099999
INFO:root:Iter: 7| Accuracy: 1.0 | Loss: 0.04987663368987619
INFO:root:Iter: 8| Accuracy: 0.9 | Loss: 0.0984907147170108
INFO:root:Iter: 9| Accuracy: 1.0 | Loss: 0.06407110268152187
INFO:root:Iter: 10| Accuracy: 0.9 | Loss: 0.08935456477870403
INFO:root:Iter: 11| Accuracy: 0.9 | Loss: 0.06435693564755604
INFO:root:Iter: 12| Accuracy: 0.9 | Loss: 0.10858094546858026
INFO:root:Iter: 13| Accuracy: 1.0 | Loss: 0.07373471634995717
INFO:root:Iter: 14| Accuracy: 0.9 | Loss: 0.0678524596323401
INFO:root:Iter: 15| Accuracy: 1.0 | Loss: 0.06878612831916002
INFO:root:Iter: 16| Accuracy: 0.8 | Loss: 0.11814870647556949
INFO:root:Iter: 17| Accuracy: 1.0 | Loss: 0.057609757820394424
INFO:root:Iter: 18| Accuracy: 1.0 | Loss: 0.058458703835456635
INFO:root:Iter: 19| Accuracy: 0.1 | Loss: 0.5663281779941535
INFO:root:Iter: 20| Accuracy: 1.0 | Loss: 0.056364783519084784
INFO:root:epoch 30 : Training Accuracy 0.865 , Loss 0.12701856454434707, Time 2.1548150261243184 minutes, Validation Accuracy 0.99, Minimal Info Left 0.9879784792197621
INFO:root:start epoch 31
INFO:root:Iter: 1| Accuracy: 1.0 | Loss: 0.07360996888346653
INFO:root:Iter: 2| Accuracy: 0.0 | Loss: 0.5959686510412231
INFO:root:Iter: 3| Accuracy: 1.0 | Loss: 0.07685128468090016
INFO:root:Iter: 4| Accuracy: 1.0 | Loss: 0.04974123714553298
INFO:root:Iter: 5| Accuracy: 0.1 | Loss: 0.560762901806639
INFO:root:Iter: 6| Accuracy: 1.0 | Loss: 0.06612483107704024
INFO:root:Iter: 7| Accuracy: 0.5 | Loss: 0.18815260613320745
INFO:root:Iter: 8| Accuracy: 0.8 | Loss: 0.15023940645465128
INFO:root:Iter: 9| Accuracy: 1.0 | Loss: 0.08967154429710174
INFO:root:Iter: 10| Accuracy: 0.2 | Loss: 0.4334816007457228
INFO:root:Iter: 11| Accuracy: 1.0 | Loss: 0.0665149758010696
INFO:root:Iter: 12| Accuracy: 0.9 | Loss: 0.1442910655414466
INFO:root:Iter: 13| Accuracy: 0.3 | Loss: 0.431197261654516
INFO:root:Iter: 14| Accuracy: 1.0 | Loss: 0.07402955971374951
INFO:root:Iter: 15| Accuracy: 0.8 | Loss: 0.15072694831336825
INFO:root:Iter: 16| Accuracy: 0.0 | Loss: 0.575348917013937
INFO:root:Iter: 17| Accuracy: 1.0 | Loss: 0.05554177662085084
INFO:root:Iter: 18| Accuracy: 0.9 | Loss: 0.08889793045557398
INFO:root:Iter: 19| Accuracy: 0.6 | Loss: 0.19923376181620134
INFO:root:Iter: 20| Accuracy: 1.0 | Loss: 0.07717387717840643
INFO:root:epoch 31 : Training Accuracy 0.705 , Loss 0.21810518063314682, Time 2.1095808585484823 minutes, Validation Accuracy 0.985, Minimal Info Left 0.9864348310620165
INFO:root:start epoch 32
INFO:root:Iter: 1| Accuracy: 1.0 | Loss: 0.08145352935767694
INFO:root:Iter: 2| Accuracy: 1.0 | Loss: 0.058579239123259394
INFO:root:Iter: 3| Accuracy: 1.0 | Loss: 0.05939323702044671
INFO:root:Iter: 4| Accuracy: 0.8 | Loss: 0.13039144485585238
INFO:root:Iter: 5| Accuracy: 1.0 | Loss: 0.048649611472293415
INFO:root:Iter: 6| Accuracy: 0.9 | Loss: 0.07900025494429633
INFO:root:Iter: 7| Accuracy: 0.9 | Loss: 0.10413799895874669
INFO:root:Iter: 8| Accuracy: 0.9 | Loss: 0.13543222913551264
INFO:root:Iter: 9| Accuracy: 1.0 | Loss: 0.0949296077713299
INFO:root:Iter: 10| Accuracy: 0.1 | Loss: 0.5347392059540594
INFO:root:Iter: 11| Accuracy: 0.2 | Loss: 0.5391830030915101
INFO:root:Iter: 12| Accuracy: 0.1 | Loss: 0.5703829358930474
INFO:root:Iter: 13| Accuracy: 0.1 | Loss: 0.6069509516065402
INFO:root:Iter: 14| Accuracy: 1.0 | Loss: 0.07490389445076209
INFO:root:Iter: 15| Accuracy: 1.0 | Loss: 0.06162346572565909
INFO:root:Iter: 16| Accuracy: 0.7 | Loss: 0.13906658504421018
INFO:root:Iter: 17| Accuracy: 1.0 | Loss: 0.07693693992085146
INFO:root:Iter: 18| Accuracy: 0.9 | Loss: 0.09988177116360344
INFO:root:Iter: 19| Accuracy: 0.2 | Loss: 0.4558241667684834
INFO:root:Iter: 20| Accuracy: 0.9 | Loss: 0.11711960440601239
INFO:root:epoch 32 : Training Accuracy 0.735 , Loss 0.2041554763882201, Time 2.061309258143107 minutes, Validation Accuracy 0.995, Minimal Info Left 0.9781276801979473
INFO:root:start epoch 33
INFO:root:Iter: 1| Accuracy: 1.0 | Loss: 0.10723720485793915
INFO:root:Iter: 2| Accuracy: 0.9 | Loss: 0.09728242886438945
INFO:root:Iter: 3| Accuracy: 0.1 | Loss: 0.5399253724100508
INFO:root:Iter: 4| Accuracy: 0.1 | Loss: 0.44295243994546174
INFO:root:Iter: 5| Accuracy: 0.9 | Loss: 0.09809613004670012
INFO:root:Iter: 6| Accuracy: 1.0 | Loss: 0.06082946626358486
INFO:root:Iter: 7| Accuracy: 0.9 | Loss: 0.08879977353950465
INFO:root:Iter: 8| Accuracy: 1.0 | Loss: 0.09752460995967807
INFO:root:Iter: 9| Accuracy: 1.0 | Loss: 0.09948214421766544
INFO:root:Iter: 10| Accuracy: 1.0 | Loss: 0.07310753778007092
INFO:root:Iter: 11| Accuracy: 1.0 | Loss: 0.0865127937031911
INFO:root:Iter: 12| Accuracy: 0.9 | Loss: 0.09406297692950898
INFO:root:Iter: 13| Accuracy: 0.1 | Loss: 0.5192019282253139
INFO:root:Iter: 14| Accuracy: 0.9 | Loss: 0.0884457668278453
INFO:root:Iter: 15| Accuracy: 1.0 | Loss: 0.057652434933147534
INFO:root:Iter: 16| Accuracy: 1.0 | Loss: 0.08648256989211493
INFO:root:Iter: 17| Accuracy: 1.0 | Loss: 0.08116837379643091
INFO:root:Iter: 18| Accuracy: 1.0 | Loss: 0.07467025759337902
INFO:root:Iter: 19| Accuracy: 0.8 | Loss: 0.14134458948274287
INFO:root:Iter: 20| Accuracy: 0.8 | Loss: 0.15419057120056795
INFO:root:epoch 33 : Training Accuracy 0.82 , Loss 0.16802396762384567, Time 2.1529904047648114 minutes, Validation Accuracy 0.965, Minimal Info Left 0.9802026456358388
INFO:root:start epoch 34
INFO:root:Iter: 1| Accuracy: 0.6 | Loss: 0.3630198795620464
INFO:root:Iter: 2| Accuracy: 0.8 | Loss: 0.1389813682535068
INFO:root:Iter: 3| Accuracy: 0.9 | Loss: 0.09239901568101092
INFO:root:Iter: 4| Accuracy: 1.0 | Loss: 0.06547767139734081
INFO:root:Iter: 5| Accuracy: 1.0 | Loss: 0.0693567945747834
INFO:root:Iter: 6| Accuracy: 0.2 | Loss: 0.45285627279730933
INFO:root:Iter: 7| Accuracy: 1.0 | Loss: 0.07410077135746469
INFO:root:Iter: 8| Accuracy: 0.9 | Loss: 0.10699962487866133
INFO:root:Iter: 9| Accuracy: 1.0 | Loss: 0.05296353006723973
INFO:root:Iter: 10| Accuracy: 0.7 | Loss: 0.17944109832283384
INFO:root:Iter: 11| Accuracy: 0.0 | Loss: 0.6047162655302106
INFO:root:Iter: 12| Accuracy: 1.0 | Loss: 0.058261920216364414
INFO:root:Iter: 13| Accuracy: 0.0 | Loss: 0.5692167518346907
INFO:root:Iter: 14| Accuracy: 1.0 | Loss: 0.05233718375695283
INFO:root:Iter: 15| Accuracy: 0.9 | Loss: 0.06747004249309893
INFO:root:Iter: 16| Accuracy: 1.0 | Loss: 0.05891680025418224
INFO:root:Iter: 17| Accuracy: 1.0 | Loss: 0.04673532805686679
INFO:root:Iter: 18| Accuracy: 0.0 | Loss: 0.6055572701431998
INFO:root:Iter: 19| Accuracy: 0.1 | Loss: 0.5195475155984475
INFO:root:Iter: 20| Accuracy: 1.0 | Loss: 0.07430924398750618
INFO:root:epoch 34 : Training Accuracy 0.705 , Loss 0.21103111465386779, Time 2.0842602451642356 minutes, Validation Accuracy 0.99, Minimal Info Left 0.9807191603748158
INFO:root:start epoch 35
INFO:root:Iter: 1| Accuracy: 1.0 | Loss: 0.05990307857477345
INFO:root:Iter: 2| Accuracy: 1.0 | Loss: 0.08075625186707783
INFO:root:Iter: 3| Accuracy: 0.3 | Loss: 0.4737242957827631
INFO:root:Iter: 4| Accuracy: 0.8 | Loss: 0.1332421200763973
INFO:root:Iter: 5| Accuracy: 1.0 | Loss: 0.0992593637680951
INFO:root:Iter: 6| Accuracy: 0.1 | Loss: 0.5560094081356308
INFO:root:Iter: 7| Accuracy: 1.0 | Loss: 0.08283691295890964
INFO:root:Iter: 8| Accuracy: 1.0 | Loss: 0.0972093301689487
INFO:root:Iter: 9| Accuracy: 1.0 | Loss: 0.08128810849842891
INFO:root:Iter: 10| Accuracy: 0.9 | Loss: 0.099068000040727
INFO:root:Iter: 11| Accuracy: 0.9 | Loss: 0.06428941932315588
INFO:root:Iter: 12| Accuracy: 1.0 | Loss: 0.05185528736370604
INFO:root:Iter: 13| Accuracy: 0.9 | Loss: 0.06817795733309431
INFO:root:Iter: 14| Accuracy: 0.9 | Loss: 0.09331538231032432
INFO:root:Iter: 15| Accuracy: 0.9 | Loss: 0.1087676245597882
INFO:root:Iter: 16| Accuracy: 1.0 | Loss: 0.05960133134080159
INFO:root:Iter: 17| Accuracy: 1.0 | Loss: 0.10345380518285949
INFO:root:Iter: 18| Accuracy: 0.8 | Loss: 0.12860550555283573
INFO:root:Iter: 19| Accuracy: 1.0 | Loss: 0.058708213239977755
INFO:root:Iter: 20| Accuracy: 1.0 | Loss: 0.05974772777448314
INFO:root:epoch 35 : Training Accuracy 0.875 , Loss 0.12795651583249973, Time 2.0978748401006064 minutes, Validation Accuracy 0.99, Minimal Info Left 0.9813025407411223
INFO:root:start epoch 36
INFO:root:Iter: 1| Accuracy: 0.1 | Loss: 0.599596001222547
INFO:root:Iter: 2| Accuracy: 1.0 | Loss: 0.041621113462527705
INFO:root:Iter: 3| Accuracy: 0.1 | Loss: 0.5780468185990145
INFO:root:Iter: 4| Accuracy: 1.0 | Loss: 0.047895715180855045
INFO:root:Iter: 5| Accuracy: 0.9 | Loss: 0.11470489753296367
INFO:root:Iter: 6| Accuracy: 0.9 | Loss: 0.09385763717242801
INFO:root:Iter: 7| Accuracy: 1.0 | Loss: 0.05624915603158356
INFO:root:Iter: 8| Accuracy: 0.9 | Loss: 0.08205786684044744
INFO:root:Iter: 9| Accuracy: 0.0 | Loss: 0.5876758505398636
INFO:root:Iter: 10| Accuracy: 1.0 | Loss: 0.07036491378341822
INFO:root:Iter: 11| Accuracy: 1.0 | Loss: 0.05339849327978378
INFO:root:Iter: 12| Accuracy: 0.0 | Loss: 0.5948139655118909
INFO:root:Iter: 13| Accuracy: 1.0 | Loss: 0.07925751755105107
INFO:root:Iter: 14| Accuracy: 1.0 | Loss: 0.051656958361834635
INFO:root:Iter: 15| Accuracy: 0.9 | Loss: 0.09243422666493066
INFO:root:Iter: 16| Accuracy: 0.8 | Loss: 0.11832256280846669
INFO:root:Iter: 17| Accuracy: 0.9 | Loss: 0.11196832117439662
INFO:root:Iter: 18| Accuracy: 0.8 | Loss: 0.14164580128676615
INFO:root:Iter: 19| Accuracy: 1.0 | Loss: 0.08570622030621883
INFO:root:Iter: 20| Accuracy: 0.9 | Loss: 0.12897409872576882
INFO:root:epoch 36 : Training Accuracy 0.76 , Loss 0.18743771068354206, Time 2.1078529357910156 minutes, Validation Accuracy 0.99, Minimal Info Left 0.9843735281233732
INFO:root:start epoch 37
INFO:root:Iter: 1| Accuracy: 0.0 | Loss: 0.5765272562138625
INFO:root:Iter: 2| Accuracy: 1.0 | Loss: 0.044736784373538535
INFO:root:Iter: 3| Accuracy: 0.0 | Loss: 0.6428100556643411
INFO:root:Iter: 4| Accuracy: 0.5 | Loss: 0.24043348322904406
INFO:root:Iter: 5| Accuracy: 0.9 | Loss: 0.08743919862879887
INFO:root:Iter: 6| Accuracy: 0.6 | Loss: 0.19882632325442734
INFO:root:Iter: 7| Accuracy: 1.0 | Loss: 0.052620473896405784
INFO:root:Iter: 8| Accuracy: 0.9 | Loss: 0.10500304071947453
INFO:root:Iter: 9| Accuracy: 0.9 | Loss: 0.14124975216982744
INFO:root:Iter: 10| Accuracy: 1.0 | Loss: 0.04295219980260909
INFO:root:Iter: 11| Accuracy: 0.2 | Loss: 0.5167174664625749
INFO:root:Iter: 12| Accuracy: 1.0 | Loss: 0.06080545999516042
INFO:root:Iter: 13| Accuracy: 0.3 | Loss: 0.5104059781698351
INFO:root:Iter: 14| Accuracy: 1.0 | Loss: 0.08737437546108091
INFO:root:Iter: 15| Accuracy: 1.0 | Loss: 0.09851086086455937
INFO:root:Iter: 16| Accuracy: 1.0 | Loss: 0.05015742555431775
INFO:root:Iter: 17| Accuracy: 0.1 | Loss: 0.501360259685342
INFO:root:Iter: 18| Accuracy: 0.7 | Loss: 0.19959175684206842
INFO:root:Iter: 19| Accuracy: 0.0 | Loss: 0.592328735050938
INFO:root:Iter: 20| Accuracy: 0.0 | Loss: 0.6265893310835559
INFO:root:epoch 37 : Training Accuracy 0.605 , Loss 0.26831330057646885, Time 2.121072518825531 minutes, Validation Accuracy 0.99, Minimal Info Left 0.9747929153164526
INFO:root:start epoch 38
INFO:root:Iter: 1| Accuracy: 0.7 | Loss: 0.2322217844821343
INFO:root:Iter: 2| Accuracy: 1.0 | Loss: 0.07057640268351141
INFO:root:Iter: 3| Accuracy: 0.9 | Loss: 0.072302781834576
INFO:root:Iter: 4| Accuracy: 1.0 | Loss: 0.05611875287532399
INFO:root:Iter: 5| Accuracy: 1.0 | Loss: 0.04735917210698019
INFO:root:Iter: 6| Accuracy: 1.0 | Loss: 0.07269918746327836
INFO:root:Iter: 7| Accuracy: 1.0 | Loss: 0.09129234297618043
INFO:root:Iter: 8| Accuracy: 1.0 | Loss: 0.05686910752018444
INFO:root:Iter: 9| Accuracy: 0.8 | Loss: 0.09351273378306277
INFO:root:Iter: 10| Accuracy: 0.9 | Loss: 0.12139540445856914
INFO:root:Iter: 11| Accuracy: 0.1 | Loss: 0.5078617490588482
INFO:root:Iter: 12| Accuracy: 0.3 | Loss: 0.5505374301705033
INFO:root:Iter: 13| Accuracy: 0.9 | Loss: 0.12272459470728996
INFO:root:Iter: 14| Accuracy: 0.5 | Loss: 0.38145120440327374
INFO:root:Iter: 15| Accuracy: 1.0 | Loss: 0.08135365667000768
INFO:root:Iter: 16| Accuracy: 0.2 | Loss: 0.4711780944458071
INFO:root:Iter: 17| Accuracy: 0.9 | Loss: 0.12442776741121575
INFO:root:Iter: 18| Accuracy: 1.0 | Loss: 0.1011639662173502
INFO:root:Iter: 19| Accuracy: 1.0 | Loss: 0.07138510311790662
INFO:root:Iter: 20| Accuracy: 1.0 | Loss: 0.06070085113002536
INFO:root:epoch 38 : Training Accuracy 0.81 , Loss 0.16694850437255468, Time 2.095100196202596 minutes, Validation Accuracy 0.975, Minimal Info Left 0.9851851936437162
INFO:root:start epoch 39
INFO:root:Iter: 1| Accuracy: 1.0 | Loss: 0.056005487408138876
INFO:root:Iter: 2| Accuracy: 0.1 | Loss: 0.4732025809747619
INFO:root:Iter: 3| Accuracy: 1.0 | Loss: 0.052161416252040474
INFO:root:Iter: 4| Accuracy: 0.2 | Loss: 0.4721031481612772
INFO:root:Iter: 5| Accuracy: 0.1 | Loss: 0.5600504217633385
INFO:root:Iter: 6| Accuracy: 0.2 | Loss: 0.5456553526816024
INFO:root:Iter: 7| Accuracy: 0.9 | Loss: 0.10814006696394793
INFO:root:Iter: 8| Accuracy: 0.9 | Loss: 0.09211315819656721
INFO:root:Iter: 9| Accuracy: 1.0 | Loss: 0.10914605906290054
INFO:root:Iter: 10| Accuracy: 1.0 | Loss: 0.08065806487958199
INFO:root:Iter: 11| Accuracy: 0.0 | Loss: 0.5254150738206999
INFO:root:Iter: 12| Accuracy: 0.7 | Loss: 0.13158668528300507
INFO:root:Iter: 13| Accuracy: 0.8 | Loss: 0.10828604208442252
INFO:root:Iter: 14| Accuracy: 0.9 | Loss: 0.07205076311435465
INFO:root:Iter: 15| Accuracy: 0.9 | Loss: 0.08335446132491905
INFO:root:Iter: 16| Accuracy: 0.9 | Loss: 0.0594724433051226
INFO:root:Iter: 17| Accuracy: 1.0 | Loss: 0.04421733595561196
INFO:root:Iter: 18| Accuracy: 0.0 | Loss: 0.5816570872416248
INFO:root:Iter: 19| Accuracy: 0.7 | Loss: 0.18453901757911656
INFO:root:Iter: 20| Accuracy: 0.9 | Loss: 0.08886518765207167
INFO:root:epoch 39 : Training Accuracy 0.66 , Loss 0.22889829976818998, Time 2.0830032229423523 minutes, Validation Accuracy 0.995, Minimal Info Left 0.970535684121643
INFO:root:start epoch 40
INFO:root:Iter: 1| Accuracy: 0.9 | Loss: 0.09683369441065148
INFO:root:Iter: 2| Accuracy: 1.0 | Loss: 0.07916678833882328
INFO:root:Iter: 3| Accuracy: 1.0 | Loss: 0.10031580742396692
INFO:root:Iter: 4| Accuracy: 0.9 | Loss: 0.13095147428952303
INFO:root:Iter: 5| Accuracy: 0.8 | Loss: 0.12135578945990799
INFO:root:Iter: 6| Accuracy: 0.0 | Loss: 0.551311375805374
INFO:root:Iter: 7| Accuracy: 0.2 | Loss: 0.454590748333145
INFO:root:Iter: 8| Accuracy: 0.8 | Loss: 0.13344612401458136
INFO:root:Iter: 9| Accuracy: 0.7 | Loss: 0.1729516607445698
INFO:root:Iter: 10| Accuracy: 0.9 | Loss: 0.16298682731905706
INFO:root:Iter: 11| Accuracy: 1.0 | Loss: 0.07443411067294343
INFO:root:Iter: 12| Accuracy: 1.0 | Loss: 0.048162998225240776
INFO:root:Iter: 13| Accuracy: 1.0 | Loss: 0.0671696078444677
INFO:root:Iter: 14| Accuracy: 0.9 | Loss: 0.08820391556770765
INFO:root:Iter: 15| Accuracy: 0.0 | Loss: 0.6214001316911113
INFO:root:Iter: 16| Accuracy: 1.0 | Loss: 0.06644216773207938
INFO:root:Iter: 17| Accuracy: 0.3 | Loss: 0.4280323304117234
INFO:root:Iter: 18| Accuracy: 1.0 | Loss: 0.08077701699879249
INFO:root:Iter: 19| Accuracy: 1.0 | Loss: 0.08606469345909415
INFO:root:Iter: 20| Accuracy: 0.4 | Loss: 0.5419843913128555
INFO:root:epoch 40 : Training Accuracy 0.74 , Loss 0.2283737001618488, Time 2.147797473271688 minutes, Validation Accuracy 0.895, Minimal Info Left 0.9797864054395555
INFO:root:start epoch 41
INFO:root:Iter: 1| Accuracy: 0.9 | Loss: 0.10500808347495835
INFO:root:Iter: 2| Accuracy: 1.0 | Loss: 0.11367675818707726
INFO:root:Iter: 3| Accuracy: 0.3 | Loss: 0.5180642090969585
INFO:root:Iter: 4| Accuracy: 0.2 | Loss: 0.5194930780451249
INFO:root:Iter: 5| Accuracy: 0.9 | Loss: 0.08553722232089608
INFO:root:Iter: 6| Accuracy: 1.0 | Loss: 0.07008250409611252
INFO:root:Iter: 7| Accuracy: 1.0 | Loss: 0.0723479432989078
INFO:root:Iter: 8| Accuracy: 0.9 | Loss: 0.11026409106774471
INFO:root:Iter: 9| Accuracy: 1.0 | Loss: 0.08355490925657012
INFO:root:Iter: 10| Accuracy: 1.0 | Loss: 0.09613033107550362
INFO:root:Iter: 11| Accuracy: 0.3 | Loss: 0.4193891612712937
INFO:root:Iter: 12| Accuracy: 1.0 | Loss: 0.10318909886692802
INFO:root:Iter: 13| Accuracy: 1.0 | Loss: 0.08188275587485946
INFO:root:Iter: 14| Accuracy: 0.9 | Loss: 0.10205237390475172
INFO:root:Iter: 15| Accuracy: 0.9 | Loss: 0.1143409420933088
INFO:root:Iter: 16| Accuracy: 0.9 | Loss: 0.09625530327921913
INFO:root:Iter: 17| Accuracy: 0.9 | Loss: 0.0841449015581772
INFO:root:Iter: 18| Accuracy: 0.0 | Loss: 0.5332730200319771
INFO:root:Iter: 19| Accuracy: 0.9 | Loss: 0.09544863623301525
INFO:root:Iter: 20| Accuracy: 0.9 | Loss: 0.11192066358601475
INFO:root:epoch 41 : Training Accuracy 0.795 , Loss 0.17217463310429312, Time 2.0846057097117106 minutes, Validation Accuracy 0.99, Minimal Info Left 0.9885120321192924
INFO:root:start epoch 42
INFO:root:Iter: 1| Accuracy: 0.9 | Loss: 0.08582844031319853
INFO:root:Iter: 2| Accuracy: 1.0 | Loss: 0.07845967904324724
INFO:root:Iter: 3| Accuracy: 1.0 | Loss: 0.05084011251184968
INFO:root:Iter: 4| Accuracy: 0.1 | Loss: 0.5489501308114615
INFO:root:Iter: 5| Accuracy: 0.8 | Loss: 0.1526479843378911
INFO:root:Iter: 6| Accuracy: 0.8 | Loss: 0.12100099563046693
INFO:root:Iter: 7| Accuracy: 0.9 | Loss: 0.07409151892031175
INFO:root:Iter: 8| Accuracy: 1.0 | Loss: 0.04635689036880811
INFO:root:Iter: 9| Accuracy: 1.0 | Loss: 0.09161687070584662
INFO:root:Iter: 10| Accuracy: 0.9 | Loss: 0.08434970892434876
INFO:root:Iter: 11| Accuracy: 1.0 | Loss: 0.05535421543237784
INFO:root:Iter: 12| Accuracy: 1.0 | Loss: 0.07350239609208833
INFO:root:Iter: 13| Accuracy: 0.9 | Loss: 0.07052546715877125
INFO:root:Iter: 14| Accuracy: 0.3 | Loss: 0.5146219432235779
INFO:root:Iter: 15| Accuracy: 0.9 | Loss: 0.09666439278316688
INFO:root:Iter: 16| Accuracy: 0.0 | Loss: 0.5746574082092069
INFO:root:Iter: 17| Accuracy: 1.0 | Loss: 0.05461849545498711
INFO:root:Iter: 18| Accuracy: 0.9 | Loss: 0.1269382947546204
INFO:root:Iter: 19| Accuracy: 1.0 | Loss: 0.07509216846355635
INFO:root:Iter: 20| Accuracy: 1.0 | Loss: 0.0524072438641842
INFO:root:epoch 42 : Training Accuracy 0.82 , Loss 0.15031926163861634, Time 2.183963366349538 minutes, Validation Accuracy 0.99, Minimal Info Left 0.9832842649900887
INFO:root:start epoch 43
INFO:root:Iter: 1| Accuracy: 0.9 | Loss: 0.13105299262189996
INFO:root:Iter: 2| Accuracy: 0.0 | Loss: 0.5999231670156202
INFO:root:Iter: 3| Accuracy: 1.0 | Loss: 0.09888025390726267
INFO:root:Iter: 4| Accuracy: 0.8 | Loss: 0.15040758307319085
INFO:root:Iter: 5| Accuracy: 0.0 | Loss: 0.6327138328498306
INFO:root:Iter: 6| Accuracy: 1.0 | Loss: 0.05914070600162953
INFO:root:Iter: 7| Accuracy: 0.9 | Loss: 0.12520906724315262
INFO:root:Iter: 8| Accuracy: 0.0 | Loss: 0.6242411865214206
INFO:root:Iter: 9| Accuracy: 0.2 | Loss: 0.48940848999463515
INFO:root:Iter: 10| Accuracy: 1.0 | Loss: 0.061261281766266426
INFO:root:Iter: 11| Accuracy: 1.0 | Loss: 0.08578307065004435
INFO:root:Iter: 12| Accuracy: 1.0 | Loss: 0.07489915733023854
INFO:root:Iter: 13| Accuracy: 0.0 | Loss: 0.5653075881516572
INFO:root:Iter: 14| Accuracy: 1.0 | Loss: 0.05970702044926446
INFO:root:Iter: 15| Accuracy: 1.0 | Loss: 0.06498811470583629
INFO:root:Iter: 16| Accuracy: 1.0 | Loss: 0.05750768843045027
INFO:root:Iter: 17| Accuracy: 0.8 | Loss: 0.19932985830312053
INFO:root:Iter: 18| Accuracy: 1.0 | Loss: 0.07140571520300695
INFO:root:Iter: 19| Accuracy: 1.0 | Loss: 0.056315222131103584
INFO:root:Iter: 20| Accuracy: 0.7 | Loss: 0.16303572798020233
INFO:root:epoch 43 : Training Accuracy 0.715 , Loss 0.21513123154389618, Time 2.1759962320327757 minutes, Validation Accuracy 0.985, Minimal Info Left 0.9818247330604334
INFO:root:start epoch 44
INFO:root:Iter: 1| Accuracy: 1.0 | Loss: 0.05745027103331903
INFO:root:Iter: 2| Accuracy: 1.0 | Loss: 0.07203350480583344
INFO:root:Iter: 3| Accuracy: 0.2 | Loss: 0.4923473291534141
INFO:root:Iter: 4| Accuracy: 0.9 | Loss: 0.10174864132516445
INFO:root:Iter: 5| Accuracy: 0.9 | Loss: 0.10453986696901593
INFO:root:Iter: 6| Accuracy: 0.2 | Loss: 0.5023292248931633
INFO:root:Iter: 7| Accuracy: 0.9 | Loss: 0.09183129531021049
INFO:root:Iter: 8| Accuracy: 1.0 | Loss: 0.09412753638763893
INFO:root:Iter: 9| Accuracy: 0.1 | Loss: 0.49437535425049656
INFO:root:Iter: 10| Accuracy: 0.9 | Loss: 0.07504453051495386
INFO:root:Iter: 11| Accuracy: 1.0 | Loss: 0.07652942495213716
INFO:root:Iter: 12| Accuracy: 0.9 | Loss: 0.0852010696441541
INFO:root:Iter: 13| Accuracy: 0.9 | Loss: 0.11128073932128182
INFO:root:Iter: 14| Accuracy: 0.0 | Loss: 0.5423161482933138
INFO:root:Iter: 15| Accuracy: 1.0 | Loss: 0.09386086433488797
INFO:root:Iter: 16| Accuracy: 1.0 | Loss: 0.09120581673069435
INFO:root:Iter: 17| Accuracy: 1.0 | Loss: 0.06681228277836324
INFO:root:Iter: 18| Accuracy: 1.0 | Loss: 0.052815535407157374
INFO:root:Iter: 19| Accuracy: 0.0 | Loss: 0.6012467947216498
INFO:root:Iter: 20| Accuracy: 0.9 | Loss: 0.09126005649402849
INFO:root:epoch 44 : Training Accuracy 0.74 , Loss 0.19589097138373923, Time 2.142144290606181 minutes, Validation Accuracy 0.985, Minimal Info Left 0.9830999607262845
INFO:root:start epoch 45
INFO:root:Iter: 1| Accuracy: 0.9 | Loss: 0.10228503964765408
INFO:root:Iter: 2| Accuracy: 1.0 | Loss: 0.04815902145113378
INFO:root:Iter: 3| Accuracy: 0.9 | Loss: 0.09002394935755208
INFO:root:Iter: 4| Accuracy: 0.8 | Loss: 0.1785344832605295
INFO:root:Iter: 5| Accuracy: 1.0 | Loss: 0.08068476342378597
INFO:root:Iter: 6| Accuracy: 1.0 | Loss: 0.08225114895835439
INFO:root:Iter: 7| Accuracy: 1.0 | Loss: 0.040381172708527854
INFO:root:Iter: 8| Accuracy: 0.9 | Loss: 0.09618671329296202
INFO:root:Iter: 9| Accuracy: 0.0 | Loss: 0.6078668004786928
INFO:root:Iter: 10| Accuracy: 0.9 | Loss: 0.08463702767521532
INFO:root:Iter: 11| Accuracy: 0.9 | Loss: 0.08528674393176734
INFO:root:Iter: 12| Accuracy: 0.9 | Loss: 0.10504975443413105
INFO:root:Iter: 13| Accuracy: 0.3 | Loss: 0.43895724530195074
INFO:root:Iter: 14| Accuracy: 1.0 | Loss: 0.06531024793226578
INFO:root:Iter: 15| Accuracy: 1.0 | Loss: 0.08698933029807848
INFO:root:Iter: 16| Accuracy: 1.0 | Loss: 0.09594306617765344
INFO:root:Iter: 17| Accuracy: 0.1 | Loss: 0.603062028088823
INFO:root:Iter: 18| Accuracy: 0.5 | Loss: 0.2283704936643646
INFO:root:Iter: 19| Accuracy: 1.0 | Loss: 0.07227017810254742
INFO:root:Iter: 20| Accuracy: 1.0 | Loss: 0.060509101762180086
INFO:root:epoch 45 : Training Accuracy 0.805 , Loss 0.16328887231469316, Time 2.0970389525095623 minutes, Validation Accuracy 0.99, Minimal Info Left 0.9782618402089135
INFO:root:start epoch 46
INFO:root:Iter: 1| Accuracy: 1.0 | Loss: 0.08133743155134195
INFO:root:Iter: 2| Accuracy: 0.0 | Loss: 0.5785991811017058
INFO:root:Iter: 3| Accuracy: 0.0 | Loss: 0.5605840759864871
INFO:root:Iter: 4| Accuracy: 1.0 | Loss: 0.04452754697715201
INFO:root:Iter: 5| Accuracy: 1.0 | Loss: 0.0715145314396041
INFO:root:Iter: 6| Accuracy: 0.9 | Loss: 0.08418710265064683
INFO:root:Iter: 7| Accuracy: 1.0 | Loss: 0.059244859403822556
INFO:root:Iter: 8| Accuracy: 0.8 | Loss: 0.11153457374475124
INFO:root:Iter: 9| Accuracy: 0.8 | Loss: 0.12473028277360228
INFO:root:Iter: 10| Accuracy: 0.9 | Loss: 0.09168979363480409
INFO:root:Iter: 11| Accuracy: 1.0 | Loss: 0.09204950934685123
INFO:root:Iter: 12| Accuracy: 0.7 | Loss: 0.1958544536951807
INFO:root:Iter: 13| Accuracy: 1.0 | Loss: 0.0697918499958868
INFO:root:Iter: 14| Accuracy: 1.0 | Loss: 0.07937727492918178
INFO:root:Iter: 15| Accuracy: 0.8 | Loss: 0.09744658687648614
INFO:root:Iter: 16| Accuracy: 0.9 | Loss: 0.06826221697743591
INFO:root:Iter: 17| Accuracy: 1.0 | Loss: 0.07323103212423099
INFO:root:Iter: 18| Accuracy: 0.9 | Loss: 0.05354997124495364
INFO:root:Iter: 19| Accuracy: 0.0 | Loss: 0.69209367168767
INFO:root:Iter: 20| Accuracy: 0.9 | Loss: 0.08260049457136115
INFO:root:epoch 46 : Training Accuracy 0.78 , Loss 0.18918405595647797, Time 2.116111660003662 minutes, Validation Accuracy 0.94, Minimal Info Left 0.9848129606027177
INFO:root:start epoch 47
INFO:root:Iter: 1| Accuracy: 0.3 | Loss: 0.45255822842556803
INFO:root:Iter: 2| Accuracy: 1.0 | Loss: 0.07639217560740841
INFO:root:Iter: 3| Accuracy: 0.9 | Loss: 0.13110181491842082
INFO:root:Iter: 4| Accuracy: 1.0 | Loss: 0.0922431665321572
INFO:root:Iter: 5| Accuracy: 0.8 | Loss: 0.1053399368641335
INFO:root:Iter: 6| Accuracy: 1.0 | Loss: 0.06473524801775707
INFO:root:Iter: 7| Accuracy: 0.9 | Loss: 0.06349209334565963
INFO:root:Iter: 8| Accuracy: 0.1 | Loss: 0.5591765970810335
INFO:root:Iter: 9| Accuracy: 0.7 | Loss: 0.1888058303403179
INFO:root:Iter: 10| Accuracy: 0.9 | Loss: 0.11223986333473453
INFO:root:Iter: 11| Accuracy: 0.9 | Loss: 0.11734234366052934
INFO:root:Iter: 12| Accuracy: 0.9 | Loss: 0.06828212389357752
INFO:root:Iter: 13| Accuracy: 1.0 | Loss: 0.06611906052064837
INFO:root:Iter: 14| Accuracy: 1.0 | Loss: 0.08839548849898557
INFO:root:Iter: 15| Accuracy: 1.0 | Loss: 0.06376101882317096
INFO:root:Iter: 16| Accuracy: 0.9 | Loss: 0.07590357058176066
INFO:root:Iter: 17| Accuracy: 1.0 | Loss: 0.07563708548805273
INFO:root:Iter: 18| Accuracy: 1.0 | Loss: 0.06200758622241291
INFO:root:Iter: 19| Accuracy: 0.6 | Loss: 0.27809073730741113
INFO:root:Iter: 20| Accuracy: 1.0 | Loss: 0.07337010410096605
INFO:root:epoch 47 : Training Accuracy 0.845 , Loss 0.13470431762023052, Time 2.1001686414082843 minutes, Validation Accuracy 0.99, Minimal Info Left 0.9823451381917397
INFO:root:start epoch 48
INFO:root:Iter: 1| Accuracy: 1.0 | Loss: 0.06459556280029746
INFO:root:Iter: 2| Accuracy: 0.9 | Loss: 0.09244003758702803
INFO:root:Iter: 3| Accuracy: 0.9 | Loss: 0.10637401549750083
INFO:root:Iter: 4| Accuracy: 1.0 | Loss: 0.07330380017945848
INFO:root:Iter: 5| Accuracy: 1.0 | Loss: 0.09786530154317487
INFO:root:Iter: 6| Accuracy: 1.0 | Loss: 0.05456991658779645
INFO:root:Iter: 7| Accuracy: 1.0 | Loss: 0.04519426543915454
INFO:root:Iter: 8| Accuracy: 1.0 | Loss: 0.04849013722511952
INFO:root:Iter: 9| Accuracy: 1.0 | Loss: 0.06798846890082196
INFO:root:Iter: 10| Accuracy: 0.9 | Loss: 0.085815096589309
INFO:root:Iter: 11| Accuracy: 0.0 | Loss: 0.611200314195952
INFO:root:Iter: 12| Accuracy: 0.2 | Loss: 0.40835321760871757
INFO:root:Iter: 13| Accuracy: 0.9 | Loss: 0.08609853002542843
INFO:root:Iter: 14| Accuracy: 0.2 | Loss: 0.5510470747435283
INFO:root:Iter: 15| Accuracy: 0.9 | Loss: 0.12458310750133712
INFO:root:Iter: 16| Accuracy: 1.0 | Loss: 0.06840587150670968
INFO:root:Iter: 17| Accuracy: 1.0 | Loss: 0.06039413967900448
INFO:root:Iter: 18| Accuracy: 1.0 | Loss: 0.0608574691971094
INFO:root:Iter: 19| Accuracy: 0.1 | Loss: 0.5258471122661469
INFO:root:Iter: 20| Accuracy: 1.0 | Loss: 0.09829248787654452
INFO:root:epoch 48 : Training Accuracy 0.8 , Loss 0.16296012007183552, Time 2.094715750217438 minutes, Validation Accuracy 0.99, Minimal Info Left 0.9807600707150477
INFO:root:start epoch 49
INFO:root:Iter: 1| Accuracy: 0.9 | Loss: 0.09237800336843552
INFO:root:Iter: 2| Accuracy: 1.0 | Loss: 0.048346498514008705
INFO:root:Iter: 3| Accuracy: 1.0 | Loss: 0.05202971294704466
INFO:root:Iter: 4| Accuracy: 0.8 | Loss: 0.14516732782356623
INFO:root:Iter: 5| Accuracy: 1.0 | Loss: 0.052823168425863355
INFO:root:Iter: 6| Accuracy: 0.2 | Loss: 0.5174550718551875
INFO:root:Iter: 7| Accuracy: 1.0 | Loss: 0.06671839755603312
INFO:root:Iter: 8| Accuracy: 1.0 | Loss: 0.06575018686256504
INFO:root:Iter: 9| Accuracy: 0.2 | Loss: 0.5022660274669225
INFO:root:Iter: 10| Accuracy: 0.4 | Loss: 0.509756409293548
INFO:root:Iter: 11| Accuracy: 0.9 | Loss: 0.08592695867508456
INFO:root:Iter: 12| Accuracy: 0.8 | Loss: 0.11398592404496033
INFO:root:Iter: 13| Accuracy: 0.8 | Loss: 0.13441752916091085
INFO:root:Iter: 14| Accuracy: 0.9 | Loss: 0.08682059241125784
INFO:root:Iter: 15| Accuracy: 0.0 | Loss: 0.5657941897890365
INFO:root:Iter: 16| Accuracy: 1.0 | Loss: 0.0723857201318253
INFO:root:Iter: 17| Accuracy: 1.0 | Loss: 0.0675605231073525
INFO:root:Iter: 18| Accuracy: 0.0 | Loss: 0.6271628928648387
INFO:root:Iter: 19| Accuracy: 1.0 | Loss: 0.06321320480900086
INFO:root:Iter: 20| Accuracy: 1.0 | Loss: 0.048002006251229384
INFO:root:epoch 49 : Training Accuracy 0.745 , Loss 0.21116962470565726, Time 2.0758213639259337 minutes, Validation Accuracy 0.97, Minimal Info Left 0.9798520133717342
INFO:root:start epoch 50
INFO:root:Iter: 1| Accuracy: 0.2 | Loss: 0.4842014440778475
INFO:root:Iter: 2| Accuracy: 1.0 | Loss: 0.04256617270345954
INFO:root:Iter: 3| Accuracy: 0.7 | Loss: 0.16512250055799507
INFO:root:Iter: 4| Accuracy: 0.9 | Loss: 0.10909156439567169
INFO:root:Iter: 5| Accuracy: 0.1 | Loss: 0.5190792134023378
INFO:root:Iter: 6| Accuracy: 0.9 | Loss: 0.11934028213479783
INFO:root:Iter: 7| Accuracy: 1.0 | Loss: 0.1192863197571095
INFO:root:Iter: 8| Accuracy: 0.0 | Loss: 0.5949591395776384
INFO:root:Iter: 9| Accuracy: 0.8 | Loss: 0.19212412009018695
INFO:root:Iter: 10| Accuracy: 0.8 | Loss: 0.16331130123971677
INFO:root:Iter: 11| Accuracy: 1.0 | Loss: 0.053889690408740754
INFO:root:Iter: 12| Accuracy: 0.9 | Loss: 0.11489174745531876
INFO:root:Iter: 13| Accuracy: 1.0 | Loss: 0.07870036982179242
INFO:root:Iter: 14| Accuracy: 1.0 | Loss: 0.08112319178512932
INFO:root:Iter: 15| Accuracy: 0.9 | Loss: 0.07429829415296664
INFO:root:Iter: 16| Accuracy: 1.0 | Loss: 0.054852716913752486
INFO:root:Iter: 17| Accuracy: 0.8 | Loss: 0.14622889984070597
INFO:root:Iter: 18| Accuracy: 0.9 | Loss: 0.08352932476115416
INFO:root:Iter: 19| Accuracy: 0.0 | Loss: 0.6078185026143161
INFO:root:Iter: 20| Accuracy: 0.0 | Loss: 0.5523281221961225
INFO:root:epoch 50 : Training Accuracy 0.695 , Loss 0.21379518561456895, Time 2.0699498931566875 minutes, Validation Accuracy 0.99, Minimal Info Left 0.9776422124452554
