INFO:root:embedding methods angle, sample number 100, batch size 10, learning rate 0.1, epoch number 50, layer number 2, pca parameter 8, numpy random seed 0, qubits number 8
INFO:root:start epoch 1
INFO:root:Iter: 1| Accuracy: 0.6 | Loss: 0.24946249160000003
INFO:root:Iter: 2| Accuracy: 0.6 | Loss: 0.24643730441024
INFO:root:Iter: 3| Accuracy: 0.6 | Loss: 0.1710045329771049
INFO:root:Iter: 4| Accuracy: 0.1 | Loss: 0.33046853198073867
INFO:root:Iter: 5| Accuracy: 0.9 | Loss: 0.179907377725784
INFO:root:Iter: 6| Accuracy: 0.7 | Loss: 0.17252303803008978
INFO:root:Iter: 7| Accuracy: 0.9 | Loss: 0.1544370989609832
INFO:root:Iter: 8| Accuracy: 0.9 | Loss: 0.16538636980878516
INFO:root:Iter: 9| Accuracy: 0.9 | Loss: 0.12611034144207234
INFO:root:Iter: 10| Accuracy: 1.0 | Loss: 0.10300443430794311
INFO:root:Iter: 11| Accuracy: 1.0 | Loss: 0.07007598803090791
INFO:root:Iter: 12| Accuracy: 0.9 | Loss: 0.10318818175703903
INFO:root:Iter: 13| Accuracy: 0.0 | Loss: 0.4982689702589824
INFO:root:Iter: 14| Accuracy: 0.1 | Loss: 0.4902017865024949
INFO:root:Iter: 15| Accuracy: 0.9 | Loss: 0.13510801472452663
INFO:root:Iter: 16| Accuracy: 1.0 | Loss: 0.06738584123241773
INFO:root:Iter: 17| Accuracy: 0.9 | Loss: 0.07809124705779517
INFO:root:Iter: 18| Accuracy: 0.8 | Loss: 0.12073487007430947
INFO:root:Iter: 19| Accuracy: 1.0 | Loss: 0.07501683247190342
INFO:root:Iter: 20| Accuracy: 0.6 | Loss: 0.176915389787797
INFO:root:epoch 1 : Training Accuracy 0.72 , Loss 0.15486107715845251, Time 2.184792733192444 minutes, Validation Accuracy 0.98, Minimal Info Left 0.9842169646566112
INFO:root:start epoch 2
INFO:root:Iter: 1| Accuracy: 0.7 | Loss: 0.23460542033686357
INFO:root:Iter: 2| Accuracy: 0.9 | Loss: 0.16375439980351805
INFO:root:Iter: 3| Accuracy: 0.9 | Loss: 0.10300404770284446
INFO:root:Iter: 4| Accuracy: 0.8 | Loss: 0.13226799167947836
INFO:root:Iter: 5| Accuracy: 1.0 | Loss: 0.08189737562792594
INFO:root:Iter: 6| Accuracy: 0.8 | Loss: 0.11187631797896928
INFO:root:Iter: 7| Accuracy: 1.0 | Loss: 0.06547873371070642
INFO:root:Iter: 8| Accuracy: 0.9 | Loss: 0.07721265593451565
INFO:root:Iter: 9| Accuracy: 0.9 | Loss: 0.0978657570365718
INFO:root:Iter: 10| Accuracy: 0.5 | Loss: 0.25731289373641203
INFO:root:Iter: 11| Accuracy: 1.0 | Loss: 0.04812315751672096
INFO:root:Iter: 12| Accuracy: 0.2 | Loss: 0.4823900451932467
INFO:root:Iter: 13| Accuracy: 1.0 | Loss: 0.05373559232840987
INFO:root:Iter: 14| Accuracy: 1.0 | Loss: 0.06808808741367296
INFO:root:Iter: 15| Accuracy: 1.0 | Loss: 0.07198776176117347
INFO:root:Iter: 16| Accuracy: 1.0 | Loss: 0.06945129120784356
INFO:root:Iter: 17| Accuracy: 1.0 | Loss: 0.04032002557645626
INFO:root:Iter: 18| Accuracy: 1.0 | Loss: 0.07292311812396017
INFO:root:Iter: 19| Accuracy: 0.9 | Loss: 0.08046288655900227
INFO:root:Iter: 20| Accuracy: 1.0 | Loss: 0.08441424871578958
INFO:root:epoch 2 : Training Accuracy 0.875 , Loss 0.12483647024423508, Time 2.1045211712519327 minutes, Validation Accuracy 0.98, Minimal Info Left 0.9794840052308087
INFO:root:start epoch 3
INFO:root:Iter: 1| Accuracy: 0.3 | Loss: 0.35663898889877016
INFO:root:Iter: 2| Accuracy: 1.0 | Loss: 0.05321803572503355
INFO:root:Iter: 3| Accuracy: 0.9 | Loss: 0.10723082168202444
INFO:root:Iter: 4| Accuracy: 1.0 | Loss: 0.07416622646474005
INFO:root:Iter: 5| Accuracy: 0.9 | Loss: 0.10122462772167162
INFO:root:Iter: 6| Accuracy: 0.2 | Loss: 0.5424690594002783
INFO:root:Iter: 7| Accuracy: 1.0 | Loss: 0.08038019383646995
INFO:root:Iter: 8| Accuracy: 0.9 | Loss: 0.09472780987561057
INFO:root:Iter: 9| Accuracy: 1.0 | Loss: 0.051991800843975755
INFO:root:Iter: 10| Accuracy: 0.8 | Loss: 0.12655575284615123
INFO:root:Iter: 11| Accuracy: 0.9 | Loss: 0.07806137872632907
INFO:root:Iter: 12| Accuracy: 1.0 | Loss: 0.047683337295182704
INFO:root:Iter: 13| Accuracy: 1.0 | Loss: 0.08176226462046536
INFO:root:Iter: 14| Accuracy: 1.0 | Loss: 0.08236864198331215
INFO:root:Iter: 15| Accuracy: 0.9 | Loss: 0.10104612050734849
INFO:root:Iter: 16| Accuracy: 1.0 | Loss: 0.051991924944720436
INFO:root:Iter: 17| Accuracy: 0.9 | Loss: 0.08639635821536344
INFO:root:Iter: 18| Accuracy: 0.6 | Loss: 0.2147815737464301
INFO:root:Iter: 19| Accuracy: 0.9 | Loss: 0.0937022115757919
INFO:root:Iter: 20| Accuracy: 1.0 | Loss: 0.05714575929108371
INFO:root:epoch 3 : Training Accuracy 0.86 , Loss 0.12433121616132677, Time 2.0996692816416425 minutes, Validation Accuracy 0.99, Minimal Info Left 0.9810196015482093
INFO:root:start epoch 4
INFO:root:Iter: 1| Accuracy: 1.0 | Loss: 0.04269502012691588
INFO:root:Iter: 2| Accuracy: 1.0 | Loss: 0.04996378981879093
INFO:root:Iter: 3| Accuracy: 0.2 | Loss: 0.4540914424814801
INFO:root:Iter: 4| Accuracy: 0.1 | Loss: 0.5334916028459065
INFO:root:Iter: 5| Accuracy: 1.0 | Loss: 0.07206843525440107
INFO:root:Iter: 6| Accuracy: 0.8 | Loss: 0.11609006426859576
INFO:root:Iter: 7| Accuracy: 0.9 | Loss: 0.0912663502716265
INFO:root:Iter: 8| Accuracy: 0.9 | Loss: 0.12258848314082667
INFO:root:Iter: 9| Accuracy: 0.2 | Loss: 0.45135363216059166
INFO:root:Iter: 10| Accuracy: 0.7 | Loss: 0.14292767161968084
INFO:root:Iter: 11| Accuracy: 0.9 | Loss: 0.11089352264131822
INFO:root:Iter: 12| Accuracy: 1.0 | Loss: 0.05877007674108624
INFO:root:Iter: 13| Accuracy: 1.0 | Loss: 0.04240407181648921
INFO:root:Iter: 14| Accuracy: 1.0 | Loss: 0.06428563094346432
INFO:root:Iter: 15| Accuracy: 1.0 | Loss: 0.051658188410448405
INFO:root:Iter: 16| Accuracy: 0.1 | Loss: 0.5430074879280749
INFO:root:Iter: 17| Accuracy: 0.9 | Loss: 0.08813178653119755
INFO:root:Iter: 18| Accuracy: 0.9 | Loss: 0.07298104359189679
INFO:root:Iter: 19| Accuracy: 1.0 | Loss: 0.06584218120064018
INFO:root:Iter: 20| Accuracy: 1.0 | Loss: 0.055804097629635674
INFO:root:epoch 4 : Training Accuracy 0.78 , Loss 0.17134903704369478, Time 2.149622937043508 minutes, Validation Accuracy 0.975, Minimal Info Left 0.9783341673175471
INFO:root:start epoch 5
INFO:root:Iter: 1| Accuracy: 0.0 | Loss: 0.6050658420642977
INFO:root:Iter: 2| Accuracy: 0.9 | Loss: 0.07460037124074624
INFO:root:Iter: 3| Accuracy: 0.6 | Loss: 0.22010992718084563
INFO:root:Iter: 4| Accuracy: 0.7 | Loss: 0.1743546240715243
INFO:root:Iter: 5| Accuracy: 1.0 | Loss: 0.06747964840121362
INFO:root:Iter: 6| Accuracy: 0.9 | Loss: 0.09168039497711719
INFO:root:Iter: 7| Accuracy: 0.1 | Loss: 0.47308622697565805
INFO:root:Iter: 8| Accuracy: 0.8 | Loss: 0.1254130250424283
INFO:root:Iter: 9| Accuracy: 0.7 | Loss: 0.18689471895716708
INFO:root:Iter: 10| Accuracy: 0.9 | Loss: 0.07935675055199784
INFO:root:Iter: 11| Accuracy: 1.0 | Loss: 0.04771792236207061
INFO:root:Iter: 12| Accuracy: 1.0 | Loss: 0.06631217925087486
INFO:root:Iter: 13| Accuracy: 0.8 | Loss: 0.12288710249453125
INFO:root:Iter: 14| Accuracy: 0.9 | Loss: 0.07307361261848477
INFO:root:Iter: 15| Accuracy: 0.9 | Loss: 0.10253662053198273
INFO:root:Iter: 16| Accuracy: 1.0 | Loss: 0.08305165541640894
INFO:root:Iter: 17| Accuracy: 1.0 | Loss: 0.08914884817900495
INFO:root:Iter: 18| Accuracy: 1.0 | Loss: 0.058702426357878035
INFO:root:Iter: 19| Accuracy: 0.1 | Loss: 0.6116169682767978
INFO:root:Iter: 20| Accuracy: 1.0 | Loss: 0.0853531961322202
INFO:root:epoch 5 : Training Accuracy 0.765 , Loss 0.16638425677817958, Time 2.1138831257820128 minutes, Validation Accuracy 0.99, Minimal Info Left 0.9849288550340073
INFO:root:start epoch 6
INFO:root:Iter: 1| Accuracy: 1.0 | Loss: 0.06128711227756952
INFO:root:Iter: 2| Accuracy: 1.0 | Loss: 0.05869358550713559
INFO:root:Iter: 3| Accuracy: 1.0 | Loss: 0.07346476070542778
INFO:root:Iter: 4| Accuracy: 1.0 | Loss: 0.05255245129975009
INFO:root:Iter: 5| Accuracy: 1.0 | Loss: 0.05883232097593113
INFO:root:Iter: 6| Accuracy: 1.0 | Loss: 0.03540305555877267
INFO:root:Iter: 7| Accuracy: 1.0 | Loss: 0.06288412054128892
INFO:root:Iter: 8| Accuracy: 1.0 | Loss: 0.05091554484358966
INFO:root:Iter: 9| Accuracy: 0.0 | Loss: 0.6023502014672342
INFO:root:Iter: 10| Accuracy: 0.6 | Loss: 0.2197013421952337
INFO:root:Iter: 11| Accuracy: 0.2 | Loss: 0.5291758133737147
INFO:root:Iter: 12| Accuracy: 1.0 | Loss: 0.08902327372198683
INFO:root:Iter: 13| Accuracy: 0.9 | Loss: 0.10837412971485476
INFO:root:Iter: 14| Accuracy: 1.0 | Loss: 0.07387772709458734
INFO:root:Iter: 15| Accuracy: 0.2 | Loss: 0.5035310017364081
INFO:root:Iter: 16| Accuracy: 1.0 | Loss: 0.05363855285094606
INFO:root:Iter: 17| Accuracy: 0.0 | Loss: 0.5853264536650541
INFO:root:Iter: 18| Accuracy: 0.5 | Loss: 0.32095686042601196
INFO:root:Iter: 19| Accuracy: 0.1 | Loss: 0.5454961489115926
INFO:root:Iter: 20| Accuracy: 1.0 | Loss: 0.05804671634810678
INFO:root:epoch 6 : Training Accuracy 0.725 , Loss 0.20895619979673025, Time 2.1449668407440186 minutes, Validation Accuracy 0.98, Minimal Info Left 0.9776337858832423
INFO:root:start epoch 7
INFO:root:Iter: 1| Accuracy: 1.0 | Loss: 0.05128126051582606
INFO:root:Iter: 2| Accuracy: 1.0 | Loss: 0.06202286166880715
INFO:root:Iter: 3| Accuracy: 1.0 | Loss: 0.05370306132155987
INFO:root:Iter: 4| Accuracy: 0.9 | Loss: 0.0900461447011952
INFO:root:Iter: 5| Accuracy: 0.0 | Loss: 0.625174034447742
INFO:root:Iter: 6| Accuracy: 1.0 | Loss: 0.05655031187764411
INFO:root:Iter: 7| Accuracy: 0.2 | Loss: 0.46014433688588524
INFO:root:Iter: 8| Accuracy: 1.0 | Loss: 0.09121128782033909
INFO:root:Iter: 9| Accuracy: 0.1 | Loss: 0.5751853673870049
INFO:root:Iter: 10| Accuracy: 0.5 | Loss: 0.2856925792954591
INFO:root:Iter: 11| Accuracy: 0.9 | Loss: 0.17826283163904316
INFO:root:Iter: 12| Accuracy: 0.9 | Loss: 0.10175296830750528
INFO:root:Iter: 13| Accuracy: 0.9 | Loss: 0.10615659697577291
INFO:root:Iter: 14| Accuracy: 1.0 | Loss: 0.07187825636917315
INFO:root:Iter: 15| Accuracy: 1.0 | Loss: 0.06545199607527329
INFO:root:Iter: 16| Accuracy: 0.9 | Loss: 0.08213999064939248
INFO:root:Iter: 17| Accuracy: 0.1 | Loss: 0.5344129471466107
INFO:root:Iter: 18| Accuracy: 0.9 | Loss: 0.11303330496478577
INFO:root:Iter: 19| Accuracy: 1.0 | Loss: 0.07341565731651722
INFO:root:Iter: 20| Accuracy: 0.1 | Loss: 0.547976010935548
INFO:root:epoch 7 : Training Accuracy 0.72 , Loss 0.2146075326390559, Time 2.1321208477020264 minutes, Validation Accuracy 0.96, Minimal Info Left 0.9753158394714637
INFO:root:start epoch 8
INFO:root:Iter: 1| Accuracy: 0.2 | Loss: 0.5101143765600563
INFO:root:Iter: 2| Accuracy: 0.8 | Loss: 0.09286178757813211
INFO:root:Iter: 3| Accuracy: 0.9 | Loss: 0.11830323475944964
INFO:root:Iter: 4| Accuracy: 0.1 | Loss: 0.5077044079749832
INFO:root:Iter: 5| Accuracy: 0.2 | Loss: 0.43076843330506404
INFO:root:Iter: 6| Accuracy: 0.5 | Loss: 0.38624823547667464
INFO:root:Iter: 7| Accuracy: 0.7 | Loss: 0.18309623896065869
INFO:root:Iter: 8| Accuracy: 0.9 | Loss: 0.12474933332464908
INFO:root:Iter: 9| Accuracy: 0.8 | Loss: 0.1446646629810532
INFO:root:Iter: 10| Accuracy: 0.9 | Loss: 0.1282395133522644
INFO:root:Iter: 11| Accuracy: 1.0 | Loss: 0.05642959782203881
INFO:root:Iter: 12| Accuracy: 0.8 | Loss: 0.19260664192263494
INFO:root:Iter: 13| Accuracy: 0.7 | Loss: 0.11155306574732742
INFO:root:Iter: 14| Accuracy: 0.7 | Loss: 0.17412800774254714
INFO:root:Iter: 15| Accuracy: 0.9 | Loss: 0.07080590177157102
INFO:root:Iter: 16| Accuracy: 0.9 | Loss: 0.12134311110207963
INFO:root:Iter: 17| Accuracy: 1.0 | Loss: 0.06840531629540497
INFO:root:Iter: 18| Accuracy: 0.9 | Loss: 0.09264544734964977
INFO:root:Iter: 19| Accuracy: 0.8 | Loss: 0.15442539622840645
INFO:root:Iter: 20| Accuracy: 0.9 | Loss: 0.11235605766638597
INFO:root:epoch 8 : Training Accuracy 0.73 , Loss 0.18264387239985402, Time 2.108868622779846 minutes, Validation Accuracy 0.955, Minimal Info Left 0.9882716622417284
INFO:root:start epoch 9
INFO:root:Iter: 1| Accuracy: 0.9 | Loss: 0.0993770239804099
INFO:root:Iter: 2| Accuracy: 0.9 | Loss: 0.11436759450350187
INFO:root:Iter: 3| Accuracy: 1.0 | Loss: 0.08276436253287926
INFO:root:Iter: 4| Accuracy: 0.2 | Loss: 0.5082367058706654
INFO:root:Iter: 5| Accuracy: 1.0 | Loss: 0.06098541542664302
INFO:root:Iter: 6| Accuracy: 1.0 | Loss: 0.06570728700374567
INFO:root:Iter: 7| Accuracy: 1.0 | Loss: 0.06173063645129845
INFO:root:Iter: 8| Accuracy: 1.0 | Loss: 0.04991304041071068
INFO:root:Iter: 9| Accuracy: 0.1 | Loss: 0.5410905164248575
INFO:root:Iter: 10| Accuracy: 1.0 | Loss: 0.053223790845056594
INFO:root:Iter: 11| Accuracy: 1.0 | Loss: 0.036627128138105494
INFO:root:Iter: 12| Accuracy: 1.0 | Loss: 0.08254685367905693
INFO:root:Iter: 13| Accuracy: 1.0 | Loss: 0.08617810964278823
INFO:root:Iter: 14| Accuracy: 1.0 | Loss: 0.04812198352001172
INFO:root:Iter: 15| Accuracy: 1.0 | Loss: 0.06194776488501179
INFO:root:Iter: 16| Accuracy: 0.0 | Loss: 0.5726568980655709
INFO:root:Iter: 17| Accuracy: 1.0 | Loss: 0.07173363959708588
INFO:root:Iter: 18| Accuracy: 1.0 | Loss: 0.074960577649863
INFO:root:Iter: 19| Accuracy: 1.0 | Loss: 0.043061339997697845
INFO:root:Iter: 20| Accuracy: 0.5 | Loss: 0.28714746300574334
INFO:root:epoch 9 : Training Accuracy 0.83 , Loss 0.14886347132777616, Time 2.096297021706899 minutes, Validation Accuracy 0.99, Minimal Info Left 0.98448599907666
INFO:root:start epoch 10
INFO:root:Iter: 1| Accuracy: 0.9 | Loss: 0.08805077561229792
INFO:root:Iter: 2| Accuracy: 0.9 | Loss: 0.1262126928516351
INFO:root:Iter: 3| Accuracy: 0.5 | Loss: 0.3599851264144153
INFO:root:Iter: 4| Accuracy: 1.0 | Loss: 0.12179008413061924
INFO:root:Iter: 5| Accuracy: 1.0 | Loss: 0.06142834963441655
INFO:root:Iter: 6| Accuracy: 0.9 | Loss: 0.07321684702384393
INFO:root:Iter: 7| Accuracy: 0.1 | Loss: 0.5543574279873255
INFO:root:Iter: 8| Accuracy: 1.0 | Loss: 0.055735775914061335
INFO:root:Iter: 9| Accuracy: 1.0 | Loss: 0.06801548684930891
INFO:root:Iter: 10| Accuracy: 1.0 | Loss: 0.05465323252877132
INFO:root:Iter: 11| Accuracy: 1.0 | Loss: 0.0758995598925412
INFO:root:Iter: 12| Accuracy: 1.0 | Loss: 0.0498746911941649
INFO:root:Iter: 13| Accuracy: 0.9 | Loss: 0.09158728027188323
INFO:root:Iter: 14| Accuracy: 1.0 | Loss: 0.08572802166721924
INFO:root:Iter: 15| Accuracy: 0.9 | Loss: 0.11135900045400235
INFO:root:Iter: 16| Accuracy: 0.7 | Loss: 0.20379011016564025
INFO:root:Iter: 17| Accuracy: 0.9 | Loss: 0.11636657390658547
INFO:root:Iter: 18| Accuracy: 0.8 | Loss: 0.1545939743122932
INFO:root:Iter: 19| Accuracy: 0.9 | Loss: 0.10664172057778445
INFO:root:Iter: 20| Accuracy: 1.0 | Loss: 0.11615519685587702
INFO:root:epoch 10 : Training Accuracy 0.87 , Loss 0.13428353791016945, Time 2.20443700949351 minutes, Validation Accuracy 0.995, Minimal Info Left 0.9801750576766823
INFO:root:start epoch 11
INFO:root:Iter: 1| Accuracy: 0.9 | Loss: 0.09631494725719737
INFO:root:Iter: 2| Accuracy: 1.0 | Loss: 0.04089114525038456
INFO:root:Iter: 3| Accuracy: 0.0 | Loss: 0.6144140174530185
INFO:root:Iter: 4| Accuracy: 1.0 | Loss: 0.05578696385433074
INFO:root:Iter: 5| Accuracy: 0.0 | Loss: 0.5152521425626441
INFO:root:Iter: 6| Accuracy: 0.8 | Loss: 0.11536518871673995
INFO:root:Iter: 7| Accuracy: 1.0 | Loss: 0.09109751532718297
INFO:root:Iter: 8| Accuracy: 1.0 | Loss: 0.08545494027611862
INFO:root:Iter: 9| Accuracy: 1.0 | Loss: 0.0924915284207369
INFO:root:Iter: 10| Accuracy: 0.9 | Loss: 0.10561292681006895
INFO:root:Iter: 11| Accuracy: 1.0 | Loss: 0.05873338785873402
INFO:root:Iter: 12| Accuracy: 1.0 | Loss: 0.07324358028399727
INFO:root:Iter: 13| Accuracy: 1.0 | Loss: 0.059723024355416335
INFO:root:Iter: 14| Accuracy: 0.1 | Loss: 0.6073512309355185
INFO:root:Iter: 15| Accuracy: 0.2 | Loss: 0.5564412264845597
INFO:root:Iter: 16| Accuracy: 1.0 | Loss: 0.054573510067172225
INFO:root:Iter: 17| Accuracy: 0.9 | Loss: 0.08840485140885558
INFO:root:Iter: 18| Accuracy: 1.0 | Loss: 0.09994603664909675
INFO:root:Iter: 19| Accuracy: 0.9 | Loss: 0.08995505534491449
INFO:root:Iter: 20| Accuracy: 0.1 | Loss: 0.5543712288715381
INFO:root:epoch 11 : Training Accuracy 0.74 , Loss 0.1951677360301974, Time 2.1308886408805847 minutes, Validation Accuracy 0.99, Minimal Info Left 0.9796143224278631
INFO:root:start epoch 12
INFO:root:Iter: 1| Accuracy: 0.8 | Loss: 0.14823065574193944
INFO:root:Iter: 2| Accuracy: 1.0 | Loss: 0.0625072267128381
INFO:root:Iter: 3| Accuracy: 1.0 | Loss: 0.05161945919993181
INFO:root:Iter: 4| Accuracy: 1.0 | Loss: 0.04454968265417285
INFO:root:Iter: 5| Accuracy: 0.9 | Loss: 0.07195901057601999
INFO:root:Iter: 6| Accuracy: 0.9 | Loss: 0.12973188705560879
INFO:root:Iter: 7| Accuracy: 1.0 | Loss: 0.06252850346480418
INFO:root:Iter: 8| Accuracy: 1.0 | Loss: 0.08405193797369674
INFO:root:Iter: 9| Accuracy: 0.9 | Loss: 0.1464382900925135
INFO:root:Iter: 10| Accuracy: 1.0 | Loss: 0.09334043517054065
INFO:root:Iter: 11| Accuracy: 1.0 | Loss: 0.07643284418691368
INFO:root:Iter: 12| Accuracy: 0.1 | Loss: 0.5566543463649615
INFO:root:Iter: 13| Accuracy: 0.1 | Loss: 0.5152611999796611
INFO:root:Iter: 14| Accuracy: 0.9 | Loss: 0.1043136636027967
INFO:root:Iter: 15| Accuracy: 0.8 | Loss: 0.10816183054235104
INFO:root:Iter: 16| Accuracy: 1.0 | Loss: 0.05852979719253819
INFO:root:Iter: 17| Accuracy: 1.0 | Loss: 0.06558712346847365
INFO:root:Iter: 18| Accuracy: 0.6 | Loss: 0.21723128961597973
INFO:root:Iter: 19| Accuracy: 1.0 | Loss: 0.053366820040709625
INFO:root:Iter: 20| Accuracy: 0.2 | Loss: 0.5005597827509589
INFO:root:epoch 12 : Training Accuracy 0.81 , Loss 0.1586157962261815, Time 2.170906964937846 minutes, Validation Accuracy 0.99, Minimal Info Left 0.986914326204315
INFO:root:start epoch 13
INFO:root:Iter: 1| Accuracy: 1.0 | Loss: 0.05916911033899107
INFO:root:Iter: 2| Accuracy: 1.0 | Loss: 0.06617066604041807
INFO:root:Iter: 3| Accuracy: 1.0 | Loss: 0.06498173245271946
INFO:root:Iter: 4| Accuracy: 1.0 | Loss: 0.08557320549396683
INFO:root:Iter: 5| Accuracy: 0.0 | Loss: 0.6240833498369633
INFO:root:Iter: 6| Accuracy: 1.0 | Loss: 0.030197182469696514
INFO:root:Iter: 7| Accuracy: 0.7 | Loss: 0.23375194769372007
INFO:root:Iter: 8| Accuracy: 0.0 | Loss: 0.5804983579208405
INFO:root:Iter: 9| Accuracy: 0.9 | Loss: 0.13534497083049019
INFO:root:Iter: 10| Accuracy: 0.6 | Loss: 0.22286431493330622
INFO:root:Iter: 11| Accuracy: 0.9 | Loss: 0.10294822029819409
INFO:root:Iter: 12| Accuracy: 1.0 | Loss: 0.04590792070949331
INFO:root:Iter: 13| Accuracy: 1.0 | Loss: 0.05757178907502658
INFO:root:Iter: 14| Accuracy: 1.0 | Loss: 0.07899525966351839
INFO:root:Iter: 15| Accuracy: 0.5 | Loss: 0.29573100427723903
INFO:root:Iter: 16| Accuracy: 0.1 | Loss: 0.573635798375445
INFO:root:Iter: 17| Accuracy: 0.7 | Loss: 0.18490158729429435
INFO:root:Iter: 18| Accuracy: 0.9 | Loss: 0.09596573553051131
INFO:root:Iter: 19| Accuracy: 0.9 | Loss: 0.04866604417152294
INFO:root:Iter: 20| Accuracy: 0.1 | Loss: 0.5524620796991357
INFO:root:epoch 13 : Training Accuracy 0.715 , Loss 0.2038859151067689, Time 2.1571454405784607 minutes, Validation Accuracy 0.98, Minimal Info Left 0.983208943844805
INFO:root:start epoch 14
INFO:root:Iter: 1| Accuracy: 0.9 | Loss: 0.07955582248609634
INFO:root:Iter: 2| Accuracy: 0.1 | Loss: 0.5470872475211974
INFO:root:Iter: 3| Accuracy: 1.0 | Loss: 0.11273009136008924
INFO:root:Iter: 4| Accuracy: 1.0 | Loss: 0.05504098828413025
INFO:root:Iter: 5| Accuracy: 1.0 | Loss: 0.07720868702031183
INFO:root:Iter: 6| Accuracy: 0.9 | Loss: 0.119246201157826
INFO:root:Iter: 7| Accuracy: 0.1 | Loss: 0.49971159065538934
INFO:root:Iter: 8| Accuracy: 1.0 | Loss: 0.069983077412694
INFO:root:Iter: 9| Accuracy: 1.0 | Loss: 0.08467665972242491
INFO:root:Iter: 10| Accuracy: 1.0 | Loss: 0.06490214124722207
INFO:root:Iter: 11| Accuracy: 1.0 | Loss: 0.06129131906199965
INFO:root:Iter: 12| Accuracy: 1.0 | Loss: 0.05601817346749498
INFO:root:Iter: 13| Accuracy: 0.9 | Loss: 0.0791849571257264
INFO:root:Iter: 14| Accuracy: 0.1 | Loss: 0.5432273428151859
INFO:root:Iter: 15| Accuracy: 0.6 | Loss: 0.2464081355320314
INFO:root:Iter: 16| Accuracy: 0.0 | Loss: 0.5832738025123737
INFO:root:Iter: 17| Accuracy: 1.0 | Loss: 0.07165548030656146
INFO:root:Iter: 18| Accuracy: 1.0 | Loss: 0.06757906337623557
INFO:root:Iter: 19| Accuracy: 0.3 | Loss: 0.4149089789160495
INFO:root:Iter: 20| Accuracy: 0.7 | Loss: 0.1477752265377156
INFO:root:epoch 14 : Training Accuracy 0.73 , Loss 0.1966125326929599, Time 2.161462918917338 minutes, Validation Accuracy 0.98, Minimal Info Left 0.9825069827306501
INFO:root:start epoch 15
INFO:root:Iter: 1| Accuracy: 0.9 | Loss: 0.0985225679062381
INFO:root:Iter: 2| Accuracy: 1.0 | Loss: 0.07915154100651726
INFO:root:Iter: 3| Accuracy: 0.1 | Loss: 0.5753962888683862
INFO:root:Iter: 4| Accuracy: 0.8 | Loss: 0.11106710895874732
INFO:root:Iter: 5| Accuracy: 1.0 | Loss: 0.1080090423271571
INFO:root:Iter: 6| Accuracy: 1.0 | Loss: 0.07266968375528703
INFO:root:Iter: 7| Accuracy: 1.0 | Loss: 0.0850301265325891
INFO:root:Iter: 8| Accuracy: 1.0 | Loss: 0.0973129138188649
INFO:root:Iter: 9| Accuracy: 1.0 | Loss: 0.07220566969272199
INFO:root:Iter: 10| Accuracy: 1.0 | Loss: 0.05314418403042859
INFO:root:Iter: 11| Accuracy: 1.0 | Loss: 0.06635824224078497
INFO:root:Iter: 12| Accuracy: 1.0 | Loss: 0.05720959876094195
INFO:root:Iter: 13| Accuracy: 0.8 | Loss: 0.13625478785640494
INFO:root:Iter: 14| Accuracy: 1.0 | Loss: 0.12105374337530876
INFO:root:Iter: 15| Accuracy: 1.0 | Loss: 0.07906161382242607
INFO:root:Iter: 16| Accuracy: 0.2 | Loss: 0.4842531904717303
INFO:root:Iter: 17| Accuracy: 0.9 | Loss: 0.07829902543879391
INFO:root:Iter: 18| Accuracy: 0.9 | Loss: 0.1438428644638709
INFO:root:Iter: 19| Accuracy: 1.0 | Loss: 0.06921471775536833
INFO:root:Iter: 20| Accuracy: 1.0 | Loss: 0.057696079370001194
INFO:root:epoch 15 : Training Accuracy 0.88 , Loss 0.1266139857883138, Time 2.1531662940979004 minutes, Validation Accuracy 0.99, Minimal Info Left 0.9829058037046932
INFO:root:start epoch 16
INFO:root:Iter: 1| Accuracy: 1.0 | Loss: 0.06117609287205098
INFO:root:Iter: 2| Accuracy: 0.9 | Loss: 0.09296129746078163
INFO:root:Iter: 3| Accuracy: 1.0 | Loss: 0.051403208119709574
INFO:root:Iter: 4| Accuracy: 1.0 | Loss: 0.06817296407603793
INFO:root:Iter: 5| Accuracy: 1.0 | Loss: 0.05421614434294083
INFO:root:Iter: 6| Accuracy: 0.9 | Loss: 0.08203954312410297
INFO:root:Iter: 7| Accuracy: 0.9 | Loss: 0.11670162099575668
INFO:root:Iter: 8| Accuracy: 0.1 | Loss: 0.5797372786043791
INFO:root:Iter: 9| Accuracy: 0.8 | Loss: 0.13390501701521493
INFO:root:Iter: 10| Accuracy: 0.9 | Loss: 0.15913535140197763
INFO:root:Iter: 11| Accuracy: 1.0 | Loss: 0.05511264058230046
INFO:root:Iter: 12| Accuracy: 1.0 | Loss: 0.06326502445324653
INFO:root:Iter: 13| Accuracy: 0.0 | Loss: 0.5555039381511623
INFO:root:Iter: 14| Accuracy: 0.3 | Loss: 0.4475869972444976
INFO:root:Iter: 15| Accuracy: 0.9 | Loss: 0.13448263144268163
INFO:root:Iter: 16| Accuracy: 1.0 | Loss: 0.07351291317108201
INFO:root:Iter: 17| Accuracy: 0.9 | Loss: 0.06274949725262603
INFO:root:Iter: 18| Accuracy: 0.8 | Loss: 0.11065171706513074
INFO:root:Iter: 19| Accuracy: 0.9 | Loss: 0.11239432657533502
INFO:root:Iter: 20| Accuracy: 0.3 | Loss: 0.5118229477540738
INFO:root:epoch 16 : Training Accuracy 0.78 , Loss 0.17306105776927505, Time 2.2153767665227253 minutes, Validation Accuracy 0.99, Minimal Info Left 0.9865747390355605
INFO:root:start epoch 17
INFO:root:Iter: 1| Accuracy: 1.0 | Loss: 0.07016504543299831
INFO:root:Iter: 2| Accuracy: 1.0 | Loss: 0.07098067608759503
INFO:root:Iter: 3| Accuracy: 0.1 | Loss: 0.5849173700568846
INFO:root:Iter: 4| Accuracy: 1.0 | Loss: 0.07792341106410208
INFO:root:Iter: 5| Accuracy: 0.9 | Loss: 0.11223410859765781
INFO:root:Iter: 6| Accuracy: 0.9 | Loss: 0.10186720007653616
INFO:root:Iter: 7| Accuracy: 0.5 | Loss: 0.28121920755759633
INFO:root:Iter: 8| Accuracy: 0.9 | Loss: 0.06879346483475679
INFO:root:Iter: 9| Accuracy: 0.9 | Loss: 0.11348165862828459
INFO:root:Iter: 10| Accuracy: 1.0 | Loss: 0.052994995808276046
INFO:root:Iter: 11| Accuracy: 0.9 | Loss: 0.08823085409992855
INFO:root:Iter: 12| Accuracy: 1.0 | Loss: 0.04274072617266665
INFO:root:Iter: 13| Accuracy: 0.3 | Loss: 0.40323846368844746
INFO:root:Iter: 14| Accuracy: 1.0 | Loss: 0.06237606623128818
INFO:root:Iter: 15| Accuracy: 0.9 | Loss: 0.11375654152324363
INFO:root:Iter: 16| Accuracy: 1.0 | Loss: 0.09563547119007702
INFO:root:Iter: 17| Accuracy: 1.0 | Loss: 0.07597933137820032
INFO:root:Iter: 18| Accuracy: 1.0 | Loss: 0.05943770182852785
INFO:root:Iter: 19| Accuracy: 1.0 | Loss: 0.06362205522839746
INFO:root:Iter: 20| Accuracy: 0.0 | Loss: 0.6142674503098461
INFO:root:epoch 17 : Training Accuracy 0.815 , Loss 0.19850098898569588, Time 2.1725708127021788 minutes, Validation Accuracy 0.865, Minimal Info Left 0.9810833600415175
INFO:root:start epoch 18
INFO:root:Iter: 1| Accuracy: 0.9 | Loss: 0.06662243194778016
INFO:root:Iter: 2| Accuracy: 0.6 | Loss: 0.18459411640487763
INFO:root:Iter: 3| Accuracy: 1.0 | Loss: 0.06167701749031185
INFO:root:Iter: 4| Accuracy: 0.8 | Loss: 0.12338949283187613
INFO:root:Iter: 5| Accuracy: 0.2 | Loss: 0.5176544170834847
INFO:root:Iter: 6| Accuracy: 0.9 | Loss: 0.058805425083964205
INFO:root:Iter: 7| Accuracy: 0.1 | Loss: 0.5525881565162918
INFO:root:Iter: 8| Accuracy: 0.7 | Loss: 0.1846689224869698
INFO:root:Iter: 9| Accuracy: 1.0 | Loss: 0.0503612681701728
INFO:root:Iter: 10| Accuracy: 1.0 | Loss: 0.07634674410558828
INFO:root:Iter: 11| Accuracy: 0.2 | Loss: 0.570834883791187
INFO:root:Iter: 12| Accuracy: 0.8 | Loss: 0.10453125274384042
INFO:root:Iter: 13| Accuracy: 1.0 | Loss: 0.08701478944731682
INFO:root:Iter: 14| Accuracy: 0.3 | Loss: 0.44994320940464866
INFO:root:Iter: 15| Accuracy: 1.0 | Loss: 0.09079513655346987
INFO:root:Iter: 16| Accuracy: 0.1 | Loss: 0.47566044003054075
INFO:root:Iter: 17| Accuracy: 0.2 | Loss: 0.4648990230165281
INFO:root:Iter: 18| Accuracy: 1.0 | Loss: 0.09723324843293328
INFO:root:Iter: 19| Accuracy: 0.8 | Loss: 0.11250058790313078
INFO:root:Iter: 20| Accuracy: 0.8 | Loss: 0.1204418454893212
INFO:root:epoch 18 : Training Accuracy 0.67 , Loss 0.2190294252866571, Time 2.1828383207321167 minutes, Validation Accuracy 0.985, Minimal Info Left 0.9767196350302019
INFO:root:start epoch 19
INFO:root:Iter: 1| Accuracy: 1.0 | Loss: 0.04659377664908447
INFO:root:Iter: 2| Accuracy: 0.0 | Loss: 0.5941520588474292
INFO:root:Iter: 3| Accuracy: 1.0 | Loss: 0.04722374609397019
INFO:root:Iter: 4| Accuracy: 0.1 | Loss: 0.5477491564788354
INFO:root:Iter: 5| Accuracy: 0.1 | Loss: 0.5020572968590935
INFO:root:Iter: 6| Accuracy: 1.0 | Loss: 0.08476142817525388
INFO:root:Iter: 7| Accuracy: 1.0 | Loss: 0.09484685481028025
INFO:root:Iter: 8| Accuracy: 1.0 | Loss: 0.09920519535522052
INFO:root:Iter: 9| Accuracy: 1.0 | Loss: 0.10247317319932073
INFO:root:Iter: 10| Accuracy: 0.9 | Loss: 0.09425461605385
INFO:root:Iter: 11| Accuracy: 0.2 | Loss: 0.4187164365977651
INFO:root:Iter: 12| Accuracy: 1.0 | Loss: 0.09476973377361068
INFO:root:Iter: 13| Accuracy: 0.2 | Loss: 0.4571824732926018
INFO:root:Iter: 14| Accuracy: 1.0 | Loss: 0.10086822252835548
INFO:root:Iter: 15| Accuracy: 0.8 | Loss: 0.11975904412064593
INFO:root:Iter: 16| Accuracy: 0.4 | Loss: 0.3077613847536361
INFO:root:Iter: 17| Accuracy: 1.0 | Loss: 0.11465193545340313
INFO:root:Iter: 18| Accuracy: 0.2 | Loss: 0.4505088306077255
INFO:root:Iter: 19| Accuracy: 0.9 | Loss: 0.11831067073340451
INFO:root:Iter: 20| Accuracy: 0.2 | Loss: 0.4418801299390179
INFO:root:epoch 19 : Training Accuracy 0.65 , Loss 0.2353137779279934, Time 2.242866639296214 minutes, Validation Accuracy 0.925, Minimal Info Left 0.9846387345894996
INFO:root:start epoch 20
INFO:root:Iter: 1| Accuracy: 0.4 | Loss: 0.3531294384472175
INFO:root:Iter: 2| Accuracy: 0.9 | Loss: 0.14015288141436075
INFO:root:Iter: 3| Accuracy: 1.0 | Loss: 0.1190581390941748
INFO:root:Iter: 4| Accuracy: 1.0 | Loss: 0.13259806412916486
INFO:root:Iter: 5| Accuracy: 0.3 | Loss: 0.32100829787809454
INFO:root:Iter: 6| Accuracy: 0.1 | Loss: 0.42127189916392743
INFO:root:Iter: 7| Accuracy: 1.0 | Loss: 0.11677875408341817
INFO:root:Iter: 8| Accuracy: 0.7 | Loss: 0.18432075522370264
INFO:root:Iter: 9| Accuracy: 0.9 | Loss: 0.17041108760293427
INFO:root:Iter: 10| Accuracy: 1.0 | Loss: 0.09125403268662688
INFO:root:Iter: 11| Accuracy: 0.9 | Loss: 0.1472899265281017
INFO:root:Iter: 12| Accuracy: 0.8 | Loss: 0.16727755700213648
INFO:root:Iter: 13| Accuracy: 0.2 | Loss: 0.4103022079568168
INFO:root:Iter: 14| Accuracy: 0.2 | Loss: 0.43117777917913813
INFO:root:Iter: 15| Accuracy: 0.9 | Loss: 0.13139220464873255
INFO:root:Iter: 16| Accuracy: 1.0 | Loss: 0.1360108499127413
INFO:root:Iter: 17| Accuracy: 0.8 | Loss: 0.13315407531801648
INFO:root:Iter: 18| Accuracy: 0.4 | Loss: 0.31576627384320544
INFO:root:Iter: 19| Accuracy: 1.0 | Loss: 0.11120806807446879
INFO:root:Iter: 20| Accuracy: 0.8 | Loss: 0.13708993686168952
INFO:root:epoch 20 : Training Accuracy 0.715 , Loss 0.2057678375852419, Time 2.1049360235532126 minutes, Validation Accuracy 0.97, Minimal Info Left 0.9856713141860364
INFO:root:start epoch 21
INFO:root:Iter: 1| Accuracy: 1.0 | Loss: 0.11129189447748526
INFO:root:Iter: 2| Accuracy: 1.0 | Loss: 0.09097522033637187
INFO:root:Iter: 3| Accuracy: 0.8 | Loss: 0.15298004817898345
INFO:root:Iter: 4| Accuracy: 0.9 | Loss: 0.11594544858519455
INFO:root:Iter: 5| Accuracy: 1.0 | Loss: 0.0347110395709612
INFO:root:Iter: 6| Accuracy: 0.9 | Loss: 0.0792175514779987
INFO:root:Iter: 7| Accuracy: 0.9 | Loss: 0.10366521938668385
INFO:root:Iter: 8| Accuracy: 0.8 | Loss: 0.12747343273646883
INFO:root:Iter: 9| Accuracy: 0.2 | Loss: 0.43763158717428086
INFO:root:Iter: 10| Accuracy: 0.0 | Loss: 0.5405576847301086
INFO:root:Iter: 11| Accuracy: 0.3 | Loss: 0.46012631623161315
INFO:root:Iter: 12| Accuracy: 0.8 | Loss: 0.13622915246486944
INFO:root:Iter: 13| Accuracy: 0.8 | Loss: 0.13277034508655686
INFO:root:Iter: 14| Accuracy: 0.6 | Loss: 0.2957271934709882
INFO:root:Iter: 15| Accuracy: 0.1 | Loss: 0.6224394340439936
INFO:root:Iter: 16| Accuracy: 1.0 | Loss: 0.09482297294940085
INFO:root:Iter: 17| Accuracy: 0.4 | Loss: 0.3550855151436514
INFO:root:Iter: 18| Accuracy: 0.9 | Loss: 0.11815010701998914
INFO:root:Iter: 19| Accuracy: 0.9 | Loss: 0.0647541133338834
INFO:root:Iter: 20| Accuracy: 0.6 | Loss: 0.15865688023770935
INFO:root:epoch 21 : Training Accuracy 0.695 , Loss 0.27409782107099734, Time 2.0828430096308392 minutes, Validation Accuracy 0.675, Minimal Info Left 0.9821830100490856
INFO:root:start epoch 22
INFO:root:Iter: 1| Accuracy: 0.3 | Loss: 0.5281175222920164
INFO:root:Iter: 2| Accuracy: 0.1 | Loss: 0.4698808427447682
INFO:root:Iter: 3| Accuracy: 1.0 | Loss: 0.09164474546056608
INFO:root:Iter: 4| Accuracy: 0.8 | Loss: 0.10595427852668196
INFO:root:Iter: 5| Accuracy: 1.0 | Loss: 0.11135091589396862
INFO:root:Iter: 6| Accuracy: 0.9 | Loss: 0.13077444231870453
INFO:root:Iter: 7| Accuracy: 0.9 | Loss: 0.11896716123430055
INFO:root:Iter: 8| Accuracy: 0.8 | Loss: 0.15677738811512018
INFO:root:Iter: 9| Accuracy: 0.0 | Loss: 0.4916339658283914
INFO:root:Iter: 10| Accuracy: 1.0 | Loss: 0.08165391073833558
INFO:root:Iter: 11| Accuracy: 1.0 | Loss: 0.07983735146138296
INFO:root:Iter: 12| Accuracy: 0.9 | Loss: 0.09648338166352595
INFO:root:Iter: 13| Accuracy: 1.0 | Loss: 0.05788072432607749
INFO:root:Iter: 14| Accuracy: 0.8 | Loss: 0.15013920560314092
INFO:root:Iter: 15| Accuracy: 0.0 | Loss: 0.5191004441454348
INFO:root:Iter: 16| Accuracy: 0.3 | Loss: 0.35083958452039676
INFO:root:Iter: 17| Accuracy: 0.9 | Loss: 0.1171467213604392
INFO:root:Iter: 18| Accuracy: 0.9 | Loss: 0.11201362175800304
INFO:root:Iter: 19| Accuracy: 1.0 | Loss: 0.09432349090519308
INFO:root:Iter: 20| Accuracy: 0.1 | Loss: 0.4494419212581818
INFO:root:epoch 22 : Training Accuracy 0.685 , Loss 0.20816068029522827, Time 2.073929293950399 minutes, Validation Accuracy 0.98, Minimal Info Left 0.9875322821828529
INFO:root:start epoch 23
INFO:root:Iter: 1| Accuracy: 0.9 | Loss: 0.08737800685453474
INFO:root:Iter: 2| Accuracy: 1.0 | Loss: 0.08629541435789076
INFO:root:Iter: 3| Accuracy: 1.0 | Loss: 0.09629894032351102
INFO:root:Iter: 4| Accuracy: 1.0 | Loss: 0.05789293116896641
INFO:root:Iter: 5| Accuracy: 0.9 | Loss: 0.10332975776664255
INFO:root:Iter: 6| Accuracy: 1.0 | Loss: 0.052244670734847606
INFO:root:Iter: 7| Accuracy: 0.9 | Loss: 0.10204376588848654
INFO:root:Iter: 8| Accuracy: 0.8 | Loss: 0.19238301041064135
INFO:root:Iter: 9| Accuracy: 0.9 | Loss: 0.09810477163889939
INFO:root:Iter: 10| Accuracy: 0.0 | Loss: 0.5695852044827389
INFO:root:Iter: 11| Accuracy: 1.0 | Loss: 0.07251314581435367
INFO:root:Iter: 12| Accuracy: 1.0 | Loss: 0.055268892898812885
INFO:root:Iter: 13| Accuracy: 0.5 | Loss: 0.36914656694418646
INFO:root:Iter: 14| Accuracy: 1.0 | Loss: 0.12881884169848437
INFO:root:Iter: 15| Accuracy: 1.0 | Loss: 0.07191074107357888
INFO:root:Iter: 16| Accuracy: 1.0 | Loss: 0.06577573970759869
INFO:root:Iter: 17| Accuracy: 1.0 | Loss: 0.0630348556231172
INFO:root:Iter: 18| Accuracy: 0.1 | Loss: 0.5133771612125118
INFO:root:Iter: 19| Accuracy: 0.7 | Loss: 0.13790414014371746
INFO:root:Iter: 20| Accuracy: 1.0 | Loss: 0.08063525534541383
INFO:root:epoch 23 : Training Accuracy 0.835 , Loss 0.1523177583674241, Time 2.0782885710398356 minutes, Validation Accuracy 0.99, Minimal Info Left 0.984796360021962
INFO:root:start epoch 24
INFO:root:Iter: 1| Accuracy: 1.0 | Loss: 0.05813830370915034
INFO:root:Iter: 2| Accuracy: 1.0 | Loss: 0.09647342695880008
INFO:root:Iter: 3| Accuracy: 0.9 | Loss: 0.0778030712542237
INFO:root:Iter: 4| Accuracy: 1.0 | Loss: 0.06801690501231519
INFO:root:Iter: 5| Accuracy: 1.0 | Loss: 0.044393454299585675
INFO:root:Iter: 6| Accuracy: 1.0 | Loss: 0.07328354202934231
INFO:root:Iter: 7| Accuracy: 0.9 | Loss: 0.08454910041385941
INFO:root:Iter: 8| Accuracy: 0.9 | Loss: 0.10561557511102251
INFO:root:Iter: 9| Accuracy: 0.2 | Loss: 0.4593302843321835
INFO:root:Iter: 10| Accuracy: 0.9 | Loss: 0.11801489822321387
INFO:root:Iter: 11| Accuracy: 0.8 | Loss: 0.12485178423638241
INFO:root:Iter: 12| Accuracy: 1.0 | Loss: 0.05414513624163869
INFO:root:Iter: 13| Accuracy: 1.0 | Loss: 0.055871107528385776
INFO:root:Iter: 14| Accuracy: 0.2 | Loss: 0.5043059583723523
INFO:root:Iter: 15| Accuracy: 1.0 | Loss: 0.05104109304582135
INFO:root:Iter: 16| Accuracy: 0.7 | Loss: 0.1948670768169727
INFO:root:Iter: 17| Accuracy: 0.9 | Loss: 0.11996758818721709
INFO:root:Iter: 18| Accuracy: 1.0 | Loss: 0.08651806877258829
INFO:root:Iter: 19| Accuracy: 1.0 | Loss: 0.06397125924933258
INFO:root:Iter: 20| Accuracy: 1.0 | Loss: 0.04889668808920439
INFO:root:epoch 24 : Training Accuracy 0.87 , Loss 0.12476310615542652, Time 2.0758274753888446 minutes, Validation Accuracy 0.99, Minimal Info Left 0.9807756348078712
INFO:root:start epoch 25
INFO:root:Iter: 1| Accuracy: 0.8 | Loss: 0.09877128659512162
INFO:root:Iter: 2| Accuracy: 0.0 | Loss: 0.5825495920031869
INFO:root:Iter: 3| Accuracy: 1.0 | Loss: 0.08158572951374195
INFO:root:Iter: 4| Accuracy: 1.0 | Loss: 0.057416568404622795
INFO:root:Iter: 5| Accuracy: 0.1 | Loss: 0.5434930377495633
INFO:root:Iter: 6| Accuracy: 1.0 | Loss: 0.0640444497401784
INFO:root:Iter: 7| Accuracy: 1.0 | Loss: 0.06995241130544916
INFO:root:Iter: 8| Accuracy: 0.0 | Loss: 0.5830414461737974
INFO:root:Iter: 9| Accuracy: 1.0 | Loss: 0.03657932412954429
INFO:root:Iter: 10| Accuracy: 0.8 | Loss: 0.11118048595132653
INFO:root:Iter: 11| Accuracy: 0.3 | Loss: 0.41763835944812566
INFO:root:Iter: 12| Accuracy: 0.7 | Loss: 0.13762780048225784
INFO:root:Iter: 13| Accuracy: 0.0 | Loss: 0.5772487456828158
INFO:root:Iter: 14| Accuracy: 1.0 | Loss: 0.0578340186434693
INFO:root:Iter: 15| Accuracy: 0.0 | Loss: 0.5468027408437465
INFO:root:Iter: 16| Accuracy: 1.0 | Loss: 0.054118309330397754
INFO:root:Iter: 17| Accuracy: 0.8 | Loss: 0.14649320981713204
INFO:root:Iter: 18| Accuracy: 0.0 | Loss: 0.5903986079105362
INFO:root:Iter: 19| Accuracy: 1.0 | Loss: 0.060041309200634344
INFO:root:Iter: 20| Accuracy: 0.9 | Loss: 0.12241117199942424
INFO:root:epoch 25 : Training Accuracy 0.62 , Loss 0.24039386169578644, Time 2.0807117263476056 minutes, Validation Accuracy 0.99, Minimal Info Left 0.9828726031496905
INFO:root:start epoch 26
INFO:root:Iter: 1| Accuracy: 0.1 | Loss: 0.4851755916848428
INFO:root:Iter: 2| Accuracy: 1.0 | Loss: 0.097172817812175
INFO:root:Iter: 3| Accuracy: 0.9 | Loss: 0.1360101225199506
INFO:root:Iter: 4| Accuracy: 1.0 | Loss: 0.08224874013551128
INFO:root:Iter: 5| Accuracy: 0.0 | Loss: 0.5319276686190113
INFO:root:Iter: 6| Accuracy: 1.0 | Loss: 0.08112254411815202
INFO:root:Iter: 7| Accuracy: 1.0 | Loss: 0.0931037092480704
INFO:root:Iter: 8| Accuracy: 1.0 | Loss: 0.08267869373885131
INFO:root:Iter: 9| Accuracy: 1.0 | Loss: 0.060916601490345654
INFO:root:Iter: 10| Accuracy: 1.0 | Loss: 0.06333593441784782
INFO:root:Iter: 11| Accuracy: 0.1 | Loss: 0.513349125109833
INFO:root:Iter: 12| Accuracy: 0.9 | Loss: 0.1010214010932445
INFO:root:Iter: 13| Accuracy: 0.9 | Loss: 0.08807948240595348
INFO:root:Iter: 14| Accuracy: 0.7 | Loss: 0.16362124792911636
INFO:root:Iter: 15| Accuracy: 0.9 | Loss: 0.07309575701042911
INFO:root:Iter: 16| Accuracy: 1.0 | Loss: 0.08689698460474152
INFO:root:Iter: 17| Accuracy: 0.2 | Loss: 0.48746939087619295
INFO:root:Iter: 18| Accuracy: 0.2 | Loss: 0.48028605421688947
INFO:root:Iter: 19| Accuracy: 1.0 | Loss: 0.09888389311266972
INFO:root:Iter: 20| Accuracy: 1.0 | Loss: 0.10256043466677793
INFO:root:epoch 26 : Training Accuracy 0.745 , Loss 0.19523442210874425, Time 2.079110062122345 minutes, Validation Accuracy 0.99, Minimal Info Left 0.9816214545363668
INFO:root:start epoch 27
INFO:root:Iter: 1| Accuracy: 1.0 | Loss: 0.06028337825336675
INFO:root:Iter: 2| Accuracy: 0.9 | Loss: 0.12454272212907798
INFO:root:Iter: 3| Accuracy: 0.2 | Loss: 0.4956194872750954
INFO:root:Iter: 4| Accuracy: 0.3 | Loss: 0.45110984216386474
INFO:root:Iter: 5| Accuracy: 1.0 | Loss: 0.09655595723387125
INFO:root:Iter: 6| Accuracy: 1.0 | Loss: 0.09044697623812048
INFO:root:Iter: 7| Accuracy: 1.0 | Loss: 0.08764105126626279
INFO:root:Iter: 8| Accuracy: 0.8 | Loss: 0.1218368879454895
INFO:root:Iter: 9| Accuracy: 1.0 | Loss: 0.052223313544281
INFO:root:Iter: 10| Accuracy: 0.8 | Loss: 0.14832997634092737
INFO:root:Iter: 11| Accuracy: 0.7 | Loss: 0.13864812567052592
INFO:root:Iter: 12| Accuracy: 0.3 | Loss: 0.31241901739460715
INFO:root:Iter: 13| Accuracy: 1.0 | Loss: 0.09283410442169442
INFO:root:Iter: 14| Accuracy: 1.0 | Loss: 0.1271024875915942
INFO:root:Iter: 15| Accuracy: 1.0 | Loss: 0.07510788809971762
INFO:root:Iter: 16| Accuracy: 0.9 | Loss: 0.12386103663903217
INFO:root:Iter: 17| Accuracy: 0.9 | Loss: 0.06773830832203084
INFO:root:Iter: 18| Accuracy: 0.2 | Loss: 0.42789950573196356
INFO:root:Iter: 19| Accuracy: 0.8 | Loss: 0.10189495361364168
INFO:root:Iter: 20| Accuracy: 1.0 | Loss: 0.07596267380675757
INFO:root:epoch 27 : Training Accuracy 0.79 , Loss 0.1579726083278725, Time 2.083461387952169 minutes, Validation Accuracy 0.99, Minimal Info Left 0.9741032469226683
INFO:root:start epoch 28
INFO:root:Iter: 1| Accuracy: 1.0 | Loss: 0.04100236884430913
INFO:root:Iter: 2| Accuracy: 1.0 | Loss: 0.07410147636923273
INFO:root:Iter: 3| Accuracy: 0.8 | Loss: 0.16940984625238342
INFO:root:Iter: 4| Accuracy: 1.0 | Loss: 0.07899768938399696
INFO:root:Iter: 5| Accuracy: 0.7 | Loss: 0.14926473988343192
INFO:root:Iter: 6| Accuracy: 0.8 | Loss: 0.12697551187544365
INFO:root:Iter: 7| Accuracy: 0.8 | Loss: 0.10691006775698031
INFO:root:Iter: 8| Accuracy: 1.0 | Loss: 0.07158205736401282
INFO:root:Iter: 9| Accuracy: 0.9 | Loss: 0.08894981737536244
INFO:root:Iter: 10| Accuracy: 1.0 | Loss: 0.05959003511320288
INFO:root:Iter: 11| Accuracy: 0.8 | Loss: 0.10194984187621448
INFO:root:Iter: 12| Accuracy: 0.9 | Loss: 0.07528489423110887
INFO:root:Iter: 13| Accuracy: 1.0 | Loss: 0.06586318075124306
INFO:root:Iter: 14| Accuracy: 0.8 | Loss: 0.09605606981444277
INFO:root:Iter: 15| Accuracy: 0.9 | Loss: 0.07392958264350913
INFO:root:Iter: 16| Accuracy: 1.0 | Loss: 0.034376915129780874
INFO:root:Iter: 17| Accuracy: 0.7 | Loss: 0.2436717692000284
INFO:root:Iter: 18| Accuracy: 0.9 | Loss: 0.0643495209481301
INFO:root:Iter: 19| Accuracy: 1.0 | Loss: 0.047567582461481794
INFO:root:Iter: 20| Accuracy: 0.1 | Loss: 0.5654340666522408
INFO:root:epoch 28 : Training Accuracy 0.855 , Loss 0.12073314129935073, Time 2.0789032777150473 minutes, Validation Accuracy 0.99, Minimal Info Left 0.9829521588270342
INFO:root:start epoch 29
INFO:root:Iter: 1| Accuracy: 1.0 | Loss: 0.07003856583608543
INFO:root:Iter: 2| Accuracy: 1.0 | Loss: 0.09985416877675934
INFO:root:Iter: 3| Accuracy: 0.1 | Loss: 0.5040551702392879
INFO:root:Iter: 4| Accuracy: 0.0 | Loss: 0.5780694105157962
INFO:root:Iter: 5| Accuracy: 1.0 | Loss: 0.08214458122940807
INFO:root:Iter: 6| Accuracy: 0.8 | Loss: 0.17737710852639607
INFO:root:Iter: 7| Accuracy: 0.9 | Loss: 0.08259108031252668
INFO:root:Iter: 8| Accuracy: 0.9 | Loss: 0.09018082111760294
INFO:root:Iter: 9| Accuracy: 1.0 | Loss: 0.06716311682604058
INFO:root:Iter: 10| Accuracy: 0.0 | Loss: 0.5730135894827633
INFO:root:Iter: 11| Accuracy: 0.2 | Loss: 0.5036188404734833
INFO:root:Iter: 12| Accuracy: 1.0 | Loss: 0.06678598584857362
INFO:root:Iter: 13| Accuracy: 0.2 | Loss: 0.5272306442813264
INFO:root:Iter: 14| Accuracy: 0.9 | Loss: 0.10021439741563656
INFO:root:Iter: 15| Accuracy: 0.8 | Loss: 0.0827066553761515
INFO:root:Iter: 16| Accuracy: 0.5 | Loss: 0.34813255247873603
INFO:root:Iter: 17| Accuracy: 0.9 | Loss: 0.13929586315987647
INFO:root:Iter: 18| Accuracy: 0.0 | Loss: 0.5967282548958546
INFO:root:Iter: 19| Accuracy: 0.0 | Loss: 0.6247568064579921
INFO:root:Iter: 20| Accuracy: 0.9 | Loss: 0.09905175342236575
INFO:root:epoch 29 : Training Accuracy 0.605 , Loss 0.2790266246296237, Time 2.0760930736859637 minutes, Validation Accuracy 0.955, Minimal Info Left 0.9875984623370031
INFO:root:start epoch 30
INFO:root:Iter: 1| Accuracy: 1.0 | Loss: 0.051321702009797285
INFO:root:Iter: 2| Accuracy: 1.0 | Loss: 0.08748334691495238
INFO:root:Iter: 3| Accuracy: 1.0 | Loss: 0.044418835709484183
INFO:root:Iter: 4| Accuracy: 1.0 | Loss: 0.07458303945547154
INFO:root:Iter: 5| Accuracy: 1.0 | Loss: 0.0779546204089449
INFO:root:Iter: 6| Accuracy: 1.0 | Loss: 0.045126141441974896
INFO:root:Iter: 7| Accuracy: 0.9 | Loss: 0.09206578347394687
INFO:root:Iter: 8| Accuracy: 0.9 | Loss: 0.10522536495792845
INFO:root:Iter: 9| Accuracy: 1.0 | Loss: 0.09989706542614983
INFO:root:Iter: 10| Accuracy: 0.0 | Loss: 0.5950338459040108
INFO:root:Iter: 11| Accuracy: 0.9 | Loss: 0.10810443244305852
INFO:root:Iter: 12| Accuracy: 0.9 | Loss: 0.09193608793322454
INFO:root:Iter: 13| Accuracy: 1.0 | Loss: 0.05795963888638974
INFO:root:Iter: 14| Accuracy: 0.9 | Loss: 0.09529210540860913
INFO:root:Iter: 15| Accuracy: 0.2 | Loss: 0.5124204327851589
INFO:root:Iter: 16| Accuracy: 0.1 | Loss: 0.6075902564527846
INFO:root:Iter: 17| Accuracy: 0.4 | Loss: 0.42572468892107773
INFO:root:Iter: 18| Accuracy: 0.9 | Loss: 0.09965180797615922
INFO:root:Iter: 19| Accuracy: 0.4 | Loss: 0.28506696804353504
INFO:root:Iter: 20| Accuracy: 1.0 | Loss: 0.08177002926022856
INFO:root:epoch 30 : Training Accuracy 0.775 , Loss 0.21984385122570985, Time 2.210990838209788 minutes, Validation Accuracy 0.905, Minimal Info Left 0.9815995508485157
INFO:root:start epoch 31
INFO:root:Iter: 1| Accuracy: 0.9 | Loss: 0.11132942474365488
INFO:root:Iter: 2| Accuracy: 1.0 | Loss: 0.07007608841205851
INFO:root:Iter: 3| Accuracy: 1.0 | Loss: 0.07028456368136574
INFO:root:Iter: 4| Accuracy: 0.9 | Loss: 0.0832283768777184
INFO:root:Iter: 5| Accuracy: 0.1 | Loss: 0.49502857732215577
INFO:root:Iter: 6| Accuracy: 1.0 | Loss: 0.051994673953881874
INFO:root:Iter: 7| Accuracy: 0.9 | Loss: 0.07052014274952864
INFO:root:Iter: 8| Accuracy: 0.9 | Loss: 0.10185868193627579
INFO:root:Iter: 9| Accuracy: 1.0 | Loss: 0.10185532234743586
INFO:root:Iter: 10| Accuracy: 1.0 | Loss: 0.07985131236558364
INFO:root:Iter: 11| Accuracy: 1.0 | Loss: 0.11052749906814623
INFO:root:Iter: 12| Accuracy: 0.9 | Loss: 0.11649015881712432
INFO:root:Iter: 13| Accuracy: 0.0 | Loss: 0.6224488448567695
INFO:root:Iter: 14| Accuracy: 0.2 | Loss: 0.5180701212569424
INFO:root:Iter: 15| Accuracy: 0.2 | Loss: 0.5247054352962204
INFO:root:Iter: 16| Accuracy: 0.6 | Loss: 0.16347539180857773
INFO:root:Iter: 17| Accuracy: 0.2 | Loss: 0.4874278753452012
INFO:root:Iter: 18| Accuracy: 1.0 | Loss: 0.07249767114568642
INFO:root:Iter: 19| Accuracy: 0.9 | Loss: 0.107928073861335
INFO:root:Iter: 20| Accuracy: 1.0 | Loss: 0.09626071204595968
INFO:root:epoch 31 : Training Accuracy 0.735 , Loss 0.1948325680849506, Time 2.2363942742347716 minutes, Validation Accuracy 0.985, Minimal Info Left 0.9797217079224858
INFO:root:start epoch 32
INFO:root:Iter: 1| Accuracy: 0.9 | Loss: 0.08835122198999286
INFO:root:Iter: 2| Accuracy: 0.0 | Loss: 0.5165972524567809
INFO:root:Iter: 3| Accuracy: 0.4 | Loss: 0.4438350669534188
INFO:root:Iter: 4| Accuracy: 1.0 | Loss: 0.06778472759923661
INFO:root:Iter: 5| Accuracy: 1.0 | Loss: 0.08720947167176112
INFO:root:Iter: 6| Accuracy: 0.2 | Loss: 0.43739187193377616
INFO:root:Iter: 7| Accuracy: 1.0 | Loss: 0.0918640543803492
INFO:root:Iter: 8| Accuracy: 0.2 | Loss: 0.5427250033878385
INFO:root:Iter: 9| Accuracy: 0.8 | Loss: 0.12383153615258125
INFO:root:Iter: 10| Accuracy: 1.0 | Loss: 0.07644803931430419
INFO:root:Iter: 11| Accuracy: 1.0 | Loss: 0.06461320024409085
INFO:root:Iter: 12| Accuracy: 0.0 | Loss: 0.48970174585945553
INFO:root:Iter: 13| Accuracy: 1.0 | Loss: 0.09022667727086209
INFO:root:Iter: 14| Accuracy: 0.9 | Loss: 0.08540213508469022
INFO:root:Iter: 15| Accuracy: 0.8 | Loss: 0.1471716860530733
INFO:root:Iter: 16| Accuracy: 0.9 | Loss: 0.10725229324743375
INFO:root:Iter: 17| Accuracy: 1.0 | Loss: 0.07723251750053493
INFO:root:Iter: 18| Accuracy: 1.0 | Loss: 0.08710963417122393
INFO:root:Iter: 19| Accuracy: 1.0 | Loss: 0.09006731441481333
INFO:root:Iter: 20| Accuracy: 0.2 | Loss: 0.4345980249109421
INFO:root:epoch 32 : Training Accuracy 0.715 , Loss 0.20377585998118483, Time 2.1763604601224262 minutes, Validation Accuracy 0.96, Minimal Info Left 0.9841751212751743
INFO:root:start epoch 33
INFO:root:Iter: 1| Accuracy: 1.0 | Loss: 0.07410533965451885
INFO:root:Iter: 2| Accuracy: 0.0 | Loss: 0.5419048378865199
INFO:root:Iter: 3| Accuracy: 1.0 | Loss: 0.08848320228182635
INFO:root:Iter: 4| Accuracy: 0.9 | Loss: 0.10506922810777575
INFO:root:Iter: 5| Accuracy: 0.1 | Loss: 0.520944742260715
INFO:root:Iter: 6| Accuracy: 1.0 | Loss: 0.08167151436165933
INFO:root:Iter: 7| Accuracy: 1.0 | Loss: 0.08646843903857682
INFO:root:Iter: 8| Accuracy: 0.9 | Loss: 0.08266627256844958
INFO:root:Iter: 9| Accuracy: 1.0 | Loss: 0.10724848948776318
INFO:root:Iter: 10| Accuracy: 1.0 | Loss: 0.07634291744592034
INFO:root:Iter: 11| Accuracy: 0.9 | Loss: 0.11562051174375802
INFO:root:Iter: 12| Accuracy: 0.1 | Loss: 0.512044945912564
INFO:root:Iter: 13| Accuracy: 0.1 | Loss: 0.47795437477912966
INFO:root:Iter: 14| Accuracy: 0.9 | Loss: 0.07724214182313704
INFO:root:Iter: 15| Accuracy: 0.7 | Loss: 0.1658897641738279
INFO:root:Iter: 16| Accuracy: 1.0 | Loss: 0.08663671478367621
INFO:root:Iter: 17| Accuracy: 0.0 | Loss: 0.531399444909852
INFO:root:Iter: 18| Accuracy: 1.0 | Loss: 0.06766945862994975
INFO:root:Iter: 19| Accuracy: 1.0 | Loss: 0.08832802449072596
INFO:root:Iter: 20| Accuracy: 1.0 | Loss: 0.07551662664017603
INFO:root:epoch 33 : Training Accuracy 0.73 , Loss 0.1940334436285869, Time 2.1812970836957297 minutes, Validation Accuracy 0.97, Minimal Info Left 0.9861614181218542
INFO:root:start epoch 34
INFO:root:Iter: 1| Accuracy: 1.0 | Loss: 0.06531376192625718
INFO:root:Iter: 2| Accuracy: 0.8 | Loss: 0.1292868676472607
INFO:root:Iter: 3| Accuracy: 1.0 | Loss: 0.045102470401038194
INFO:root:Iter: 4| Accuracy: 1.0 | Loss: 0.08849478569429012
INFO:root:Iter: 5| Accuracy: 0.7 | Loss: 0.15973820059801505
INFO:root:Iter: 6| Accuracy: 0.6 | Loss: 0.2528918341662431
INFO:root:Iter: 7| Accuracy: 0.8 | Loss: 0.08745769793559409
INFO:root:Iter: 8| Accuracy: 1.0 | Loss: 0.059387972441266146
INFO:root:Iter: 9| Accuracy: 0.9 | Loss: 0.07441982003718202
INFO:root:Iter: 10| Accuracy: 0.9 | Loss: 0.08091104528864179
INFO:root:Iter: 11| Accuracy: 0.7 | Loss: 0.15654825694249688
INFO:root:Iter: 12| Accuracy: 1.0 | Loss: 0.06171845099941483
INFO:root:Iter: 13| Accuracy: 0.9 | Loss: 0.07406998717531851
INFO:root:Iter: 14| Accuracy: 0.9 | Loss: 0.07306357074084152
INFO:root:Iter: 15| Accuracy: 0.8 | Loss: 0.13943572261499101
INFO:root:Iter: 16| Accuracy: 0.1 | Loss: 0.5129407796839061
INFO:root:Iter: 17| Accuracy: 1.0 | Loss: 0.07430603513226779
INFO:root:Iter: 18| Accuracy: 1.0 | Loss: 0.0729059963773573
INFO:root:Iter: 19| Accuracy: 0.2 | Loss: 0.5176141821107473
INFO:root:Iter: 20| Accuracy: 1.0 | Loss: 0.07751195057115014
INFO:root:epoch 34 : Training Accuracy 0.815 , Loss 0.15557802271580148, Time 2.2015228629112245 minutes, Validation Accuracy 0.995, Minimal Info Left 0.9831180131698022
INFO:root:start epoch 35
INFO:root:Iter: 1| Accuracy: 0.8 | Loss: 0.1745051301380296
INFO:root:Iter: 2| Accuracy: 1.0 | Loss: 0.08329903293502065
INFO:root:Iter: 3| Accuracy: 0.9 | Loss: 0.06749086063435134
INFO:root:Iter: 4| Accuracy: 0.3 | Loss: 0.4278446981951231
INFO:root:Iter: 5| Accuracy: 1.0 | Loss: 0.08211380023403089
INFO:root:Iter: 6| Accuracy: 0.9 | Loss: 0.10358177279734648
INFO:root:Iter: 7| Accuracy: 1.0 | Loss: 0.06100262769148599
INFO:root:Iter: 8| Accuracy: 1.0 | Loss: 0.061332926254827405
INFO:root:Iter: 9| Accuracy: 1.0 | Loss: 0.09895135941638339
INFO:root:Iter: 10| Accuracy: 0.5 | Loss: 0.24232520389547968
INFO:root:Iter: 11| Accuracy: 0.5 | Loss: 0.20806342720808918
INFO:root:Iter: 12| Accuracy: 1.0 | Loss: 0.049394437934623815
INFO:root:Iter: 13| Accuracy: 1.0 | Loss: 0.049455458328354615
INFO:root:Iter: 14| Accuracy: 1.0 | Loss: 0.057009473612970284
INFO:root:Iter: 15| Accuracy: 0.9 | Loss: 0.09213000763403997
INFO:root:Iter: 16| Accuracy: 1.0 | Loss: 0.05265418155331393
INFO:root:Iter: 17| Accuracy: 0.9 | Loss: 0.07712616959281374
INFO:root:Iter: 18| Accuracy: 1.0 | Loss: 0.03691127983725517
INFO:root:Iter: 19| Accuracy: 0.9 | Loss: 0.08961930879725648
INFO:root:Iter: 20| Accuracy: 1.0 | Loss: 0.0757407729870265
INFO:root:epoch 35 : Training Accuracy 0.88 , Loss 0.12040410074000343, Time 2.2100077907244366 minutes, Validation Accuracy 0.98, Minimal Info Left 0.971740408386185
INFO:root:start epoch 36
INFO:root:Iter: 1| Accuracy: 1.0 | Loss: 0.04979118145480324
INFO:root:Iter: 2| Accuracy: 1.0 | Loss: 0.053831973119320566
INFO:root:Iter: 3| Accuracy: 0.9 | Loss: 0.08396110552004184
INFO:root:Iter: 4| Accuracy: 1.0 | Loss: 0.04603184223663517
INFO:root:Iter: 5| Accuracy: 0.9 | Loss: 0.07598658790469662
INFO:root:Iter: 6| Accuracy: 0.7 | Loss: 0.2269843540004579
INFO:root:Iter: 7| Accuracy: 0.7 | Loss: 0.1507654027719682
INFO:root:Iter: 8| Accuracy: 0.1 | Loss: 0.5166531801540334
INFO:root:Iter: 9| Accuracy: 0.8 | Loss: 0.12324476503084543
INFO:root:Iter: 10| Accuracy: 0.8 | Loss: 0.17339341129268018
INFO:root:Iter: 11| Accuracy: 0.3 | Loss: 0.5070812734423442
INFO:root:Iter: 12| Accuracy: 0.1 | Loss: 0.5683774177563203
INFO:root:Iter: 13| Accuracy: 0.3 | Loss: 0.3007097019853832
INFO:root:Iter: 14| Accuracy: 0.7 | Loss: 0.2268619379593499
INFO:root:Iter: 15| Accuracy: 1.0 | Loss: 0.04078905474949517
INFO:root:Iter: 16| Accuracy: 0.9 | Loss: 0.11842217717511441
INFO:root:Iter: 17| Accuracy: 0.9 | Loss: 0.0778530008413363
INFO:root:Iter: 18| Accuracy: 0.0 | Loss: 0.6083563137954304
INFO:root:Iter: 19| Accuracy: 0.6 | Loss: 0.27563187600529004
INFO:root:Iter: 20| Accuracy: 0.9 | Loss: 0.16058363091496664
INFO:root:epoch 36 : Training Accuracy 0.68 , Loss 0.22005671961913986, Time 2.134994081656138 minutes, Validation Accuracy 0.99, Minimal Info Left 0.9796152755560548
INFO:root:start epoch 37
INFO:root:Iter: 1| Accuracy: 0.4 | Loss: 0.3280480154349956
INFO:root:Iter: 2| Accuracy: 1.0 | Loss: 0.08897398956400548
INFO:root:Iter: 3| Accuracy: 1.0 | Loss: 0.13361178263421936
INFO:root:Iter: 4| Accuracy: 1.0 | Loss: 0.04985136531915273
INFO:root:Iter: 5| Accuracy: 1.0 | Loss: 0.06995433612043712
INFO:root:Iter: 6| Accuracy: 0.9 | Loss: 0.11433451210948017
INFO:root:Iter: 7| Accuracy: 1.0 | Loss: 0.07663395353275293
INFO:root:Iter: 8| Accuracy: 1.0 | Loss: 0.07258717787589063
INFO:root:Iter: 9| Accuracy: 0.9 | Loss: 0.06868195462053148
INFO:root:Iter: 10| Accuracy: 0.1 | Loss: 0.5710314465247008
INFO:root:Iter: 11| Accuracy: 0.9 | Loss: 0.07642514700008542
INFO:root:Iter: 12| Accuracy: 0.9 | Loss: 0.06122875408606515
INFO:root:Iter: 13| Accuracy: 0.9 | Loss: 0.1393572349412482
INFO:root:Iter: 14| Accuracy: 1.0 | Loss: 0.08313034341917945
INFO:root:Iter: 15| Accuracy: 0.9 | Loss: 0.11800941587068658
INFO:root:Iter: 16| Accuracy: 0.9 | Loss: 0.11332110638045931
INFO:root:Iter: 17| Accuracy: 0.9 | Loss: 0.09324927418982074
INFO:root:Iter: 18| Accuracy: 1.0 | Loss: 0.049926028745290105
INFO:root:Iter: 19| Accuracy: 0.7 | Loss: 0.19214309931539492
INFO:root:Iter: 20| Accuracy: 0.0 | Loss: 0.5764136972002152
INFO:root:epoch 37 : Training Accuracy 0.82 , Loss 0.14646739651318133, Time 2.022826147079468 minutes, Validation Accuracy 0.99, Minimal Info Left 0.979402485135486
INFO:root:start epoch 38
INFO:root:Iter: 1| Accuracy: 1.0 | Loss: 0.0695959322619982
INFO:root:Iter: 2| Accuracy: 0.0 | Loss: 0.5959633463382122
INFO:root:Iter: 3| Accuracy: 0.9 | Loss: 0.10796604574015105
INFO:root:Iter: 4| Accuracy: 1.0 | Loss: 0.04509239783034498
INFO:root:Iter: 5| Accuracy: 0.9 | Loss: 0.08136739851696032
INFO:root:Iter: 6| Accuracy: 0.9 | Loss: 0.07289407722704826
INFO:root:Iter: 7| Accuracy: 0.1 | Loss: 0.5400268074796644
INFO:root:Iter: 8| Accuracy: 0.9 | Loss: 0.09546756911372219
INFO:root:Iter: 9| Accuracy: 1.0 | Loss: 0.06828609190529752
INFO:root:Iter: 10| Accuracy: 1.0 | Loss: 0.053823217045912655
INFO:root:Iter: 11| Accuracy: 0.7 | Loss: 0.1834892781504256
INFO:root:Iter: 12| Accuracy: 0.5 | Loss: 0.3051522055190253
INFO:root:Iter: 13| Accuracy: 0.8 | Loss: 0.11110963891263906
INFO:root:Iter: 14| Accuracy: 0.8 | Loss: 0.1318152422846696
INFO:root:Iter: 15| Accuracy: 0.9 | Loss: 0.07696267313811948
INFO:root:Iter: 16| Accuracy: 1.0 | Loss: 0.05248449889582355
INFO:root:Iter: 17| Accuracy: 0.9 | Loss: 0.08949592643057738
INFO:root:Iter: 18| Accuracy: 1.0 | Loss: 0.05567518520309227
INFO:root:Iter: 19| Accuracy: 0.9 | Loss: 0.12089092059185516
INFO:root:Iter: 20| Accuracy: 0.9 | Loss: 0.09319408958095703
INFO:root:epoch 38 : Training Accuracy 0.805 , Loss 0.16075664198152556, Time 2.026305627822876 minutes, Validation Accuracy 0.95, Minimal Info Left 0.9758607366344838
INFO:root:start epoch 39
INFO:root:Iter: 1| Accuracy: 1.0 | Loss: 0.053405472487959904
INFO:root:Iter: 2| Accuracy: 0.9 | Loss: 0.08907979088313436
INFO:root:Iter: 3| Accuracy: 1.0 | Loss: 0.062181014230554346
INFO:root:Iter: 4| Accuracy: 0.0 | Loss: 0.6301563950838162
INFO:root:Iter: 5| Accuracy: 1.0 | Loss: 0.04878037406143812
INFO:root:Iter: 6| Accuracy: 0.9 | Loss: 0.08717234603078847
INFO:root:Iter: 7| Accuracy: 0.9 | Loss: 0.09097625711291324
INFO:root:Iter: 8| Accuracy: 1.0 | Loss: 0.10742906823133332
INFO:root:Iter: 9| Accuracy: 1.0 | Loss: 0.04956297667577343
INFO:root:Iter: 10| Accuracy: 1.0 | Loss: 0.0641812517749361
INFO:root:Iter: 11| Accuracy: 1.0 | Loss: 0.06438022264794241
INFO:root:Iter: 12| Accuracy: 0.1 | Loss: 0.5829812240304852
INFO:root:Iter: 13| Accuracy: 0.3 | Loss: 0.47615248145195227
INFO:root:Iter: 14| Accuracy: 0.0 | Loss: 0.6182329027780719
INFO:root:Iter: 15| Accuracy: 0.6 | Loss: 0.16762138891718883
INFO:root:Iter: 16| Accuracy: 1.0 | Loss: 0.07089795013421359
INFO:root:Iter: 17| Accuracy: 1.0 | Loss: 0.05075149336204761
INFO:root:Iter: 18| Accuracy: 0.9 | Loss: 0.12310386013589081
INFO:root:Iter: 19| Accuracy: 0.1 | Loss: 0.5063597152883951
INFO:root:Iter: 20| Accuracy: 0.9 | Loss: 0.09693428056487877
INFO:root:epoch 39 : Training Accuracy 0.73 , Loss 0.20337734523375775, Time 2.0325307130813597 minutes, Validation Accuracy 0.995, Minimal Info Left 0.9796598248959926
INFO:root:start epoch 40
INFO:root:Iter: 1| Accuracy: 0.9 | Loss: 0.0992074741051049
INFO:root:Iter: 2| Accuracy: 1.0 | Loss: 0.07097623559403378
INFO:root:Iter: 3| Accuracy: 0.0 | Loss: 0.5268007280720026
INFO:root:Iter: 4| Accuracy: 1.0 | Loss: 0.08354570543139848
INFO:root:Iter: 5| Accuracy: 1.0 | Loss: 0.07484117976371521
INFO:root:Iter: 6| Accuracy: 0.8 | Loss: 0.12086422165497893
INFO:root:Iter: 7| Accuracy: 1.0 | Loss: 0.0631745494075022
INFO:root:Iter: 8| Accuracy: 1.0 | Loss: 0.07732432382792642
INFO:root:Iter: 9| Accuracy: 1.0 | Loss: 0.06435223844888752
INFO:root:Iter: 10| Accuracy: 1.0 | Loss: 0.054783453816169836
INFO:root:Iter: 11| Accuracy: 1.0 | Loss: 0.046369424878759925
INFO:root:Iter: 12| Accuracy: 1.0 | Loss: 0.034534803153471155
INFO:root:Iter: 13| Accuracy: 0.0 | Loss: 0.6571978520906993
INFO:root:Iter: 14| Accuracy: 1.0 | Loss: 0.0629585691765702
INFO:root:Iter: 15| Accuracy: 0.0 | Loss: 0.6127135478372707
INFO:root:Iter: 16| Accuracy: 0.0 | Loss: 0.5337327252887859
INFO:root:Iter: 17| Accuracy: 0.0 | Loss: 0.601675978854168
INFO:root:Iter: 18| Accuracy: 0.8 | Loss: 0.18073690935991976
INFO:root:Iter: 19| Accuracy: 0.1 | Loss: 0.5199811978415705
INFO:root:Iter: 20| Accuracy: 1.0 | Loss: 0.08828166420881652
INFO:root:epoch 40 : Training Accuracy 0.68 , Loss 0.22665481485665445, Time 2.038447141647339 minutes, Validation Accuracy 0.99, Minimal Info Left 0.9873088831597606
INFO:root:start epoch 41
INFO:root:Iter: 1| Accuracy: 1.0 | Loss: 0.06858692597371441
INFO:root:Iter: 2| Accuracy: 1.0 | Loss: 0.049057794896003176
INFO:root:Iter: 3| Accuracy: 0.9 | Loss: 0.1262336370611366
INFO:root:Iter: 4| Accuracy: 0.0 | Loss: 0.560359931701411
INFO:root:Iter: 5| Accuracy: 1.0 | Loss: 0.07460754733383054
INFO:root:Iter: 6| Accuracy: 1.0 | Loss: 0.06952247991761011
INFO:root:Iter: 7| Accuracy: 0.9 | Loss: 0.11714697088595769
INFO:root:Iter: 8| Accuracy: 0.0 | Loss: 0.49685197112935064
INFO:root:Iter: 9| Accuracy: 1.0 | Loss: 0.07669578852954705
INFO:root:Iter: 10| Accuracy: 1.0 | Loss: 0.08634328198947985
INFO:root:Iter: 11| Accuracy: 0.8 | Loss: 0.14311159241686838
INFO:root:Iter: 12| Accuracy: 0.9 | Loss: 0.11971480918807968
INFO:root:Iter: 13| Accuracy: 1.0 | Loss: 0.08219446895857271
INFO:root:Iter: 14| Accuracy: 1.0 | Loss: 0.06329012509568226
INFO:root:Iter: 15| Accuracy: 1.0 | Loss: 0.05028636812313815
INFO:root:Iter: 16| Accuracy: 0.7 | Loss: 0.15103118753147107
INFO:root:Iter: 17| Accuracy: 0.9 | Loss: 0.08642450148536948
INFO:root:Iter: 18| Accuracy: 1.0 | Loss: 0.09734204503233368
INFO:root:Iter: 19| Accuracy: 1.0 | Loss: 0.07078149440766121
INFO:root:Iter: 20| Accuracy: 1.0 | Loss: 0.04932144496471808
INFO:root:epoch 41 : Training Accuracy 0.855 , Loss 0.12727082351235405, Time 2.0353907426198323 minutes, Validation Accuracy 0.99, Minimal Info Left 0.984519828399038
INFO:root:start epoch 42
INFO:root:Iter: 1| Accuracy: 1.0 | Loss: 0.07747791254822953
INFO:root:Iter: 2| Accuracy: 1.0 | Loss: 0.038674128142647764
INFO:root:Iter: 3| Accuracy: 0.3 | Loss: 0.38556961138993534
INFO:root:Iter: 4| Accuracy: 1.0 | Loss: 0.08383334153713783
INFO:root:Iter: 5| Accuracy: 0.1 | Loss: 0.596211991410093
INFO:root:Iter: 6| Accuracy: 0.9 | Loss: 0.0865276357298186
INFO:root:Iter: 7| Accuracy: 1.0 | Loss: 0.06906693119773802
INFO:root:Iter: 8| Accuracy: 1.0 | Loss: 0.07275141916902476
INFO:root:Iter: 9| Accuracy: 0.5 | Loss: 0.25036283326996633
INFO:root:Iter: 10| Accuracy: 0.0 | Loss: 0.5967485917306066
INFO:root:Iter: 11| Accuracy: 0.4 | Loss: 0.41520191798705647
INFO:root:Iter: 12| Accuracy: 0.9 | Loss: 0.14750687881547825
INFO:root:Iter: 13| Accuracy: 0.9 | Loss: 0.08912861474247206
INFO:root:Iter: 14| Accuracy: 0.1 | Loss: 0.560299952981982
INFO:root:Iter: 15| Accuracy: 0.8 | Loss: 0.1006014096183376
INFO:root:Iter: 16| Accuracy: 1.0 | Loss: 0.05929505537106696
INFO:root:Iter: 17| Accuracy: 0.9 | Loss: 0.09864593204315908
INFO:root:Iter: 18| Accuracy: 1.0 | Loss: 0.06467691287611978
INFO:root:Iter: 19| Accuracy: 0.2 | Loss: 0.5045025378763806
INFO:root:Iter: 20| Accuracy: 1.0 | Loss: 0.06434867806409943
INFO:root:epoch 42 : Training Accuracy 0.7 , Loss 0.2277227440817632, Time 2.0330703337987264 minutes, Validation Accuracy 0.96, Minimal Info Left 0.9848049056569127
INFO:root:start epoch 43
INFO:root:Iter: 1| Accuracy: 0.0 | Loss: 0.5939160810739926
INFO:root:Iter: 2| Accuracy: 0.1 | Loss: 0.5128095778755222
INFO:root:Iter: 3| Accuracy: 0.2 | Loss: 0.5069209577881242
INFO:root:Iter: 4| Accuracy: 1.0 | Loss: 0.08398421549837998
INFO:root:Iter: 5| Accuracy: 0.4 | Loss: 0.5136267240574692
INFO:root:Iter: 6| Accuracy: 1.0 | Loss: 0.09689438066398336
INFO:root:Iter: 7| Accuracy: 1.0 | Loss: 0.07285849444380972
INFO:root:Iter: 8| Accuracy: 0.7 | Loss: 0.19183273877898482
INFO:root:Iter: 9| Accuracy: 0.7 | Loss: 0.12956151012516298
INFO:root:Iter: 10| Accuracy: 1.0 | Loss: 0.09972426269891575
INFO:root:Iter: 11| Accuracy: 0.1 | Loss: 0.5444450259276801
INFO:root:Iter: 12| Accuracy: 0.1 | Loss: 0.4840740882646816
INFO:root:Iter: 13| Accuracy: 0.8 | Loss: 0.14411803187711175
INFO:root:Iter: 14| Accuracy: 1.0 | Loss: 0.07014603876354639
INFO:root:Iter: 15| Accuracy: 1.0 | Loss: 0.08470958935775971
INFO:root:Iter: 16| Accuracy: 0.9 | Loss: 0.11564313048075339
INFO:root:Iter: 17| Accuracy: 0.0 | Loss: 0.5172428496409435
INFO:root:Iter: 18| Accuracy: 1.0 | Loss: 0.09865698923994184
INFO:root:Iter: 19| Accuracy: 0.9 | Loss: 0.10921520622510439
INFO:root:Iter: 20| Accuracy: 1.0 | Loss: 0.09382706144402134
INFO:root:epoch 43 : Training Accuracy 0.645 , Loss 0.23369529748409576, Time 2.2153035124142963 minutes, Validation Accuracy 0.975, Minimal Info Left 0.987551871717279
INFO:root:start epoch 44
INFO:root:Iter: 1| Accuracy: 0.4 | Loss: 0.373787699162088
INFO:root:Iter: 2| Accuracy: 0.8 | Loss: 0.1579884575319364
INFO:root:Iter: 3| Accuracy: 1.0 | Loss: 0.1474317216103718
INFO:root:Iter: 4| Accuracy: 0.8 | Loss: 0.16037797891942485
INFO:root:Iter: 5| Accuracy: 1.0 | Loss: 0.0779004964109695
INFO:root:Iter: 6| Accuracy: 0.9 | Loss: 0.09494488249041039
INFO:root:Iter: 7| Accuracy: 0.8 | Loss: 0.15769516631323227
INFO:root:Iter: 8| Accuracy: 0.1 | Loss: 0.4874441420668615
INFO:root:Iter: 9| Accuracy: 1.0 | Loss: 0.08102137966404793
INFO:root:Iter: 10| Accuracy: 0.3 | Loss: 0.372663929347654
INFO:root:Iter: 11| Accuracy: 0.9 | Loss: 0.1037104270230185
INFO:root:Iter: 12| Accuracy: 1.0 | Loss: 0.06270925286228604
INFO:root:Iter: 13| Accuracy: 1.0 | Loss: 0.09682133032766407
INFO:root:Iter: 14| Accuracy: 1.0 | Loss: 0.06428388187375839
INFO:root:Iter: 15| Accuracy: 0.9 | Loss: 0.09942530976409727
INFO:root:Iter: 16| Accuracy: 1.0 | Loss: 0.04882226638413679
INFO:root:Iter: 17| Accuracy: 1.0 | Loss: 0.07501160599383878
INFO:root:Iter: 18| Accuracy: 1.0 | Loss: 0.04772496221764211
INFO:root:Iter: 19| Accuracy: 1.0 | Loss: 0.0907963664994266
INFO:root:Iter: 20| Accuracy: 1.0 | Loss: 0.05277213713229769
INFO:root:epoch 44 : Training Accuracy 0.845 , Loss 0.1487384966941154, Time 2.250991177558899 minutes, Validation Accuracy 0.93, Minimal Info Left 0.9812597124586864
INFO:root:start epoch 45
INFO:root:Iter: 1| Accuracy: 1.0 | Loss: 0.07029510470495719
INFO:root:Iter: 2| Accuracy: 0.8 | Loss: 0.09285272037255624
INFO:root:Iter: 3| Accuracy: 1.0 | Loss: 0.04222806070293053
INFO:root:Iter: 4| Accuracy: 1.0 | Loss: 0.06855243882792612
INFO:root:Iter: 5| Accuracy: 0.6 | Loss: 0.24400820577125937
INFO:root:Iter: 6| Accuracy: 1.0 | Loss: 0.07431997946170091
INFO:root:Iter: 7| Accuracy: 1.0 | Loss: 0.060153550263556135
INFO:root:Iter: 8| Accuracy: 1.0 | Loss: 0.09519750016310097
INFO:root:Iter: 9| Accuracy: 1.0 | Loss: 0.08625229195517534
INFO:root:Iter: 10| Accuracy: 0.0 | Loss: 0.590871008367124
INFO:root:Iter: 11| Accuracy: 1.0 | Loss: 0.10443288669637081
INFO:root:Iter: 12| Accuracy: 1.0 | Loss: 0.04328925549797259
INFO:root:Iter: 13| Accuracy: 0.9 | Loss: 0.08383940117287617
INFO:root:Iter: 14| Accuracy: 0.0 | Loss: 0.6650236080693631
INFO:root:Iter: 15| Accuracy: 1.0 | Loss: 0.07725908114117645
INFO:root:Iter: 16| Accuracy: 1.0 | Loss: 0.04237946978067164
INFO:root:Iter: 17| Accuracy: 1.0 | Loss: 0.08634278534139778
INFO:root:Iter: 18| Accuracy: 0.9 | Loss: 0.10443090130299493
INFO:root:Iter: 19| Accuracy: 0.9 | Loss: 0.08384294614064772
INFO:root:Iter: 20| Accuracy: 1.0 | Loss: 0.060551802999648775
INFO:root:epoch 45 : Training Accuracy 0.855 , Loss 0.13909804616566654, Time 2.3122599005699156 minutes, Validation Accuracy 0.99, Minimal Info Left 0.9832298120653171
INFO:root:start epoch 46
INFO:root:Iter: 1| Accuracy: 1.0 | Loss: 0.055547805545095655
INFO:root:Iter: 2| Accuracy: 1.0 | Loss: 0.06753384146121083
INFO:root:Iter: 3| Accuracy: 0.1 | Loss: 0.5402626394335012
INFO:root:Iter: 4| Accuracy: 0.9 | Loss: 0.1316841028600976
INFO:root:Iter: 5| Accuracy: 1.0 | Loss: 0.05296620851657653
INFO:root:Iter: 6| Accuracy: 0.9 | Loss: 0.09259254227632371
INFO:root:Iter: 7| Accuracy: 0.9 | Loss: 0.07073756580703824
INFO:root:Iter: 8| Accuracy: 1.0 | Loss: 0.06443536663271346
INFO:root:Iter: 9| Accuracy: 1.0 | Loss: 0.06766958670208931
INFO:root:Iter: 10| Accuracy: 1.0 | Loss: 0.07911085237404189
INFO:root:Iter: 11| Accuracy: 0.9 | Loss: 0.08646843259335671
INFO:root:Iter: 12| Accuracy: 0.0 | Loss: 0.5993294489217289
INFO:root:Iter: 13| Accuracy: 0.3 | Loss: 0.4639060522897053
INFO:root:Iter: 14| Accuracy: 1.0 | Loss: 0.06869396186882412
INFO:root:Iter: 15| Accuracy: 0.1 | Loss: 0.5876961548248657
INFO:root:Iter: 16| Accuracy: 1.0 | Loss: 0.07250430061559102
INFO:root:Iter: 17| Accuracy: 1.0 | Loss: 0.09784537487211618
INFO:root:Iter: 18| Accuracy: 1.0 | Loss: 0.05410747494257132
INFO:root:Iter: 19| Accuracy: 0.9 | Loss: 0.09173987050580924
INFO:root:Iter: 20| Accuracy: 0.0 | Loss: 0.5706859475483014
INFO:root:epoch 46 : Training Accuracy 0.75 , Loss 0.19641283634125403, Time 2.322944657007853 minutes, Validation Accuracy 0.99, Minimal Info Left 0.9858898509617203
INFO:root:start epoch 47
INFO:root:Iter: 1| Accuracy: 0.8 | Loss: 0.10449001605055783
INFO:root:Iter: 2| Accuracy: 0.8 | Loss: 0.12331673867632109
INFO:root:Iter: 3| Accuracy: 0.9 | Loss: 0.0740135478264645
INFO:root:Iter: 4| Accuracy: 0.9 | Loss: 0.12525169629476562
INFO:root:Iter: 5| Accuracy: 1.0 | Loss: 0.06929375393584153
INFO:root:Iter: 6| Accuracy: 1.0 | Loss: 0.07169541314980778
INFO:root:Iter: 7| Accuracy: 0.7 | Loss: 0.17448371601409346
INFO:root:Iter: 8| Accuracy: 0.9 | Loss: 0.08124598714004864
INFO:root:Iter: 9| Accuracy: 0.2 | Loss: 0.6023064395949256
INFO:root:Iter: 10| Accuracy: 0.7 | Loss: 0.24671282315845441
INFO:root:Iter: 11| Accuracy: 0.4 | Loss: 0.4065365912199085
INFO:root:Iter: 12| Accuracy: 0.1 | Loss: 0.6057214085415553
INFO:root:Iter: 13| Accuracy: 0.2 | Loss: 0.638612774804028
INFO:root:Iter: 14| Accuracy: 0.4 | Loss: 0.5534913973959033
INFO:root:Iter: 15| Accuracy: 0.9 | Loss: 0.11210374227733247
INFO:root:Iter: 16| Accuracy: 1.0 | Loss: 0.0780162133039839
INFO:root:Iter: 17| Accuracy: 1.0 | Loss: 0.08833895994656052
INFO:root:Iter: 18| Accuracy: 0.0 | Loss: 0.5624733548492151
INFO:root:Iter: 19| Accuracy: 1.0 | Loss: 0.08567350957611901
INFO:root:Iter: 20| Accuracy: 0.9 | Loss: 0.07067929107599909
INFO:root:epoch 47 : Training Accuracy 0.69 , Loss 0.25864296506826956, Time 2.2709503690401713 minutes, Validation Accuracy 0.88, Minimal Info Left 0.9804994925942623
INFO:root:start epoch 48
INFO:root:Iter: 1| Accuracy: 0.9 | Loss: 0.08781923021423588
INFO:root:Iter: 2| Accuracy: 0.9 | Loss: 0.12201229592430977
INFO:root:Iter: 3| Accuracy: 1.0 | Loss: 0.0930620440955843
INFO:root:Iter: 4| Accuracy: 1.0 | Loss: 0.04579032668137248
INFO:root:Iter: 5| Accuracy: 0.8 | Loss: 0.14450299859913557
INFO:root:Iter: 6| Accuracy: 0.9 | Loss: 0.11141871285001133
INFO:root:Iter: 7| Accuracy: 0.9 | Loss: 0.15738811976029887
INFO:root:Iter: 8| Accuracy: 0.1 | Loss: 0.5387514919362757
INFO:root:Iter: 9| Accuracy: 1.0 | Loss: 0.05961638119725589
INFO:root:Iter: 10| Accuracy: 0.8 | Loss: 0.11828146678296521
INFO:root:Iter: 11| Accuracy: 0.8 | Loss: 0.12425110994869822
INFO:root:Iter: 12| Accuracy: 1.0 | Loss: 0.04464517130693367
INFO:root:Iter: 13| Accuracy: 1.0 | Loss: 0.07053162868529726
INFO:root:Iter: 14| Accuracy: 0.9 | Loss: 0.10904580170069607
INFO:root:Iter: 15| Accuracy: 0.0 | Loss: 0.5645433609160466
INFO:root:Iter: 16| Accuracy: 0.5 | Loss: 0.2579931142940366
INFO:root:Iter: 17| Accuracy: 1.0 | Loss: 0.0886879314263006
INFO:root:Iter: 18| Accuracy: 0.1 | Loss: 0.532445419897508
INFO:root:Iter: 19| Accuracy: 0.9 | Loss: 0.08881013440876843
INFO:root:Iter: 20| Accuracy: 0.0 | Loss: 0.6311509868707127
INFO:root:epoch 48 : Training Accuracy 0.725 , Loss 0.19992526375288133, Time 2.1842488924662273 minutes, Validation Accuracy 0.97, Minimal Info Left 0.973084181653266
INFO:root:start epoch 49
INFO:root:Iter: 1| Accuracy: 0.8 | Loss: 0.10594690601844337
INFO:root:Iter: 2| Accuracy: 0.9 | Loss: 0.07451373678842428
INFO:root:Iter: 3| Accuracy: 0.9 | Loss: 0.08530923029359816
INFO:root:Iter: 4| Accuracy: 1.0 | Loss: 0.05604903233817504
INFO:root:Iter: 5| Accuracy: 0.2 | Loss: 0.5066887280985628
INFO:root:Iter: 6| Accuracy: 0.2 | Loss: 0.4861276896570511
INFO:root:Iter: 7| Accuracy: 0.3 | Loss: 0.34607094390695814
INFO:root:Iter: 8| Accuracy: 1.0 | Loss: 0.0773923037446973
INFO:root:Iter: 9| Accuracy: 0.9 | Loss: 0.11643543716243612
INFO:root:Iter: 10| Accuracy: 1.0 | Loss: 0.05957951488085045
INFO:root:Iter: 11| Accuracy: 1.0 | Loss: 0.07351858659387964
INFO:root:Iter: 12| Accuracy: 0.0 | Loss: 0.5302411636211773
INFO:root:Iter: 13| Accuracy: 1.0 | Loss: 0.08004720822980468
INFO:root:Iter: 14| Accuracy: 1.0 | Loss: 0.07323260628971105
INFO:root:Iter: 15| Accuracy: 1.0 | Loss: 0.06340184054817417
INFO:root:Iter: 16| Accuracy: 0.2 | Loss: 0.49029226118414887
INFO:root:Iter: 17| Accuracy: 0.9 | Loss: 0.08537769866089989
INFO:root:Iter: 18| Accuracy: 1.0 | Loss: 0.07517114727778854
INFO:root:Iter: 19| Accuracy: 1.0 | Loss: 0.0895706355561465
INFO:root:Iter: 20| Accuracy: 0.8 | Loss: 0.16468025592154298
INFO:root:epoch 49 : Training Accuracy 0.755 , Loss 0.17840991622841101, Time 2.224956973393758 minutes, Validation Accuracy 0.99, Minimal Info Left 0.9731758029187105
INFO:root:start epoch 50
INFO:root:Iter: 1| Accuracy: 1.0 | Loss: 0.09187371613744791
INFO:root:Iter: 2| Accuracy: 1.0 | Loss: 0.0693300338325987
INFO:root:Iter: 3| Accuracy: 1.0 | Loss: 0.0503187429821346
INFO:root:Iter: 4| Accuracy: 0.9 | Loss: 0.08931501312680305
INFO:root:Iter: 5| Accuracy: 1.0 | Loss: 0.04850162802382913
INFO:root:Iter: 6| Accuracy: 0.1 | Loss: 0.5469996128701557
INFO:root:Iter: 7| Accuracy: 0.0 | Loss: 0.5672890461010662
INFO:root:Iter: 8| Accuracy: 0.6 | Loss: 0.22203286238140682
INFO:root:Iter: 9| Accuracy: 0.3 | Loss: 0.5320877221891417
INFO:root:Iter: 10| Accuracy: 0.2 | Loss: 0.5159828251349506
INFO:root:Iter: 11| Accuracy: 0.9 | Loss: 0.10428259784204272
INFO:root:Iter: 12| Accuracy: 1.0 | Loss: 0.10718080800688959
INFO:root:Iter: 13| Accuracy: 1.0 | Loss: 0.10469380402441324
INFO:root:Iter: 14| Accuracy: 1.0 | Loss: 0.08391114188297136
INFO:root:Iter: 15| Accuracy: 0.9 | Loss: 0.09676498337417778
INFO:root:Iter: 16| Accuracy: 1.0 | Loss: 0.06050021148816106
INFO:root:Iter: 17| Accuracy: 0.9 | Loss: 0.15664396715200302
INFO:root:Iter: 18| Accuracy: 0.9 | Loss: 0.11854227761708787
INFO:root:Iter: 19| Accuracy: 1.0 | Loss: 0.059527212676390696
INFO:root:Iter: 20| Accuracy: 1.0 | Loss: 0.06550129716695888
INFO:root:epoch 50 : Training Accuracy 0.785 , Loss 0.18333107641668156, Time 2.3331280946731567 minutes, Validation Accuracy 0.965, Minimal Info Left 0.9808487253541716
