INFO:root:embedding methods angle, sample number 50, batch size 5, learning rate 0.1, epoch number 50, layer number 2, pca parameter 5, numpy random seed 0, qubits number 5
INFO:root:start epoch 1
INFO:root:Iter: 1| Accuracy: 0.4 | Loss: 0.36696585759999995
INFO:root:Iter: 2| Accuracy: 0.6 | Loss: 0.30777045103104
INFO:root:Iter: 3| Accuracy: 0.8 | Loss: 0.19928042536333726
INFO:root:Iter: 4| Accuracy: 0.2 | Loss: 0.27774782738296083
INFO:root:Iter: 5| Accuracy: 0.0 | Loss: 0.34167962553387743
INFO:root:Iter: 6| Accuracy: 0.8 | Loss: 0.16955814707156996
INFO:root:Iter: 7| Accuracy: 0.6 | Loss: 0.23847131486135376
INFO:root:Iter: 8| Accuracy: 0.0 | Loss: 0.3223987089590775
INFO:root:Iter: 9| Accuracy: 0.6 | Loss: 0.24642127076154657
INFO:root:Iter: 10| Accuracy: 1.0 | Loss: 0.18632015784383327
INFO:root:Iter: 11| Accuracy: 0.2 | Loss: 0.30934902469761233
INFO:root:Iter: 12| Accuracy: 0.8 | Loss: 0.22797093580000224
INFO:root:Iter: 13| Accuracy: 0.4 | Loss: 0.3040836739882674
INFO:root:Iter: 14| Accuracy: 0.8 | Loss: 0.2830313999183898
INFO:root:Iter: 15| Accuracy: 0.4 | Loss: 0.2824847394437393
INFO:root:Iter: 16| Accuracy: 0.6 | Loss: 0.19047755010536896
INFO:root:Iter: 17| Accuracy: 0.4 | Loss: 0.32031601561486545
INFO:root:Iter: 18| Accuracy: 0.8 | Loss: 0.2223342184043112
INFO:root:Iter: 19| Accuracy: 0.0 | Loss: 0.38147802297249434
INFO:root:Iter: 20| Accuracy: 0.6 | Loss: 0.22976956853388247
INFO:root:epoch 1 : Training Accuracy 0.5 , Loss 0.27590313529154015, Time 0.42333977222442626 minutes, Validation Accuracy 0.55, Minimal Info Left 0.9999999999999998
INFO:root:start epoch 2
INFO:root:Iter: 1| Accuracy: 0.2 | Loss: 0.28895505772327135
INFO:root:Iter: 2| Accuracy: 1.0 | Loss: 0.16161955949773393
INFO:root:Iter: 3| Accuracy: 0.8 | Loss: 0.2035306549032736
INFO:root:Iter: 4| Accuracy: 0.4 | Loss: 0.24628584469021914
INFO:root:Iter: 5| Accuracy: 0.8 | Loss: 0.20341430591087678
INFO:root:Iter: 6| Accuracy: 1.0 | Loss: 0.22404048413221167
INFO:root:Iter: 7| Accuracy: 0.6 | Loss: 0.2648214341712873
INFO:root:Iter: 8| Accuracy: 0.8 | Loss: 0.2381134645715985
INFO:root:Iter: 9| Accuracy: 0.8 | Loss: 0.2006791679474679
INFO:root:Iter: 10| Accuracy: 0.2 | Loss: 0.3535361096135304
INFO:root:Iter: 11| Accuracy: 0.4 | Loss: 0.30376217353343105
INFO:root:Iter: 12| Accuracy: 1.0 | Loss: 0.1902999077221777
INFO:root:Iter: 13| Accuracy: 0.4 | Loss: 0.28329203856517654
INFO:root:Iter: 14| Accuracy: 0.2 | Loss: 0.2902122336090695
INFO:root:Iter: 15| Accuracy: 0.2 | Loss: 0.27103794240813
INFO:root:Iter: 16| Accuracy: 0.4 | Loss: 0.24426183705715113
INFO:root:Iter: 17| Accuracy: 0.8 | Loss: 0.18256552955461963
INFO:root:Iter: 18| Accuracy: 0.0 | Loss: 0.3213588008127226
INFO:root:Iter: 19| Accuracy: 0.6 | Loss: 0.3128042550198521
INFO:root:Iter: 20| Accuracy: 0.8 | Loss: 0.19138702640628208
INFO:root:epoch 2 : Training Accuracy 0.57 , Loss 0.24499922157825652, Time 0.4276981989542643 minutes, Validation Accuracy 0.78, Minimal Info Left 0.9999999999999998
INFO:root:start epoch 3
INFO:root:Iter: 1| Accuracy: 1.0 | Loss: 0.17710690471384918
INFO:root:Iter: 2| Accuracy: 0.4 | Loss: 0.26856488250303867
INFO:root:Iter: 3| Accuracy: 0.8 | Loss: 0.17981228482849634
INFO:root:Iter: 4| Accuracy: 0.6 | Loss: 0.24068918139814013
INFO:root:Iter: 5| Accuracy: 0.8 | Loss: 0.23054701683745904
INFO:root:Iter: 6| Accuracy: 0.8 | Loss: 0.2082598745506945
INFO:root:Iter: 7| Accuracy: 0.0 | Loss: 0.31425991662206265
INFO:root:Iter: 8| Accuracy: 0.4 | Loss: 0.24081409668840617
INFO:root:Iter: 9| Accuracy: 0.4 | Loss: 0.2311506779836127
INFO:root:Iter: 10| Accuracy: 0.2 | Loss: 0.3039474558793817
INFO:root:Iter: 11| Accuracy: 1.0 | Loss: 0.16864477986886206
INFO:root:Iter: 12| Accuracy: 0.4 | Loss: 0.37207576963852923
INFO:root:Iter: 13| Accuracy: 0.8 | Loss: 0.15339934533551064
INFO:root:Iter: 14| Accuracy: 0.4 | Loss: 0.25912061088203525
INFO:root:Iter: 15| Accuracy: 0.2 | Loss: 0.34113191186633324
INFO:root:Iter: 16| Accuracy: 0.8 | Loss: 0.20109152748049425
INFO:root:Iter: 17| Accuracy: 0.8 | Loss: 0.2321324328182787
INFO:root:Iter: 18| Accuracy: 0.8 | Loss: 0.19825778719800716
INFO:root:Iter: 19| Accuracy: 0.2 | Loss: 0.3586772526182179
INFO:root:Iter: 20| Accuracy: 0.6 | Loss: 0.24195794245667995
INFO:root:epoch 3 : Training Accuracy 0.57 , Loss 0.25745369920485023, Time 0.42441298564275104 minutes, Validation Accuracy 0.54, Minimal Info Left 0.9999999999999998
INFO:root:start epoch 4
INFO:root:Iter: 1| Accuracy: 0.2 | Loss: 0.3577493008397696
INFO:root:Iter: 2| Accuracy: 0.8 | Loss: 0.1725033532270194
INFO:root:Iter: 3| Accuracy: 0.8 | Loss: 0.20430671044552895
INFO:root:Iter: 4| Accuracy: 0.6 | Loss: 0.2359881769531218
INFO:root:Iter: 5| Accuracy: 0.6 | Loss: 0.20171607324065272
INFO:root:Iter: 6| Accuracy: 0.8 | Loss: 0.2163019898665782
INFO:root:Iter: 7| Accuracy: 1.0 | Loss: 0.20716079265368573
INFO:root:Iter: 8| Accuracy: 0.6 | Loss: 0.20529975060908182
INFO:root:Iter: 9| Accuracy: 0.2 | Loss: 0.2873074675582457
INFO:root:Iter: 10| Accuracy: 0.6 | Loss: 0.21759773561005713
INFO:root:Iter: 11| Accuracy: 1.0 | Loss: 0.15611195165299593
INFO:root:Iter: 12| Accuracy: 0.4 | Loss: 0.2909591928017867
INFO:root:Iter: 13| Accuracy: 0.4 | Loss: 0.25457995485828283
INFO:root:Iter: 14| Accuracy: 0.4 | Loss: 0.25887993244488394
INFO:root:Iter: 15| Accuracy: 0.8 | Loss: 0.16618552618486201
INFO:root:Iter: 16| Accuracy: 0.8 | Loss: 0.26557677515169703
INFO:root:Iter: 17| Accuracy: 1.0 | Loss: 0.17245674768792857
INFO:root:Iter: 18| Accuracy: 0.4 | Loss: 0.25999384870328035
INFO:root:Iter: 19| Accuracy: 0.6 | Loss: 0.25513318669361135
INFO:root:Iter: 20| Accuracy: 0.8 | Loss: 0.1570880301550916
INFO:root:epoch 4 : Training Accuracy 0.64 , Loss 0.23389053424011158, Time 0.4271333972613017 minutes, Validation Accuracy 0.85, Minimal Info Left 0.9999999999999999
INFO:root:start epoch 5
INFO:root:Iter: 1| Accuracy: 0.2 | Loss: 0.2950140089995368
INFO:root:Iter: 2| Accuracy: 0.6 | Loss: 0.21116629783768723
INFO:root:Iter: 3| Accuracy: 0.2 | Loss: 0.27620731469952714
INFO:root:Iter: 4| Accuracy: 0.6 | Loss: 0.24821399876279862
INFO:root:Iter: 5| Accuracy: 0.8 | Loss: 0.23304965356852875
INFO:root:Iter: 6| Accuracy: 1.0 | Loss: 0.22785525308899857
INFO:root:Iter: 7| Accuracy: 0.4 | Loss: 0.3048543715476969
INFO:root:Iter: 8| Accuracy: 0.0 | Loss: 0.34509377323910617
INFO:root:Iter: 9| Accuracy: 0.2 | Loss: 0.31441853928990776
INFO:root:Iter: 10| Accuracy: 0.4 | Loss: 0.27471862618532344
INFO:root:Iter: 11| Accuracy: 0.8 | Loss: 0.18675223310111483
INFO:root:Iter: 12| Accuracy: 0.4 | Loss: 0.3031456382106718
INFO:root:Iter: 13| Accuracy: 0.4 | Loss: 0.30451088759473754
INFO:root:Iter: 14| Accuracy: 1.0 | Loss: 0.18585408158506136
INFO:root:Iter: 15| Accuracy: 0.6 | Loss: 0.24066399920663578
INFO:root:Iter: 16| Accuracy: 1.0 | Loss: 0.20176058959051443
INFO:root:Iter: 17| Accuracy: 0.6 | Loss: 0.2603729482218321
INFO:root:Iter: 18| Accuracy: 1.0 | Loss: 0.18639219339955362
INFO:root:Iter: 19| Accuracy: 0.8 | Loss: 0.19416276491812431
INFO:root:Iter: 20| Accuracy: 1.0 | Loss: 0.14587327580441511
INFO:root:epoch 5 : Training Accuracy 0.6 , Loss 0.2591392240523182, Time 0.445817240079244 minutes, Validation Accuracy 0.66, Minimal Info Left 0.9999999999999999
INFO:root:start epoch 6
INFO:root:Iter: 1| Accuracy: 0.6 | Loss: 0.2104383792113264
INFO:root:Iter: 2| Accuracy: 0.6 | Loss: 0.22116261920010105
INFO:root:Iter: 3| Accuracy: 0.8 | Loss: 0.2579000537059103
INFO:root:Iter: 4| Accuracy: 0.6 | Loss: 0.2097511207212021
INFO:root:Iter: 5| Accuracy: 0.6 | Loss: 0.23261286953937604
INFO:root:Iter: 6| Accuracy: 0.4 | Loss: 0.22861833522863373
INFO:root:Iter: 7| Accuracy: 0.6 | Loss: 0.20570845856412173
INFO:root:Iter: 8| Accuracy: 0.4 | Loss: 0.2756221860164131
INFO:root:Iter: 9| Accuracy: 0.0 | Loss: 0.35462266511875773
INFO:root:Iter: 10| Accuracy: 1.0 | Loss: 0.1907854754159222
INFO:root:Iter: 11| Accuracy: 0.8 | Loss: 0.2139098906002848
INFO:root:Iter: 12| Accuracy: 0.6 | Loss: 0.22438054741600552
INFO:root:Iter: 13| Accuracy: 0.6 | Loss: 0.22761871468678557
INFO:root:Iter: 14| Accuracy: 0.0 | Loss: 0.3467544224071144
INFO:root:Iter: 15| Accuracy: 0.8 | Loss: 0.2105945802479358
INFO:root:Iter: 16| Accuracy: 0.6 | Loss: 0.28531409916530304
INFO:root:Iter: 17| Accuracy: 0.6 | Loss: 0.2548526710008249
INFO:root:Iter: 18| Accuracy: 0.8 | Loss: 0.18664898993069423
INFO:root:Iter: 19| Accuracy: 0.6 | Loss: 0.1862093010477949
INFO:root:Iter: 20| Accuracy: 0.4 | Loss: 0.32430030711920466
INFO:root:epoch 6 : Training Accuracy 0.57 , Loss 0.27422789049835766, Time 0.500134805838267 minutes, Validation Accuracy 0.5, Minimal Info Left 0.9999999999999999
INFO:root:start epoch 7
INFO:root:Iter: 1| Accuracy: 0.4 | Loss: 0.2596806792834541
INFO:root:Iter: 2| Accuracy: 1.0 | Loss: 0.19972306837141102
INFO:root:Iter: 3| Accuracy: 0.2 | Loss: 0.3464269139784891
INFO:root:Iter: 4| Accuracy: 0.8 | Loss: 0.24483302152498876
INFO:root:Iter: 5| Accuracy: 0.4 | Loss: 0.3555931419544015
INFO:root:Iter: 6| Accuracy: 0.8 | Loss: 0.15773561029485442
INFO:root:Iter: 7| Accuracy: 0.8 | Loss: 0.19654492843916765
INFO:root:Iter: 8| Accuracy: 0.0 | Loss: 0.33288321982839963
INFO:root:Iter: 9| Accuracy: 1.0 | Loss: 0.12968116578301092
INFO:root:Iter: 10| Accuracy: 0.6 | Loss: 0.21065761357387833
INFO:root:Iter: 11| Accuracy: 1.0 | Loss: 0.023914479578682573
INFO:root:Iter: 12| Accuracy: 0.2 | Loss: 0.4971062619411753
INFO:root:Iter: 13| Accuracy: 0.2 | Loss: 0.3082571517111615
INFO:root:Iter: 14| Accuracy: 0.6 | Loss: 0.2230755817022522
INFO:root:Iter: 15| Accuracy: 1.0 | Loss: 0.1723135990691863
INFO:root:Iter: 16| Accuracy: 0.4 | Loss: 0.2385414138944947
INFO:root:Iter: 17| Accuracy: 0.6 | Loss: 0.2635487471214725
INFO:root:Iter: 18| Accuracy: 0.8 | Loss: 0.2177180890522848
INFO:root:Iter: 19| Accuracy: 0.6 | Loss: 0.24636679138110215
INFO:root:Iter: 20| Accuracy: 0.4 | Loss: 0.2959101239216083
INFO:root:epoch 7 : Training Accuracy 0.59 , Loss 0.2537573132534517, Time 0.998032561937968 minutes, Validation Accuracy 0.54, Minimal Info Left 0.9999999999999999
INFO:root:start epoch 8
INFO:root:Iter: 1| Accuracy: 1.0 | Loss: 0.2023065909968349
INFO:root:Iter: 2| Accuracy: 0.8 | Loss: 0.17607164900591302
INFO:root:Iter: 3| Accuracy: 0.6 | Loss: 0.2435189969350572
INFO:root:Iter: 4| Accuracy: 0.6 | Loss: 0.19730392449449913
INFO:root:Iter: 5| Accuracy: 0.6 | Loss: 0.22876269767898388
INFO:root:Iter: 6| Accuracy: 0.8 | Loss: 0.2171780926964027
INFO:root:Iter: 7| Accuracy: 0.8 | Loss: 0.16291528567900376
INFO:root:Iter: 8| Accuracy: 0.8 | Loss: 0.19299543153863807
INFO:root:Iter: 9| Accuracy: 0.4 | Loss: 0.2966691288680584
INFO:root:Iter: 10| Accuracy: 1.0 | Loss: 0.15543783963275495
INFO:root:Iter: 11| Accuracy: 0.4 | Loss: 0.2552320596683308
INFO:root:Iter: 12| Accuracy: 0.8 | Loss: 0.19676373901226538
INFO:root:Iter: 13| Accuracy: 0.8 | Loss: 0.131938149757169
INFO:root:Iter: 14| Accuracy: 0.2 | Loss: 0.3009647549720702
INFO:root:Iter: 15| Accuracy: 0.0 | Loss: 0.3562067776023996
INFO:root:Iter: 16| Accuracy: 0.8 | Loss: 0.16038221729753033
INFO:root:Iter: 17| Accuracy: 0.4 | Loss: 0.2463410862774953
INFO:root:Iter: 18| Accuracy: 0.8 | Loss: 0.18074694559789262
INFO:root:Iter: 19| Accuracy: 0.4 | Loss: 0.26165230608094714
INFO:root:Iter: 20| Accuracy: 0.4 | Loss: 0.25248958978507113
INFO:root:epoch 8 : Training Accuracy 0.62 , Loss 0.2172053382114988, Time 0.5965581417083741 minutes, Validation Accuracy 0.86, Minimal Info Left 0.9999999999999999
INFO:root:start epoch 9
INFO:root:Iter: 1| Accuracy: 1.0 | Loss: 0.20459751998985168
INFO:root:Iter: 2| Accuracy: 0.8 | Loss: 0.20772217414300434
INFO:root:Iter: 3| Accuracy: 0.8 | Loss: 0.17863870546154167
INFO:root:Iter: 4| Accuracy: 0.6 | Loss: 0.21338926460444457
INFO:root:Iter: 5| Accuracy: 1.0 | Loss: 0.17539514714999455
INFO:root:Iter: 6| Accuracy: 0.2 | Loss: 0.3202132233832581
INFO:root:Iter: 7| Accuracy: 0.6 | Loss: 0.2416616435438678
INFO:root:Iter: 8| Accuracy: 1.0 | Loss: 0.15262842218255773
INFO:root:Iter: 9| Accuracy: 0.2 | Loss: 0.31434141054700776
INFO:root:Iter: 10| Accuracy: 1.0 | Loss: 0.1806667058981232
INFO:root:Iter: 11| Accuracy: 0.6 | Loss: 0.2629983278505352
INFO:root:Iter: 12| Accuracy: 0.8 | Loss: 0.20745908980387567
INFO:root:Iter: 13| Accuracy: 0.6 | Loss: 0.3209007996561509
INFO:root:Iter: 14| Accuracy: 0.4 | Loss: 0.309172211242958
INFO:root:Iter: 15| Accuracy: 1.0 | Loss: 0.03518663511982095
INFO:root:Iter: 16| Accuracy: 0.0 | Loss: 0.3900301595028145
INFO:root:Iter: 17| Accuracy: 0.8 | Loss: 0.19752475768634706
INFO:root:Iter: 18| Accuracy: 0.8 | Loss: 0.26910406026052536
INFO:root:Iter: 19| Accuracy: 0.8 | Loss: 0.21273021017714125
INFO:root:Iter: 20| Accuracy: 0.6 | Loss: 0.19434193823517967
INFO:root:epoch 9 : Training Accuracy 0.68 , Loss 0.2860433192765434, Time 0.4680855790774027 minutes, Validation Accuracy 0.5, Minimal Info Left 0.9999999999999998
INFO:root:start epoch 10
INFO:root:Iter: 1| Accuracy: 0.2 | Loss: 0.421599717815117
INFO:root:Iter: 2| Accuracy: 0.4 | Loss: 0.3011885444578303
INFO:root:Iter: 3| Accuracy: 0.8 | Loss: 0.2066149815372884
INFO:root:Iter: 4| Accuracy: 0.8 | Loss: 0.1951115349674502
INFO:root:Iter: 5| Accuracy: 0.6 | Loss: 0.3197191972542158
INFO:root:Iter: 6| Accuracy: 0.6 | Loss: 0.20439263720558248
INFO:root:Iter: 7| Accuracy: 0.4 | Loss: 0.25981762425978794
INFO:root:Iter: 8| Accuracy: 0.6 | Loss: 0.24116759270918067
INFO:root:Iter: 9| Accuracy: 0.8 | Loss: 0.19040968839975264
INFO:root:Iter: 10| Accuracy: 0.4 | Loss: 0.32941532540719265
INFO:root:Iter: 11| Accuracy: 0.6 | Loss: 0.2062764639311915
INFO:root:Iter: 12| Accuracy: 0.6 | Loss: 0.25296248513396763
INFO:root:Iter: 13| Accuracy: 0.6 | Loss: 0.2251910224360572
INFO:root:Iter: 14| Accuracy: 0.8 | Loss: 0.23632464929481029
INFO:root:Iter: 15| Accuracy: 0.6 | Loss: 0.24218524867048127
INFO:root:Iter: 16| Accuracy: 0.8 | Loss: 0.18456091166535354
INFO:root:Iter: 17| Accuracy: 0.6 | Loss: 0.1808408669553692
INFO:root:Iter: 18| Accuracy: 0.4 | Loss: 0.2266920433879164
INFO:root:Iter: 19| Accuracy: 0.6 | Loss: 0.19637617253558007
INFO:root:Iter: 20| Accuracy: 0.6 | Loss: 0.21301089397594347
INFO:root:epoch 10 : Training Accuracy 0.59 , Loss 0.23503105422018764, Time 0.4694950501124064 minutes, Validation Accuracy 0.84, Minimal Info Left 0.9999999999999998
INFO:root:start epoch 11
INFO:root:Iter: 1| Accuracy: 0.8 | Loss: 0.22740905014763663
INFO:root:Iter: 2| Accuracy: 0.6 | Loss: 0.1736056458159358
INFO:root:Iter: 3| Accuracy: 0.6 | Loss: 0.29520098972712944
INFO:root:Iter: 4| Accuracy: 0.6 | Loss: 0.19757868915232696
INFO:root:Iter: 5| Accuracy: 0.4 | Loss: 0.3602414232406034
INFO:root:Iter: 6| Accuracy: 0.8 | Loss: 0.2190836515976089
INFO:root:Iter: 7| Accuracy: 0.4 | Loss: 0.25180773824902253
INFO:root:Iter: 8| Accuracy: 0.6 | Loss: 0.2004135176766532
INFO:root:Iter: 9| Accuracy: 0.6 | Loss: 0.2284576425932892
INFO:root:Iter: 10| Accuracy: 0.4 | Loss: 0.3976717998916743
INFO:root:Iter: 11| Accuracy: 0.6 | Loss: 0.2292568355058231
INFO:root:Iter: 12| Accuracy: 0.6 | Loss: 0.20063951409142758
INFO:root:Iter: 13| Accuracy: 0.8 | Loss: 0.20887009887757024
INFO:root:Iter: 14| Accuracy: 0.2 | Loss: 0.4903195825249201
INFO:root:Iter: 15| Accuracy: 0.6 | Loss: 0.24440288474491828
INFO:root:Iter: 16| Accuracy: 0.6 | Loss: 0.21857731256446863
INFO:root:Iter: 17| Accuracy: 1.0 | Loss: 0.18809364421468167
INFO:root:Iter: 18| Accuracy: 0.8 | Loss: 0.25108120528322714
INFO:root:Iter: 19| Accuracy: 0.2 | Loss: 0.40158699021432165
INFO:root:Iter: 20| Accuracy: 0.6 | Loss: 0.22689121905634754
INFO:root:epoch 11 : Training Accuracy 0.59 , Loss 0.2840175704055796, Time 0.45958285331726073 minutes, Validation Accuracy 0.5, Minimal Info Left 0.9999999999999998
INFO:root:start epoch 12
INFO:root:Iter: 1| Accuracy: 0.0 | Loss: 0.32345778542267406
INFO:root:Iter: 2| Accuracy: 0.6 | Loss: 0.2572709826379944
INFO:root:Iter: 3| Accuracy: 0.2 | Loss: 0.2934174094371381
INFO:root:Iter: 4| Accuracy: 1.0 | Loss: 0.1812153761388024
INFO:root:Iter: 5| Accuracy: 0.6 | Loss: 0.22871257265100783
INFO:root:Iter: 6| Accuracy: 1.0 | Loss: 0.16668505434212802
INFO:root:Iter: 7| Accuracy: 0.4 | Loss: 0.2648181355726786
INFO:root:Iter: 8| Accuracy: 0.6 | Loss: 0.2202874277710838
INFO:root:Iter: 9| Accuracy: 0.4 | Loss: 0.2909233957408398
INFO:root:Iter: 10| Accuracy: 0.8 | Loss: 0.17355818744157253
INFO:root:Iter: 11| Accuracy: 0.6 | Loss: 0.19271043439750135
INFO:root:Iter: 12| Accuracy: 0.4 | Loss: 0.41341710751972516
INFO:root:Iter: 13| Accuracy: 0.6 | Loss: 0.23666018888058088
INFO:root:Iter: 14| Accuracy: 0.6 | Loss: 0.22064550748424988
INFO:root:Iter: 15| Accuracy: 0.4 | Loss: 0.2753526515240624
INFO:root:Iter: 16| Accuracy: 0.8 | Loss: 0.20919024836349337
INFO:root:Iter: 17| Accuracy: 0.8 | Loss: 0.19648637699758334
INFO:root:Iter: 18| Accuracy: 0.4 | Loss: 0.23859366768291293
INFO:root:Iter: 19| Accuracy: 0.8 | Loss: 0.16163958349585283
INFO:root:Iter: 20| Accuracy: 0.6 | Loss: 0.22518884745891943
INFO:root:epoch 12 : Training Accuracy 0.58 , Loss 0.25678654350460656, Time 0.45557865699132283 minutes, Validation Accuracy 0.5, Minimal Info Left 0.9999999999999999
INFO:root:start epoch 13
INFO:root:Iter: 1| Accuracy: 0.6 | Loss: 0.27606051397596565
INFO:root:Iter: 2| Accuracy: 1.0 | Loss: 0.0692788252758557
INFO:root:Iter: 3| Accuracy: 0.8 | Loss: 0.12842692818094184
INFO:root:Iter: 4| Accuracy: 0.4 | Loss: 0.2882450972694248
INFO:root:Iter: 5| Accuracy: 0.4 | Loss: 0.23938687996586988
INFO:root:Iter: 6| Accuracy: 0.8 | Loss: 0.1882342233826128
INFO:root:Iter: 7| Accuracy: 0.6 | Loss: 0.19377518339752084
INFO:root:Iter: 8| Accuracy: 0.4 | Loss: 0.3106241695840956
INFO:root:Iter: 9| Accuracy: 0.4 | Loss: 0.2656443163305692
INFO:root:Iter: 10| Accuracy: 0.4 | Loss: 0.2917008154746856
INFO:root:Iter: 11| Accuracy: 0.4 | Loss: 0.24020568719160776
INFO:root:Iter: 12| Accuracy: 0.0 | Loss: 0.32696227634125
INFO:root:Iter: 13| Accuracy: 1.0 | Loss: 0.19267848381566763
INFO:root:Iter: 14| Accuracy: 0.6 | Loss: 0.2717815931431643
INFO:root:Iter: 15| Accuracy: 0.4 | Loss: 0.3038006950214775
INFO:root:Iter: 16| Accuracy: 0.2 | Loss: 0.293823211805906
INFO:root:Iter: 17| Accuracy: 0.6 | Loss: 0.18910848823174348
INFO:root:Iter: 18| Accuracy: 0.6 | Loss: 0.21387531150226136
INFO:root:Iter: 19| Accuracy: 0.8 | Loss: 0.21685357767909755
INFO:root:Iter: 20| Accuracy: 1.0 | Loss: 0.18719175342187672
INFO:root:epoch 13 : Training Accuracy 0.57 , Loss 0.2314494894032511, Time 0.454142697652181 minutes, Validation Accuracy 0.74, Minimal Info Left 0.9999999999999998
INFO:root:start epoch 14
INFO:root:Iter: 1| Accuracy: 1.0 | Loss: 0.11280893713716345
INFO:root:Iter: 2| Accuracy: 0.6 | Loss: 0.264985826517829
INFO:root:Iter: 3| Accuracy: 0.8 | Loss: 0.18184812774025216
INFO:root:Iter: 4| Accuracy: 0.8 | Loss: 0.15588778819367538
INFO:root:Iter: 5| Accuracy: 0.6 | Loss: 0.21819765554899423
INFO:root:Iter: 6| Accuracy: 0.8 | Loss: 0.22567649293021871
INFO:root:Iter: 7| Accuracy: 0.2 | Loss: 0.2694576160469211
INFO:root:Iter: 8| Accuracy: 0.6 | Loss: 0.20147135869274022
INFO:root:Iter: 9| Accuracy: 0.6 | Loss: 0.2971898954541721
INFO:root:Iter: 10| Accuracy: 0.8 | Loss: 0.2176892894329178
INFO:root:Iter: 11| Accuracy: 1.0 | Loss: 0.15930897817249143
INFO:root:Iter: 12| Accuracy: 1.0 | Loss: 0.19328962342062123
INFO:root:Iter: 13| Accuracy: 0.8 | Loss: 0.18344514404721707
INFO:root:Iter: 14| Accuracy: 0.6 | Loss: 0.2072446887187284
INFO:root:Iter: 15| Accuracy: 0.4 | Loss: 0.3709036907402792
INFO:root:Iter: 16| Accuracy: 0.4 | Loss: 0.20456808837859092
INFO:root:Iter: 17| Accuracy: 0.8 | Loss: 0.17672917847919342
INFO:root:Iter: 18| Accuracy: 0.6 | Loss: 0.2505479503290356
INFO:root:Iter: 19| Accuracy: 0.4 | Loss: 0.25676793212018956
INFO:root:Iter: 20| Accuracy: 0.6 | Loss: 0.21604712359292763
INFO:root:epoch 14 : Training Accuracy 0.67 , Loss 0.22566334838183796, Time 0.46525068680445353 minutes, Validation Accuracy 0.87, Minimal Info Left 0.9999999999999998
INFO:root:start epoch 15
INFO:root:Iter: 1| Accuracy: 0.4 | Loss: 0.22958889360795545
INFO:root:Iter: 2| Accuracy: 1.0 | Loss: 0.17439982345470956
INFO:root:Iter: 3| Accuracy: 0.2 | Loss: 0.31265587340481027
INFO:root:Iter: 4| Accuracy: 0.8 | Loss: 0.23925174087126305
INFO:root:Iter: 5| Accuracy: 0.8 | Loss: 0.18041879062166571
INFO:root:Iter: 6| Accuracy: 0.8 | Loss: 0.21291965865757603
INFO:root:Iter: 7| Accuracy: 0.4 | Loss: 0.2857106359281796
INFO:root:Iter: 8| Accuracy: 0.6 | Loss: 0.27642967991010214
INFO:root:Iter: 9| Accuracy: 0.6 | Loss: 0.25972559469622786
INFO:root:Iter: 10| Accuracy: 0.8 | Loss: 0.1991640238144213
INFO:root:Iter: 11| Accuracy: 0.8 | Loss: 0.2091531518382037
INFO:root:Iter: 12| Accuracy: 0.8 | Loss: 0.23070552384966553
INFO:root:Iter: 13| Accuracy: 0.6 | Loss: 0.22183447282973862
INFO:root:Iter: 14| Accuracy: 0.8 | Loss: 0.23286929155698982
INFO:root:Iter: 15| Accuracy: 0.8 | Loss: 0.14491480726604355
INFO:root:Iter: 16| Accuracy: 0.4 | Loss: 0.2328085985408604
INFO:root:Iter: 17| Accuracy: 0.4 | Loss: 0.34798935114040824
INFO:root:Iter: 18| Accuracy: 0.8 | Loss: 0.21034421422901364
INFO:root:Iter: 19| Accuracy: 0.8 | Loss: 0.19424533882827774
INFO:root:Iter: 20| Accuracy: 0.6 | Loss: 0.26756892060214893
INFO:root:epoch 15 : Training Accuracy 0.66 , Loss 0.24380738873841298, Time 0.46545693079630535 minutes, Validation Accuracy 0.78, Minimal Info Left 0.9999999999999999
INFO:root:start epoch 16
INFO:root:Iter: 1| Accuracy: 0.6 | Loss: 0.2561376221441667
INFO:root:Iter: 2| Accuracy: 0.8 | Loss: 0.2522986303078076
INFO:root:Iter: 3| Accuracy: 0.4 | Loss: 0.26886813903656026
INFO:root:Iter: 4| Accuracy: 0.8 | Loss: 0.19487439472191284
INFO:root:Iter: 5| Accuracy: 0.4 | Loss: 0.2937520217659412
INFO:root:Iter: 6| Accuracy: 0.6 | Loss: 0.22320277710370257
INFO:root:Iter: 7| Accuracy: 0.4 | Loss: 0.27068213368894745
INFO:root:Iter: 8| Accuracy: 0.8 | Loss: 0.22547870697186606
INFO:root:Iter: 9| Accuracy: 0.8 | Loss: 0.25899228730261514
INFO:root:Iter: 10| Accuracy: 0.6 | Loss: 0.17557217258464758
INFO:root:Iter: 11| Accuracy: 0.6 | Loss: 0.19914492129528788
INFO:root:Iter: 12| Accuracy: 0.8 | Loss: 0.19265044292741929
INFO:root:Iter: 13| Accuracy: 0.8 | Loss: 0.2087861830276759
INFO:root:Iter: 14| Accuracy: 0.8 | Loss: 0.17896305074276858
INFO:root:Iter: 15| Accuracy: 0.6 | Loss: 0.29186120938895316
INFO:root:Iter: 16| Accuracy: 0.8 | Loss: 0.21696428530068473
INFO:root:Iter: 17| Accuracy: 1.0 | Loss: 0.15472279904654632
INFO:root:Iter: 18| Accuracy: 0.6 | Loss: 0.24939406543884898
INFO:root:Iter: 19| Accuracy: 0.6 | Loss: 0.22749197779795627
INFO:root:Iter: 20| Accuracy: 0.6 | Loss: 0.1882200246733359
INFO:root:epoch 16 : Training Accuracy 0.67 , Loss 0.268165044092669, Time 0.46714405218760174 minutes, Validation Accuracy 0.5, Minimal Info Left 0.9999999999999999
INFO:root:start epoch 17
INFO:root:Iter: 1| Accuracy: 0.8 | Loss: 0.1381665234582913
INFO:root:Iter: 2| Accuracy: 1.0 | Loss: 0.05764339421715888
INFO:root:Iter: 3| Accuracy: 0.6 | Loss: 0.2826266282024899
INFO:root:Iter: 4| Accuracy: 0.6 | Loss: 0.23821605993146905
INFO:root:Iter: 5| Accuracy: 0.0 | Loss: 0.3244616729212755
INFO:root:Iter: 6| Accuracy: 0.8 | Loss: 0.20369940819986318
INFO:root:Iter: 7| Accuracy: 0.8 | Loss: 0.20589741196796307
INFO:root:Iter: 8| Accuracy: 1.0 | Loss: 0.012872881692406347
INFO:root:Iter: 9| Accuracy: 0.4 | Loss: 0.4429632570050452
INFO:root:Iter: 10| Accuracy: 0.2 | Loss: 0.5070690570186211
INFO:root:Iter: 11| Accuracy: 0.8 | Loss: 0.2012441489352502
INFO:root:Iter: 12| Accuracy: 0.4 | Loss: 0.3504997208320582
INFO:root:Iter: 13| Accuracy: 0.8 | Loss: 0.22519781508849213
INFO:root:Iter: 14| Accuracy: 0.2 | Loss: 0.3171662192163646
INFO:root:Iter: 15| Accuracy: 0.8 | Loss: 0.22350654819630447
INFO:root:Iter: 16| Accuracy: 1.0 | Loss: 0.18296858122421364
INFO:root:Iter: 17| Accuracy: 1.0 | Loss: 0.14936720020156846
INFO:root:Iter: 18| Accuracy: 0.6 | Loss: 0.20386273554623252
INFO:root:Iter: 19| Accuracy: 0.2 | Loss: 0.3336448652184019
INFO:root:Iter: 20| Accuracy: 0.8 | Loss: 0.25034352487190026
INFO:root:epoch 17 : Training Accuracy 0.64 , Loss 0.26069993792853136, Time 0.4713594357172648 minutes, Validation Accuracy 0.52, Minimal Info Left 0.9999999999999998
INFO:root:start epoch 18
INFO:root:Iter: 1| Accuracy: 0.8 | Loss: 0.1679750107531235
INFO:root:Iter: 2| Accuracy: 0.2 | Loss: 0.29861104223292995
INFO:root:Iter: 3| Accuracy: 1.0 | Loss: 0.12420643230143491
INFO:root:Iter: 4| Accuracy: 0.6 | Loss: 0.2157998566026272
INFO:root:Iter: 5| Accuracy: 0.6 | Loss: 0.20346840619641102
INFO:root:Iter: 6| Accuracy: 0.8 | Loss: 0.22878230234796254
INFO:root:Iter: 7| Accuracy: 0.2 | Loss: 0.3292345427415967
INFO:root:Iter: 8| Accuracy: 0.8 | Loss: 0.15775479784968044
INFO:root:Iter: 9| Accuracy: 0.8 | Loss: 0.171293545176262
INFO:root:Iter: 10| Accuracy: 0.2 | Loss: 0.24566117877763732
INFO:root:Iter: 11| Accuracy: 0.6 | Loss: 0.24716619827167113
INFO:root:Iter: 12| Accuracy: 0.8 | Loss: 0.20167016480655361
INFO:root:Iter: 13| Accuracy: 0.2 | Loss: 0.360432742275185
INFO:root:Iter: 14| Accuracy: 0.8 | Loss: 0.208368307790936
INFO:root:Iter: 15| Accuracy: 0.6 | Loss: 0.281464609287242
INFO:root:Iter: 16| Accuracy: 0.6 | Loss: 0.22513377297349546
INFO:root:Iter: 17| Accuracy: 0.6 | Loss: 0.2970288450063754
INFO:root:Iter: 18| Accuracy: 0.4 | Loss: 0.2779109135156128
INFO:root:Iter: 19| Accuracy: 0.8 | Loss: 0.20731432308871037
INFO:root:Iter: 20| Accuracy: 0.2 | Loss: 0.32425123220926555
INFO:root:epoch 18 : Training Accuracy 0.58 , Loss 0.24449271210004608, Time 0.47037134567896527 minutes, Validation Accuracy 0.77, Minimal Info Left 0.9999999999999999
INFO:root:start epoch 19
INFO:root:Iter: 1| Accuracy: 1.0 | Loss: 0.1957554008476999
INFO:root:Iter: 2| Accuracy: 0.4 | Loss: 0.2740021515656212
INFO:root:Iter: 3| Accuracy: 0.4 | Loss: 0.31116303515271976
INFO:root:Iter: 4| Accuracy: 0.4 | Loss: 0.28388420553905697
INFO:root:Iter: 5| Accuracy: 0.6 | Loss: 0.20906350360376255
INFO:root:Iter: 6| Accuracy: 0.4 | Loss: 0.23091352036238252
INFO:root:Iter: 7| Accuracy: 0.6 | Loss: 0.2301457299328943
INFO:root:Iter: 8| Accuracy: 0.8 | Loss: 0.16097115569787168
INFO:root:Iter: 9| Accuracy: 0.2 | Loss: 0.3366789762852326
INFO:root:Iter: 10| Accuracy: 0.2 | Loss: 0.33080193332450125
INFO:root:Iter: 11| Accuracy: 0.8 | Loss: 0.16331238501144968
INFO:root:Iter: 12| Accuracy: 0.4 | Loss: 0.22224895736846814
INFO:root:Iter: 13| Accuracy: 0.8 | Loss: 0.1884481052397141
INFO:root:Iter: 14| Accuracy: 0.6 | Loss: 0.21469462791914856
INFO:root:Iter: 15| Accuracy: 0.4 | Loss: 0.32108852307171365
INFO:root:Iter: 16| Accuracy: 0.4 | Loss: 0.30517811250848553
INFO:root:Iter: 17| Accuracy: 0.8 | Loss: 0.23561750351257746
INFO:root:Iter: 18| Accuracy: 0.8 | Loss: 0.25091414094041786
INFO:root:Iter: 19| Accuracy: 0.6 | Loss: 0.2939530657513828
INFO:root:Iter: 20| Accuracy: 0.6 | Loss: 0.23338303423941092
INFO:root:epoch 19 : Training Accuracy 0.56 , Loss 0.28912248278673025, Time 0.4749249299367269 minutes, Validation Accuracy 0.5, Minimal Info Left 0.9999999999999998
INFO:root:start epoch 20
INFO:root:Iter: 1| Accuracy: 0.4 | Loss: 0.29351587721235894
INFO:root:Iter: 2| Accuracy: 0.8 | Loss: 0.20060930959427292
INFO:root:Iter: 3| Accuracy: 0.8 | Loss: 0.2055331620000344
INFO:root:Iter: 4| Accuracy: 0.6 | Loss: 0.19793469386517337
INFO:root:Iter: 5| Accuracy: 0.6 | Loss: 0.2385924191706239
INFO:root:Iter: 6| Accuracy: 0.6 | Loss: 0.2261356502910043
INFO:root:Iter: 7| Accuracy: 0.6 | Loss: 0.2379562323902351
INFO:root:Iter: 8| Accuracy: 0.2 | Loss: 0.2889883569383902
INFO:root:Iter: 9| Accuracy: 0.8 | Loss: 0.1971715253432234
INFO:root:Iter: 10| Accuracy: 0.4 | Loss: 0.2848463792554235
INFO:root:Iter: 11| Accuracy: 1.0 | Loss: 0.10918105567243426
INFO:root:Iter: 12| Accuracy: 1.0 | Loss: 0.05459590381178296
INFO:root:Iter: 13| Accuracy: 0.8 | Loss: 0.18461954887032506
INFO:root:Iter: 14| Accuracy: 0.6 | Loss: 0.2547884693944602
INFO:root:Iter: 15| Accuracy: 0.4 | Loss: 0.33905510730358374
INFO:root:Iter: 16| Accuracy: 0.4 | Loss: 0.24230443204812852
INFO:root:Iter: 17| Accuracy: 0.8 | Loss: 0.22820353762532997
INFO:root:Iter: 18| Accuracy: 0.6 | Loss: 0.2199200587686927
INFO:root:Iter: 19| Accuracy: 0.6 | Loss: 0.2658107183523124
INFO:root:Iter: 20| Accuracy: 0.6 | Loss: 0.3155967832323623
INFO:root:epoch 20 : Training Accuracy 0.63 , Loss 0.3165503158062118, Time 0.4667763670285543 minutes, Validation Accuracy 0.5, Minimal Info Left 0.9999999999999999
INFO:root:start epoch 21
INFO:root:Iter: 1| Accuracy: 0.2 | Loss: 0.3623429400911481
INFO:root:Iter: 2| Accuracy: 0.6 | Loss: 0.2855653981352598
INFO:root:Iter: 3| Accuracy: 0.8 | Loss: 0.18681445878101943
INFO:root:Iter: 4| Accuracy: 1.0 | Loss: 0.10732515023201919
INFO:root:Iter: 5| Accuracy: 0.2 | Loss: 0.40253930588936165
INFO:root:Iter: 6| Accuracy: 0.4 | Loss: 0.3052694399331218
INFO:root:Iter: 7| Accuracy: 0.6 | Loss: 0.22865971347225647
INFO:root:Iter: 8| Accuracy: 0.8 | Loss: 0.16240937833609895
INFO:root:Iter: 9| Accuracy: 0.4 | Loss: 0.23393784981659546
INFO:root:Iter: 10| Accuracy: 1.0 | Loss: 0.1920122409611898
INFO:root:Iter: 11| Accuracy: 0.6 | Loss: 0.2687615183929731
INFO:root:Iter: 12| Accuracy: 0.6 | Loss: 0.24519427748122666
INFO:root:Iter: 13| Accuracy: 0.8 | Loss: 0.1902852036518155
INFO:root:Iter: 14| Accuracy: 1.0 | Loss: 0.014200449847057992
INFO:root:Iter: 15| Accuracy: 0.2 | Loss: 0.4665959532575633
INFO:root:Iter: 16| Accuracy: 0.6 | Loss: 0.1978735856722464
INFO:root:Iter: 17| Accuracy: 0.6 | Loss: 0.22884592107517648
INFO:root:Iter: 18| Accuracy: 0.4 | Loss: 0.26278994372276127
INFO:root:Iter: 19| Accuracy: 0.8 | Loss: 0.26997200655223275
INFO:root:Iter: 20| Accuracy: 0.6 | Loss: 0.21282315901681187
INFO:root:epoch 21 : Training Accuracy 0.61 , Loss 0.2673217936370258, Time 0.47925878763198854 minutes, Validation Accuracy 0.5, Minimal Info Left 0.9999999999999998
INFO:root:start epoch 22
INFO:root:Iter: 1| Accuracy: 0.8 | Loss: 0.1484012321695976
INFO:root:Iter: 2| Accuracy: 0.6 | Loss: 0.2706278290674448
INFO:root:Iter: 3| Accuracy: 0.2 | Loss: 0.46178870859325133
INFO:root:Iter: 4| Accuracy: 0.6 | Loss: 0.23865010531420155
INFO:root:Iter: 5| Accuracy: 0.6 | Loss: 0.23540900839280215
INFO:root:Iter: 6| Accuracy: 0.6 | Loss: 0.16153793535070837
INFO:root:Iter: 7| Accuracy: 0.8 | Loss: 0.18908905419557748
INFO:root:Iter: 8| Accuracy: 0.6 | Loss: 0.2619459129834265
INFO:root:Iter: 9| Accuracy: 0.4 | Loss: 0.2985921887313291
INFO:root:Iter: 10| Accuracy: 0.6 | Loss: 0.2576578408821465
INFO:root:Iter: 11| Accuracy: 1.0 | Loss: 0.16807310752044588
INFO:root:Iter: 12| Accuracy: 1.0 | Loss: 0.08853377289459116
INFO:root:Iter: 13| Accuracy: 0.6 | Loss: 0.2675790098309328
INFO:root:Iter: 14| Accuracy: 0.6 | Loss: 0.22413490709812423
INFO:root:Iter: 15| Accuracy: 0.2 | Loss: 0.3822022524500927
INFO:root:Iter: 16| Accuracy: 0.8 | Loss: 0.24717131155850786
INFO:root:Iter: 17| Accuracy: 0.6 | Loss: 0.21397241759408922
INFO:root:Iter: 18| Accuracy: 0.4 | Loss: 0.33148540737800947
INFO:root:Iter: 19| Accuracy: 0.4 | Loss: 0.29886857104841796
INFO:root:Iter: 20| Accuracy: 0.4 | Loss: 0.2537205948452452
INFO:root:epoch 22 : Training Accuracy 0.59 , Loss 0.2259156522704961, Time 0.4760537107785543 minutes, Validation Accuracy 0.59, Minimal Info Left 0.9999999999999998
INFO:root:start epoch 23
INFO:root:Iter: 1| Accuracy: 1.0 | Loss: 0.1627558317514746
INFO:root:Iter: 2| Accuracy: 0.8 | Loss: 0.21052125622286805
INFO:root:Iter: 3| Accuracy: 0.8 | Loss: 0.14978023629885193
INFO:root:Iter: 4| Accuracy: 0.4 | Loss: 0.40200095750605425
INFO:root:Iter: 5| Accuracy: 0.4 | Loss: 0.315327732206045
INFO:root:Iter: 6| Accuracy: 0.6 | Loss: 0.1992603746333673
INFO:root:Iter: 7| Accuracy: 0.8 | Loss: 0.21718032127559356
INFO:root:Iter: 8| Accuracy: 1.0 | Loss: 0.16129506478018424
INFO:root:Iter: 9| Accuracy: 0.6 | Loss: 0.1810685023926485
INFO:root:Iter: 10| Accuracy: 0.6 | Loss: 0.37406803380654247
INFO:root:Iter: 11| Accuracy: 0.4 | Loss: 0.2848281614053322
INFO:root:Iter: 12| Accuracy: 0.8 | Loss: 0.1531196458758588
INFO:root:Iter: 13| Accuracy: 0.6 | Loss: 0.16825283153769757
INFO:root:Iter: 14| Accuracy: 0.6 | Loss: 0.24048205300373587
INFO:root:Iter: 15| Accuracy: 0.8 | Loss: 0.17791773223099383
INFO:root:Iter: 16| Accuracy: 0.8 | Loss: 0.22339973322834267
INFO:root:Iter: 17| Accuracy: 0.8 | Loss: 0.1721007782095599
INFO:root:Iter: 18| Accuracy: 0.6 | Loss: 0.25031528072961395
INFO:root:Iter: 19| Accuracy: 0.8 | Loss: 0.21603604794464779
INFO:root:Iter: 20| Accuracy: 0.2 | Loss: 0.5179477525518121
INFO:root:epoch 23 : Training Accuracy 0.67 , Loss 0.2855946979749802, Time 0.4746399680773417 minutes, Validation Accuracy 0.5, Minimal Info Left 0.9999999999999998
INFO:root:start epoch 24
INFO:root:Iter: 1| Accuracy: 0.4 | Loss: 0.3531616737493603
INFO:root:Iter: 2| Accuracy: 1.0 | Loss: 0.203045798660687
INFO:root:Iter: 3| Accuracy: 0.8 | Loss: 0.1782334186486985
INFO:root:Iter: 4| Accuracy: 0.6 | Loss: 0.2358024396091476
INFO:root:Iter: 5| Accuracy: 0.6 | Loss: 0.22553020314738817
INFO:root:Iter: 6| Accuracy: 0.2 | Loss: 0.39592777297312065
INFO:root:Iter: 7| Accuracy: 0.8 | Loss: 0.19135646594572814
INFO:root:Iter: 8| Accuracy: 0.6 | Loss: 0.20737296877650965
INFO:root:Iter: 9| Accuracy: 0.2 | Loss: 0.26013235928369244
INFO:root:Iter: 10| Accuracy: 0.6 | Loss: 0.24465319202043928
INFO:root:Iter: 11| Accuracy: 0.6 | Loss: 0.2204341635890703
INFO:root:Iter: 12| Accuracy: 0.6 | Loss: 0.21444730955079855
INFO:root:Iter: 13| Accuracy: 0.4 | Loss: 0.3164726727204417
INFO:root:Iter: 14| Accuracy: 0.8 | Loss: 0.22741874958233668
INFO:root:Iter: 15| Accuracy: 0.6 | Loss: 0.26506503505298873
INFO:root:Iter: 16| Accuracy: 0.6 | Loss: 0.1720506542452829
INFO:root:Iter: 17| Accuracy: 0.2 | Loss: 0.3235220969814402
INFO:root:Iter: 18| Accuracy: 0.2 | Loss: 0.24902164836498208
INFO:root:Iter: 19| Accuracy: 0.6 | Loss: 0.22557898338765775
INFO:root:Iter: 20| Accuracy: 0.6 | Loss: 0.27005936023087784
INFO:root:epoch 24 : Training Accuracy 0.55 , Loss 0.24974353262879515, Time 0.46362613439559935 minutes, Validation Accuracy 0.59, Minimal Info Left 0.9999999999999998
INFO:root:start epoch 25
INFO:root:Iter: 1| Accuracy: 0.4 | Loss: 0.2925562360161045
INFO:root:Iter: 2| Accuracy: 0.4 | Loss: 0.261646490384932
INFO:root:Iter: 3| Accuracy: 0.6 | Loss: 0.17363565356353053
INFO:root:Iter: 4| Accuracy: 0.4 | Loss: 0.23557775926312371
INFO:root:Iter: 5| Accuracy: 0.6 | Loss: 0.21792634309718556
INFO:root:Iter: 6| Accuracy: 0.2 | Loss: 0.30101847927671266
INFO:root:Iter: 7| Accuracy: 0.6 | Loss: 0.23907446486078002
INFO:root:Iter: 8| Accuracy: 0.4 | Loss: 0.2898485077000318
INFO:root:Iter: 9| Accuracy: 0.8 | Loss: 0.18659157531751966
INFO:root:Iter: 10| Accuracy: 0.2 | Loss: 0.26346599664507586
INFO:root:Iter: 11| Accuracy: 0.6 | Loss: 0.24629906947275054
INFO:root:Iter: 12| Accuracy: 0.4 | Loss: 0.25390372192880356
INFO:root:Iter: 13| Accuracy: 0.2 | Loss: 0.295202468550664
INFO:root:Iter: 14| Accuracy: 0.6 | Loss: 0.2531704562189319
INFO:root:Iter: 15| Accuracy: 0.4 | Loss: 0.27263814550862364
INFO:root:Iter: 16| Accuracy: 1.0 | Loss: 0.12302229827176818
INFO:root:Iter: 17| Accuracy: 0.2 | Loss: 0.31465238655240463
INFO:root:Iter: 18| Accuracy: 0.4 | Loss: 0.23723376007118335
INFO:root:Iter: 19| Accuracy: 0.4 | Loss: 0.29067881542530305
INFO:root:Iter: 20| Accuracy: 0.6 | Loss: 0.2147806372020602
INFO:root:epoch 25 : Training Accuracy 0.47 , Loss 0.24809893575543238, Time 0.46823573112487793 minutes, Validation Accuracy 0.81, Minimal Info Left 0.9999999999999999
INFO:root:start epoch 26
INFO:root:Iter: 1| Accuracy: 0.6 | Loss: 0.23982832080726144
INFO:root:Iter: 2| Accuracy: 0.2 | Loss: 0.2921802461414612
INFO:root:Iter: 3| Accuracy: 0.8 | Loss: 0.21346058298421916
INFO:root:Iter: 4| Accuracy: 0.8 | Loss: 0.19552223997918813
INFO:root:Iter: 5| Accuracy: 0.8 | Loss: 0.21610965495934792
INFO:root:Iter: 6| Accuracy: 0.8 | Loss: 0.19493805825909827
INFO:root:Iter: 7| Accuracy: 0.8 | Loss: 0.2105686118371089
INFO:root:Iter: 8| Accuracy: 0.2 | Loss: 0.3063027643758984
INFO:root:Iter: 9| Accuracy: 0.6 | Loss: 0.21681599832962398
INFO:root:Iter: 10| Accuracy: 0.6 | Loss: 0.17221917426151342
INFO:root:Iter: 11| Accuracy: 0.6 | Loss: 0.2613226686012404
INFO:root:Iter: 12| Accuracy: 0.6 | Loss: 0.2141031004412981
INFO:root:Iter: 13| Accuracy: 0.6 | Loss: 0.21868370230991618
INFO:root:Iter: 14| Accuracy: 0.6 | Loss: 0.24807547576794803
INFO:root:Iter: 15| Accuracy: 0.6 | Loss: 0.26675897306357227
INFO:root:Iter: 16| Accuracy: 0.6 | Loss: 0.20419781753603877
INFO:root:Iter: 17| Accuracy: 0.4 | Loss: 0.3033569829507471
INFO:root:Iter: 18| Accuracy: 0.6 | Loss: 0.21154505422784622
INFO:root:Iter: 19| Accuracy: 0.4 | Loss: 0.31108377434528284
INFO:root:Iter: 20| Accuracy: 0.4 | Loss: 0.21666956865153147
INFO:root:epoch 26 : Training Accuracy 0.58 , Loss 0.2414191014184325, Time 0.4778599818547567 minutes, Validation Accuracy 0.72, Minimal Info Left 0.9999999999999999
INFO:root:start epoch 27
INFO:root:Iter: 1| Accuracy: 0.6 | Loss: 0.19233945272320296
INFO:root:Iter: 2| Accuracy: 0.4 | Loss: 0.25680441232912704
INFO:root:Iter: 3| Accuracy: 0.4 | Loss: 0.289475844769565
INFO:root:Iter: 4| Accuracy: 0.4 | Loss: 0.2354879545640715
INFO:root:Iter: 5| Accuracy: 0.6 | Loss: 0.2808125974574739
INFO:root:Iter: 6| Accuracy: 0.6 | Loss: 0.22142782282714815
INFO:root:Iter: 7| Accuracy: 0.8 | Loss: 0.2429682368256029
INFO:root:Iter: 8| Accuracy: 0.4 | Loss: 0.39224197411292294
INFO:root:Iter: 9| Accuracy: 0.4 | Loss: 0.3150498873826742
INFO:root:Iter: 10| Accuracy: 1.0 | Loss: 0.1880814626507632
INFO:root:Iter: 11| Accuracy: 0.4 | Loss: 0.264072999731591
INFO:root:Iter: 12| Accuracy: 0.8 | Loss: 0.2092155261522787
INFO:root:Iter: 13| Accuracy: 0.6 | Loss: 0.19672495882309118
INFO:root:Iter: 14| Accuracy: 0.6 | Loss: 0.2481617231017951
INFO:root:Iter: 15| Accuracy: 0.6 | Loss: 0.2518740190112826
INFO:root:Iter: 16| Accuracy: 0.4 | Loss: 0.25260604922243346
INFO:root:Iter: 17| Accuracy: 0.8 | Loss: 0.19641803625339382
INFO:root:Iter: 18| Accuracy: 0.6 | Loss: 0.23088231028401815
INFO:root:Iter: 19| Accuracy: 0.6 | Loss: 0.17898469879261644
INFO:root:Iter: 20| Accuracy: 0.4 | Loss: 0.29102444324961096
INFO:root:epoch 27 : Training Accuracy 0.57 , Loss 0.2573663340526243, Time 0.4679405013720194 minutes, Validation Accuracy 0.51, Minimal Info Left 0.9999999999999999
INFO:root:start epoch 28
INFO:root:Iter: 1| Accuracy: 0.6 | Loss: 0.263558793178266
INFO:root:Iter: 2| Accuracy: 0.8 | Loss: 0.14019556226453214
INFO:root:Iter: 3| Accuracy: 0.2 | Loss: 0.36675037845993985
INFO:root:Iter: 4| Accuracy: 0.4 | Loss: 0.28264285613947837
INFO:root:Iter: 5| Accuracy: 0.6 | Loss: 0.2318905613466932
INFO:root:Iter: 6| Accuracy: 0.4 | Loss: 0.24766432386757123
INFO:root:Iter: 7| Accuracy: 0.6 | Loss: 0.23784813722588902
INFO:root:Iter: 8| Accuracy: 0.6 | Loss: 0.2487239266831763
INFO:root:Iter: 9| Accuracy: 0.6 | Loss: 0.218703041299585
INFO:root:Iter: 10| Accuracy: 0.6 | Loss: 0.20120909715176033
INFO:root:Iter: 11| Accuracy: 0.2 | Loss: 0.3625357000214624
INFO:root:Iter: 12| Accuracy: 0.6 | Loss: 0.22561948099286783
INFO:root:Iter: 13| Accuracy: 0.4 | Loss: 0.2188165353512927
INFO:root:Iter: 14| Accuracy: 0.4 | Loss: 0.2316304175194539
INFO:root:Iter: 15| Accuracy: 0.6 | Loss: 0.2377639193593648
INFO:root:Iter: 16| Accuracy: 0.2 | Loss: 0.3284112614975637
INFO:root:Iter: 17| Accuracy: 0.4 | Loss: 0.26722384645230357
INFO:root:Iter: 18| Accuracy: 0.8 | Loss: 0.2005620987676703
INFO:root:Iter: 19| Accuracy: 0.6 | Loss: 0.2602594639810238
INFO:root:Iter: 20| Accuracy: 0.6 | Loss: 0.2706363800636329
INFO:root:epoch 28 : Training Accuracy 0.51 , Loss 0.28128708844055816, Time 0.46779215733210244 minutes, Validation Accuracy 0.5, Minimal Info Left 0.9999999999999997
INFO:root:start epoch 29
INFO:root:Iter: 1| Accuracy: 0.6 | Loss: 0.26551627860604554
INFO:root:Iter: 2| Accuracy: 0.4 | Loss: 0.2600735404254773
INFO:root:Iter: 3| Accuracy: 0.6 | Loss: 0.25811195187940494
INFO:root:Iter: 4| Accuracy: 0.6 | Loss: 0.28441067035648615
INFO:root:Iter: 5| Accuracy: 0.8 | Loss: 0.24234926899609066
INFO:root:Iter: 6| Accuracy: 0.4 | Loss: 0.28229007741647505
INFO:root:Iter: 7| Accuracy: 0.6 | Loss: 0.2479003766734936
INFO:root:Iter: 8| Accuracy: 0.8 | Loss: 0.18127711373684746
INFO:root:Iter: 9| Accuracy: 0.8 | Loss: 0.19244669811709741
INFO:root:Iter: 10| Accuracy: 0.8 | Loss: 0.17390889490527922
INFO:root:Iter: 11| Accuracy: 0.2 | Loss: 0.3971547947058212
INFO:root:Iter: 12| Accuracy: 0.4 | Loss: 0.28521140048692545
INFO:root:Iter: 13| Accuracy: 0.8 | Loss: 0.17570464479079437
INFO:root:Iter: 14| Accuracy: 0.6 | Loss: 0.25468678949261836
INFO:root:Iter: 15| Accuracy: 0.4 | Loss: 0.3330222411714748
INFO:root:Iter: 16| Accuracy: 0.6 | Loss: 0.2804761568918215
INFO:root:Iter: 17| Accuracy: 0.4 | Loss: 0.26139470795026093
INFO:root:Iter: 18| Accuracy: 0.6 | Loss: 0.21788613540433346
INFO:root:Iter: 19| Accuracy: 0.8 | Loss: 0.21871118858185817
INFO:root:Iter: 20| Accuracy: 0.6 | Loss: 0.20285557126833093
INFO:root:epoch 29 : Training Accuracy 0.59 , Loss 0.2354624774579749, Time 0.46621257861455284 minutes, Validation Accuracy 0.87, Minimal Info Left 0.9999999999999998
INFO:root:start epoch 30
INFO:root:Iter: 1| Accuracy: 0.4 | Loss: 0.2503056173738022
INFO:root:Iter: 2| Accuracy: 0.8 | Loss: 0.19441347162634276
INFO:root:Iter: 3| Accuracy: 0.4 | Loss: 0.23815537167974615
INFO:root:Iter: 4| Accuracy: 0.8 | Loss: 0.2245754439870197
INFO:root:Iter: 5| Accuracy: 0.6 | Loss: 0.21453910228991244
INFO:root:Iter: 6| Accuracy: 0.4 | Loss: 0.2590469995660884
INFO:root:Iter: 7| Accuracy: 0.8 | Loss: 0.20197834919910296
INFO:root:Iter: 8| Accuracy: 0.4 | Loss: 0.26637184446024265
INFO:root:Iter: 9| Accuracy: 0.6 | Loss: 0.24623787337212139
INFO:root:Iter: 10| Accuracy: 0.4 | Loss: 0.20903805537318337
INFO:root:Iter: 11| Accuracy: 0.6 | Loss: 0.21346844862354447
INFO:root:Iter: 12| Accuracy: 1.0 | Loss: 0.20119350163709182
INFO:root:Iter: 13| Accuracy: 0.6 | Loss: 0.2441878683783932
INFO:root:Iter: 14| Accuracy: 0.4 | Loss: 0.23565632773301823
INFO:root:Iter: 15| Accuracy: 0.8 | Loss: 0.17213974791679254
INFO:root:Iter: 16| Accuracy: 0.8 | Loss: 0.16933479915740574
INFO:root:Iter: 17| Accuracy: 0.8 | Loss: 0.16348912834197732
INFO:root:Iter: 18| Accuracy: 0.4 | Loss: 0.2821645278489267
INFO:root:Iter: 19| Accuracy: 0.0 | Loss: 0.34529258579758615
INFO:root:Iter: 20| Accuracy: 0.8 | Loss: 0.1586624559115199
INFO:root:epoch 30 : Training Accuracy 0.59 , Loss 0.21859019018465697, Time 0.4747424403826396 minutes, Validation Accuracy 0.87, Minimal Info Left 0.9999999999999998
INFO:root:start epoch 31
INFO:root:Iter: 1| Accuracy: 0.2 | Loss: 0.3009023125784744
INFO:root:Iter: 2| Accuracy: 0.8 | Loss: 0.16544396497291675
INFO:root:Iter: 3| Accuracy: 0.4 | Loss: 0.30553299665212563
INFO:root:Iter: 4| Accuracy: 0.6 | Loss: 0.18066659413042846
INFO:root:Iter: 5| Accuracy: 0.8 | Loss: 0.17922655390157194
INFO:root:Iter: 6| Accuracy: 0.4 | Loss: 0.26308425945544467
INFO:root:Iter: 7| Accuracy: 0.8 | Loss: 0.17695366916637129
INFO:root:Iter: 8| Accuracy: 1.0 | Loss: 0.05503439091434585
INFO:root:Iter: 9| Accuracy: 0.8 | Loss: 0.14543722408744103
INFO:root:Iter: 10| Accuracy: 0.4 | Loss: 0.44996481981544595
INFO:root:Iter: 11| Accuracy: 0.2 | Loss: 0.3961289366901313
INFO:root:Iter: 12| Accuracy: 0.6 | Loss: 0.2528419790929102
INFO:root:Iter: 13| Accuracy: 0.6 | Loss: 0.2952213746814414
INFO:root:Iter: 14| Accuracy: 0.4 | Loss: 0.24084493606619675
INFO:root:Iter: 15| Accuracy: 0.6 | Loss: 0.26372628448441493
INFO:root:Iter: 16| Accuracy: 0.6 | Loss: 0.30230060303343054
INFO:root:Iter: 17| Accuracy: 0.6 | Loss: 0.31280882663116427
INFO:root:Iter: 18| Accuracy: 0.6 | Loss: 0.26401621810596687
INFO:root:Iter: 19| Accuracy: 0.4 | Loss: 0.2519956805163843
INFO:root:Iter: 20| Accuracy: 0.6 | Loss: 0.21374263793556808
INFO:root:epoch 31 : Training Accuracy 0.57 , Loss 0.23608729750324503, Time 0.4757912953694661 minutes, Validation Accuracy 0.87, Minimal Info Left 0.9999999999999999
INFO:root:start epoch 32
INFO:root:Iter: 1| Accuracy: 0.8 | Loss: 0.21678343458258623
INFO:root:Iter: 2| Accuracy: 0.8 | Loss: 0.22064054480947298
INFO:root:Iter: 3| Accuracy: 0.6 | Loss: 0.25096444323930056
INFO:root:Iter: 4| Accuracy: 0.6 | Loss: 0.21145942142504567
INFO:root:Iter: 5| Accuracy: 0.2 | Loss: 0.2557773703911952
INFO:root:Iter: 6| Accuracy: 0.8 | Loss: 0.18711381681137626
INFO:root:Iter: 7| Accuracy: 0.6 | Loss: 0.22734848437368083
INFO:root:Iter: 8| Accuracy: 0.2 | Loss: 0.30924954664875565
INFO:root:Iter: 9| Accuracy: 1.0 | Loss: 0.19694034875658042
INFO:root:Iter: 10| Accuracy: 1.0 | Loss: 0.19466698626538187
INFO:root:Iter: 11| Accuracy: 0.6 | Loss: 0.21686080478521425
INFO:root:Iter: 12| Accuracy: 0.4 | Loss: 0.291643581983372
INFO:root:Iter: 13| Accuracy: 1.0 | Loss: 0.166414427598974
INFO:root:Iter: 14| Accuracy: 0.6 | Loss: 0.2998894530321244
INFO:root:Iter: 15| Accuracy: 0.6 | Loss: 0.321714587215545
INFO:root:Iter: 16| Accuracy: 0.8 | Loss: 0.11719709603071463
INFO:root:Iter: 17| Accuracy: 0.8 | Loss: 0.12154655867882089
INFO:root:Iter: 18| Accuracy: 0.2 | Loss: 0.42674635865940225
INFO:root:Iter: 19| Accuracy: 0.6 | Loss: 0.25709075835534934
INFO:root:Iter: 20| Accuracy: 1.0 | Loss: 0.18595804210541872
INFO:root:epoch 32 : Training Accuracy 0.66 , Loss 0.2364854615243418, Time 0.4656207362810771 minutes, Validation Accuracy 0.92, Minimal Info Left 0.9999999999999998
INFO:root:start epoch 33
INFO:root:Iter: 1| Accuracy: 0.4 | Loss: 0.22002631028712524
INFO:root:Iter: 2| Accuracy: 0.8 | Loss: 0.13432696714073142
INFO:root:Iter: 3| Accuracy: 0.6 | Loss: 0.27688276298120407
INFO:root:Iter: 4| Accuracy: 0.8 | Loss: 0.21639036586173171
INFO:root:Iter: 5| Accuracy: 0.4 | Loss: 0.2623329962601205
INFO:root:Iter: 6| Accuracy: 0.8 | Loss: 0.15296411924570927
INFO:root:Iter: 7| Accuracy: 0.4 | Loss: 0.3480076311036833
INFO:root:Iter: 8| Accuracy: 0.6 | Loss: 0.16709197697141462
INFO:root:Iter: 9| Accuracy: 0.4 | Loss: 0.26431423982392654
INFO:root:Iter: 10| Accuracy: 0.8 | Loss: 0.2652806269869116
INFO:root:Iter: 11| Accuracy: 0.8 | Loss: 0.23371313204292452
INFO:root:Iter: 12| Accuracy: 0.6 | Loss: 0.21832415449307468
INFO:root:Iter: 13| Accuracy: 0.8 | Loss: 0.2121822730013403
INFO:root:Iter: 14| Accuracy: 0.8 | Loss: 0.18950632385177674
INFO:root:Iter: 15| Accuracy: 0.6 | Loss: 0.18355942523592078
INFO:root:Iter: 16| Accuracy: 0.8 | Loss: 0.17279812890934504
INFO:root:Iter: 17| Accuracy: 0.6 | Loss: 0.24126666952739648
INFO:root:Iter: 18| Accuracy: 0.6 | Loss: 0.21563089560757492
INFO:root:Iter: 19| Accuracy: 0.0 | Loss: 0.36069904124870905
INFO:root:Iter: 20| Accuracy: 0.6 | Loss: 0.27118057960605724
INFO:root:epoch 33 : Training Accuracy 0.61 , Loss 0.231565836954549, Time 0.4723275343577067 minutes, Validation Accuracy 0.85, Minimal Info Left 0.9999999999999998
INFO:root:start epoch 34
INFO:root:Iter: 1| Accuracy: 1.0 | Loss: 0.12904230771766864
INFO:root:Iter: 2| Accuracy: 0.6 | Loss: 0.2370458927895359
INFO:root:Iter: 3| Accuracy: 0.6 | Loss: 0.30807989250820966
INFO:root:Iter: 4| Accuracy: 0.8 | Loss: 0.19741575451503307
INFO:root:Iter: 5| Accuracy: 0.6 | Loss: 0.32722516318464767
INFO:root:Iter: 6| Accuracy: 0.4 | Loss: 0.22812852463365493
INFO:root:Iter: 7| Accuracy: 0.6 | Loss: 0.2424392046345864
INFO:root:Iter: 8| Accuracy: 0.4 | Loss: 0.25492062593107423
INFO:root:Iter: 9| Accuracy: 0.0 | Loss: 0.3921133540102213
INFO:root:Iter: 10| Accuracy: 0.6 | Loss: 0.2125860196230871
INFO:root:Iter: 11| Accuracy: 0.2 | Loss: 0.2640012221908126
INFO:root:Iter: 12| Accuracy: 0.4 | Loss: 0.29902066344213385
INFO:root:Iter: 13| Accuracy: 0.4 | Loss: 0.2605788703943017
INFO:root:Iter: 14| Accuracy: 0.4 | Loss: 0.227928440247048
INFO:root:Iter: 15| Accuracy: 0.8 | Loss: 0.21296949812192797
INFO:root:Iter: 16| Accuracy: 0.8 | Loss: 0.19407101560757584
INFO:root:Iter: 17| Accuracy: 0.6 | Loss: 0.24803580028667885
INFO:root:Iter: 18| Accuracy: 0.8 | Loss: 0.15536787860074888
INFO:root:Iter: 19| Accuracy: 0.6 | Loss: 0.14975663735071296
INFO:root:Iter: 20| Accuracy: 0.8 | Loss: 0.1121563693642027
INFO:root:epoch 34 : Training Accuracy 0.57 , Loss 0.27972630519214725, Time 0.480481485525767 minutes, Validation Accuracy 0.5, Minimal Info Left 0.9999999999999998
INFO:root:start epoch 35
INFO:root:Iter: 1| Accuracy: 0.4 | Loss: 0.3817928196420869
INFO:root:Iter: 2| Accuracy: 0.8 | Loss: 0.15396624214454052
INFO:root:Iter: 3| Accuracy: 0.8 | Loss: 0.16215496705048582
INFO:root:Iter: 4| Accuracy: 1.0 | Loss: 0.10258201315185907
INFO:root:Iter: 5| Accuracy: 0.6 | Loss: 0.20448361213430433
INFO:root:Iter: 6| Accuracy: 1.0 | Loss: 0.12770593198247782
INFO:root:Iter: 7| Accuracy: 0.6 | Loss: 0.16688676610251343
INFO:root:Iter: 8| Accuracy: 0.6 | Loss: 0.17440746414194658
INFO:root:Iter: 9| Accuracy: 0.4 | Loss: 0.4163093868011078
INFO:root:Iter: 10| Accuracy: 1.0 | Loss: 0.13531490786879327
INFO:root:Iter: 11| Accuracy: 0.8 | Loss: 0.16895497603308168
INFO:root:Iter: 12| Accuracy: 1.0 | Loss: 0.08690051773297373
INFO:root:Iter: 13| Accuracy: 1.0 | Loss: 0.11278680634839673
INFO:root:Iter: 14| Accuracy: 0.6 | Loss: 0.12410882595978161
INFO:root:Iter: 15| Accuracy: 0.4 | Loss: 0.5995833229894374
INFO:root:Iter: 16| Accuracy: 0.0 | Loss: 0.5119692180356458
INFO:root:Iter: 17| Accuracy: 0.2 | Loss: 0.40552862899643555
INFO:root:Iter: 18| Accuracy: 1.0 | Loss: 0.09308865403210095
INFO:root:Iter: 19| Accuracy: 1.0 | Loss: 0.15557721436377678
INFO:root:Iter: 20| Accuracy: 0.0 | Loss: 0.45746776866875044
INFO:root:epoch 35 : Training Accuracy 0.66 , Loss 0.24395517880842302, Time 0.468452517191569 minutes, Validation Accuracy 0.94, Minimal Info Left 0.9999999999999999
INFO:root:start epoch 36
INFO:root:Iter: 1| Accuracy: 1.0 | Loss: 0.16043505852976053
INFO:root:Iter: 2| Accuracy: 1.0 | Loss: 0.10750056547017037
INFO:root:Iter: 3| Accuracy: 1.0 | Loss: 0.10908578678853012
INFO:root:Iter: 4| Accuracy: 0.8 | Loss: 0.1483426052774274
INFO:root:Iter: 5| Accuracy: 0.2 | Loss: 0.3903291037791214
INFO:root:Iter: 6| Accuracy: 0.4 | Loss: 0.36039370930704895
INFO:root:Iter: 7| Accuracy: 1.0 | Loss: 0.08352876161693704
INFO:root:Iter: 8| Accuracy: 0.4 | Loss: 0.16697497201392106
INFO:root:Iter: 9| Accuracy: 0.8 | Loss: 0.27160539892151975
INFO:root:Iter: 10| Accuracy: 0.0 | Loss: 0.42402525761611487
INFO:root:Iter: 11| Accuracy: 1.0 | Loss: 0.1200454847942694
INFO:root:Iter: 12| Accuracy: 0.8 | Loss: 0.1417074933015991
INFO:root:Iter: 13| Accuracy: 0.8 | Loss: 0.2831117916741782
INFO:root:Iter: 14| Accuracy: 1.0 | Loss: 0.11770212196419258
INFO:root:Iter: 15| Accuracy: 0.8 | Loss: 0.18074709496633504
INFO:root:Iter: 16| Accuracy: 0.6 | Loss: 0.30209699341211066
INFO:root:Iter: 17| Accuracy: 0.4 | Loss: 0.3458547977403295
INFO:root:Iter: 18| Accuracy: 1.0 | Loss: 0.10455014663919655
INFO:root:Iter: 19| Accuracy: 0.0 | Loss: 0.3682807955541532
INFO:root:Iter: 20| Accuracy: 1.0 | Loss: 0.07779745194011192
INFO:root:epoch 36 : Training Accuracy 0.7 , Loss 0.20341598001232683, Time 0.4552305539449056 minutes, Validation Accuracy 0.97, Minimal Info Left 0.9999999999999999
INFO:root:start epoch 37
INFO:root:Iter: 1| Accuracy: 1.0 | Loss: 0.07766883934593972
INFO:root:Iter: 2| Accuracy: 1.0 | Loss: 0.10406570097508902
INFO:root:Iter: 3| Accuracy: 0.8 | Loss: 0.1765593779497419
INFO:root:Iter: 4| Accuracy: 0.0 | Loss: 0.4799253554518307
INFO:root:Iter: 5| Accuracy: 1.0 | Loss: 0.1318779471973124
INFO:root:Iter: 6| Accuracy: 1.0 | Loss: 0.12024144953414655
INFO:root:Iter: 7| Accuracy: 1.0 | Loss: 0.07871038162588512
INFO:root:Iter: 8| Accuracy: 1.0 | Loss: 0.06799844945272861
INFO:root:Iter: 9| Accuracy: 1.0 | Loss: 0.08957814733455058
INFO:root:Iter: 10| Accuracy: 1.0 | Loss: 0.08686856535996088
INFO:root:Iter: 11| Accuracy: 0.2 | Loss: 0.4145190338053667
INFO:root:Iter: 12| Accuracy: 0.4 | Loss: 0.33813921238628025
INFO:root:Iter: 13| Accuracy: 1.0 | Loss: 0.07059664223745614
INFO:root:Iter: 14| Accuracy: 0.6 | Loss: 0.18649202768177514
INFO:root:Iter: 15| Accuracy: 0.2 | Loss: 0.3791601009633133
INFO:root:Iter: 16| Accuracy: 0.8 | Loss: 0.16664526022835413
INFO:root:Iter: 17| Accuracy: 0.6 | Loss: 0.27694187880017695
INFO:root:Iter: 18| Accuracy: 0.2 | Loss: 0.38675177301244956
INFO:root:Iter: 19| Accuracy: 0.0 | Loss: 0.4938027474494481
INFO:root:Iter: 20| Accuracy: 1.0 | Loss: 0.07609280913280524
INFO:root:epoch 37 : Training Accuracy 0.69 , Loss 0.21154112464751038, Time 0.4643307606379191 minutes, Validation Accuracy 0.97, Minimal Info Left 0.9999999999999998
INFO:root:start epoch 38
INFO:root:Iter: 1| Accuracy: 1.0 | Loss: 0.1365303347295356
INFO:root:Iter: 2| Accuracy: 0.4 | Loss: 0.33170051372182685
INFO:root:Iter: 3| Accuracy: 0.4 | Loss: 0.3282280147932709
INFO:root:Iter: 4| Accuracy: 0.4 | Loss: 0.19013250818592958
INFO:root:Iter: 5| Accuracy: 0.4 | Loss: 0.3794061628403142
INFO:root:Iter: 6| Accuracy: 1.0 | Loss: 0.0984322833813592
INFO:root:Iter: 7| Accuracy: 1.0 | Loss: 0.11354524815846197
INFO:root:Iter: 8| Accuracy: 0.2 | Loss: 0.42242806930780386
INFO:root:Iter: 9| Accuracy: 0.2 | Loss: 0.31402905901068945
INFO:root:Iter: 10| Accuracy: 0.6 | Loss: 0.30538356478229833
INFO:root:Iter: 11| Accuracy: 0.4 | Loss: 0.4131867293109517
INFO:root:Iter: 12| Accuracy: 0.6 | Loss: 0.1396860267530863
INFO:root:Iter: 13| Accuracy: 0.4 | Loss: 0.1752233785092414
INFO:root:Iter: 14| Accuracy: 0.8 | Loss: 0.2851922523024969
INFO:root:Iter: 15| Accuracy: 0.4 | Loss: 0.21331234908644275
INFO:root:Iter: 16| Accuracy: 0.4 | Loss: 0.3584647332792736
INFO:root:Iter: 17| Accuracy: 0.8 | Loss: 0.16482733079509918
INFO:root:Iter: 18| Accuracy: 0.8 | Loss: 0.1258653019469433
INFO:root:Iter: 19| Accuracy: 1.0 | Loss: 0.05758567324161431
INFO:root:Iter: 20| Accuracy: 0.8 | Loss: 0.14045122607313087
INFO:root:epoch 38 : Training Accuracy 0.6 , Loss 0.36746153138686866, Time 0.4743963638941447 minutes, Validation Accuracy 0.5, Minimal Info Left 0.9999999999999999
INFO:root:start epoch 39
INFO:root:Iter: 1| Accuracy: 0.4 | Loss: 0.47146951594609987
INFO:root:Iter: 2| Accuracy: 0.6 | Loss: 0.250990501690849
INFO:root:Iter: 3| Accuracy: 0.6 | Loss: 0.21976393784290948
INFO:root:Iter: 4| Accuracy: 0.8 | Loss: 0.1756348273821813
INFO:root:Iter: 5| Accuracy: 0.0 | Loss: 0.3920167576872736
INFO:root:Iter: 6| Accuracy: 1.0 | Loss: 0.16386160854565815
INFO:root:Iter: 7| Accuracy: 0.6 | Loss: 0.3075170332182485
INFO:root:Iter: 8| Accuracy: 0.8 | Loss: 0.2523810673185795
INFO:root:Iter: 9| Accuracy: 0.4 | Loss: 0.24253558149267107
INFO:root:Iter: 10| Accuracy: 0.8 | Loss: 0.23544410526171503
INFO:root:Iter: 11| Accuracy: 0.4 | Loss: 0.3394138986196438
INFO:root:Iter: 12| Accuracy: 0.4 | Loss: 0.3357061293840454
INFO:root:Iter: 13| Accuracy: 0.4 | Loss: 0.3079079747248472
INFO:root:Iter: 14| Accuracy: 0.4 | Loss: 0.26357142204669004
INFO:root:Iter: 15| Accuracy: 0.4 | Loss: 0.24294176721486757
INFO:root:Iter: 16| Accuracy: 0.6 | Loss: 0.2811181026175115
INFO:root:Iter: 17| Accuracy: 0.4 | Loss: 0.2546590735600465
INFO:root:Iter: 18| Accuracy: 1.0 | Loss: 0.1740315476528565
INFO:root:Iter: 19| Accuracy: 0.8 | Loss: 0.24450190077234998
INFO:root:Iter: 20| Accuracy: 1.0 | Loss: 0.16243758389134003
INFO:root:epoch 39 : Training Accuracy 0.59 , Loss 0.2492628309167668, Time 0.4790798266728719 minutes, Validation Accuracy 0.79, Minimal Info Left 0.9999999999999999
INFO:root:start epoch 40
INFO:root:Iter: 1| Accuracy: 0.6 | Loss: 0.27653538814135314
INFO:root:Iter: 2| Accuracy: 1.0 | Loss: 0.18657588164600405
INFO:root:Iter: 3| Accuracy: 0.4 | Loss: 0.30674724949433574
INFO:root:Iter: 4| Accuracy: 0.8 | Loss: 0.19845836053334512
INFO:root:Iter: 5| Accuracy: 0.6 | Loss: 0.23668201692022411
INFO:root:Iter: 6| Accuracy: 0.4 | Loss: 0.3409658769419611
INFO:root:Iter: 7| Accuracy: 0.6 | Loss: 0.19873951807939422
INFO:root:Iter: 8| Accuracy: 0.8 | Loss: 0.20125868138824043
INFO:root:Iter: 9| Accuracy: 0.2 | Loss: 0.29125543369916407
INFO:root:Iter: 10| Accuracy: 1.0 | Loss: 0.22171057199044145
INFO:root:Iter: 11| Accuracy: 0.6 | Loss: 0.19443213186824432
INFO:root:Iter: 12| Accuracy: 0.6 | Loss: 0.2331078766744609
INFO:root:Iter: 13| Accuracy: 1.0 | Loss: 0.19219036168718784
INFO:root:Iter: 14| Accuracy: 0.4 | Loss: 0.24263270416968732
INFO:root:Iter: 15| Accuracy: 1.0 | Loss: 0.21141155260071853
INFO:root:Iter: 16| Accuracy: 0.6 | Loss: 0.22319247513896306
INFO:root:Iter: 17| Accuracy: 0.6 | Loss: 0.24660598859453806
INFO:root:Iter: 18| Accuracy: 0.8 | Loss: 0.20520843146182904
INFO:root:Iter: 19| Accuracy: 1.0 | Loss: 0.11167478040431074
INFO:root:Iter: 20| Accuracy: 0.8 | Loss: 0.1859444807211406
INFO:root:epoch 40 : Training Accuracy 0.69 , Loss 0.263722084624194, Time 0.4746224681536357 minutes, Validation Accuracy 0.5, Minimal Info Left 0.9999999999999999
INFO:root:start epoch 41
INFO:root:Iter: 1| Accuracy: 0.6 | Loss: 0.30469149648092714
INFO:root:Iter: 2| Accuracy: 0.6 | Loss: 0.26303781279738425
INFO:root:Iter: 3| Accuracy: 0.6 | Loss: 0.26580320457534184
INFO:root:Iter: 4| Accuracy: 0.6 | Loss: 0.17587008899274856
INFO:root:Iter: 5| Accuracy: 0.6 | Loss: 0.21611491800522065
INFO:root:Iter: 6| Accuracy: 0.6 | Loss: 0.20858673400104782
INFO:root:Iter: 7| Accuracy: 0.6 | Loss: 0.22032922685405584
INFO:root:Iter: 8| Accuracy: 0.4 | Loss: 0.2971216165049001
INFO:root:Iter: 9| Accuracy: 0.4 | Loss: 0.2039482464571317
INFO:root:Iter: 10| Accuracy: 0.6 | Loss: 0.25706881304286344
INFO:root:Iter: 11| Accuracy: 0.4 | Loss: 0.24615965947244028
INFO:root:Iter: 12| Accuracy: 0.6 | Loss: 0.21391075213366104
INFO:root:Iter: 13| Accuracy: 0.6 | Loss: 0.30892955998673133
INFO:root:Iter: 14| Accuracy: 0.6 | Loss: 0.2540544149566437
INFO:root:Iter: 15| Accuracy: 0.6 | Loss: 0.22472100770476308
INFO:root:Iter: 16| Accuracy: 0.6 | Loss: 0.24705784271534373
INFO:root:Iter: 17| Accuracy: 0.2 | Loss: 0.3388896334262901
INFO:root:Iter: 18| Accuracy: 0.8 | Loss: 0.2056887811179521
INFO:root:Iter: 19| Accuracy: 0.4 | Loss: 0.2819914387497985
INFO:root:Iter: 20| Accuracy: 1.0 | Loss: 0.04825256427081753
INFO:root:epoch 41 : Training Accuracy 0.57 , Loss 0.3035702224355883, Time 0.4741531014442444 minutes, Validation Accuracy 0.5, Minimal Info Left 0.9999999999999999
INFO:root:start epoch 42
INFO:root:Iter: 1| Accuracy: 0.6 | Loss: 0.34290078616643455
INFO:root:Iter: 2| Accuracy: 0.0 | Loss: 0.3999616727574206
INFO:root:Iter: 3| Accuracy: 0.6 | Loss: 0.3046860139741186
INFO:root:Iter: 4| Accuracy: 0.2 | Loss: 0.2988563395006918
INFO:root:Iter: 5| Accuracy: 0.4 | Loss: 0.2619478476220193
INFO:root:Iter: 6| Accuracy: 0.8 | Loss: 0.1767597704888692
INFO:root:Iter: 7| Accuracy: 0.6 | Loss: 0.23106010735682575
INFO:root:Iter: 8| Accuracy: 0.8 | Loss: 0.14454006024060256
INFO:root:Iter: 9| Accuracy: 0.4 | Loss: 0.2821018360720134
INFO:root:Iter: 10| Accuracy: 0.2 | Loss: 0.3763735888971478
INFO:root:Iter: 11| Accuracy: 0.8 | Loss: 0.23381856076434376
INFO:root:Iter: 12| Accuracy: 0.8 | Loss: 0.19980156370979546
INFO:root:Iter: 13| Accuracy: 1.0 | Loss: 0.1916308278582754
INFO:root:Iter: 14| Accuracy: 1.0 | Loss: 0.1524795457821888
INFO:root:Iter: 15| Accuracy: 0.6 | Loss: 0.2156665729565837
INFO:root:Iter: 16| Accuracy: 1.0 | Loss: 0.15245383875878177
INFO:root:Iter: 17| Accuracy: 1.0 | Loss: 0.21233464955503628
INFO:root:Iter: 18| Accuracy: 1.0 | Loss: 0.18863402492415707
INFO:root:Iter: 19| Accuracy: 0.8 | Loss: 0.24146360645144402
INFO:root:Iter: 20| Accuracy: 0.6 | Loss: 0.3246402159005538
INFO:root:epoch 42 : Training Accuracy 0.66 , Loss 0.2684811428778262, Time 0.48017148971557616 minutes, Validation Accuracy 0.51, Minimal Info Left 0.9999999999999998
INFO:root:start epoch 43
INFO:root:Iter: 1| Accuracy: 0.4 | Loss: 0.2479291704286002
INFO:root:Iter: 2| Accuracy: 0.6 | Loss: 0.1753830638377826
INFO:root:Iter: 3| Accuracy: 0.4 | Loss: 0.28658853689084174
INFO:root:Iter: 4| Accuracy: 1.0 | Loss: 0.14407690858351976
INFO:root:Iter: 5| Accuracy: 0.8 | Loss: 0.15152903608890492
INFO:root:Iter: 6| Accuracy: 0.6 | Loss: 0.1629752560991248
INFO:root:Iter: 7| Accuracy: 0.6 | Loss: 0.13952320283976993
INFO:root:Iter: 8| Accuracy: 0.4 | Loss: 0.3900854288550062
INFO:root:Iter: 9| Accuracy: 0.6 | Loss: 0.1781907163631741
INFO:root:Iter: 10| Accuracy: 0.0 | Loss: 0.33475348816403644
INFO:root:Iter: 11| Accuracy: 0.2 | Loss: 0.35210473899936784
INFO:root:Iter: 12| Accuracy: 0.4 | Loss: 0.2777309839952785
INFO:root:Iter: 13| Accuracy: 0.8 | Loss: 0.20752763352938103
INFO:root:Iter: 14| Accuracy: 0.6 | Loss: 0.26976214625864803
INFO:root:Iter: 15| Accuracy: 0.8 | Loss: 0.15320523847126305
INFO:root:Iter: 16| Accuracy: 0.6 | Loss: 0.313123233905173
INFO:root:Iter: 17| Accuracy: 0.8 | Loss: 0.16666184917086885
INFO:root:Iter: 18| Accuracy: 0.8 | Loss: 0.2248991377726977
INFO:root:Iter: 19| Accuracy: 0.8 | Loss: 0.17619050575539003
INFO:root:Iter: 20| Accuracy: 0.8 | Loss: 0.20995237167836947
INFO:root:epoch 43 : Training Accuracy 0.6 , Loss 0.22572163120537536, Time 0.47240455945332843 minutes, Validation Accuracy 0.96, Minimal Info Left 0.9999999999999999
INFO:root:start epoch 44
INFO:root:Iter: 1| Accuracy: 0.4 | Loss: 0.26789417146171857
INFO:root:Iter: 2| Accuracy: 0.2 | Loss: 0.32084782383582544
INFO:root:Iter: 3| Accuracy: 0.4 | Loss: 0.29347096830825825
INFO:root:Iter: 4| Accuracy: 1.0 | Loss: 0.15401803972887892
INFO:root:Iter: 5| Accuracy: 0.6 | Loss: 0.20428998606073429
INFO:root:Iter: 6| Accuracy: 0.8 | Loss: 0.18447724401628168
INFO:root:Iter: 7| Accuracy: 0.6 | Loss: 0.1790513603794074
INFO:root:Iter: 8| Accuracy: 0.6 | Loss: 0.19587927281178802
INFO:root:Iter: 9| Accuracy: 0.6 | Loss: 0.16380775650222168
INFO:root:Iter: 10| Accuracy: 0.4 | Loss: 0.35503038161293166
INFO:root:Iter: 11| Accuracy: 1.0 | Loss: 0.15821481756579198
INFO:root:Iter: 12| Accuracy: 0.0 | Loss: 0.3518669717851517
INFO:root:Iter: 13| Accuracy: 1.0 | Loss: 0.15885502497742085
INFO:root:Iter: 14| Accuracy: 1.0 | Loss: 0.17996690506663632
INFO:root:Iter: 15| Accuracy: 1.0 | Loss: 0.1165783986672055
INFO:root:Iter: 16| Accuracy: 0.4 | Loss: 0.27136971337311533
INFO:root:Iter: 17| Accuracy: 0.6 | Loss: 0.3233301057578723
INFO:root:Iter: 18| Accuracy: 0.8 | Loss: 0.20052981916480941
INFO:root:Iter: 19| Accuracy: 0.4 | Loss: 0.3018043582958003
INFO:root:Iter: 20| Accuracy: 0.8 | Loss: 0.19925805375385924
INFO:root:epoch 44 : Training Accuracy 0.63 , Loss 0.22602645822305917, Time 0.4649466395378113 minutes, Validation Accuracy 0.93, Minimal Info Left 0.9999999999999998
INFO:root:start epoch 45
INFO:root:Iter: 1| Accuracy: 1.0 | Loss: 0.12615307742106358
INFO:root:Iter: 2| Accuracy: 0.2 | Loss: 0.31566740292519246
INFO:root:Iter: 3| Accuracy: 0.8 | Loss: 0.1963835289965386
INFO:root:Iter: 4| Accuracy: 0.4 | Loss: 0.2340125998704441
INFO:root:Iter: 5| Accuracy: 0.6 | Loss: 0.30083851316342664
INFO:root:Iter: 6| Accuracy: 0.6 | Loss: 0.2786281973334682
INFO:root:Iter: 7| Accuracy: 1.0 | Loss: 0.14728827457167878
INFO:root:Iter: 8| Accuracy: 0.6 | Loss: 0.1838001049426195
INFO:root:Iter: 9| Accuracy: 0.4 | Loss: 0.20729023594495236
INFO:root:Iter: 10| Accuracy: 0.8 | Loss: 0.1869036202205687
INFO:root:Iter: 11| Accuracy: 1.0 | Loss: 0.1520630281571093
INFO:root:Iter: 12| Accuracy: 0.2 | Loss: 0.31113854754459247
INFO:root:Iter: 13| Accuracy: 0.8 | Loss: 0.19825573352602213
INFO:root:Iter: 14| Accuracy: 0.8 | Loss: 0.201447389585947
INFO:root:Iter: 15| Accuracy: 0.8 | Loss: 0.16860752789159622
INFO:root:Iter: 16| Accuracy: 1.0 | Loss: 0.15586710948527377
INFO:root:Iter: 17| Accuracy: 1.0 | Loss: 0.1347746897729142
INFO:root:Iter: 18| Accuracy: 0.8 | Loss: 0.15015998024809632
INFO:root:Iter: 19| Accuracy: 0.8 | Loss: 0.10588435410600527
INFO:root:Iter: 20| Accuracy: 0.8 | Loss: 0.08542620270621797
INFO:root:epoch 45 : Training Accuracy 0.72 , Loss 0.2820057393208252, Time 0.46892659266789755 minutes, Validation Accuracy 0.5, Minimal Info Left 0.9999999999999998
INFO:root:start epoch 46
INFO:root:Iter: 1| Accuracy: 0.2 | Loss: 0.4686272409516981
INFO:root:Iter: 2| Accuracy: 0.6 | Loss: 0.1881646177109428
INFO:root:Iter: 3| Accuracy: 1.0 | Loss: 0.13515230200220998
INFO:root:Iter: 4| Accuracy: 0.4 | Loss: 0.2863108980900875
INFO:root:Iter: 5| Accuracy: 0.8 | Loss: 0.14933035701063413
INFO:root:Iter: 6| Accuracy: 0.8 | Loss: 0.18872974309910348
INFO:root:Iter: 7| Accuracy: 1.0 | Loss: 0.1410695953959034
INFO:root:Iter: 8| Accuracy: 1.0 | Loss: 0.15538449002069504
INFO:root:Iter: 9| Accuracy: 0.2 | Loss: 0.37209920818162956
INFO:root:Iter: 10| Accuracy: 1.0 | Loss: 0.11737026117975365
INFO:root:Iter: 11| Accuracy: 0.2 | Loss: 0.35012662132061567
INFO:root:Iter: 12| Accuracy: 0.8 | Loss: 0.13916384626143122
INFO:root:Iter: 13| Accuracy: 1.0 | Loss: 0.10180016459026983
INFO:root:Iter: 14| Accuracy: 0.8 | Loss: 0.15019847261573951
INFO:root:Iter: 15| Accuracy: 1.0 | Loss: 0.0910040308517799
INFO:root:Iter: 16| Accuracy: 1.0 | Loss: 0.08985398630596439
INFO:root:Iter: 17| Accuracy: 0.2 | Loss: 0.40498349849880483
INFO:root:Iter: 18| Accuracy: 0.2 | Loss: 0.37295363117795444
INFO:root:Iter: 19| Accuracy: 0.2 | Loss: 0.42822588238927406
INFO:root:Iter: 20| Accuracy: 0.8 | Loss: 0.18198028324132237
INFO:root:epoch 46 : Training Accuracy 0.66 , Loss 0.20995814036275445, Time 0.4818705836931864 minutes, Validation Accuracy 0.97, Minimal Info Left 0.9999999999999998
INFO:root:start epoch 47
INFO:root:Iter: 1| Accuracy: 1.0 | Loss: 0.12265298230996022
INFO:root:Iter: 2| Accuracy: 1.0 | Loss: 0.13177760424093476
INFO:root:Iter: 3| Accuracy: 1.0 | Loss: 0.1236363887262999
INFO:root:Iter: 4| Accuracy: 0.0 | Loss: 0.3915559183988597
INFO:root:Iter: 5| Accuracy: 1.0 | Loss: 0.12767454205020567
INFO:root:Iter: 6| Accuracy: 0.0 | Loss: 0.4076808091646821
INFO:root:Iter: 7| Accuracy: 0.2 | Loss: 0.2973091335666237
INFO:root:Iter: 8| Accuracy: 0.2 | Loss: 0.38884985831080887
INFO:root:Iter: 9| Accuracy: 0.8 | Loss: 0.16477969247100854
INFO:root:Iter: 10| Accuracy: 0.8 | Loss: 0.16980189148536348
INFO:root:Iter: 11| Accuracy: 0.0 | Loss: 0.39008134378986214
INFO:root:Iter: 12| Accuracy: 0.4 | Loss: 0.2407007858752624
INFO:root:Iter: 13| Accuracy: 0.0 | Loss: 0.4202799271356568
INFO:root:Iter: 14| Accuracy: 0.6 | Loss: 0.13343434340816945
INFO:root:Iter: 15| Accuracy: 0.2 | Loss: 0.41473743254968765
INFO:root:Iter: 16| Accuracy: 0.8 | Loss: 0.17209553939380381
INFO:root:Iter: 17| Accuracy: 0.2 | Loss: 0.33275673046512966
INFO:root:Iter: 18| Accuracy: 1.0 | Loss: 0.1389881355538694
INFO:root:Iter: 19| Accuracy: 0.4 | Loss: 0.27909618783881207
INFO:root:Iter: 20| Accuracy: 1.0 | Loss: 0.14276409169169052
INFO:root:epoch 47 : Training Accuracy 0.53 , Loss 0.2497025516603236, Time 0.4739256739616394 minutes, Validation Accuracy 0.99, Minimal Info Left 0.9999999999999998
INFO:root:start epoch 48
INFO:root:Iter: 1| Accuracy: 0.6 | Loss: 0.31970813286517225
INFO:root:Iter: 2| Accuracy: 0.8 | Loss: 0.23209437645197212
INFO:root:Iter: 3| Accuracy: 0.6 | Loss: 0.22148464724918798
INFO:root:Iter: 4| Accuracy: 1.0 | Loss: 0.12072302413719918
INFO:root:Iter: 5| Accuracy: 0.8 | Loss: 0.10262062413713284
INFO:root:Iter: 6| Accuracy: 0.4 | Loss: 0.3461388970100025
INFO:root:Iter: 7| Accuracy: 0.2 | Loss: 0.307364942488951
INFO:root:Iter: 8| Accuracy: 0.4 | Loss: 0.34202316576272096
INFO:root:Iter: 9| Accuracy: 0.4 | Loss: 0.20640190543687537
INFO:root:Iter: 10| Accuracy: 0.6 | Loss: 0.32966913680616666
INFO:root:Iter: 11| Accuracy: 0.4 | Loss: 0.24763686076993005
INFO:root:Iter: 12| Accuracy: 1.0 | Loss: 0.1359160699112311
INFO:root:Iter: 13| Accuracy: 1.0 | Loss: 0.10360276357525262
INFO:root:Iter: 14| Accuracy: 0.2 | Loss: 0.2872016776779792
INFO:root:Iter: 15| Accuracy: 0.4 | Loss: 0.22139626894863498
INFO:root:Iter: 16| Accuracy: 0.8 | Loss: 0.21576570512249438
INFO:root:Iter: 17| Accuracy: 0.6 | Loss: 0.15168180742374854
INFO:root:Iter: 18| Accuracy: 0.6 | Loss: 0.3005858217484391
INFO:root:Iter: 19| Accuracy: 0.6 | Loss: 0.15202735526802016
INFO:root:Iter: 20| Accuracy: 0.6 | Loss: 0.2153655824004997
INFO:root:epoch 48 : Training Accuracy 0.6 , Loss 0.22406588115815268, Time 0.47484422524770104 minutes, Validation Accuracy 0.97, Minimal Info Left 0.9999999999999998
INFO:root:start epoch 49
INFO:root:Iter: 1| Accuracy: 1.0 | Loss: 0.11557505871459942
INFO:root:Iter: 2| Accuracy: 0.0 | Loss: 0.35288907876797193
INFO:root:Iter: 3| Accuracy: 0.8 | Loss: 0.17101063980557552
INFO:root:Iter: 4| Accuracy: 1.0 | Loss: 0.11869460378069445
INFO:root:Iter: 5| Accuracy: 1.0 | Loss: 0.1279855087441065
INFO:root:Iter: 6| Accuracy: 0.4 | Loss: 0.2772855236174459
INFO:root:Iter: 7| Accuracy: 0.8 | Loss: 0.19334092585376253
INFO:root:Iter: 8| Accuracy: 0.4 | Loss: 0.33192973391874514
INFO:root:Iter: 9| Accuracy: 0.8 | Loss: 0.13256474000541993
INFO:root:Iter: 10| Accuracy: 0.8 | Loss: 0.16002020174670878
INFO:root:Iter: 11| Accuracy: 0.8 | Loss: 0.1716404787409092
INFO:root:Iter: 12| Accuracy: 0.8 | Loss: 0.12076627375858762
INFO:root:Iter: 13| Accuracy: 0.4 | Loss: 0.18622394817870966
INFO:root:Iter: 14| Accuracy: 0.0 | Loss: 0.3879667914023674
INFO:root:Iter: 15| Accuracy: 0.0 | Loss: 0.38742542931724605
INFO:root:Iter: 16| Accuracy: 0.8 | Loss: 0.16228728441361176
INFO:root:Iter: 17| Accuracy: 0.6 | Loss: 0.17595648118984875
INFO:root:Iter: 18| Accuracy: 0.6 | Loss: 0.40148288116666364
INFO:root:Iter: 19| Accuracy: 0.6 | Loss: 0.4009765629474411
INFO:root:Iter: 20| Accuracy: 0.2 | Loss: 0.32350688560484886
INFO:root:epoch 49 : Training Accuracy 0.59 , Loss 0.23530379338734042, Time 0.47172495126724245 minutes, Validation Accuracy 0.99, Minimal Info Left 0.9999999999999999
INFO:root:start epoch 50
INFO:root:Iter: 1| Accuracy: 1.0 | Loss: 0.10156687165015943
INFO:root:Iter: 2| Accuracy: 0.0 | Loss: 0.3938564500488198
INFO:root:Iter: 3| Accuracy: 0.8 | Loss: 0.2008496487519437
INFO:root:Iter: 4| Accuracy: 0.0 | Loss: 0.3836201139286749
INFO:root:Iter: 5| Accuracy: 0.0 | Loss: 0.39787209425966463
INFO:root:Iter: 6| Accuracy: 1.0 | Loss: 0.1456322139271379
INFO:root:Iter: 7| Accuracy: 1.0 | Loss: 0.15771178437389916
INFO:root:Iter: 8| Accuracy: 0.2 | Loss: 0.3285246053176918
INFO:root:Iter: 9| Accuracy: 0.8 | Loss: 0.18009669437983045
INFO:root:Iter: 10| Accuracy: 0.8 | Loss: 0.13186065463750382
INFO:root:Iter: 11| Accuracy: 0.4 | Loss: 0.39803603399018306
INFO:root:Iter: 12| Accuracy: 1.0 | Loss: 0.03935920178681959
INFO:root:Iter: 13| Accuracy: 0.4 | Loss: 0.432822215492756
INFO:root:Iter: 14| Accuracy: 0.2 | Loss: 0.2902784222422733
INFO:root:Iter: 15| Accuracy: 0.8 | Loss: 0.18372842810150508
INFO:root:Iter: 16| Accuracy: 0.8 | Loss: 0.1801544981046628
INFO:root:Iter: 17| Accuracy: 0.8 | Loss: 0.15036896280480733
INFO:root:Iter: 18| Accuracy: 0.6 | Loss: 0.1986363475441248
INFO:root:Iter: 19| Accuracy: 0.6 | Loss: 0.30114800787614243
INFO:root:Iter: 20| Accuracy: 0.6 | Loss: 0.3498656258420037
INFO:root:epoch 50 : Training Accuracy 0.59 , Loss 0.2783481133461233, Time 0.46995945771535236 minutes, Validation Accuracy 0.51, Minimal Info Left 0.9999999999999998
