INFO:root:embedding methods angle, sample number 100, batch size 10, learning rate 0.5, epoch number 50, layer number 2, pca parameter 8, numpy random seed 0, qubits number 8
INFO:root:start epoch 1
INFO:root:Iter: 1| Accuracy: 0.7 | Loss: 0.24414698
INFO:root:Iter: 2| Accuracy: 0.9 | Loss: 0.07674565000000001
INFO:root:Iter: 3| Accuracy: 0.8 | Loss: 0.14029309
INFO:root:Iter: 4| Accuracy: 0.0 | Loss: 0.44477679999999997
INFO:root:Iter: 5| Accuracy: 1.0 | Loss: 0.10024820000000001
INFO:root:Iter: 6| Accuracy: 1.0 | Loss: 0.06919494
INFO:root:Iter: 7| Accuracy: 0.9 | Loss: 0.07629799999999998
INFO:root:Iter: 8| Accuracy: 0.1 | Loss: 0.51238313
INFO:root:Iter: 9| Accuracy: 0.0 | Loss: 0.5458935599999999
INFO:root:Iter: 10| Accuracy: 0.9 | Loss: 0.11103206000000002
INFO:root:Iter: 11| Accuracy: 0.1 | Loss: 0.5250163
INFO:root:Iter: 12| Accuracy: 0.6 | Loss: 0.3598352
INFO:root:Iter: 13| Accuracy: 0.4 | Loss: 0.31357883999999997
INFO:root:Iter: 14| Accuracy: 0.7 | Loss: 0.22617115999999998
INFO:root:Iter: 15| Accuracy: 0.6 | Loss: 0.26799524999999996
INFO:root:Iter: 16| Accuracy: 0.7 | Loss: 0.29086981000000006
INFO:root:Iter: 17| Accuracy: 0.3 | Loss: 0.35359485
INFO:root:Iter: 18| Accuracy: 0.2 | Loss: 0.30130604999999994
INFO:root:Iter: 19| Accuracy: 0.2 | Loss: 0.29478320999999996
INFO:root:Iter: 20| Accuracy: 0.6 | Loss: 0.20326773
INFO:root:epoch 1 : Training Accuracy 0.535 , Loss 0.268878254, Time 1.9874879439671835 minutes, Validation Accuracy 0.5, Minimal Info Left 0.9804318307657687
INFO:root:start epoch 2
INFO:root:Iter: 1| Accuracy: 0.6 | Loss: 0.24636185
INFO:root:Iter: 2| Accuracy: 0.7 | Loss: 0.24696832000000007
INFO:root:Iter: 3| Accuracy: 0.6 | Loss: 0.21122283999999997
INFO:root:Iter: 4| Accuracy: 0.8 | Loss: 0.14807045
INFO:root:Iter: 5| Accuracy: 0.5 | Loss: 0.26523304999999997
INFO:root:Iter: 6| Accuracy: 0.6 | Loss: 0.23239182
INFO:root:Iter: 7| Accuracy: 0.2 | Loss: 0.27398804
INFO:root:Iter: 8| Accuracy: 0.7 | Loss: 0.19525073
INFO:root:Iter: 9| Accuracy: 0.5 | Loss: 0.26622197999999997
INFO:root:Iter: 10| Accuracy: 0.7 | Loss: 0.23046289
INFO:root:Iter: 11| Accuracy: 0.6 | Loss: 0.23519061999999996
INFO:root:Iter: 12| Accuracy: 0.9 | Loss: 0.21894128999999998
INFO:root:Iter: 13| Accuracy: 0.6 | Loss: 0.22784997
INFO:root:Iter: 14| Accuracy: 0.6 | Loss: 0.21970028000000003
INFO:root:Iter: 15| Accuracy: 0.7 | Loss: 0.19905104999999995
INFO:root:Iter: 16| Accuracy: 0.6 | Loss: 0.21595440000000005
INFO:root:Iter: 17| Accuracy: 0.6 | Loss: 0.22433565
INFO:root:Iter: 18| Accuracy: 0.7 | Loss: 0.24288101
INFO:root:Iter: 19| Accuracy: 0.7 | Loss: 0.26874604999999996
INFO:root:Iter: 20| Accuracy: 0.8 | Loss: 0.21597232000000002
INFO:root:epoch 2 : Training Accuracy 0.635 , Loss 0.2211936809999999, Time 2.0275321284929912 minutes, Validation Accuracy 0.815, Minimal Info Left 0.9874120292726029
INFO:root:start epoch 3
INFO:root:Iter: 1| Accuracy: 0.7 | Loss: 0.19944729999999994
INFO:root:Iter: 2| Accuracy: 0.7 | Loss: 0.18124938000000002
INFO:root:Iter: 3| Accuracy: 0.8 | Loss: 0.19497559999999997
INFO:root:Iter: 4| Accuracy: 0.8 | Loss: 0.16660204999999997
INFO:root:Iter: 5| Accuracy: 1.0 | Loss: 0.12337449
INFO:root:Iter: 6| Accuracy: 0.2 | Loss: 0.39300834000000007
INFO:root:Iter: 7| Accuracy: 0.7 | Loss: 0.33510677
INFO:root:Iter: 8| Accuracy: 0.9 | Loss: 0.12809863999999999
INFO:root:Iter: 9| Accuracy: 1.0 | Loss: 0.12408105
INFO:root:Iter: 10| Accuracy: 0.4 | Loss: 0.37943825
INFO:root:Iter: 11| Accuracy: 0.9 | Loss: 0.11854120999999998
INFO:root:Iter: 12| Accuracy: 0.9 | Loss: 0.13969345
INFO:root:Iter: 13| Accuracy: 0.8 | Loss: 0.18812120999999998
INFO:root:Iter: 14| Accuracy: 0.9 | Loss: 0.0992248
INFO:root:Iter: 15| Accuracy: 0.9 | Loss: 0.10131304000000001
INFO:root:Iter: 16| Accuracy: 0.2 | Loss: 0.4437787
INFO:root:Iter: 17| Accuracy: 0.8 | Loss: 0.07997184000000002
INFO:root:Iter: 18| Accuracy: 1.0 | Loss: 0.09274893999999999
INFO:root:Iter: 19| Accuracy: 1.0 | Loss: 0.11052328999999998
INFO:root:Iter: 20| Accuracy: 0.6 | Loss: 0.33459089
INFO:root:epoch 3 : Training Accuracy 0.76 , Loss 0.22685633200000008, Time 2.0676308194796245 minutes, Validation Accuracy 0.815, Minimal Info Left 0.9834151370723456
INFO:root:start epoch 4
INFO:root:Iter: 1| Accuracy: 1.0 | Loss: 0.10979345000000003
INFO:root:Iter: 2| Accuracy: 0.9 | Loss: 0.11638314000000001
INFO:root:Iter: 3| Accuracy: 1.0 | Loss: 0.11784736999999998
INFO:root:Iter: 4| Accuracy: 1.0 | Loss: 0.12853425000000002
INFO:root:Iter: 5| Accuracy: 1.0 | Loss: 0.055191010000000006
INFO:root:Iter: 6| Accuracy: 0.2 | Loss: 0.40658145
INFO:root:Iter: 7| Accuracy: 0.9 | Loss: 0.10183849
INFO:root:Iter: 8| Accuracy: 0.9 | Loss: 0.09374505999999999
INFO:root:Iter: 9| Accuracy: 0.0 | Loss: 0.41458439999999996
INFO:root:Iter: 10| Accuracy: 0.9 | Loss: 0.10093506000000001
INFO:root:Iter: 11| Accuracy: 0.7 | Loss: 0.14371996999999997
INFO:root:Iter: 12| Accuracy: 0.6 | Loss: 0.18996485
INFO:root:Iter: 13| Accuracy: 0.9 | Loss: 0.13617217
INFO:root:Iter: 14| Accuracy: 0.9 | Loss: 0.12715576999999997
INFO:root:Iter: 15| Accuracy: 0.0 | Loss: 0.40293706
INFO:root:Iter: 16| Accuracy: 0.3 | Loss: 0.33490932
INFO:root:Iter: 17| Accuracy: 0.8 | Loss: 0.17055196999999997
INFO:root:Iter: 18| Accuracy: 0.9 | Loss: 0.13964485
INFO:root:Iter: 19| Accuracy: 1.0 | Loss: 0.11583261999999998
INFO:root:Iter: 20| Accuracy: 0.8 | Loss: 0.10170768
INFO:root:epoch 4 : Training Accuracy 0.735 , Loss 0.2172752040000001, Time 2.076654577255249 minutes, Validation Accuracy 0.63, Minimal Info Left 0.9740617700886943
INFO:root:start epoch 5
INFO:root:Iter: 1| Accuracy: 0.9 | Loss: 0.09796701999999999
INFO:root:Iter: 2| Accuracy: 1.0 | Loss: 0.10814725000000003
INFO:root:Iter: 3| Accuracy: 0.9 | Loss: 0.11395817
INFO:root:Iter: 4| Accuracy: 0.3 | Loss: 0.39237418
INFO:root:Iter: 5| Accuracy: 0.8 | Loss: 0.11868953999999998
INFO:root:Iter: 6| Accuracy: 0.8 | Loss: 0.2569863
INFO:root:Iter: 7| Accuracy: 0.9 | Loss: 0.12166133000000001
INFO:root:Iter: 8| Accuracy: 1.0 | Loss: 0.08679052999999999
INFO:root:Iter: 9| Accuracy: 0.2 | Loss: 0.45188825999999993
INFO:root:Iter: 10| Accuracy: 0.7 | Loss: 0.17206744999999998
INFO:root:Iter: 11| Accuracy: 0.8 | Loss: 0.13365211999999999
INFO:root:Iter: 12| Accuracy: 0.8 | Loss: 0.12868275999999998
INFO:root:Iter: 13| Accuracy: 0.9 | Loss: 0.09781185
INFO:root:Iter: 14| Accuracy: 1.0 | Loss: 0.10581005000000002
INFO:root:Iter: 15| Accuracy: 0.9 | Loss: 0.10089081
INFO:root:Iter: 16| Accuracy: 1.0 | Loss: 0.07298554000000002
INFO:root:Iter: 17| Accuracy: 0.8 | Loss: 0.19530149
INFO:root:Iter: 18| Accuracy: 0.9 | Loss: 0.10773052999999999
INFO:root:Iter: 19| Accuracy: 1.0 | Loss: 0.10733881
INFO:root:Iter: 20| Accuracy: 0.9 | Loss: 0.09640785
INFO:root:epoch 5 : Training Accuracy 0.825 , Loss 0.20143928200000016, Time 2.0809752424558003 minutes, Validation Accuracy 0.8, Minimal Info Left 0.9785293206238603
INFO:root:start epoch 6
INFO:root:Iter: 1| Accuracy: 0.9 | Loss: 0.09509672999999999
INFO:root:Iter: 2| Accuracy: 0.9 | Loss: 0.14116789
INFO:root:Iter: 3| Accuracy: 1.0 | Loss: 0.06990945999999999
INFO:root:Iter: 4| Accuracy: 1.0 | Loss: 0.09947056000000001
INFO:root:Iter: 5| Accuracy: 0.8 | Loss: 0.12529010000000002
INFO:root:Iter: 6| Accuracy: 1.0 | Loss: 0.09367177
INFO:root:Iter: 7| Accuracy: 0.9 | Loss: 0.12722558
INFO:root:Iter: 8| Accuracy: 1.0 | Loss: 0.08704873
INFO:root:Iter: 9| Accuracy: 0.9 | Loss: 0.10047228999999999
INFO:root:Iter: 10| Accuracy: 1.0 | Loss: 0.10442045999999998
INFO:root:Iter: 11| Accuracy: 1.0 | Loss: 0.07685273
INFO:root:Iter: 12| Accuracy: 0.8 | Loss: 0.12067409999999998
INFO:root:Iter: 13| Accuracy: 0.8 | Loss: 0.25789542
INFO:root:Iter: 14| Accuracy: 1.0 | Loss: 0.10302216
INFO:root:Iter: 15| Accuracy: 0.8 | Loss: 0.1002954
INFO:root:Iter: 16| Accuracy: 0.9 | Loss: 0.13221965
INFO:root:Iter: 17| Accuracy: 0.9 | Loss: 0.11213372999999997
INFO:root:Iter: 18| Accuracy: 0.8 | Loss: 0.20607296000000003
INFO:root:Iter: 19| Accuracy: 0.8 | Loss: 0.09111205000000001
INFO:root:Iter: 20| Accuracy: 1.0 | Loss: 0.08219739999999999
INFO:root:epoch 6 : Training Accuracy 0.91 , Loss 0.14755833, Time 2.0802257657051086 minutes, Validation Accuracy 0.975, Minimal Info Left 0.9780107004774241
INFO:root:start epoch 7
INFO:root:Iter: 1| Accuracy: 1.0 | Loss: 0.08718266
INFO:root:Iter: 2| Accuracy: 0.9 | Loss: 0.11396013000000002
INFO:root:Iter: 3| Accuracy: 0.9 | Loss: 0.12799441000000003
INFO:root:Iter: 4| Accuracy: 0.9 | Loss: 0.1046103
INFO:root:Iter: 5| Accuracy: 0.7 | Loss: 0.35275785000000004
INFO:root:Iter: 6| Accuracy: 1.0 | Loss: 0.09738915999999999
INFO:root:Iter: 7| Accuracy: 1.0 | Loss: 0.10470864999999999
INFO:root:Iter: 8| Accuracy: 1.0 | Loss: 0.09010594000000002
INFO:root:Iter: 9| Accuracy: 0.9 | Loss: 0.08633057999999999
INFO:root:Iter: 10| Accuracy: 1.0 | Loss: 0.07327173
INFO:root:Iter: 11| Accuracy: 1.0 | Loss: 0.09214913
INFO:root:Iter: 12| Accuracy: 0.8 | Loss: 0.15662586
INFO:root:Iter: 13| Accuracy: 0.9 | Loss: 0.11211108
INFO:root:Iter: 14| Accuracy: 1.0 | Loss: 0.06850965
INFO:root:Iter: 15| Accuracy: 1.0 | Loss: 0.07775225
INFO:root:Iter: 16| Accuracy: 0.9 | Loss: 0.0906682
INFO:root:Iter: 17| Accuracy: 0.8 | Loss: 0.1185875
INFO:root:Iter: 18| Accuracy: 1.0 | Loss: 0.10847389
INFO:root:Iter: 19| Accuracy: 0.8 | Loss: 0.12113800999999999
INFO:root:Iter: 20| Accuracy: 0.9 | Loss: 0.08463272999999999
INFO:root:epoch 7 : Training Accuracy 0.92 , Loss 0.22809615000000005, Time 2.074348342418671 minutes, Validation Accuracy 0.52, Minimal Info Left 0.9832681120043857
INFO:root:start epoch 8
INFO:root:Iter: 1| Accuracy: 0.8 | Loss: 0.08508789999999998
INFO:root:Iter: 2| Accuracy: 1.0 | Loss: 0.08301027999999999
INFO:root:Iter: 3| Accuracy: 1.0 | Loss: 0.09581246
INFO:root:Iter: 4| Accuracy: 0.5 | Loss: 0.38194380000000006
INFO:root:Iter: 5| Accuracy: 0.9 | Loss: 0.12314213
INFO:root:Iter: 6| Accuracy: 0.9 | Loss: 0.1256087
INFO:root:Iter: 7| Accuracy: 0.9 | Loss: 0.08061830000000002
INFO:root:Iter: 8| Accuracy: 0.8 | Loss: 0.1561363
INFO:root:Iter: 9| Accuracy: 1.0 | Loss: 0.09024637999999999
INFO:root:Iter: 10| Accuracy: 0.9 | Loss: 0.11107948999999999
INFO:root:Iter: 11| Accuracy: 0.9 | Loss: 0.06441472000000001
INFO:root:Iter: 12| Accuracy: 1.0 | Loss: 0.09996585
INFO:root:Iter: 13| Accuracy: 0.6 | Loss: 0.37098436000000007
INFO:root:Iter: 14| Accuracy: 0.9 | Loss: 0.11999373000000002
INFO:root:Iter: 15| Accuracy: 0.8 | Loss: 0.10375885
INFO:root:Iter: 16| Accuracy: 0.8 | Loss: 0.13501685000000002
INFO:root:Iter: 17| Accuracy: 1.0 | Loss: 0.10406325000000001
INFO:root:Iter: 18| Accuracy: 1.0 | Loss: 0.10743180000000001
INFO:root:Iter: 19| Accuracy: 0.9 | Loss: 0.11018437
INFO:root:Iter: 20| Accuracy: 0.5 | Loss: 0.38953121
INFO:root:epoch 8 : Training Accuracy 0.855 , Loss 0.19251798599999997, Time 2.075802707672119 minutes, Validation Accuracy 0.855, Minimal Info Left 0.9792376182189767
INFO:root:start epoch 9
INFO:root:Iter: 1| Accuracy: 0.0 | Loss: 0.4374936099999999
INFO:root:Iter: 2| Accuracy: 0.9 | Loss: 0.09354644
INFO:root:Iter: 3| Accuracy: 0.9 | Loss: 0.10976197000000001
INFO:root:Iter: 4| Accuracy: 0.9 | Loss: 0.06642979999999998
INFO:root:Iter: 5| Accuracy: 0.8 | Loss: 0.1368991
INFO:root:Iter: 6| Accuracy: 1.0 | Loss: 0.07727773000000002
INFO:root:Iter: 7| Accuracy: 0.5 | Loss: 0.41513292999999996
INFO:root:Iter: 8| Accuracy: 0.9 | Loss: 0.09424476
INFO:root:Iter: 9| Accuracy: 1.0 | Loss: 0.10262389999999999
INFO:root:Iter: 10| Accuracy: 0.6 | Loss: 0.37104516
INFO:root:Iter: 11| Accuracy: 1.0 | Loss: 0.09426254000000002
INFO:root:Iter: 12| Accuracy: 0.9 | Loss: 0.09488213999999999
INFO:root:Iter: 13| Accuracy: 1.0 | Loss: 0.11796545
INFO:root:Iter: 14| Accuracy: 1.0 | Loss: 0.10295721
INFO:root:Iter: 15| Accuracy: 1.0 | Loss: 0.13215242
INFO:root:Iter: 16| Accuracy: 0.9 | Loss: 0.12530266000000004
INFO:root:Iter: 17| Accuracy: 1.0 | Loss: 0.08950005
INFO:root:Iter: 18| Accuracy: 1.0 | Loss: 0.08702658
INFO:root:Iter: 19| Accuracy: 1.0 | Loss: 0.0951871
INFO:root:Iter: 20| Accuracy: 1.0 | Loss: 0.07542176999999999
INFO:root:epoch 9 : Training Accuracy 0.865 , Loss 0.15303457200000004, Time 2.0741633137067157 minutes, Validation Accuracy 0.99, Minimal Info Left 0.9874408144928047
INFO:root:start epoch 10
INFO:root:Iter: 1| Accuracy: 1.0 | Loss: 0.08945689000000001
INFO:root:Iter: 2| Accuracy: 1.0 | Loss: 0.085091
INFO:root:Iter: 3| Accuracy: 0.9 | Loss: 0.11133950000000001
INFO:root:Iter: 4| Accuracy: 0.9 | Loss: 0.11435304999999998
INFO:root:Iter: 5| Accuracy: 1.0 | Loss: 0.08028864999999999
INFO:root:Iter: 6| Accuracy: 1.0 | Loss: 0.08320969
INFO:root:Iter: 7| Accuracy: 1.0 | Loss: 0.10067385
INFO:root:Iter: 8| Accuracy: 1.0 | Loss: 0.10114864999999999
INFO:root:Iter: 9| Accuracy: 1.0 | Loss: 0.08089305999999999
INFO:root:Iter: 10| Accuracy: 0.1 | Loss: 0.5076290499999999
INFO:root:Iter: 11| Accuracy: 0.8 | Loss: 0.11460395999999999
INFO:root:Iter: 12| Accuracy: 0.9 | Loss: 0.13108336999999998
INFO:root:Iter: 13| Accuracy: 0.5 | Loss: 0.37381624
INFO:root:Iter: 14| Accuracy: 0.9 | Loss: 0.09556114000000002
INFO:root:Iter: 15| Accuracy: 1.0 | Loss: 0.10011439999999998
INFO:root:Iter: 16| Accuracy: 0.5 | Loss: 0.16329089000000002
INFO:root:Iter: 17| Accuracy: 1.0 | Loss: 0.09782476999999999
INFO:root:Iter: 18| Accuracy: 0.9 | Loss: 0.1136671
INFO:root:Iter: 19| Accuracy: 0.1 | Loss: 0.47637856999999995
INFO:root:Iter: 20| Accuracy: 0.9 | Loss: 0.13754417000000002
INFO:root:epoch 10 : Training Accuracy 0.82 , Loss 0.170124928, Time 2.073422153790792 minutes, Validation Accuracy 0.985, Minimal Info Left 0.9856638098923718
INFO:root:start epoch 11
INFO:root:Iter: 1| Accuracy: 0.9 | Loss: 0.12812896999999998
INFO:root:Iter: 2| Accuracy: 0.9 | Loss: 0.10338376
INFO:root:Iter: 3| Accuracy: 0.2 | Loss: 0.45480140999999996
INFO:root:Iter: 4| Accuracy: 0.6 | Loss: 0.21037880000000003
INFO:root:Iter: 5| Accuracy: 0.8 | Loss: 0.11573079999999998
INFO:root:Iter: 6| Accuracy: 0.9 | Loss: 0.10678379999999998
INFO:root:Iter: 7| Accuracy: 1.0 | Loss: 0.11478773000000002
INFO:root:Iter: 8| Accuracy: 0.2 | Loss: 0.3682358
INFO:root:Iter: 9| Accuracy: 0.6 | Loss: 0.34143212999999994
INFO:root:Iter: 10| Accuracy: 1.0 | Loss: 0.12639265000000002
INFO:root:Iter: 11| Accuracy: 1.0 | Loss: 0.12380485000000001
INFO:root:Iter: 12| Accuracy: 0.2 | Loss: 0.34179861000000006
INFO:root:Iter: 13| Accuracy: 0.9 | Loss: 0.13978542
INFO:root:Iter: 14| Accuracy: 0.8 | Loss: 0.12956581
INFO:root:Iter: 15| Accuracy: 0.9 | Loss: 0.13754265000000002
INFO:root:Iter: 16| Accuracy: 1.0 | Loss: 0.09837952999999999
INFO:root:Iter: 17| Accuracy: 0.9 | Loss: 0.11709902000000001
INFO:root:Iter: 18| Accuracy: 1.0 | Loss: 0.09251483999999999
INFO:root:Iter: 19| Accuracy: 1.0 | Loss: 0.10486045000000002
INFO:root:Iter: 20| Accuracy: 0.9 | Loss: 0.09226552000000002
INFO:root:epoch 11 : Training Accuracy 0.785 , Loss 0.20945563400000008, Time 2.0830591638882954 minutes, Validation Accuracy 0.745, Minimal Info Left 0.9821370036556546
INFO:root:start epoch 12
INFO:root:Iter: 1| Accuracy: 1.0 | Loss: 0.09692812
INFO:root:Iter: 2| Accuracy: 0.0 | Loss: 0.5099989199999999
INFO:root:Iter: 3| Accuracy: 0.1 | Loss: 0.46736441000000006
INFO:root:Iter: 4| Accuracy: 0.2 | Loss: 0.45697153999999995
INFO:root:Iter: 5| Accuracy: 1.0 | Loss: 0.08268785
INFO:root:Iter: 6| Accuracy: 0.9 | Loss: 0.09893341000000001
INFO:root:Iter: 7| Accuracy: 1.0 | Loss: 0.036007449999999996
INFO:root:Iter: 8| Accuracy: 0.9 | Loss: 0.06447973000000004
INFO:root:Iter: 9| Accuracy: 1.0 | Loss: 0.07305526
INFO:root:Iter: 10| Accuracy: 0.3 | Loss: 0.38310048999999996
INFO:root:Iter: 11| Accuracy: 0.9 | Loss: 0.16957614000000004
INFO:root:Iter: 12| Accuracy: 0.9 | Loss: 0.10726186000000001
INFO:root:Iter: 13| Accuracy: 1.0 | Loss: 0.13947429000000003
INFO:root:Iter: 14| Accuracy: 0.9 | Loss: 0.1505974
INFO:root:Iter: 15| Accuracy: 0.9 | Loss: 0.13723674
INFO:root:Iter: 16| Accuracy: 0.8 | Loss: 0.15751257
INFO:root:Iter: 17| Accuracy: 0.2 | Loss: 0.3512597
INFO:root:Iter: 18| Accuracy: 0.3 | Loss: 0.31158725
INFO:root:Iter: 19| Accuracy: 0.9 | Loss: 0.17802041000000002
INFO:root:Iter: 20| Accuracy: 0.7 | Loss: 0.15859739999999997
INFO:root:epoch 12 : Training Accuracy 0.695 , Loss 0.22037898000000006, Time 2.079494039217631 minutes, Validation Accuracy 0.795, Minimal Info Left 0.9837599611354618
INFO:root:start epoch 13
INFO:root:Iter: 1| Accuracy: 0.4 | Loss: 0.26426784
INFO:root:Iter: 2| Accuracy: 0.3 | Loss: 0.28080866000000004
INFO:root:Iter: 3| Accuracy: 0.7 | Loss: 0.2143465
INFO:root:Iter: 4| Accuracy: 0.5 | Loss: 0.25466068999999997
INFO:root:Iter: 5| Accuracy: 0.4 | Loss: 0.25037217
INFO:root:Iter: 6| Accuracy: 0.6 | Loss: 0.2561382
INFO:root:Iter: 7| Accuracy: 0.4 | Loss: 0.26176085000000004
INFO:root:Iter: 8| Accuracy: 0.7 | Loss: 0.21705196999999998
INFO:root:Iter: 9| Accuracy: 0.8 | Loss: 0.17721753999999998
INFO:root:Iter: 10| Accuracy: 0.9 | Loss: 0.1587399
INFO:root:Iter: 11| Accuracy: 1.0 | Loss: 0.12116230000000001
INFO:root:Iter: 12| Accuracy: 1.0 | Loss: 0.1256825
INFO:root:Iter: 13| Accuracy: 1.0 | Loss: 0.11243354000000001
INFO:root:Iter: 14| Accuracy: 1.0 | Loss: 0.11059557
INFO:root:Iter: 15| Accuracy: 1.0 | Loss: 0.09373313999999999
INFO:root:Iter: 16| Accuracy: 1.0 | Loss: 0.03997133
INFO:root:Iter: 17| Accuracy: 1.0 | Loss: 0.09399589
INFO:root:Iter: 18| Accuracy: 1.0 | Loss: 0.08848841
INFO:root:Iter: 19| Accuracy: 0.9 | Loss: 0.12611878
INFO:root:Iter: 20| Accuracy: 0.8 | Loss: 0.13992938
INFO:root:epoch 13 : Training Accuracy 0.77 , Loss 0.20378438699999996, Time 2.0147563298543294 minutes, Validation Accuracy 0.77, Minimal Info Left 0.988359695847873
INFO:root:start epoch 14
INFO:root:Iter: 1| Accuracy: 0.9 | Loss: 0.10508093
INFO:root:Iter: 2| Accuracy: 0.9 | Loss: 0.12776702
INFO:root:Iter: 3| Accuracy: 1.0 | Loss: 0.08896069000000001
INFO:root:Iter: 4| Accuracy: 0.1 | Loss: 0.5034899
INFO:root:Iter: 5| Accuracy: 0.8 | Loss: 0.1256913
INFO:root:Iter: 6| Accuracy: 1.0 | Loss: 0.11735358000000003
INFO:root:Iter: 7| Accuracy: 0.5 | Loss: 0.4411934500000001
INFO:root:Iter: 8| Accuracy: 0.9 | Loss: 0.08950684
INFO:root:Iter: 9| Accuracy: 0.0 | Loss: 0.48162510000000003
INFO:root:Iter: 10| Accuracy: 1.0 | Loss: 0.07081125
INFO:root:Iter: 11| Accuracy: 0.3 | Loss: 0.4225425400000001
INFO:root:Iter: 12| Accuracy: 0.3 | Loss: 0.39720009
INFO:root:Iter: 13| Accuracy: 0.6 | Loss: 0.17632145
INFO:root:Iter: 14| Accuracy: 0.8 | Loss: 0.10346096999999999
INFO:root:Iter: 15| Accuracy: 0.6 | Loss: 0.2710179
INFO:root:Iter: 16| Accuracy: 0.4 | Loss: 0.29804706
INFO:root:Iter: 17| Accuracy: 0.2 | Loss: 0.27949104999999996
INFO:root:Iter: 18| Accuracy: 0.6 | Loss: 0.21890979999999996
INFO:root:Iter: 19| Accuracy: 0.7 | Loss: 0.23182494
INFO:root:Iter: 20| Accuracy: 0.6 | Loss: 0.25953338000000004
INFO:root:epoch 14 : Training Accuracy 0.61 , Loss 0.23802025799999998, Time 1.9528537273406983 minutes, Validation Accuracy 0.54, Minimal Info Left 0.9863427678862221
INFO:root:start epoch 15
INFO:root:Iter: 1| Accuracy: 0.7 | Loss: 0.22933114000000004
INFO:root:Iter: 2| Accuracy: 0.7 | Loss: 0.24585147999999996
INFO:root:Iter: 3| Accuracy: 0.8 | Loss: 0.23053362000000002
INFO:root:Iter: 4| Accuracy: 0.7 | Loss: 0.21515400999999995
INFO:root:Iter: 5| Accuracy: 0.7 | Loss: 0.22932424999999998
INFO:root:Iter: 6| Accuracy: 0.7 | Loss: 0.23599227999999997
INFO:root:Iter: 7| Accuracy: 0.6 | Loss: 0.21865557000000005
INFO:root:Iter: 8| Accuracy: 0.7 | Loss: 0.18257509999999996
INFO:root:Iter: 9| Accuracy: 0.4 | Loss: 0.31223152
INFO:root:Iter: 10| Accuracy: 0.9 | Loss: 0.19842778
INFO:root:Iter: 11| Accuracy: 0.7 | Loss: 0.14133196000000003
INFO:root:Iter: 12| Accuracy: 0.4 | Loss: 0.3124868500000001
INFO:root:Iter: 13| Accuracy: 0.7 | Loss: 0.1542456
INFO:root:Iter: 14| Accuracy: 0.7 | Loss: 0.27724688000000003
INFO:root:Iter: 15| Accuracy: 0.8 | Loss: 0.16625647999999998
INFO:root:Iter: 16| Accuracy: 0.9 | Loss: 0.17148998
INFO:root:Iter: 17| Accuracy: 1.0 | Loss: 0.15830729
INFO:root:Iter: 18| Accuracy: 1.0 | Loss: 0.142901
INFO:root:Iter: 19| Accuracy: 0.9 | Loss: 0.14955888
INFO:root:Iter: 20| Accuracy: 0.6 | Loss: 0.34404036
INFO:root:epoch 15 : Training Accuracy 0.73 , Loss 0.21242339299999993, Time 1.945506246884664 minutes, Validation Accuracy 0.795, Minimal Info Left 0.9803656475037916
INFO:root:start epoch 16
INFO:root:Iter: 1| Accuracy: 0.9 | Loss: 0.11921937
INFO:root:Iter: 2| Accuracy: 1.0 | Loss: 0.12648668000000002
INFO:root:Iter: 3| Accuracy: 0.6 | Loss: 0.3655868000000001
INFO:root:Iter: 4| Accuracy: 1.0 | Loss: 0.12804722
INFO:root:Iter: 5| Accuracy: 1.0 | Loss: 0.08924046
INFO:root:Iter: 6| Accuracy: 1.0 | Loss: 0.09265852000000004
INFO:root:Iter: 7| Accuracy: 1.0 | Loss: 0.10519881
INFO:root:Iter: 8| Accuracy: 1.0 | Loss: 0.09712621000000002
INFO:root:Iter: 9| Accuracy: 0.1 | Loss: 0.42764786
INFO:root:Iter: 10| Accuracy: 0.8 | Loss: 0.0894316
INFO:root:Iter: 11| Accuracy: 0.9 | Loss: 0.16371165000000004
INFO:root:Iter: 12| Accuracy: 0.9 | Loss: 0.09439152999999999
INFO:root:Iter: 13| Accuracy: 1.0 | Loss: 0.09920085
INFO:root:Iter: 14| Accuracy: 0.2 | Loss: 0.38914989999999994
INFO:root:Iter: 15| Accuracy: 0.8 | Loss: 0.14662934
INFO:root:Iter: 16| Accuracy: 1.0 | Loss: 0.100262
INFO:root:Iter: 17| Accuracy: 1.0 | Loss: 0.14323781
INFO:root:Iter: 18| Accuracy: 1.0 | Loss: 0.11395570000000002
INFO:root:Iter: 19| Accuracy: 0.3 | Loss: 0.3513052
INFO:root:Iter: 20| Accuracy: 1.0 | Loss: 0.12714240999999998
INFO:root:epoch 16 : Training Accuracy 0.825 , Loss 0.18450949199999994, Time 1.9369607329368592 minutes, Validation Accuracy 0.98, Minimal Info Left 0.9861304461372727
INFO:root:start epoch 17
INFO:root:Iter: 1| Accuracy: 0.9 | Loss: 0.12425877
INFO:root:Iter: 2| Accuracy: 0.9 | Loss: 0.09791960000000001
INFO:root:Iter: 3| Accuracy: 1.0 | Loss: 0.09638245000000001
INFO:root:Iter: 4| Accuracy: 0.8 | Loss: 0.10551081
INFO:root:Iter: 5| Accuracy: 0.9 | Loss: 0.10836625
INFO:root:Iter: 6| Accuracy: 0.5 | Loss: 0.40126817
INFO:root:Iter: 7| Accuracy: 1.0 | Loss: 0.10814240999999998
INFO:root:Iter: 8| Accuracy: 1.0 | Loss: 0.08500964999999999
INFO:root:Iter: 9| Accuracy: 0.9 | Loss: 0.10739873
INFO:root:Iter: 10| Accuracy: 0.9 | Loss: 0.08311220999999999
INFO:root:Iter: 11| Accuracy: 0.9 | Loss: 0.10343021000000001
INFO:root:Iter: 12| Accuracy: 1.0 | Loss: 0.08151391999999999
INFO:root:Iter: 13| Accuracy: 1.0 | Loss: 0.10243924999999998
INFO:root:Iter: 14| Accuracy: 1.0 | Loss: 0.09091629
INFO:root:Iter: 15| Accuracy: 0.9 | Loss: 0.10036381000000001
INFO:root:Iter: 16| Accuracy: 1.0 | Loss: 0.11332084999999999
INFO:root:Iter: 17| Accuracy: 0.1 | Loss: 0.48444660000000006
INFO:root:Iter: 18| Accuracy: 0.9 | Loss: 0.11406377000000001
INFO:root:Iter: 19| Accuracy: 1.0 | Loss: 0.08918308999999999
INFO:root:Iter: 20| Accuracy: 0.6 | Loss: 0.38080713999999993
INFO:root:epoch 17 : Training Accuracy 0.86 , Loss 0.19244205900000005, Time 1.9396612922350565 minutes, Validation Accuracy 0.85, Minimal Info Left 0.9856663273583284
INFO:root:start epoch 18
INFO:root:Iter: 1| Accuracy: 0.1 | Loss: 0.41137393999999994
INFO:root:Iter: 2| Accuracy: 0.0 | Loss: 0.43520541
INFO:root:Iter: 3| Accuracy: 0.3 | Loss: 0.37460748999999993
INFO:root:Iter: 4| Accuracy: 0.8 | Loss: 0.10723450000000004
INFO:root:Iter: 5| Accuracy: 0.8 | Loss: 0.09938809000000003
INFO:root:Iter: 6| Accuracy: 0.9 | Loss: 0.17820376999999996
INFO:root:Iter: 7| Accuracy: 0.7 | Loss: 0.13617837
INFO:root:Iter: 8| Accuracy: 0.9 | Loss: 0.16355489
INFO:root:Iter: 9| Accuracy: 1.0 | Loss: 0.17621556
INFO:root:Iter: 10| Accuracy: 1.0 | Loss: 0.14255441
INFO:root:Iter: 11| Accuracy: 0.7 | Loss: 0.29194076
INFO:root:Iter: 12| Accuracy: 0.3 | Loss: 0.33628804999999995
INFO:root:Iter: 13| Accuracy: 1.0 | Loss: 0.11709054
INFO:root:Iter: 14| Accuracy: 0.8 | Loss: 0.15881489
INFO:root:Iter: 15| Accuracy: 0.8 | Loss: 0.14487089
INFO:root:Iter: 16| Accuracy: 0.9 | Loss: 0.11760228999999997
INFO:root:Iter: 17| Accuracy: 0.2 | Loss: 0.35884958000000006
INFO:root:Iter: 18| Accuracy: 1.0 | Loss: 0.13188061
INFO:root:Iter: 19| Accuracy: 1.0 | Loss: 0.11594601
INFO:root:Iter: 20| Accuracy: 0.8 | Loss: 0.11370072
INFO:root:epoch 18 : Training Accuracy 0.7 , Loss 0.2878450290000001, Time 1.9391024311383565 minutes, Validation Accuracy 0.52, Minimal Info Left 0.9752790668963605
INFO:root:start epoch 19
INFO:root:Iter: 1| Accuracy: 0.8 | Loss: 0.07235130000000002
INFO:root:Iter: 2| Accuracy: 0.9 | Loss: 0.15623944
INFO:root:Iter: 3| Accuracy: 0.6 | Loss: 0.33860721
INFO:root:Iter: 4| Accuracy: 1.0 | Loss: 0.09185536999999999
INFO:root:Iter: 5| Accuracy: 0.5 | Loss: 0.27769352999999997
INFO:root:Iter: 6| Accuracy: 0.2 | Loss: 0.39448665000000005
INFO:root:Iter: 7| Accuracy: 0.7 | Loss: 0.20926169
INFO:root:Iter: 8| Accuracy: 1.0 | Loss: 0.13845205
INFO:root:Iter: 9| Accuracy: 1.0 | Loss: 0.10545210000000001
INFO:root:Iter: 10| Accuracy: 1.0 | Loss: 0.10293010000000002
INFO:root:Iter: 11| Accuracy: 0.6 | Loss: 0.37925538000000003
INFO:root:Iter: 12| Accuracy: 0.3 | Loss: 0.37146021000000007
INFO:root:Iter: 13| Accuracy: 0.7 | Loss: 0.12960585
INFO:root:Iter: 14| Accuracy: 1.0 | Loss: 0.13051092
INFO:root:Iter: 15| Accuracy: 0.9 | Loss: 0.10951004999999998
INFO:root:Iter: 16| Accuracy: 0.6 | Loss: 0.3139943
INFO:root:Iter: 17| Accuracy: 0.6 | Loss: 0.27092045
INFO:root:Iter: 18| Accuracy: 0.7 | Loss: 0.15354602
INFO:root:Iter: 19| Accuracy: 0.9 | Loss: 0.18543772
INFO:root:Iter: 20| Accuracy: 0.7 | Loss: 0.14444712
INFO:root:epoch 19 : Training Accuracy 0.735 , Loss 0.24820853199999998, Time 1.9808424870173136 minutes, Validation Accuracy 0.5, Minimal Info Left 0.9872912061189005
INFO:root:start epoch 20
INFO:root:Iter: 1| Accuracy: 1.0 | Loss: 0.16802201
INFO:root:Iter: 2| Accuracy: 0.7 | Loss: 0.16312881
INFO:root:Iter: 3| Accuracy: 0.9 | Loss: 0.16564696999999998
INFO:root:Iter: 4| Accuracy: 1.0 | Loss: 0.11738891999999998
INFO:root:Iter: 5| Accuracy: 0.2 | Loss: 0.37739344999999996
INFO:root:Iter: 6| Accuracy: 1.0 | Loss: 0.10491261
INFO:root:Iter: 7| Accuracy: 1.0 | Loss: 0.0804361
INFO:root:Iter: 8| Accuracy: 1.0 | Loss: 0.08373405000000002
INFO:root:Iter: 9| Accuracy: 0.8 | Loss: 0.08299000999999999
INFO:root:Iter: 10| Accuracy: 0.0 | Loss: 0.4531723
INFO:root:Iter: 11| Accuracy: 0.9 | Loss: 0.10811964999999998
INFO:root:Iter: 12| Accuracy: 1.0 | Loss: 0.10743085999999999
INFO:root:Iter: 13| Accuracy: 0.8 | Loss: 0.07429666
INFO:root:Iter: 14| Accuracy: 0.9 | Loss: 0.14387165
INFO:root:Iter: 15| Accuracy: 0.8 | Loss: 0.11903185000000001
INFO:root:Iter: 16| Accuracy: 0.1 | Loss: 0.4367981
INFO:root:Iter: 17| Accuracy: 1.0 | Loss: 0.09979589000000001
INFO:root:Iter: 18| Accuracy: 1.0 | Loss: 0.08793272999999999
INFO:root:Iter: 19| Accuracy: 0.9 | Loss: 0.14208063999999998
INFO:root:Iter: 20| Accuracy: 1.0 | Loss: 0.09597736000000001
INFO:root:epoch 20 : Training Accuracy 0.8 , Loss 0.16880875899999995, Time 2.0747417847315472 minutes, Validation Accuracy 0.985, Minimal Info Left 0.98146909662474
INFO:root:start epoch 21
INFO:root:Iter: 1| Accuracy: 0.8 | Loss: 0.16349570000000005
INFO:root:Iter: 2| Accuracy: 0.7 | Loss: 0.32683014
INFO:root:Iter: 3| Accuracy: 1.0 | Loss: 0.10411681000000002
INFO:root:Iter: 4| Accuracy: 0.2 | Loss: 0.39599189999999995
INFO:root:Iter: 5| Accuracy: 1.0 | Loss: 0.12401236000000002
INFO:root:Iter: 6| Accuracy: 0.9 | Loss: 0.08268234000000001
INFO:root:Iter: 7| Accuracy: 0.8 | Loss: 0.22238542000000003
INFO:root:Iter: 8| Accuracy: 0.8 | Loss: 0.17160858
INFO:root:Iter: 9| Accuracy: 0.8 | Loss: 0.14565145000000002
INFO:root:Iter: 10| Accuracy: 0.9 | Loss: 0.10381221
INFO:root:Iter: 11| Accuracy: 0.9 | Loss: 0.12367953999999999
INFO:root:Iter: 12| Accuracy: 0.7 | Loss: 0.11706100000000001
INFO:root:Iter: 13| Accuracy: 0.9 | Loss: 0.1415127
INFO:root:Iter: 14| Accuracy: 0.2 | Loss: 0.4034416500000001
INFO:root:Iter: 15| Accuracy: 0.9 | Loss: 0.11079777999999998
INFO:root:Iter: 16| Accuracy: 1.0 | Loss: 0.10156193999999999
INFO:root:Iter: 17| Accuracy: 0.9 | Loss: 0.06301165
INFO:root:Iter: 18| Accuracy: 1.0 | Loss: 0.11668945000000001
INFO:root:Iter: 19| Accuracy: 0.9 | Loss: 0.09720085
INFO:root:Iter: 20| Accuracy: 1.0 | Loss: 0.07018954000000002
INFO:root:epoch 21 : Training Accuracy 0.815 , Loss 0.20214083199999994, Time 2.118264901638031 minutes, Validation Accuracy 0.82, Minimal Info Left 0.9840370149464638
INFO:root:start epoch 22
INFO:root:Iter: 1| Accuracy: 1.0 | Loss: 0.09267485
INFO:root:Iter: 2| Accuracy: 1.0 | Loss: 0.07723218000000001
INFO:root:Iter: 3| Accuracy: 1.0 | Loss: 0.10497405000000001
INFO:root:Iter: 4| Accuracy: 1.0 | Loss: 0.08178736
INFO:root:Iter: 5| Accuracy: 0.5 | Loss: 0.40758233
INFO:root:Iter: 6| Accuracy: 1.0 | Loss: 0.10769525000000002
INFO:root:Iter: 7| Accuracy: 0.1 | Loss: 0.45559352999999997
INFO:root:Iter: 8| Accuracy: 1.0 | Loss: 0.0994193
INFO:root:Iter: 9| Accuracy: 1.0 | Loss: 0.12318972000000002
INFO:root:Iter: 10| Accuracy: 1.0 | Loss: 0.05370105000000001
INFO:root:Iter: 11| Accuracy: 0.2 | Loss: 0.45653717999999993
INFO:root:Iter: 12| Accuracy: 1.0 | Loss: 0.09067089
INFO:root:Iter: 13| Accuracy: 1.0 | Loss: 0.09065620999999999
INFO:root:Iter: 14| Accuracy: 1.0 | Loss: 0.09650504
INFO:root:Iter: 15| Accuracy: 0.8 | Loss: 0.08429404000000001
INFO:root:Iter: 16| Accuracy: 0.9 | Loss: 0.11586091999999999
INFO:root:Iter: 17| Accuracy: 0.9 | Loss: 0.13302801
INFO:root:Iter: 18| Accuracy: 1.0 | Loss: 0.10500209
INFO:root:Iter: 19| Accuracy: 1.0 | Loss: 0.09377819999999999
INFO:root:Iter: 20| Accuracy: 0.1 | Loss: 0.47361578
INFO:root:epoch 22 : Training Accuracy 0.825 , Loss 0.17977375899999992, Time 2.141396681467692 minutes, Validation Accuracy 0.99, Minimal Info Left 0.9734455683846338
INFO:root:start epoch 23
INFO:root:Iter: 1| Accuracy: 0.9 | Loss: 0.15944450000000002
INFO:root:Iter: 2| Accuracy: 1.0 | Loss: 0.09899104
INFO:root:Iter: 3| Accuracy: 1.0 | Loss: 0.09469245000000001
INFO:root:Iter: 4| Accuracy: 0.9 | Loss: 0.10711165999999998
INFO:root:Iter: 5| Accuracy: 1.0 | Loss: 0.08431953
INFO:root:Iter: 6| Accuracy: 1.0 | Loss: 0.08834748999999999
INFO:root:Iter: 7| Accuracy: 0.5 | Loss: 0.34992005000000004
INFO:root:Iter: 8| Accuracy: 1.0 | Loss: 0.10192357
INFO:root:Iter: 9| Accuracy: 0.6 | Loss: 0.20175083999999996
INFO:root:Iter: 10| Accuracy: 1.0 | Loss: 0.12351953
INFO:root:Iter: 11| Accuracy: 1.0 | Loss: 0.09773342000000002
INFO:root:Iter: 12| Accuracy: 0.9 | Loss: 0.07528293
INFO:root:Iter: 13| Accuracy: 1.0 | Loss: 0.10145743999999998
INFO:root:Iter: 14| Accuracy: 1.0 | Loss: 0.08365005000000002
INFO:root:Iter: 15| Accuracy: 0.9 | Loss: 0.09365905
INFO:root:Iter: 16| Accuracy: 0.1 | Loss: 0.4883997700000001
INFO:root:Iter: 17| Accuracy: 0.9 | Loss: 0.09936945000000001
INFO:root:Iter: 18| Accuracy: 0.2 | Loss: 0.46183177000000003
INFO:root:Iter: 19| Accuracy: 0.2 | Loss: 0.38776145
INFO:root:Iter: 20| Accuracy: 1.0 | Loss: 0.09738645
INFO:root:epoch 23 : Training Accuracy 0.805 , Loss 0.19307300000000008, Time 2.151461458206177 minutes, Validation Accuracy 0.9, Minimal Info Left 0.9769691622970177
INFO:root:start epoch 24
INFO:root:Iter: 1| Accuracy: 1.0 | Loss: 0.09860738
INFO:root:Iter: 2| Accuracy: 0.9 | Loss: 0.14249875999999997
INFO:root:Iter: 3| Accuracy: 0.3 | Loss: 0.33860685
INFO:root:Iter: 4| Accuracy: 1.0 | Loss: 0.11913269
INFO:root:Iter: 5| Accuracy: 0.8 | Loss: 0.12147706
INFO:root:Iter: 6| Accuracy: 1.0 | Loss: 0.10917236999999999
INFO:root:Iter: 7| Accuracy: 0.9 | Loss: 0.17155309000000002
INFO:root:Iter: 8| Accuracy: 0.8 | Loss: 0.23004585
INFO:root:Iter: 9| Accuracy: 0.9 | Loss: 0.12249709000000002
INFO:root:Iter: 10| Accuracy: 1.0 | Loss: 0.11855281
INFO:root:Iter: 11| Accuracy: 1.0 | Loss: 0.11447333
INFO:root:Iter: 12| Accuracy: 0.9 | Loss: 0.10971617
INFO:root:Iter: 13| Accuracy: 0.7 | Loss: 0.14116933
INFO:root:Iter: 14| Accuracy: 1.0 | Loss: 0.08686946
INFO:root:Iter: 15| Accuracy: 1.0 | Loss: 0.10620479999999999
INFO:root:Iter: 16| Accuracy: 0.5 | Loss: 0.34695346000000005
INFO:root:Iter: 17| Accuracy: 0.9 | Loss: 0.12024125
INFO:root:Iter: 18| Accuracy: 0.9 | Loss: 0.08391641999999998
INFO:root:Iter: 19| Accuracy: 1.0 | Loss: 0.07112089
INFO:root:Iter: 20| Accuracy: 0.9 | Loss: 0.06878577
INFO:root:epoch 24 : Training Accuracy 0.87 , Loss 0.24151688400000007, Time 2.15386164188385 minutes, Validation Accuracy 0.545, Minimal Info Left 0.9742409036321085
INFO:root:start epoch 25
INFO:root:Iter: 1| Accuracy: 1.0 | Loss: 0.10339764999999998
INFO:root:Iter: 2| Accuracy: 0.5 | Loss: 0.42606990000000006
INFO:root:Iter: 3| Accuracy: 1.0 | Loss: 0.08553279999999999
INFO:root:Iter: 4| Accuracy: 0.9 | Loss: 0.12815889999999996
INFO:root:Iter: 5| Accuracy: 0.9 | Loss: 0.12567906
INFO:root:Iter: 6| Accuracy: 1.0 | Loss: 0.08279257000000001
INFO:root:Iter: 7| Accuracy: 0.9 | Loss: 0.11263441
INFO:root:Iter: 8| Accuracy: 0.0 | Loss: 0.48283865000000004
INFO:root:Iter: 9| Accuracy: 0.2 | Loss: 0.42742362
INFO:root:Iter: 10| Accuracy: 1.0 | Loss: 0.10215193
INFO:root:Iter: 11| Accuracy: 0.9 | Loss: 0.10582333
INFO:root:Iter: 12| Accuracy: 1.0 | Loss: 0.09812178000000002
INFO:root:Iter: 13| Accuracy: 0.8 | Loss: 0.15939959999999997
INFO:root:Iter: 14| Accuracy: 0.9 | Loss: 0.11589505000000003
INFO:root:Iter: 15| Accuracy: 1.0 | Loss: 0.10453225
INFO:root:Iter: 16| Accuracy: 1.0 | Loss: 0.07984298
INFO:root:Iter: 17| Accuracy: 1.0 | Loss: 0.10242884999999999
INFO:root:Iter: 18| Accuracy: 0.7 | Loss: 0.17948484
INFO:root:Iter: 19| Accuracy: 1.0 | Loss: 0.06946606000000001
INFO:root:Iter: 20| Accuracy: 0.9 | Loss: 0.08923818000000001
INFO:root:epoch 25 : Training Accuracy 0.83 , Loss 0.17648809499999996, Time 2.150047492980957 minutes, Validation Accuracy 0.985, Minimal Info Left 0.9863024864567327
INFO:root:start epoch 26
INFO:root:Iter: 1| Accuracy: 1.0 | Loss: 0.0712532
INFO:root:Iter: 2| Accuracy: 1.0 | Loss: 0.08968005000000001
INFO:root:Iter: 3| Accuracy: 1.0 | Loss: 0.09282461
INFO:root:Iter: 4| Accuracy: 1.0 | Loss: 0.08952489000000001
INFO:root:Iter: 5| Accuracy: 1.0 | Loss: 0.07919555999999998
INFO:root:Iter: 6| Accuracy: 1.0 | Loss: 0.10317007999999998
INFO:root:Iter: 7| Accuracy: 0.9 | Loss: 0.11159390000000002
INFO:root:Iter: 8| Accuracy: 0.9 | Loss: 0.09747348000000002
INFO:root:Iter: 9| Accuracy: 1.0 | Loss: 0.11190858000000001
INFO:root:Iter: 10| Accuracy: 0.9 | Loss: 0.11528322000000002
INFO:root:Iter: 11| Accuracy: 0.8 | Loss: 0.1503277
INFO:root:Iter: 12| Accuracy: 0.8 | Loss: 0.0614139
INFO:root:Iter: 13| Accuracy: 1.0 | Loss: 0.0731831
INFO:root:Iter: 14| Accuracy: 1.0 | Loss: 0.06274579999999999
INFO:root:Iter: 15| Accuracy: 0.0 | Loss: 0.45522539999999995
INFO:root:Iter: 16| Accuracy: 0.8 | Loss: 0.28298204999999993
INFO:root:Iter: 17| Accuracy: 1.0 | Loss: 0.09360965
INFO:root:Iter: 18| Accuracy: 0.3 | Loss: 0.39951633000000003
INFO:root:Iter: 19| Accuracy: 1.0 | Loss: 0.12160648
INFO:root:Iter: 20| Accuracy: 0.9 | Loss: 0.13916008000000002
INFO:root:epoch 26 : Training Accuracy 0.865 , Loss 0.16706780300000001, Time 2.1196954091389975 minutes, Validation Accuracy 0.96, Minimal Info Left 0.9855118536174952
INFO:root:start epoch 27
INFO:root:Iter: 1| Accuracy: 1.0 | Loss: 0.10289845
INFO:root:Iter: 2| Accuracy: 0.5 | Loss: 0.35338832
INFO:root:Iter: 3| Accuracy: 1.0 | Loss: 0.1267339
INFO:root:Iter: 4| Accuracy: 1.0 | Loss: 0.12936641000000002
INFO:root:Iter: 5| Accuracy: 0.7 | Loss: 0.1847709
INFO:root:Iter: 6| Accuracy: 1.0 | Loss: 0.10879354
INFO:root:Iter: 7| Accuracy: 0.6 | Loss: 0.39838785
INFO:root:Iter: 8| Accuracy: 1.0 | Loss: 0.11938902
INFO:root:Iter: 9| Accuracy: 0.8 | Loss: 0.17044021999999998
INFO:root:Iter: 10| Accuracy: 1.0 | Loss: 0.11186842
INFO:root:Iter: 11| Accuracy: 1.0 | Loss: 0.07016425000000001
INFO:root:Iter: 12| Accuracy: 1.0 | Loss: 0.10806772
INFO:root:Iter: 13| Accuracy: 1.0 | Loss: 0.07040360999999999
INFO:root:Iter: 14| Accuracy: 0.9 | Loss: 0.10041924999999999
INFO:root:Iter: 15| Accuracy: 1.0 | Loss: 0.09003724
INFO:root:Iter: 16| Accuracy: 1.0 | Loss: 0.09532889999999998
INFO:root:Iter: 17| Accuracy: 1.0 | Loss: 0.07539304000000002
INFO:root:Iter: 18| Accuracy: 0.8 | Loss: 0.09091128
INFO:root:Iter: 19| Accuracy: 1.0 | Loss: 0.10804851999999998
INFO:root:Iter: 20| Accuracy: 1.0 | Loss: 0.11097744999999999
INFO:root:epoch 27 : Training Accuracy 0.915 , Loss 0.15299504200000005, Time 2.065148035685221 minutes, Validation Accuracy 0.99, Minimal Info Left 0.9793937528502944
INFO:root:start epoch 28
INFO:root:Iter: 1| Accuracy: 1.0 | Loss: 0.063707
INFO:root:Iter: 2| Accuracy: 1.0 | Loss: 0.08573388000000001
INFO:root:Iter: 3| Accuracy: 1.0 | Loss: 0.1031798
INFO:root:Iter: 4| Accuracy: 1.0 | Loss: 0.09278367999999998
INFO:root:Iter: 5| Accuracy: 0.1 | Loss: 0.5083191800000001
INFO:root:Iter: 6| Accuracy: 0.9 | Loss: 0.10729554000000001
INFO:root:Iter: 7| Accuracy: 0.9 | Loss: 0.13333858
INFO:root:Iter: 8| Accuracy: 0.9 | Loss: 0.10537534
INFO:root:Iter: 9| Accuracy: 0.1 | Loss: 0.4438133200000001
INFO:root:Iter: 10| Accuracy: 1.0 | Loss: 0.0977408
INFO:root:Iter: 11| Accuracy: 0.2 | Loss: 0.43050917999999994
INFO:root:Iter: 12| Accuracy: 1.0 | Loss: 0.13342252999999998
INFO:root:Iter: 13| Accuracy: 0.9 | Loss: 0.08696985
INFO:root:Iter: 14| Accuracy: 0.4 | Loss: 0.36976942
INFO:root:Iter: 15| Accuracy: 0.9 | Loss: 0.10861570000000001
INFO:root:Iter: 16| Accuracy: 0.7 | Loss: 0.1888114
INFO:root:Iter: 17| Accuracy: 1.0 | Loss: 0.13151648
INFO:root:Iter: 18| Accuracy: 0.8 | Loss: 0.10856890000000001
INFO:root:Iter: 19| Accuracy: 0.9 | Loss: 0.11464764999999999
INFO:root:Iter: 20| Accuracy: 1.0 | Loss: 0.11486441
INFO:root:epoch 28 : Training Accuracy 0.785 , Loss 0.18138063599999998, Time 2.14369291861852 minutes, Validation Accuracy 0.98, Minimal Info Left 0.9856052932218873
INFO:root:start epoch 29
INFO:root:Iter: 1| Accuracy: 0.3 | Loss: 0.38927954000000003
INFO:root:Iter: 2| Accuracy: 1.0 | Loss: 0.07691737000000001
INFO:root:Iter: 3| Accuracy: 1.0 | Loss: 0.09380172000000002
INFO:root:Iter: 4| Accuracy: 0.7 | Loss: 0.17458532000000002
INFO:root:Iter: 5| Accuracy: 0.9 | Loss: 0.11073069000000002
INFO:root:Iter: 6| Accuracy: 1.0 | Loss: 0.08783368999999999
INFO:root:Iter: 7| Accuracy: 0.9 | Loss: 0.13232961000000001
INFO:root:Iter: 8| Accuracy: 1.0 | Loss: 0.08781725
INFO:root:Iter: 9| Accuracy: 1.0 | Loss: 0.07257278
INFO:root:Iter: 10| Accuracy: 1.0 | Loss: 0.07325398
INFO:root:Iter: 11| Accuracy: 1.0 | Loss: 0.08056316
INFO:root:Iter: 12| Accuracy: 1.0 | Loss: 0.10239074
INFO:root:Iter: 13| Accuracy: 1.0 | Loss: 0.11068922
INFO:root:Iter: 14| Accuracy: 1.0 | Loss: 0.08947947999999997
INFO:root:Iter: 15| Accuracy: 0.8 | Loss: 0.10746412000000001
INFO:root:Iter: 16| Accuracy: 0.9 | Loss: 0.13944478
INFO:root:Iter: 17| Accuracy: 0.9 | Loss: 0.11702544000000004
INFO:root:Iter: 18| Accuracy: 0.9 | Loss: 0.09824338
INFO:root:Iter: 19| Accuracy: 0.9 | Loss: 0.09416144999999998
INFO:root:Iter: 20| Accuracy: 1.0 | Loss: 0.07433841
INFO:root:epoch 29 : Training Accuracy 0.91 , Loss 0.15046496199999987, Time 2.0740485310554506 minutes, Validation Accuracy 0.945, Minimal Info Left 0.9810093632611275
INFO:root:start epoch 30
INFO:root:Iter: 1| Accuracy: 1.0 | Loss: 0.06075440000000001
INFO:root:Iter: 2| Accuracy: 1.0 | Loss: 0.10793225000000002
INFO:root:Iter: 3| Accuracy: 1.0 | Loss: 0.10398643999999999
INFO:root:Iter: 4| Accuracy: 1.0 | Loss: 0.09712153999999999
INFO:root:Iter: 5| Accuracy: 0.9 | Loss: 0.11621458
INFO:root:Iter: 6| Accuracy: 0.2 | Loss: 0.47467088999999996
INFO:root:Iter: 7| Accuracy: 0.9 | Loss: 0.06083921000000001
INFO:root:Iter: 8| Accuracy: 0.4 | Loss: 0.38682469
INFO:root:Iter: 9| Accuracy: 1.0 | Loss: 0.11667374
INFO:root:Iter: 10| Accuracy: 1.0 | Loss: 0.09986922
INFO:root:Iter: 11| Accuracy: 1.0 | Loss: 0.05399513
INFO:root:Iter: 12| Accuracy: 1.0 | Loss: 0.10281165000000003
INFO:root:Iter: 13| Accuracy: 1.0 | Loss: 0.08602713
INFO:root:Iter: 14| Accuracy: 0.9 | Loss: 0.12520265
INFO:root:Iter: 15| Accuracy: 0.2 | Loss: 0.42899772999999997
INFO:root:Iter: 16| Accuracy: 1.0 | Loss: 0.1020188
INFO:root:Iter: 17| Accuracy: 1.0 | Loss: 0.10135678
INFO:root:Iter: 18| Accuracy: 0.8 | Loss: 0.13364213
INFO:root:Iter: 19| Accuracy: 1.0 | Loss: 0.10394701999999997
INFO:root:Iter: 20| Accuracy: 0.9 | Loss: 0.12308424999999998
INFO:root:epoch 30 : Training Accuracy 0.86 , Loss 0.1727153040000002, Time 2.0942315737406414 minutes, Validation Accuracy 0.98, Minimal Info Left 0.9817903001024058
INFO:root:start epoch 31
INFO:root:Iter: 1| Accuracy: 1.0 | Loss: 0.09061545000000003
INFO:root:Iter: 2| Accuracy: 1.0 | Loss: 0.09830768000000001
INFO:root:Iter: 3| Accuracy: 1.0 | Loss: 0.08604501
INFO:root:Iter: 4| Accuracy: 1.0 | Loss: 0.10290412000000002
INFO:root:Iter: 5| Accuracy: 0.1 | Loss: 0.49431020000000003
INFO:root:Iter: 6| Accuracy: 1.0 | Loss: 0.06160449999999999
INFO:root:Iter: 7| Accuracy: 0.9 | Loss: 0.10220745000000002
INFO:root:Iter: 8| Accuracy: 0.9 | Loss: 0.10749497999999999
INFO:root:Iter: 9| Accuracy: 0.1 | Loss: 0.44192449000000006
INFO:root:Iter: 10| Accuracy: 0.6 | Loss: 0.34425106
INFO:root:Iter: 11| Accuracy: 1.0 | Loss: 0.1036532
INFO:root:Iter: 12| Accuracy: 0.7 | Loss: 0.39515505
INFO:root:Iter: 13| Accuracy: 0.6 | Loss: 0.14751613000000002
INFO:root:Iter: 14| Accuracy: 0.4 | Loss: 0.38263653999999997
INFO:root:Iter: 15| Accuracy: 0.5 | Loss: 0.3621381
INFO:root:Iter: 16| Accuracy: 0.8 | Loss: 0.08328110000000002
INFO:root:Iter: 17| Accuracy: 0.8 | Loss: 0.08787327999999998
INFO:root:Iter: 18| Accuracy: 0.8 | Loss: 0.10187349999999999
INFO:root:Iter: 19| Accuracy: 0.8 | Loss: 0.17344905000000002
INFO:root:Iter: 20| Accuracy: 0.9 | Loss: 0.13565014
INFO:root:epoch 31 : Training Accuracy 0.745 , Loss 0.21318559, Time 2.1074484388033548 minutes, Validation Accuracy 0.755, Minimal Info Left 0.9744285763794843
INFO:root:start epoch 32
INFO:root:Iter: 1| Accuracy: 0.8 | Loss: 0.14424713
INFO:root:Iter: 2| Accuracy: 0.8 | Loss: 0.19483198
INFO:root:Iter: 3| Accuracy: 1.0 | Loss: 0.0993308
INFO:root:Iter: 4| Accuracy: 0.9 | Loss: 0.13701313000000004
INFO:root:Iter: 5| Accuracy: 0.9 | Loss: 0.10250129999999999
INFO:root:Iter: 6| Accuracy: 0.9 | Loss: 0.06505428999999999
INFO:root:Iter: 7| Accuracy: 1.0 | Loss: 0.0951496
INFO:root:Iter: 8| Accuracy: 0.3 | Loss: 0.43880489999999994
INFO:root:Iter: 9| Accuracy: 0.6 | Loss: 0.32871665000000005
INFO:root:Iter: 10| Accuracy: 0.9 | Loss: 0.11539753000000001
INFO:root:Iter: 11| Accuracy: 0.8 | Loss: 0.08427876999999999
INFO:root:Iter: 12| Accuracy: 1.0 | Loss: 0.11789514000000004
INFO:root:Iter: 13| Accuracy: 0.9 | Loss: 0.09455519999999999
INFO:root:Iter: 14| Accuracy: 0.9 | Loss: 0.127553
INFO:root:Iter: 15| Accuracy: 0.9 | Loss: 0.11816145
INFO:root:Iter: 16| Accuracy: 0.9 | Loss: 0.09462691999999999
INFO:root:Iter: 17| Accuracy: 1.0 | Loss: 0.128774
INFO:root:Iter: 18| Accuracy: 0.9 | Loss: 0.10387441000000001
INFO:root:Iter: 19| Accuracy: 0.4 | Loss: 0.43767985
INFO:root:Iter: 20| Accuracy: 0.8 | Loss: 0.08437348999999998
INFO:root:epoch 32 : Training Accuracy 0.83 , Loss 0.2643195979999998, Time 2.093202523390452 minutes, Validation Accuracy 0.515, Minimal Info Left 0.9849853866887455
INFO:root:start epoch 33
INFO:root:Iter: 1| Accuracy: 1.0 | Loss: 0.08146945000000001
INFO:root:Iter: 2| Accuracy: 0.6 | Loss: 0.38144671999999996
INFO:root:Iter: 3| Accuracy: 0.9 | Loss: 0.11610529
INFO:root:Iter: 4| Accuracy: 1.0 | Loss: 0.10574481999999999
INFO:root:Iter: 5| Accuracy: 0.7 | Loss: 0.1670066
INFO:root:Iter: 6| Accuracy: 0.8 | Loss: 0.12821080999999998
INFO:root:Iter: 7| Accuracy: 0.9 | Loss: 0.08176355999999999
INFO:root:Iter: 8| Accuracy: 1.0 | Loss: 0.1114487
INFO:root:Iter: 9| Accuracy: 1.0 | Loss: 0.05745365
INFO:root:Iter: 10| Accuracy: 1.0 | Loss: 0.06972568999999999
INFO:root:Iter: 11| Accuracy: 0.2 | Loss: 0.43935436
INFO:root:Iter: 12| Accuracy: 1.0 | Loss: 0.12323881
INFO:root:Iter: 13| Accuracy: 0.8 | Loss: 0.2891194
INFO:root:Iter: 14| Accuracy: 0.9 | Loss: 0.09276068
INFO:root:Iter: 15| Accuracy: 0.9 | Loss: 0.10673705
INFO:root:Iter: 16| Accuracy: 1.0 | Loss: 0.09106565
INFO:root:Iter: 17| Accuracy: 1.0 | Loss: 0.11533453
INFO:root:Iter: 18| Accuracy: 0.9 | Loss: 0.11132865
INFO:root:Iter: 19| Accuracy: 0.7 | Loss: 0.15792829
INFO:root:Iter: 20| Accuracy: 1.0 | Loss: 0.10439625000000001
INFO:root:epoch 33 : Training Accuracy 0.865 , Loss 0.17267181999999995, Time 2.116007117430369 minutes, Validation Accuracy 0.92, Minimal Info Left 0.9777777052237112
INFO:root:start epoch 34
INFO:root:Iter: 1| Accuracy: 0.8 | Loss: 0.12676764999999998
INFO:root:Iter: 2| Accuracy: 1.0 | Loss: 0.07059991999999998
INFO:root:Iter: 3| Accuracy: 0.9 | Loss: 0.10087732999999999
INFO:root:Iter: 4| Accuracy: 1.0 | Loss: 0.08170213000000001
INFO:root:Iter: 5| Accuracy: 0.0 | Loss: 0.45985857999999996
INFO:root:Iter: 6| Accuracy: 1.0 | Loss: 0.07769120999999998
INFO:root:Iter: 7| Accuracy: 1.0 | Loss: 0.07915758
INFO:root:Iter: 8| Accuracy: 1.0 | Loss: 0.06403232
INFO:root:Iter: 9| Accuracy: 1.0 | Loss: 0.08906385
INFO:root:Iter: 10| Accuracy: 0.9 | Loss: 0.10340352000000001
INFO:root:Iter: 11| Accuracy: 1.0 | Loss: 0.09836442
INFO:root:Iter: 12| Accuracy: 0.8 | Loss: 0.07605925000000001
INFO:root:Iter: 13| Accuracy: 1.0 | Loss: 0.08977900999999998
INFO:root:Iter: 14| Accuracy: 1.0 | Loss: 0.08151392999999998
INFO:root:Iter: 15| Accuracy: 0.8 | Loss: 0.12283736
INFO:root:Iter: 16| Accuracy: 0.2 | Loss: 0.4667533999999999
INFO:root:Iter: 17| Accuracy: 1.0 | Loss: 0.10330361000000002
INFO:root:Iter: 18| Accuracy: 1.0 | Loss: 0.08380682000000002
INFO:root:Iter: 19| Accuracy: 0.9 | Loss: 0.17136804999999997
INFO:root:Iter: 20| Accuracy: 1.0 | Loss: 0.08786941
INFO:root:epoch 34 : Training Accuracy 0.865 , Loss 0.169147278, Time 2.0799078504244486 minutes, Validation Accuracy 0.995, Minimal Info Left 0.9756620509720446
INFO:root:start epoch 35
INFO:root:Iter: 1| Accuracy: 0.5 | Loss: 0.40823985
INFO:root:Iter: 2| Accuracy: 0.8 | Loss: 0.34237965
INFO:root:Iter: 3| Accuracy: 1.0 | Loss: 0.1044325
INFO:root:Iter: 4| Accuracy: 0.9 | Loss: 0.09427841
INFO:root:Iter: 5| Accuracy: 0.9 | Loss: 0.07499125
INFO:root:Iter: 6| Accuracy: 1.0 | Loss: 0.08300000000000002
INFO:root:Iter: 7| Accuracy: 0.3 | Loss: 0.40100108000000007
INFO:root:Iter: 8| Accuracy: 0.9 | Loss: 0.13043332000000005
INFO:root:Iter: 9| Accuracy: 0.9 | Loss: 0.05761253000000001
INFO:root:Iter: 10| Accuracy: 1.0 | Loss: 0.10072205000000001
INFO:root:Iter: 11| Accuracy: 0.6 | Loss: 0.31477561
INFO:root:Iter: 12| Accuracy: 0.7 | Loss: 0.19025193999999998
INFO:root:Iter: 13| Accuracy: 0.4 | Loss: 0.34115325
INFO:root:Iter: 14| Accuracy: 0.9 | Loss: 0.15548729999999997
INFO:root:Iter: 15| Accuracy: 0.9 | Loss: 0.15314565
INFO:root:Iter: 16| Accuracy: 0.8 | Loss: 0.080638
INFO:root:Iter: 17| Accuracy: 0.8 | Loss: 0.11720604999999998
INFO:root:Iter: 18| Accuracy: 1.0 | Loss: 0.13701925
INFO:root:Iter: 19| Accuracy: 0.4 | Loss: 0.33562776
INFO:root:Iter: 20| Accuracy: 0.5 | Loss: 0.32301620999999997
INFO:root:epoch 35 : Training Accuracy 0.76 , Loss 0.2115148859999999, Time 2.12585365374883 minutes, Validation Accuracy 0.98, Minimal Info Left 0.98431544718159
INFO:root:start epoch 36
INFO:root:Iter: 1| Accuracy: 0.9 | Loss: 0.18363307999999998
INFO:root:Iter: 2| Accuracy: 0.7 | Loss: 0.28278709999999996
INFO:root:Iter: 3| Accuracy: 0.7 | Loss: 0.22826202
INFO:root:Iter: 4| Accuracy: 0.9 | Loss: 0.06943361000000002
INFO:root:Iter: 5| Accuracy: 0.6 | Loss: 0.20289023999999997
INFO:root:Iter: 6| Accuracy: 0.7 | Loss: 0.17611508999999997
INFO:root:Iter: 7| Accuracy: 0.7 | Loss: 0.23940057
INFO:root:Iter: 8| Accuracy: 0.7 | Loss: 0.21991818000000002
INFO:root:Iter: 9| Accuracy: 0.7 | Loss: 0.19681793
INFO:root:Iter: 10| Accuracy: 0.8 | Loss: 0.17000425999999996
INFO:root:Iter: 11| Accuracy: 0.6 | Loss: 0.23093741000000004
INFO:root:Iter: 12| Accuracy: 0.6 | Loss: 0.24632263999999995
INFO:root:Iter: 13| Accuracy: 0.7 | Loss: 0.18423404999999998
INFO:root:Iter: 14| Accuracy: 0.7 | Loss: 0.20168990000000003
INFO:root:Iter: 15| Accuracy: 0.5 | Loss: 0.25818305
INFO:root:Iter: 16| Accuracy: 0.7 | Loss: 0.22406457999999999
INFO:root:Iter: 17| Accuracy: 0.8 | Loss: 0.12396185000000001
INFO:root:Iter: 18| Accuracy: 0.8 | Loss: 0.16746727999999997
INFO:root:Iter: 19| Accuracy: 0.8 | Loss: 0.1369699
INFO:root:Iter: 20| Accuracy: 1.0 | Loss: 0.14825713999999998
INFO:root:epoch 36 : Training Accuracy 0.73 , Loss 0.21093591700000006, Time 2.0949091990788777 minutes, Validation Accuracy 0.955, Minimal Info Left 0.9818785166559066
INFO:root:start epoch 37
INFO:root:Iter: 1| Accuracy: 0.3 | Loss: 0.38424117
INFO:root:Iter: 2| Accuracy: 0.9 | Loss: 0.1386817
INFO:root:Iter: 3| Accuracy: 0.6 | Loss: 0.3301866
INFO:root:Iter: 4| Accuracy: 0.3 | Loss: 0.39957228
INFO:root:Iter: 5| Accuracy: 0.8 | Loss: 0.163877
INFO:root:Iter: 6| Accuracy: 1.0 | Loss: 0.11339601000000002
INFO:root:Iter: 7| Accuracy: 1.0 | Loss: 0.13701148
INFO:root:Iter: 8| Accuracy: 1.0 | Loss: 0.14597968
INFO:root:Iter: 9| Accuracy: 0.9 | Loss: 0.08336054000000001
INFO:root:Iter: 10| Accuracy: 1.0 | Loss: 0.09779344999999999
INFO:root:Iter: 11| Accuracy: 1.0 | Loss: 0.10207904999999999
INFO:root:Iter: 12| Accuracy: 0.2 | Loss: 0.41730325000000007
INFO:root:Iter: 13| Accuracy: 1.0 | Loss: 0.12211164999999999
INFO:root:Iter: 14| Accuracy: 0.8 | Loss: 0.16935221
INFO:root:Iter: 15| Accuracy: 0.9 | Loss: 0.10134221000000002
INFO:root:Iter: 16| Accuracy: 1.0 | Loss: 0.08876093
INFO:root:Iter: 17| Accuracy: 0.9 | Loss: 0.12796396999999998
INFO:root:Iter: 18| Accuracy: 1.0 | Loss: 0.12422555999999998
INFO:root:Iter: 19| Accuracy: 1.0 | Loss: 0.10905441
INFO:root:Iter: 20| Accuracy: 1.0 | Loss: 0.10666582
INFO:root:epoch 37 : Training Accuracy 0.83 , Loss 0.19251994799999989, Time 2.143369770050049 minutes, Validation Accuracy 0.995, Minimal Info Left 0.9774400957632577
INFO:root:start epoch 38
INFO:root:Iter: 1| Accuracy: 0.9 | Loss: 0.11165340000000001
INFO:root:Iter: 2| Accuracy: 0.6 | Loss: 0.3725889
INFO:root:Iter: 3| Accuracy: 1.0 | Loss: 0.06673179999999998
INFO:root:Iter: 4| Accuracy: 1.0 | Loss: 0.06339489999999999
INFO:root:Iter: 5| Accuracy: 0.9 | Loss: 0.09989445000000001
INFO:root:Iter: 6| Accuracy: 1.0 | Loss: 0.09546674000000002
INFO:root:Iter: 7| Accuracy: 1.0 | Loss: 0.08499538
INFO:root:Iter: 8| Accuracy: 0.9 | Loss: 0.16193745999999998
INFO:root:Iter: 9| Accuracy: 1.0 | Loss: 0.08318905
INFO:root:Iter: 10| Accuracy: 1.0 | Loss: 0.10828693
INFO:root:Iter: 11| Accuracy: 1.0 | Loss: 0.07712077
INFO:root:Iter: 12| Accuracy: 0.9 | Loss: 0.09968241
INFO:root:Iter: 13| Accuracy: 0.6 | Loss: 0.39893413
INFO:root:Iter: 14| Accuracy: 1.0 | Loss: 0.09625086
INFO:root:Iter: 15| Accuracy: 1.0 | Loss: 0.08961744
INFO:root:Iter: 16| Accuracy: 0.9 | Loss: 0.12335199999999999
INFO:root:Iter: 17| Accuracy: 1.0 | Loss: 0.08697000999999999
INFO:root:Iter: 18| Accuracy: 0.5 | Loss: 0.39990925999999993
INFO:root:Iter: 19| Accuracy: 0.0 | Loss: 0.50699341
INFO:root:Iter: 20| Accuracy: 0.9 | Loss: 0.10596953
INFO:root:epoch 38 : Training Accuracy 0.855 , Loss 0.182071622, Time 2.2016801476478576 minutes, Validation Accuracy 0.885, Minimal Info Left 0.9826411046653529
INFO:root:start epoch 39
INFO:root:Iter: 1| Accuracy: 0.7 | Loss: 0.35722486
INFO:root:Iter: 2| Accuracy: 1.0 | Loss: 0.12136877000000001
INFO:root:Iter: 3| Accuracy: 1.0 | Loss: 0.13024773
INFO:root:Iter: 4| Accuracy: 1.0 | Loss: 0.11813958
INFO:root:Iter: 5| Accuracy: 0.9 | Loss: 0.12756312000000003
INFO:root:Iter: 6| Accuracy: 0.9 | Loss: 0.13867429999999997
INFO:root:Iter: 7| Accuracy: 0.8 | Loss: 0.13119873
INFO:root:Iter: 8| Accuracy: 1.0 | Loss: 0.11039360999999999
INFO:root:Iter: 9| Accuracy: 1.0 | Loss: 0.051297209999999996
INFO:root:Iter: 10| Accuracy: 1.0 | Loss: 0.08377793
INFO:root:Iter: 11| Accuracy: 0.9 | Loss: 0.14378261
INFO:root:Iter: 12| Accuracy: 1.0 | Loss: 0.08469748999999999
INFO:root:Iter: 13| Accuracy: 0.5 | Loss: 0.39831293000000006
INFO:root:Iter: 14| Accuracy: 1.0 | Loss: 0.08024849999999999
INFO:root:Iter: 15| Accuracy: 1.0 | Loss: 0.08135481
INFO:root:Iter: 16| Accuracy: 0.9 | Loss: 0.11611213000000001
INFO:root:Iter: 17| Accuracy: 1.0 | Loss: 0.07914028999999997
INFO:root:Iter: 18| Accuracy: 1.0 | Loss: 0.11038736999999998
INFO:root:Iter: 19| Accuracy: 0.9 | Loss: 0.10457409
INFO:root:Iter: 20| Accuracy: 1.0 | Loss: 0.07536045999999999
INFO:root:epoch 39 : Training Accuracy 0.925 , Loss 0.14418976999999997, Time 2.116919453938802 minutes, Validation Accuracy 0.99, Minimal Info Left 0.9822608601455349
INFO:root:start epoch 40
INFO:root:Iter: 1| Accuracy: 0.0 | Loss: 0.47761645
INFO:root:Iter: 2| Accuracy: 1.0 | Loss: 0.09457364999999998
INFO:root:Iter: 3| Accuracy: 0.9 | Loss: 0.11727532999999998
INFO:root:Iter: 4| Accuracy: 0.9 | Loss: 0.11678653000000001
INFO:root:Iter: 5| Accuracy: 1.0 | Loss: 0.08132025
INFO:root:Iter: 6| Accuracy: 1.0 | Loss: 0.08694461
INFO:root:Iter: 7| Accuracy: 1.0 | Loss: 0.08607221000000001
INFO:root:Iter: 8| Accuracy: 0.6 | Loss: 0.36204633
INFO:root:Iter: 9| Accuracy: 1.0 | Loss: 0.10351795999999999
INFO:root:Iter: 10| Accuracy: 0.9 | Loss: 0.09093017
INFO:root:Iter: 11| Accuracy: 1.0 | Loss: 0.08627972999999999
INFO:root:Iter: 12| Accuracy: 1.0 | Loss: 0.08080029000000002
INFO:root:Iter: 13| Accuracy: 0.9 | Loss: 0.14218293999999995
INFO:root:Iter: 14| Accuracy: 1.0 | Loss: 0.07981722
INFO:root:Iter: 15| Accuracy: 1.0 | Loss: 0.08949259999999999
INFO:root:Iter: 16| Accuracy: 0.9 | Loss: 0.08490998000000001
INFO:root:Iter: 17| Accuracy: 0.9 | Loss: 0.11909544000000001
INFO:root:Iter: 18| Accuracy: 1.0 | Loss: 0.08015425
INFO:root:Iter: 19| Accuracy: 1.0 | Loss: 0.0912365
INFO:root:Iter: 20| Accuracy: 0.1 | Loss: 0.45338545
INFO:root:epoch 40 : Training Accuracy 0.855 , Loss 0.16257175000000001, Time 2.1172181089719135 minutes, Validation Accuracy 0.99, Minimal Info Left 0.9791361238501983
INFO:root:start epoch 41
INFO:root:Iter: 1| Accuracy: 1.0 | Loss: 0.08064710000000001
INFO:root:Iter: 2| Accuracy: 0.1 | Loss: 0.51911265
INFO:root:Iter: 3| Accuracy: 1.0 | Loss: 0.1191546
INFO:root:Iter: 4| Accuracy: 0.8 | Loss: 0.14131332000000002
INFO:root:Iter: 5| Accuracy: 1.0 | Loss: 0.07746934
INFO:root:Iter: 6| Accuracy: 1.0 | Loss: 0.10025656999999999
INFO:root:Iter: 7| Accuracy: 0.9 | Loss: 0.11979765
INFO:root:Iter: 8| Accuracy: 0.6 | Loss: 0.39312026
INFO:root:Iter: 9| Accuracy: 1.0 | Loss: 0.09323108999999999
INFO:root:Iter: 10| Accuracy: 1.0 | Loss: 0.09341096999999998
INFO:root:Iter: 11| Accuracy: 0.9 | Loss: 0.11114272
INFO:root:Iter: 12| Accuracy: 0.1 | Loss: 0.48448037
INFO:root:Iter: 13| Accuracy: 0.9 | Loss: 0.12015337
INFO:root:Iter: 14| Accuracy: 0.9 | Loss: 0.09416854
INFO:root:Iter: 15| Accuracy: 1.0 | Loss: 0.10949205
INFO:root:Iter: 16| Accuracy: 1.0 | Loss: 0.10437570000000003
INFO:root:Iter: 17| Accuracy: 0.8 | Loss: 0.11076833
INFO:root:Iter: 18| Accuracy: 0.9 | Loss: 0.08634812000000001
INFO:root:Iter: 19| Accuracy: 0.8 | Loss: 0.10855337000000001
INFO:root:Iter: 20| Accuracy: 0.9 | Loss: 0.08821057
INFO:root:epoch 41 : Training Accuracy 0.83 , Loss 0.20358488000000002, Time 2.105328373114268 minutes, Validation Accuracy 0.72, Minimal Info Left 0.9767149300884734
INFO:root:start epoch 42
INFO:root:Iter: 1| Accuracy: 0.9 | Loss: 0.11045997
INFO:root:Iter: 2| Accuracy: 0.6 | Loss: 0.39497337
INFO:root:Iter: 3| Accuracy: 1.0 | Loss: 0.07707291999999999
INFO:root:Iter: 4| Accuracy: 1.0 | Loss: 0.10093961
INFO:root:Iter: 5| Accuracy: 0.9 | Loss: 0.11598431999999999
INFO:root:Iter: 6| Accuracy: 1.0 | Loss: 0.08750568999999998
INFO:root:Iter: 7| Accuracy: 1.0 | Loss: 0.11266310000000002
INFO:root:Iter: 8| Accuracy: 1.0 | Loss: 0.07550821
INFO:root:Iter: 9| Accuracy: 1.0 | Loss: 0.09557556
INFO:root:Iter: 10| Accuracy: 1.0 | Loss: 0.09555069999999999
INFO:root:Iter: 11| Accuracy: 1.0 | Loss: 0.08517552
INFO:root:Iter: 12| Accuracy: 1.0 | Loss: 0.10523788
INFO:root:Iter: 13| Accuracy: 1.0 | Loss: 0.09768814
INFO:root:Iter: 14| Accuracy: 0.8 | Loss: 0.29160605
INFO:root:Iter: 15| Accuracy: 0.9 | Loss: 0.12923805
INFO:root:Iter: 16| Accuracy: 1.0 | Loss: 0.11246405
INFO:root:Iter: 17| Accuracy: 1.0 | Loss: 0.0699371
INFO:root:Iter: 18| Accuracy: 0.9 | Loss: 0.07642238
INFO:root:Iter: 19| Accuracy: 0.9 | Loss: 0.08427119999999999
INFO:root:Iter: 20| Accuracy: 1.0 | Loss: 0.09731189000000003
INFO:root:epoch 42 : Training Accuracy 0.945 , Loss 0.13726886200000005, Time 2.092683748404185 minutes, Validation Accuracy 0.995, Minimal Info Left 0.9849922781288535
INFO:root:start epoch 43
INFO:root:Iter: 1| Accuracy: 0.8 | Loss: 0.15085434000000003
INFO:root:Iter: 2| Accuracy: 1.0 | Loss: 0.07764932999999999
INFO:root:Iter: 3| Accuracy: 1.0 | Loss: 0.09469450000000001
INFO:root:Iter: 4| Accuracy: 1.0 | Loss: 0.11688838000000001
INFO:root:Iter: 5| Accuracy: 1.0 | Loss: 0.12161293000000002
INFO:root:Iter: 6| Accuracy: 0.6 | Loss: 0.4395044799999999
INFO:root:Iter: 7| Accuracy: 0.9 | Loss: 0.08615425
INFO:root:Iter: 8| Accuracy: 0.8 | Loss: 0.14314928
INFO:root:Iter: 9| Accuracy: 1.0 | Loss: 0.09357005
INFO:root:Iter: 10| Accuracy: 0.9 | Loss: 0.11700037
INFO:root:Iter: 11| Accuracy: 1.0 | Loss: 0.0799741
INFO:root:Iter: 12| Accuracy: 1.0 | Loss: 0.08012801
INFO:root:Iter: 13| Accuracy: 1.0 | Loss: 0.0835361
INFO:root:Iter: 14| Accuracy: 1.0 | Loss: 0.06705988
INFO:root:Iter: 15| Accuracy: 1.0 | Loss: 0.09095508
INFO:root:Iter: 16| Accuracy: 0.9 | Loss: 0.10770437999999997
INFO:root:Iter: 17| Accuracy: 0.9 | Loss: 0.10928749
INFO:root:Iter: 18| Accuracy: 0.9 | Loss: 0.08467153
INFO:root:Iter: 19| Accuracy: 0.5 | Loss: 0.40875817000000003
INFO:root:Iter: 20| Accuracy: 1.0 | Loss: 0.09181385
INFO:root:epoch 43 : Training Accuracy 0.91 , Loss 0.15470529399999994, Time 2.0921983162562054 minutes, Validation Accuracy 0.995, Minimal Info Left 0.9847293337801818
INFO:root:start epoch 44
INFO:root:Iter: 1| Accuracy: 0.8 | Loss: 0.31258063999999997
INFO:root:Iter: 2| Accuracy: 1.0 | Loss: 0.10433600999999999
INFO:root:Iter: 3| Accuracy: 1.0 | Loss: 0.08984320999999998
INFO:root:Iter: 4| Accuracy: 1.0 | Loss: 0.047922980000000004
INFO:root:Iter: 5| Accuracy: 0.9 | Loss: 0.13652409000000001
INFO:root:Iter: 6| Accuracy: 0.9 | Loss: 0.09567385000000002
INFO:root:Iter: 7| Accuracy: 1.0 | Loss: 0.10055185999999998
INFO:root:Iter: 8| Accuracy: 1.0 | Loss: 0.09641530000000001
INFO:root:Iter: 9| Accuracy: 1.0 | Loss: 0.09618729
INFO:root:Iter: 10| Accuracy: 0.7 | Loss: 0.31730428
INFO:root:Iter: 11| Accuracy: 1.0 | Loss: 0.10280965
INFO:root:Iter: 12| Accuracy: 0.9 | Loss: 0.11132786000000001
INFO:root:Iter: 13| Accuracy: 1.0 | Loss: 0.05809840000000001
INFO:root:Iter: 14| Accuracy: 0.0 | Loss: 0.43008656
INFO:root:Iter: 15| Accuracy: 1.0 | Loss: 0.1014496
INFO:root:Iter: 16| Accuracy: 0.9 | Loss: 0.1222011
INFO:root:Iter: 17| Accuracy: 1.0 | Loss: 0.11527141000000003
INFO:root:Iter: 18| Accuracy: 1.0 | Loss: 0.1068502
INFO:root:Iter: 19| Accuracy: 1.0 | Loss: 0.09017265
INFO:root:Iter: 20| Accuracy: 1.0 | Loss: 0.09398379999999999
INFO:root:epoch 44 : Training Accuracy 0.905 , Loss 0.15821431499999994, Time 2.0684136907259623 minutes, Validation Accuracy 0.99, Minimal Info Left 0.979557830093643
INFO:root:start epoch 45
INFO:root:Iter: 1| Accuracy: 0.9 | Loss: 0.06831234
INFO:root:Iter: 2| Accuracy: 1.0 | Loss: 0.11219780000000001
INFO:root:Iter: 3| Accuracy: 1.0 | Loss: 0.10797788000000001
INFO:root:Iter: 4| Accuracy: 1.0 | Loss: 0.084247
INFO:root:Iter: 5| Accuracy: 1.0 | Loss: 0.09607861999999999
INFO:root:Iter: 6| Accuracy: 0.7 | Loss: 0.27613017
INFO:root:Iter: 7| Accuracy: 1.0 | Loss: 0.07062485000000002
INFO:root:Iter: 8| Accuracy: 1.0 | Loss: 0.0648888
INFO:root:Iter: 9| Accuracy: 0.9 | Loss: 0.11459456999999999
INFO:root:Iter: 10| Accuracy: 0.8 | Loss: 0.12828576000000003
INFO:root:Iter: 11| Accuracy: 0.8 | Loss: 0.11449408999999999
INFO:root:Iter: 12| Accuracy: 0.8 | Loss: 0.11573390000000001
INFO:root:Iter: 13| Accuracy: 1.0 | Loss: 0.07652685000000002
INFO:root:Iter: 14| Accuracy: 0.6 | Loss: 0.41436706
INFO:root:Iter: 15| Accuracy: 0.6 | Loss: 0.18424398
INFO:root:Iter: 16| Accuracy: 1.0 | Loss: 0.11666030000000001
INFO:root:Iter: 17| Accuracy: 0.6 | Loss: 0.4248567
INFO:root:Iter: 18| Accuracy: 0.1 | Loss: 0.45572676999999995
INFO:root:Iter: 19| Accuracy: 0.9 | Loss: 0.10945065000000001
INFO:root:Iter: 20| Accuracy: 1.0 | Loss: 0.12200221
INFO:root:epoch 45 : Training Accuracy 0.835 , Loss 0.19243198999999997, Time 2.0705236554145814 minutes, Validation Accuracy 0.965, Minimal Info Left 0.9852318152974183
INFO:root:start epoch 46
INFO:root:Iter: 1| Accuracy: 0.9 | Loss: 0.10684104999999999
INFO:root:Iter: 2| Accuracy: 1.0 | Loss: 0.09174716000000001
INFO:root:Iter: 3| Accuracy: 0.9 | Loss: 0.03780471999999998
INFO:root:Iter: 4| Accuracy: 0.9 | Loss: 0.07533817000000001
INFO:root:Iter: 5| Accuracy: 0.7 | Loss: 0.12971302
INFO:root:Iter: 6| Accuracy: 0.8 | Loss: 0.13341890000000006
INFO:root:Iter: 7| Accuracy: 1.0 | Loss: 0.08746292000000001
INFO:root:Iter: 8| Accuracy: 1.0 | Loss: 0.10690081
INFO:root:Iter: 9| Accuracy: 1.0 | Loss: 0.07809837
INFO:root:Iter: 10| Accuracy: 0.6 | Loss: 0.38199413000000004
INFO:root:Iter: 11| Accuracy: 0.9 | Loss: 0.10771597000000002
INFO:root:Iter: 12| Accuracy: 0.9 | Loss: 0.13135444999999998
INFO:root:Iter: 13| Accuracy: 0.1 | Loss: 0.42419741
INFO:root:Iter: 14| Accuracy: 0.7 | Loss: 0.12798049
INFO:root:Iter: 15| Accuracy: 0.2 | Loss: 0.424888
INFO:root:Iter: 16| Accuracy: 0.8 | Loss: 0.21060214
INFO:root:Iter: 17| Accuracy: 0.8 | Loss: 0.20804533000000003
INFO:root:Iter: 18| Accuracy: 1.0 | Loss: 0.13917465
INFO:root:Iter: 19| Accuracy: 0.9 | Loss: 0.14015725000000004
INFO:root:Iter: 20| Accuracy: 0.9 | Loss: 0.08198177
INFO:root:epoch 46 : Training Accuracy 0.8 , Loss 0.261169022, Time 2.0577889959017437 minutes, Validation Accuracy 0.545, Minimal Info Left 0.9837950153269477
INFO:root:start epoch 47
INFO:root:Iter: 1| Accuracy: 0.8 | Loss: 0.19198068000000001
INFO:root:Iter: 2| Accuracy: 1.0 | Loss: 0.12238004
INFO:root:Iter: 3| Accuracy: 0.8 | Loss: 0.28334392999999997
INFO:root:Iter: 4| Accuracy: 1.0 | Loss: 0.10873394
INFO:root:Iter: 5| Accuracy: 1.0 | Loss: 0.08743773000000002
INFO:root:Iter: 6| Accuracy: 0.7 | Loss: 0.35996293
INFO:root:Iter: 7| Accuracy: 1.0 | Loss: 0.10557504999999998
INFO:root:Iter: 8| Accuracy: 1.0 | Loss: 0.09317940000000001
INFO:root:Iter: 9| Accuracy: 0.2 | Loss: 0.44177476000000004
INFO:root:Iter: 10| Accuracy: 0.9 | Loss: 0.09677345999999998
INFO:root:Iter: 11| Accuracy: 0.8 | Loss: 0.14384864999999997
INFO:root:Iter: 12| Accuracy: 0.5 | Loss: 0.37426345
INFO:root:Iter: 13| Accuracy: 0.9 | Loss: 0.10617937000000002
INFO:root:Iter: 14| Accuracy: 1.0 | Loss: 0.029162499999999997
INFO:root:Iter: 15| Accuracy: 0.8 | Loss: 0.14561368
INFO:root:Iter: 16| Accuracy: 1.0 | Loss: 0.10098668000000002
INFO:root:Iter: 17| Accuracy: 1.0 | Loss: 0.12308170000000003
INFO:root:Iter: 18| Accuracy: 1.0 | Loss: 0.10356193000000002
INFO:root:Iter: 19| Accuracy: 1.0 | Loss: 0.09186661
INFO:root:Iter: 20| Accuracy: 0.9 | Loss: 0.11691573000000002
INFO:root:epoch 47 : Training Accuracy 0.865 , Loss 0.185930944, Time 2.0607439478238425 minutes, Validation Accuracy 0.95, Minimal Info Left 0.9826289966521549
INFO:root:start epoch 48
INFO:root:Iter: 1| Accuracy: 1.0 | Loss: 0.09503314
INFO:root:Iter: 2| Accuracy: 0.5 | Loss: 0.43089301
INFO:root:Iter: 3| Accuracy: 1.0 | Loss: 0.09468812
INFO:root:Iter: 4| Accuracy: 0.9 | Loss: 0.08794012
INFO:root:Iter: 5| Accuracy: 0.2 | Loss: 0.42139761
INFO:root:Iter: 6| Accuracy: 1.0 | Loss: 0.08938364999999998
INFO:root:Iter: 7| Accuracy: 1.0 | Loss: 0.09763384
INFO:root:Iter: 8| Accuracy: 0.8 | Loss: 0.08068045000000003
INFO:root:Iter: 9| Accuracy: 0.7 | Loss: 0.19032268
INFO:root:Iter: 10| Accuracy: 0.3 | Loss: 0.41520689
INFO:root:Iter: 11| Accuracy: 1.0 | Loss: 0.12406665000000003
INFO:root:Iter: 12| Accuracy: 1.0 | Loss: 0.09808761
INFO:root:Iter: 13| Accuracy: 1.0 | Loss: 0.07866770000000001
INFO:root:Iter: 14| Accuracy: 1.0 | Loss: 0.11863102
INFO:root:Iter: 15| Accuracy: 1.0 | Loss: 0.09598316
INFO:root:Iter: 16| Accuracy: 0.9 | Loss: 0.09721295999999999
INFO:root:Iter: 17| Accuracy: 0.8 | Loss: 0.13015756
INFO:root:Iter: 18| Accuracy: 0.6 | Loss: 0.38899955999999997
INFO:root:Iter: 19| Accuracy: 1.0 | Loss: 0.09793020000000002
INFO:root:Iter: 20| Accuracy: 0.5 | Loss: 0.43830745000000004
INFO:root:epoch 48 : Training Accuracy 0.81 , Loss 0.21432717000000012, Time 2.04451900323232 minutes, Validation Accuracy 0.92, Minimal Info Left 0.984201680679999
INFO:root:start epoch 49
INFO:root:Iter: 1| Accuracy: 0.2 | Loss: 0.41293061
INFO:root:Iter: 2| Accuracy: 0.6 | Loss: 0.38745884999999997
INFO:root:Iter: 3| Accuracy: 0.9 | Loss: 0.13916354
INFO:root:Iter: 4| Accuracy: 1.0 | Loss: 0.1057639
INFO:root:Iter: 5| Accuracy: 1.0 | Loss: 0.11126085
INFO:root:Iter: 6| Accuracy: 0.4 | Loss: 0.35946365
INFO:root:Iter: 7| Accuracy: 1.0 | Loss: 0.14145922
INFO:root:Iter: 8| Accuracy: 0.8 | Loss: 0.13284805
INFO:root:Iter: 9| Accuracy: 0.9 | Loss: 0.16277445999999998
INFO:root:Iter: 10| Accuracy: 1.0 | Loss: 0.12396280000000001
INFO:root:Iter: 11| Accuracy: 1.0 | Loss: 0.10866719999999999
INFO:root:Iter: 12| Accuracy: 1.0 | Loss: 0.09585846
INFO:root:Iter: 13| Accuracy: 0.9 | Loss: 0.1020465
INFO:root:Iter: 14| Accuracy: 1.0 | Loss: 0.10427698
INFO:root:Iter: 15| Accuracy: 1.0 | Loss: 0.08868404999999999
INFO:root:Iter: 16| Accuracy: 1.0 | Loss: 0.05859073
INFO:root:Iter: 17| Accuracy: 0.9 | Loss: 0.12188845000000001
INFO:root:Iter: 18| Accuracy: 1.0 | Loss: 0.09670832999999998
INFO:root:Iter: 19| Accuracy: 0.8 | Loss: 0.07865104
INFO:root:Iter: 20| Accuracy: 1.0 | Loss: 0.12459870000000003
INFO:root:epoch 49 : Training Accuracy 0.87 , Loss 0.1646326780000001, Time 2.039860467116038 minutes, Validation Accuracy 0.99, Minimal Info Left 0.9811332814368325
INFO:root:start epoch 50
INFO:root:Iter: 1| Accuracy: 0.3 | Loss: 0.45421706000000006
INFO:root:Iter: 2| Accuracy: 0.1 | Loss: 0.5098408
INFO:root:Iter: 3| Accuracy: 0.9 | Loss: 0.11500152999999998
INFO:root:Iter: 4| Accuracy: 1.0 | Loss: 0.10565592999999998
INFO:root:Iter: 5| Accuracy: 0.9 | Loss: 0.09425242
INFO:root:Iter: 6| Accuracy: 0.7 | Loss: 0.11132352999999998
INFO:root:Iter: 7| Accuracy: 0.9 | Loss: 0.13506059999999998
INFO:root:Iter: 8| Accuracy: 0.5 | Loss: 0.35681913
INFO:root:Iter: 9| Accuracy: 0.9 | Loss: 0.08908902
INFO:root:Iter: 10| Accuracy: 1.0 | Loss: 0.11946065999999997
INFO:root:Iter: 11| Accuracy: 1.0 | Loss: 0.10048139999999998
INFO:root:Iter: 12| Accuracy: 1.0 | Loss: 0.09829373999999998
INFO:root:Iter: 13| Accuracy: 1.0 | Loss: 0.07578928
INFO:root:Iter: 14| Accuracy: 1.0 | Loss: 0.08975176999999998
INFO:root:Iter: 15| Accuracy: 0.8 | Loss: 0.2454620899999999
INFO:root:Iter: 16| Accuracy: 1.0 | Loss: 0.13673869999999996
INFO:root:Iter: 17| Accuracy: 1.0 | Loss: 0.09711937
INFO:root:Iter: 18| Accuracy: 0.7 | Loss: 0.39776409000000007
INFO:root:Iter: 19| Accuracy: 0.9 | Loss: 0.11542945000000002
INFO:root:Iter: 20| Accuracy: 0.9 | Loss: 0.13156315999999998
INFO:root:epoch 50 : Training Accuracy 0.825 , Loss 0.19429724399999995, Time 2.0577737291653952 minutes, Validation Accuracy 0.935, Minimal Info Left 0.9832798565565835
