INFO:root:embedding methods angle, sample number 50, batch size 5, learning rate 0.1, epoch number 50, layer number 2, pca parameter 5, numpy random seed 0, qubits number 5
INFO:root:start epoch 1
INFO:root:Iter: 1| Accuracy: 0.6 | Loss: 0.33948127999999994
INFO:root:Iter: 2| Accuracy: 0.4 | Loss: 0.300089054336
INFO:root:Iter: 3| Accuracy: 0.6 | Loss: 0.22895262016573437
INFO:root:Iter: 4| Accuracy: 0.6 | Loss: 0.2565330017078008
INFO:root:Iter: 5| Accuracy: 0.6 | Loss: 0.22179216364806115
INFO:root:Iter: 6| Accuracy: 0.2 | Loss: 0.3047757033925835
INFO:root:Iter: 7| Accuracy: 0.8 | Loss: 0.19577255567413
INFO:root:Iter: 8| Accuracy: 0.8 | Loss: 0.20816134929489122
INFO:root:Iter: 9| Accuracy: 0.6 | Loss: 0.2275149306401824
INFO:root:Iter: 10| Accuracy: 0.4 | Loss: 0.24755246989335267
INFO:root:Iter: 11| Accuracy: 0.4 | Loss: 0.31008466474222973
INFO:root:Iter: 12| Accuracy: 0.8 | Loss: 0.21365851374062644
INFO:root:Iter: 13| Accuracy: 0.6 | Loss: 0.168731396063229
INFO:root:Iter: 14| Accuracy: 0.4 | Loss: 0.2531072441582074
INFO:root:Iter: 15| Accuracy: 0.6 | Loss: 0.27107684493361933
INFO:root:Iter: 16| Accuracy: 1.0 | Loss: 0.16712677292892006
INFO:root:Iter: 17| Accuracy: 0.4 | Loss: 0.2571166669609745
INFO:root:Iter: 18| Accuracy: 0.4 | Loss: 0.267378902629307
INFO:root:Iter: 19| Accuracy: 1.0 | Loss: 0.15605124600268233
INFO:root:Iter: 20| Accuracy: 0.6 | Loss: 0.24994400463303074
INFO:root:epoch 1 : Training Accuracy 0.59 , Loss 0.24062113088865442, Time 0.4231457750002543 minutes, Validation Accuracy 0.74, Minimal Info Left 0.9999999999999999
INFO:root:start epoch 2
INFO:root:Iter: 1| Accuracy: 0.4 | Loss: 0.24547948881444853
INFO:root:Iter: 2| Accuracy: 1.0 | Loss: 0.16554336541778678
INFO:root:Iter: 3| Accuracy: 0.6 | Loss: 0.19725656989832113
INFO:root:Iter: 4| Accuracy: 0.8 | Loss: 0.2197654434421886
INFO:root:Iter: 5| Accuracy: 0.0 | Loss: 0.49758198521196484
INFO:root:Iter: 6| Accuracy: 0.6 | Loss: 0.2715938315494487
INFO:root:Iter: 7| Accuracy: 0.4 | Loss: 0.2404790064497644
INFO:root:Iter: 8| Accuracy: 0.6 | Loss: 0.2482223347350368
INFO:root:Iter: 9| Accuracy: 0.2 | Loss: 0.3825970525718816
INFO:root:Iter: 10| Accuracy: 0.6 | Loss: 0.2363263555719027
INFO:root:Iter: 11| Accuracy: 1.0 | Loss: 0.15536044068298122
INFO:root:Iter: 12| Accuracy: 0.8 | Loss: 0.20352474387950914
INFO:root:Iter: 13| Accuracy: 0.4 | Loss: 0.2721531932989665
INFO:root:Iter: 14| Accuracy: 0.6 | Loss: 0.24999602530390405
INFO:root:Iter: 15| Accuracy: 0.8 | Loss: 0.19160321438720312
INFO:root:Iter: 16| Accuracy: 0.8 | Loss: 0.18592737132691384
INFO:root:Iter: 17| Accuracy: 0.4 | Loss: 0.33142862527595807
INFO:root:Iter: 18| Accuracy: 0.6 | Loss: 0.19447030704315
INFO:root:Iter: 19| Accuracy: 0.4 | Loss: 0.24505751927006963
INFO:root:Iter: 20| Accuracy: 0.6 | Loss: 0.21327725505207712
INFO:root:epoch 2 : Training Accuracy 0.58 , Loss 0.23604285039808212, Time 0.42947620153427124 minutes, Validation Accuracy 0.76, Minimal Info Left 0.9999999999999999
INFO:root:start epoch 3
INFO:root:Iter: 1| Accuracy: 0.8 | Loss: 0.1789645529095505
INFO:root:Iter: 2| Accuracy: 0.2 | Loss: 0.34671124573828793
INFO:root:Iter: 3| Accuracy: 0.6 | Loss: 0.2134680155252795
INFO:root:Iter: 4| Accuracy: 0.4 | Loss: 0.25113574197755273
INFO:root:Iter: 5| Accuracy: 0.6 | Loss: 0.28799902328133464
INFO:root:Iter: 6| Accuracy: 0.4 | Loss: 0.26125300270360374
INFO:root:Iter: 7| Accuracy: 0.6 | Loss: 0.22282700683412227
INFO:root:Iter: 8| Accuracy: 0.2 | Loss: 0.31177854513286657
INFO:root:Iter: 9| Accuracy: 0.6 | Loss: 0.21810000141950367
INFO:root:Iter: 10| Accuracy: 0.8 | Loss: 0.17220673443745793
INFO:root:Iter: 11| Accuracy: 0.4 | Loss: 0.24666862254657196
INFO:root:Iter: 12| Accuracy: 0.8 | Loss: 0.16291421135056255
INFO:root:Iter: 13| Accuracy: 0.4 | Loss: 0.26044984137852867
INFO:root:Iter: 14| Accuracy: 0.8 | Loss: 0.23742990760401045
INFO:root:Iter: 15| Accuracy: 0.4 | Loss: 0.28265970765252363
INFO:root:Iter: 16| Accuracy: 0.8 | Loss: 0.15789376187160606
INFO:root:Iter: 17| Accuracy: 0.4 | Loss: 0.23725175954991579
INFO:root:Iter: 18| Accuracy: 0.6 | Loss: 0.2369418982566546
INFO:root:Iter: 19| Accuracy: 0.8 | Loss: 0.16015109602799177
INFO:root:Iter: 20| Accuracy: 0.2 | Loss: 0.2707562301033379
INFO:root:epoch 3 : Training Accuracy 0.54 , Loss 0.24572888894094613, Time 0.4273297389348348 minutes, Validation Accuracy 0.55, Minimal Info Left 0.9999999999999999
INFO:root:start epoch 4
INFO:root:Iter: 1| Accuracy: 0.2 | Loss: 0.261255594362711
INFO:root:Iter: 2| Accuracy: 0.8 | Loss: 0.22031913504452055
INFO:root:Iter: 3| Accuracy: 0.8 | Loss: 0.16640755949789102
INFO:root:Iter: 4| Accuracy: 0.8 | Loss: 0.18620186438181432
INFO:root:Iter: 5| Accuracy: 0.6 | Loss: 0.22792113793953078
INFO:root:Iter: 6| Accuracy: 0.6 | Loss: 0.22804644226757814
INFO:root:Iter: 7| Accuracy: 0.4 | Loss: 0.3205116676236184
INFO:root:Iter: 8| Accuracy: 0.4 | Loss: 0.30078216983583045
INFO:root:Iter: 9| Accuracy: 0.4 | Loss: 0.2851141755530066
INFO:root:Iter: 10| Accuracy: 0.4 | Loss: 0.212379466492987
INFO:root:Iter: 11| Accuracy: 0.6 | Loss: 0.2905341834854078
INFO:root:Iter: 12| Accuracy: 0.4 | Loss: 0.2652392941221198
INFO:root:Iter: 13| Accuracy: 0.8 | Loss: 0.11160105203556855
INFO:root:Iter: 14| Accuracy: 0.2 | Loss: 0.35805735195409744
INFO:root:Iter: 15| Accuracy: 0.6 | Loss: 0.2110315780968058
INFO:root:Iter: 16| Accuracy: 0.8 | Loss: 0.14788968157229965
INFO:root:Iter: 17| Accuracy: 0.6 | Loss: 0.307422579132053
INFO:root:Iter: 18| Accuracy: 0.6 | Loss: 0.2156427777035848
INFO:root:Iter: 19| Accuracy: 0.4 | Loss: 0.32286401016234806
INFO:root:Iter: 20| Accuracy: 0.8 | Loss: 0.1796811144986729
INFO:root:epoch 4 : Training Accuracy 0.56 , Loss 0.24240335586748848, Time 0.4266535758972168 minutes, Validation Accuracy 0.68, Minimal Info Left 0.9999999999999999
INFO:root:start epoch 5
INFO:root:Iter: 1| Accuracy: 0.4 | Loss: 0.23868361116927175
INFO:root:Iter: 2| Accuracy: 0.8 | Loss: 0.2716476357597749
INFO:root:Iter: 3| Accuracy: 0.4 | Loss: 0.2548994653191868
INFO:root:Iter: 4| Accuracy: 0.8 | Loss: 0.12066373701516023
INFO:root:Iter: 5| Accuracy: 0.6 | Loss: 0.25264893714547915
INFO:root:Iter: 6| Accuracy: 0.6 | Loss: 0.18827554865811116
INFO:root:Iter: 7| Accuracy: 0.4 | Loss: 0.2645370760535589
INFO:root:Iter: 8| Accuracy: 0.6 | Loss: 0.29112888683739546
INFO:root:Iter: 9| Accuracy: 0.4 | Loss: 0.26784144071250154
INFO:root:Iter: 10| Accuracy: 0.4 | Loss: 0.2529739222731615
INFO:root:Iter: 11| Accuracy: 0.4 | Loss: 0.2896179002334277
INFO:root:Iter: 12| Accuracy: 0.6 | Loss: 0.21128839338739241
INFO:root:Iter: 13| Accuracy: 0.6 | Loss: 0.2106831043053424
INFO:root:Iter: 14| Accuracy: 0.8 | Loss: 0.1548768494206712
INFO:root:Iter: 15| Accuracy: 0.4 | Loss: 0.28327023097049653
INFO:root:Iter: 16| Accuracy: 0.8 | Loss: 0.20582444834808772
INFO:root:Iter: 17| Accuracy: 0.4 | Loss: 0.24501082443197877
INFO:root:Iter: 18| Accuracy: 0.6 | Loss: 0.21132787905796002
INFO:root:Iter: 19| Accuracy: 1.0 | Loss: 0.17237824153270437
INFO:root:Iter: 20| Accuracy: 0.8 | Loss: 0.1902235487418203
INFO:root:epoch 5 : Training Accuracy 0.59 , Loss 0.22687971797235437, Time 0.44328219493230187 minutes, Validation Accuracy 0.64, Minimal Info Left 0.9999999999999997
INFO:root:start epoch 6
INFO:root:Iter: 1| Accuracy: 0.6 | Loss: 0.19722800705776897
INFO:root:Iter: 2| Accuracy: 0.4 | Loss: 0.23566001518377142
INFO:root:Iter: 3| Accuracy: 0.6 | Loss: 0.2151153983252226
INFO:root:Iter: 4| Accuracy: 0.6 | Loss: 0.19249971860170134
INFO:root:Iter: 5| Accuracy: 0.4 | Loss: 0.26562825266627066
INFO:root:Iter: 6| Accuracy: 0.6 | Loss: 0.20535064894494673
INFO:root:Iter: 7| Accuracy: 0.4 | Loss: 0.2568357153473361
INFO:root:Iter: 8| Accuracy: 0.8 | Loss: 0.23068167322964261
INFO:root:Iter: 9| Accuracy: 0.8 | Loss: 0.17770248840487873
INFO:root:Iter: 10| Accuracy: 0.8 | Loss: 0.1817746185528281
INFO:root:Iter: 11| Accuracy: 0.8 | Loss: 0.16469959692655387
INFO:root:Iter: 12| Accuracy: 0.4 | Loss: 0.3284965314966358
INFO:root:Iter: 13| Accuracy: 0.8 | Loss: 0.2022981862518753
INFO:root:Iter: 14| Accuracy: 0.6 | Loss: 0.2688822337270671
INFO:root:Iter: 15| Accuracy: 0.6 | Loss: 0.24075618265570647
INFO:root:Iter: 16| Accuracy: 0.6 | Loss: 0.2410420244637983
INFO:root:Iter: 17| Accuracy: 0.6 | Loss: 0.2530248928196469
INFO:root:Iter: 18| Accuracy: 0.8 | Loss: 0.1932060579443189
INFO:root:Iter: 19| Accuracy: 1.0 | Loss: 0.1738865967510304
INFO:root:Iter: 20| Accuracy: 0.8 | Loss: 0.30333572058802577
INFO:root:epoch 6 : Training Accuracy 0.65 , Loss 0.2297995705768237, Time 0.6499815781911215 minutes, Validation Accuracy 0.63, Minimal Info Left 0.9999999999999998
INFO:root:start epoch 7
INFO:root:Iter: 1| Accuracy: 0.4 | Loss: 0.3083958455375737
INFO:root:Iter: 2| Accuracy: 1.0 | Loss: 0.2052307619015091
INFO:root:Iter: 3| Accuracy: 0.8 | Loss: 0.16986889032661598
INFO:root:Iter: 4| Accuracy: 0.8 | Loss: 0.14346623779284906
INFO:root:Iter: 5| Accuracy: 0.2 | Loss: 0.3112933192681953
INFO:root:Iter: 6| Accuracy: 0.6 | Loss: 0.22411866110494882
INFO:root:Iter: 7| Accuracy: 1.0 | Loss: 0.1838188015317798
INFO:root:Iter: 8| Accuracy: 0.6 | Loss: 0.21216520884990137
INFO:root:Iter: 9| Accuracy: 0.8 | Loss: 0.187006713376163
INFO:root:Iter: 10| Accuracy: 0.2 | Loss: 0.4745523840641413
INFO:root:Iter: 11| Accuracy: 0.6 | Loss: 0.2912351855591531
INFO:root:Iter: 12| Accuracy: 0.4 | Loss: 0.269116689112403
INFO:root:Iter: 13| Accuracy: 0.4 | Loss: 0.22945720557849372
INFO:root:Iter: 14| Accuracy: 0.8 | Loss: 0.20829951727062057
INFO:root:Iter: 15| Accuracy: 0.2 | Loss: 0.29938283513522174
INFO:root:Iter: 16| Accuracy: 0.8 | Loss: 0.2469887180785038
INFO:root:Iter: 17| Accuracy: 0.4 | Loss: 0.3718601618700504
INFO:root:Iter: 18| Accuracy: 0.4 | Loss: 0.24241645990036523
INFO:root:Iter: 19| Accuracy: 0.8 | Loss: 0.19443037739185162
INFO:root:Iter: 20| Accuracy: 0.4 | Loss: 0.29778548358867407
INFO:root:epoch 7 : Training Accuracy 0.58 , Loss 0.25356795610681393, Time 1.0025025526682536 minutes, Validation Accuracy 0.63, Minimal Info Left 0.9999999999999998
INFO:root:start epoch 8
INFO:root:Iter: 1| Accuracy: 0.4 | Loss: 0.27898487083138584
INFO:root:Iter: 2| Accuracy: 0.2 | Loss: 0.3377106685736038
INFO:root:Iter: 3| Accuracy: 0.8 | Loss: 0.13854183005553772
INFO:root:Iter: 4| Accuracy: 0.6 | Loss: 0.28937361470351336
INFO:root:Iter: 5| Accuracy: 0.8 | Loss: 0.18937755206355839
INFO:root:Iter: 6| Accuracy: 0.8 | Loss: 0.18860370658234538
INFO:root:Iter: 7| Accuracy: 1.0 | Loss: 0.14373018637305063
INFO:root:Iter: 8| Accuracy: 0.4 | Loss: 0.2537983583948017
INFO:root:Iter: 9| Accuracy: 0.2 | Loss: 0.3117102875077659
INFO:root:Iter: 10| Accuracy: 0.6 | Loss: 0.2120064000568623
INFO:root:Iter: 11| Accuracy: 0.6 | Loss: 0.21658361671876863
INFO:root:Iter: 12| Accuracy: 0.8 | Loss: 0.20301740236733648
INFO:root:Iter: 13| Accuracy: 0.8 | Loss: 0.18033969716574177
INFO:root:Iter: 14| Accuracy: 0.6 | Loss: 0.24554806307169263
INFO:root:Iter: 15| Accuracy: 0.4 | Loss: 0.31158643259070634
INFO:root:Iter: 16| Accuracy: 0.6 | Loss: 0.2670156520589362
INFO:root:Iter: 17| Accuracy: 0.4 | Loss: 0.2749004307917765
INFO:root:Iter: 18| Accuracy: 0.4 | Loss: 0.21652652607515838
INFO:root:Iter: 19| Accuracy: 0.8 | Loss: 0.1986334316875397
INFO:root:Iter: 20| Accuracy: 0.4 | Loss: 0.27487112691327625
INFO:root:epoch 8 : Training Accuracy 0.58 , Loss 0.2351583512776809, Time 0.4580089251200358 minutes, Validation Accuracy 0.66, Minimal Info Left 0.9999999999999998
INFO:root:start epoch 9
INFO:root:Iter: 1| Accuracy: 0.8 | Loss: 0.19876435153407573
INFO:root:Iter: 2| Accuracy: 0.4 | Loss: 0.2554614969020129
INFO:root:Iter: 3| Accuracy: 0.6 | Loss: 0.2762868259763393
INFO:root:Iter: 4| Accuracy: 0.4 | Loss: 0.3018265749409238
INFO:root:Iter: 5| Accuracy: 0.6 | Loss: 0.21528241516092161
INFO:root:Iter: 6| Accuracy: 0.8 | Loss: 0.24236904415163396
INFO:root:Iter: 7| Accuracy: 0.8 | Loss: 0.20840110232671574
INFO:root:Iter: 8| Accuracy: 0.4 | Loss: 0.36862345276658115
INFO:root:Iter: 9| Accuracy: 0.8 | Loss: 0.17413080240685086
INFO:root:Iter: 10| Accuracy: 0.6 | Loss: 0.24950412922030657
INFO:root:Iter: 11| Accuracy: 0.8 | Loss: 0.17089760029408313
INFO:root:Iter: 12| Accuracy: 0.4 | Loss: 0.28890324537723966
INFO:root:Iter: 13| Accuracy: 0.8 | Loss: 0.22108224480503602
INFO:root:Iter: 14| Accuracy: 0.8 | Loss: 0.245845663427549
INFO:root:Iter: 15| Accuracy: 0.8 | Loss: 0.18717455295501756
INFO:root:Iter: 16| Accuracy: 0.4 | Loss: 0.3307896008878385
INFO:root:Iter: 17| Accuracy: 0.6 | Loss: 0.24068625949340197
INFO:root:Iter: 18| Accuracy: 1.0 | Loss: 0.03796397212282219
INFO:root:Iter: 19| Accuracy: 0.6 | Loss: 0.20345261625037997
INFO:root:Iter: 20| Accuracy: 0.6 | Loss: 0.1935978185818556
INFO:root:epoch 9 : Training Accuracy 0.65 , Loss 0.2747121623408493, Time 0.46612631479899086 minutes, Validation Accuracy 0.5, Minimal Info Left 0.9999999999999999
INFO:root:start epoch 10
INFO:root:Iter: 1| Accuracy: 0.4 | Loss: 0.28294960294340193
INFO:root:Iter: 2| Accuracy: 1.0 | Loss: 0.1809388070028999
INFO:root:Iter: 3| Accuracy: 0.8 | Loss: 0.14494016074622845
INFO:root:Iter: 4| Accuracy: 0.4 | Loss: 0.28233062474790105
INFO:root:Iter: 5| Accuracy: 0.4 | Loss: 0.24956491613353768
INFO:root:Iter: 6| Accuracy: 0.6 | Loss: 0.24847485393254964
INFO:root:Iter: 7| Accuracy: 0.4 | Loss: 0.265969366678879
INFO:root:Iter: 8| Accuracy: 0.6 | Loss: 0.20195234670327586
INFO:root:Iter: 9| Accuracy: 0.6 | Loss: 0.24035239340443687
INFO:root:Iter: 10| Accuracy: 0.6 | Loss: 0.19416529037191183
INFO:root:Iter: 11| Accuracy: 0.8 | Loss: 0.20222131053384604
INFO:root:Iter: 12| Accuracy: 0.4 | Loss: 0.30058991062369633
INFO:root:Iter: 13| Accuracy: 0.8 | Loss: 0.1963849934728154
INFO:root:Iter: 14| Accuracy: 0.6 | Loss: 0.22373284213641673
INFO:root:Iter: 15| Accuracy: 0.4 | Loss: 0.28449901365499897
INFO:root:Iter: 16| Accuracy: 0.8 | Loss: 0.18941542773946896
INFO:root:Iter: 17| Accuracy: 0.6 | Loss: 0.22469162332644216
INFO:root:Iter: 18| Accuracy: 0.8 | Loss: 0.21033904183745644
INFO:root:Iter: 19| Accuracy: 0.6 | Loss: 0.18600083633498876
INFO:root:Iter: 20| Accuracy: 0.6 | Loss: 0.21676510641612617
INFO:root:epoch 10 : Training Accuracy 0.61 , Loss 0.2754796109110151, Time 0.46590615510940553 minutes, Validation Accuracy 0.5, Minimal Info Left 0.9999999999999999
INFO:root:start epoch 11
INFO:root:Iter: 1| Accuracy: 0.4 | Loss: 0.25771638730144747
INFO:root:Iter: 2| Accuracy: 0.6 | Loss: 0.21043922975749632
INFO:root:Iter: 3| Accuracy: 0.6 | Loss: 0.20273876253598147
INFO:root:Iter: 4| Accuracy: 0.6 | Loss: 0.22604053302605265
INFO:root:Iter: 5| Accuracy: 0.6 | Loss: 0.23468598965204274
INFO:root:Iter: 6| Accuracy: 0.6 | Loss: 0.2104737045645777
INFO:root:Iter: 7| Accuracy: 0.4 | Loss: 0.28075448034098105
INFO:root:Iter: 8| Accuracy: 0.6 | Loss: 0.25366344977581823
INFO:root:Iter: 9| Accuracy: 0.8 | Loss: 0.26726596288373294
INFO:root:Iter: 10| Accuracy: 0.6 | Loss: 0.20037693594013292
INFO:root:Iter: 11| Accuracy: 0.2 | Loss: 0.37357437086626266
INFO:root:Iter: 12| Accuracy: 0.8 | Loss: 0.23085557354694286
INFO:root:Iter: 13| Accuracy: 0.4 | Loss: 0.2206739258697737
INFO:root:Iter: 14| Accuracy: 1.0 | Loss: 0.15421492948676385
INFO:root:Iter: 15| Accuracy: 0.6 | Loss: 0.2081517037587421
INFO:root:Iter: 16| Accuracy: 0.4 | Loss: 0.2615069574162275
INFO:root:Iter: 17| Accuracy: 0.6 | Loss: 0.2941618244961802
INFO:root:Iter: 18| Accuracy: 0.6 | Loss: 0.27416030889370163
INFO:root:Iter: 19| Accuracy: 0.8 | Loss: 0.1892205124022949
INFO:root:Iter: 20| Accuracy: 0.6 | Loss: 0.3234036084097097
INFO:root:epoch 11 : Training Accuracy 0.59 , Loss 0.3010666957022931, Time 0.4586912989616394 minutes, Validation Accuracy 0.5, Minimal Info Left 0.9999999999999998
INFO:root:start epoch 12
INFO:root:Iter: 1| Accuracy: 0.6 | Loss: 0.3395041172852764
INFO:root:Iter: 2| Accuracy: 0.4 | Loss: 0.3079651691758948
INFO:root:Iter: 3| Accuracy: 0.6 | Loss: 0.19139267595828136
INFO:root:Iter: 4| Accuracy: 0.8 | Loss: 0.1816498522344538
INFO:root:Iter: 5| Accuracy: 0.8 | Loss: 0.18316170186612954
INFO:root:Iter: 6| Accuracy: 0.8 | Loss: 0.2092556688286325
INFO:root:Iter: 7| Accuracy: 0.4 | Loss: 0.30360800607057203
INFO:root:Iter: 8| Accuracy: 0.4 | Loss: 0.3569947737700948
INFO:root:Iter: 9| Accuracy: 0.8 | Loss: 0.2031900339794813
INFO:root:Iter: 10| Accuracy: 0.8 | Loss: 0.2097971254787502
INFO:root:Iter: 11| Accuracy: 0.4 | Loss: 0.2351584600597843
INFO:root:Iter: 12| Accuracy: 0.8 | Loss: 0.18058197107222754
INFO:root:Iter: 13| Accuracy: 0.8 | Loss: 0.18903436617235753
INFO:root:Iter: 14| Accuracy: 0.8 | Loss: 0.20409803764681905
INFO:root:Iter: 15| Accuracy: 0.8 | Loss: 0.209699496912229
INFO:root:Iter: 16| Accuracy: 0.4 | Loss: 0.2955874971362264
INFO:root:Iter: 17| Accuracy: 0.8 | Loss: 0.2587544304352619
INFO:root:Iter: 18| Accuracy: 0.4 | Loss: 0.2837014107241671
INFO:root:Iter: 19| Accuracy: 0.8 | Loss: 0.1918041707177591
INFO:root:Iter: 20| Accuracy: 0.0 | Loss: 0.33262307667606333
INFO:root:epoch 12 : Training Accuracy 0.62 , Loss 0.2377356272690497, Time 0.45214972098668416 minutes, Validation Accuracy 0.68, Minimal Info Left 0.9999999999999999
INFO:root:start epoch 13
INFO:root:Iter: 1| Accuracy: 0.4 | Loss: 0.2532622552129359
INFO:root:Iter: 2| Accuracy: 0.4 | Loss: 0.29643511849746995
INFO:root:Iter: 3| Accuracy: 0.6 | Loss: 0.2422227698575737
INFO:root:Iter: 4| Accuracy: 0.6 | Loss: 0.19412199887495618
INFO:root:Iter: 5| Accuracy: 0.4 | Loss: 0.3134561163914812
INFO:root:Iter: 6| Accuracy: 0.4 | Loss: 0.2715877326518587
INFO:root:Iter: 7| Accuracy: 0.4 | Loss: 0.2798606717714022
INFO:root:Iter: 8| Accuracy: 0.4 | Loss: 0.3074427031059714
INFO:root:Iter: 9| Accuracy: 0.8 | Loss: 0.18778913878727752
INFO:root:Iter: 10| Accuracy: 0.6 | Loss: 0.2564343607825978
INFO:root:Iter: 11| Accuracy: 0.8 | Loss: 0.19729502159548118
INFO:root:Iter: 12| Accuracy: 0.2 | Loss: 0.40777955062889426
INFO:root:Iter: 13| Accuracy: 0.6 | Loss: 0.19165931273137202
INFO:root:Iter: 14| Accuracy: 0.6 | Loss: 0.1805352210422435
INFO:root:Iter: 15| Accuracy: 0.8 | Loss: 0.24435475249760658
INFO:root:Iter: 16| Accuracy: 0.4 | Loss: 0.29560884205676874
INFO:root:Iter: 17| Accuracy: 0.6 | Loss: 0.25505727708157655
INFO:root:Iter: 18| Accuracy: 0.6 | Loss: 0.2746789876735868
INFO:root:Iter: 19| Accuracy: 0.6 | Loss: 0.2791313945416647
INFO:root:Iter: 20| Accuracy: 0.6 | Loss: 0.2561024677800244
INFO:root:epoch 13 : Training Accuracy 0.54 , Loss 0.26016257248935576, Time 0.46042104562123615 minutes, Validation Accuracy 0.56, Minimal Info Left 0.9999999999999998
INFO:root:start epoch 14
INFO:root:Iter: 1| Accuracy: 0.6 | Loss: 0.23406354118977388
INFO:root:Iter: 2| Accuracy: 0.4 | Loss: 0.27798509790146503
INFO:root:Iter: 3| Accuracy: 0.2 | Loss: 0.3023856913467437
INFO:root:Iter: 4| Accuracy: 0.8 | Loss: 0.21458925010203006
INFO:root:Iter: 5| Accuracy: 0.6 | Loss: 0.1791456591665915
INFO:root:Iter: 6| Accuracy: 0.4 | Loss: 0.33013603940645586
INFO:root:Iter: 7| Accuracy: 0.8 | Loss: 0.20995127554502346
INFO:root:Iter: 8| Accuracy: 0.4 | Loss: 0.2683273275912016
INFO:root:Iter: 9| Accuracy: 0.8 | Loss: 0.2255712578427372
INFO:root:Iter: 10| Accuracy: 0.8 | Loss: 0.19870012378833096
INFO:root:Iter: 11| Accuracy: 0.4 | Loss: 0.2730446782261692
INFO:root:Iter: 12| Accuracy: 0.8 | Loss: 0.16348595538442431
INFO:root:Iter: 13| Accuracy: 0.4 | Loss: 0.30776067900785414
INFO:root:Iter: 14| Accuracy: 0.4 | Loss: 0.31599540991054315
INFO:root:Iter: 15| Accuracy: 1.0 | Loss: 0.1566427099195209
INFO:root:Iter: 16| Accuracy: 0.6 | Loss: 0.20658235763704552
INFO:root:Iter: 17| Accuracy: 0.4 | Loss: 0.31690832507825933
INFO:root:Iter: 18| Accuracy: 0.8 | Loss: 0.21764260399297486
INFO:root:Iter: 19| Accuracy: 0.2 | Loss: 0.31693897980800945
INFO:root:Iter: 20| Accuracy: 0.8 | Loss: 0.1558287465870658
INFO:root:epoch 14 : Training Accuracy 0.58 , Loss 0.2501569139091881, Time 0.46748373508453367 minutes, Validation Accuracy 0.58, Minimal Info Left 0.9999999999999999
INFO:root:start epoch 15
INFO:root:Iter: 1| Accuracy: 0.8 | Loss: 0.18558417737751423
INFO:root:Iter: 2| Accuracy: 0.4 | Loss: 0.3466885807320358
INFO:root:Iter: 3| Accuracy: 0.4 | Loss: 0.2305389740044243
INFO:root:Iter: 4| Accuracy: 0.6 | Loss: 0.23463023544855108
INFO:root:Iter: 5| Accuracy: 1.0 | Loss: 0.1652730648188488
INFO:root:Iter: 6| Accuracy: 0.6 | Loss: 0.23588658905358817
INFO:root:Iter: 7| Accuracy: 0.6 | Loss: 0.2550619488452336
INFO:root:Iter: 8| Accuracy: 0.8 | Loss: 0.19949876761811502
INFO:root:Iter: 9| Accuracy: 0.6 | Loss: 0.2588897644492885
INFO:root:Iter: 10| Accuracy: 1.0 | Loss: 0.16121159767570775
INFO:root:Iter: 11| Accuracy: 0.4 | Loss: 0.3033564212104883
INFO:root:Iter: 12| Accuracy: 0.4 | Loss: 0.3121561658217335
INFO:root:Iter: 13| Accuracy: 0.6 | Loss: 0.3062060528867946
INFO:root:Iter: 14| Accuracy: 0.8 | Loss: 0.18073673992000855
INFO:root:Iter: 15| Accuracy: 0.2 | Loss: 0.3076217282519257
INFO:root:Iter: 16| Accuracy: 0.6 | Loss: 0.24394445036861293
INFO:root:Iter: 17| Accuracy: 0.2 | Loss: 0.30089632985806614
INFO:root:Iter: 18| Accuracy: 1.0 | Loss: 0.1606066031860425
INFO:root:Iter: 19| Accuracy: 0.6 | Loss: 0.2158076428048899
INFO:root:Iter: 20| Accuracy: 0.6 | Loss: 0.28376543614656147
INFO:root:epoch 15 : Training Accuracy 0.61 , Loss 0.24894127981128883, Time 0.4737072825431824 minutes, Validation Accuracy 0.71, Minimal Info Left 0.9999999999999998
INFO:root:start epoch 16
INFO:root:Iter: 1| Accuracy: 0.2 | Loss: 0.33130300473223623
INFO:root:Iter: 2| Accuracy: 1.0 | Loss: 0.1184858520958163
INFO:root:Iter: 3| Accuracy: 0.6 | Loss: 0.2857709147263356
INFO:root:Iter: 4| Accuracy: 0.4 | Loss: 0.299067379378572
INFO:root:Iter: 5| Accuracy: 0.8 | Loss: 0.2032911648801264
INFO:root:Iter: 6| Accuracy: 1.0 | Loss: 0.16196378613182136
INFO:root:Iter: 7| Accuracy: 0.6 | Loss: 0.3082347551340595
INFO:root:Iter: 8| Accuracy: 0.8 | Loss: 0.20070974713584505
INFO:root:Iter: 9| Accuracy: 0.8 | Loss: 0.1809683440075927
INFO:root:Iter: 10| Accuracy: 0.6 | Loss: 0.2391998795094557
INFO:root:Iter: 11| Accuracy: 0.6 | Loss: 0.28155291981328945
INFO:root:Iter: 12| Accuracy: 1.0 | Loss: 0.05060954747208814
INFO:root:Iter: 13| Accuracy: 0.4 | Loss: 0.4387428316917813
INFO:root:Iter: 14| Accuracy: 0.6 | Loss: 0.3096367168040505
INFO:root:Iter: 15| Accuracy: 0.6 | Loss: 0.22550124401377106
INFO:root:Iter: 16| Accuracy: 0.8 | Loss: 0.1924219225998216
INFO:root:Iter: 17| Accuracy: 0.4 | Loss: 0.3555572711218682
INFO:root:Iter: 18| Accuracy: 0.6 | Loss: 0.2539850224729642
INFO:root:Iter: 19| Accuracy: 0.6 | Loss: 0.18481788168630559
INFO:root:Iter: 20| Accuracy: 0.8 | Loss: 0.17746244254141658
INFO:root:epoch 16 : Training Accuracy 0.66 , Loss 0.27952189570493774, Time 0.47184249957402546 minutes, Validation Accuracy 0.5, Minimal Info Left 0.9999999999999999
INFO:root:start epoch 17
INFO:root:Iter: 1| Accuracy: 0.4 | Loss: 0.2862386891026243
INFO:root:Iter: 2| Accuracy: 0.6 | Loss: 0.2355675822921969
INFO:root:Iter: 3| Accuracy: 0.4 | Loss: 0.2233511047470949
INFO:root:Iter: 4| Accuracy: 0.8 | Loss: 0.1584255672562877
INFO:root:Iter: 5| Accuracy: 0.4 | Loss: 0.3542071058603896
INFO:root:Iter: 6| Accuracy: 0.2 | Loss: 0.3017161553109191
INFO:root:Iter: 7| Accuracy: 1.0 | Loss: 0.18945992210612322
INFO:root:Iter: 8| Accuracy: 0.8 | Loss: 0.2155357193584157
INFO:root:Iter: 9| Accuracy: 0.6 | Loss: 0.24500325636968162
INFO:root:Iter: 10| Accuracy: 0.8 | Loss: 0.1942338909109429
INFO:root:Iter: 11| Accuracy: 0.6 | Loss: 0.21752939008587885
INFO:root:Iter: 12| Accuracy: 0.2 | Loss: 0.2656179358123022
INFO:root:Iter: 13| Accuracy: 0.4 | Loss: 0.23077841711940864
INFO:root:Iter: 14| Accuracy: 0.6 | Loss: 0.27393003403106275
INFO:root:Iter: 15| Accuracy: 0.8 | Loss: 0.21393728307819065
INFO:root:Iter: 16| Accuracy: 0.4 | Loss: 0.3411154622229288
INFO:root:Iter: 17| Accuracy: 0.6 | Loss: 0.27504680993021063
INFO:root:Iter: 18| Accuracy: 0.8 | Loss: 0.19114032755423035
INFO:root:Iter: 19| Accuracy: 0.6 | Loss: 0.22654715063698294
INFO:root:Iter: 20| Accuracy: 0.6 | Loss: 0.21898424577798883
INFO:root:epoch 17 : Training Accuracy 0.58 , Loss 0.25428390975336573, Time 0.4763080358505249 minutes, Validation Accuracy 0.51, Minimal Info Left 0.9999999999999998
INFO:root:start epoch 18
INFO:root:Iter: 1| Accuracy: 0.2 | Loss: 0.3175579033875168
INFO:root:Iter: 2| Accuracy: 0.6 | Loss: 0.2672680401092419
INFO:root:Iter: 3| Accuracy: 0.0 | Loss: 0.3173721117783417
INFO:root:Iter: 4| Accuracy: 0.6 | Loss: 0.3145780782862132
INFO:root:Iter: 5| Accuracy: 0.6 | Loss: 0.1943511554089418
INFO:root:Iter: 6| Accuracy: 1.0 | Loss: 0.1866146321223663
INFO:root:Iter: 7| Accuracy: 0.8 | Loss: 0.20066818210705334
INFO:root:Iter: 8| Accuracy: 0.4 | Loss: 0.22792908488156755
INFO:root:Iter: 9| Accuracy: 0.4 | Loss: 0.22782127240752453
INFO:root:Iter: 10| Accuracy: 0.8 | Loss: 0.20777016715905794
INFO:root:Iter: 11| Accuracy: 0.4 | Loss: 0.245538356653978
INFO:root:Iter: 12| Accuracy: 0.6 | Loss: 0.2550192744142805
INFO:root:Iter: 13| Accuracy: 0.8 | Loss: 0.21163664048587688
INFO:root:Iter: 14| Accuracy: 0.6 | Loss: 0.2709768185676293
INFO:root:Iter: 15| Accuracy: 0.8 | Loss: 0.19733973018737969
INFO:root:Iter: 16| Accuracy: 0.4 | Loss: 0.27281741636130985
INFO:root:Iter: 17| Accuracy: 0.6 | Loss: 0.19396436225638486
INFO:root:Iter: 18| Accuracy: 0.4 | Loss: 0.3321002152684529
INFO:root:Iter: 19| Accuracy: 0.2 | Loss: 0.2500701393316131
INFO:root:Iter: 20| Accuracy: 1.0 | Loss: 0.19413270008262046
INFO:root:epoch 18 : Training Accuracy 0.56 , Loss 0.24307467576471112, Time 0.4726118485132853 minutes, Validation Accuracy 0.82, Minimal Info Left 0.9999999999999999
INFO:root:start epoch 19
INFO:root:Iter: 1| Accuracy: 0.2 | Loss: 0.24283476999676018
INFO:root:Iter: 2| Accuracy: 0.6 | Loss: 0.21128554933780644
INFO:root:Iter: 3| Accuracy: 0.8 | Loss: 0.13185927432864292
INFO:root:Iter: 4| Accuracy: 0.2 | Loss: 0.4085149980597877
INFO:root:Iter: 5| Accuracy: 0.8 | Loss: 0.2044261702030729
INFO:root:Iter: 6| Accuracy: 0.4 | Loss: 0.2866996152683021
INFO:root:Iter: 7| Accuracy: 0.8 | Loss: 0.19111450674903324
INFO:root:Iter: 8| Accuracy: 0.6 | Loss: 0.2708581611405362
INFO:root:Iter: 9| Accuracy: 0.4 | Loss: 0.2809371527472324
INFO:root:Iter: 10| Accuracy: 0.6 | Loss: 0.2242669705050198
INFO:root:Iter: 11| Accuracy: 0.4 | Loss: 0.32395602351087044
INFO:root:Iter: 12| Accuracy: 0.6 | Loss: 0.209371389373116
INFO:root:Iter: 13| Accuracy: 0.8 | Loss: 0.20518328005724204
INFO:root:Iter: 14| Accuracy: 0.6 | Loss: 0.24165941513411582
INFO:root:Iter: 15| Accuracy: 0.8 | Loss: 0.23236604378130274
INFO:root:Iter: 16| Accuracy: 0.8 | Loss: 0.1798828369716928
INFO:root:Iter: 17| Accuracy: 0.8 | Loss: 0.16526581990036732
INFO:root:Iter: 18| Accuracy: 0.8 | Loss: 0.18618389759988166
INFO:root:Iter: 19| Accuracy: 0.8 | Loss: 0.19506529726242045
INFO:root:Iter: 20| Accuracy: 0.4 | Loss: 0.3496874084389255
INFO:root:epoch 19 : Training Accuracy 0.61 , Loss 0.2859390913562242, Time 0.4735789696375529 minutes, Validation Accuracy 0.5, Minimal Info Left 0.9999999999999999
INFO:root:start epoch 20
INFO:root:Iter: 1| Accuracy: 0.4 | Loss: 0.3512804692165562
INFO:root:Iter: 2| Accuracy: 0.8 | Loss: 0.18598046417313932
INFO:root:Iter: 3| Accuracy: 0.8 | Loss: 0.23919750705999557
INFO:root:Iter: 4| Accuracy: 1.0 | Loss: 0.15996669638013256
INFO:root:Iter: 5| Accuracy: 0.4 | Loss: 0.2420449577891234
INFO:root:Iter: 6| Accuracy: 0.4 | Loss: 0.31286747905195983
INFO:root:Iter: 7| Accuracy: 0.6 | Loss: 0.23822434840349813
INFO:root:Iter: 8| Accuracy: 0.6 | Loss: 0.27190774371739435
INFO:root:Iter: 9| Accuracy: 0.6 | Loss: 0.27269949585992004
INFO:root:Iter: 10| Accuracy: 0.6 | Loss: 0.21851119487093182
INFO:root:Iter: 11| Accuracy: 0.8 | Loss: 0.1942194721667707
INFO:root:Iter: 12| Accuracy: 0.6 | Loss: 0.23356241544767448
INFO:root:Iter: 13| Accuracy: 0.4 | Loss: 0.2523720587599973
INFO:root:Iter: 14| Accuracy: 0.6 | Loss: 0.22462486261848708
INFO:root:Iter: 15| Accuracy: 0.4 | Loss: 0.2325485982261632
INFO:root:Iter: 16| Accuracy: 0.6 | Loss: 0.241167012565298
INFO:root:Iter: 17| Accuracy: 0.2 | Loss: 0.27765343681995835
INFO:root:Iter: 18| Accuracy: 0.4 | Loss: 0.27445404076760843
INFO:root:Iter: 19| Accuracy: 0.4 | Loss: 0.24265505033864324
INFO:root:Iter: 20| Accuracy: 1.0 | Loss: 0.19467177782177808
INFO:root:epoch 20 : Training Accuracy 0.58 , Loss 0.2355596033412834, Time 0.47162391742070514 minutes, Validation Accuracy 0.72, Minimal Info Left 0.9999999999999999
INFO:root:start epoch 21
INFO:root:Iter: 1| Accuracy: 0.6 | Loss: 0.22210746949506976
INFO:root:Iter: 2| Accuracy: 0.6 | Loss: 0.2103559722352851
INFO:root:Iter: 3| Accuracy: 0.4 | Loss: 0.2427644294612143
INFO:root:Iter: 4| Accuracy: 1.0 | Loss: 0.152242126790414
INFO:root:Iter: 5| Accuracy: 0.2 | Loss: 0.3458114967076122
INFO:root:Iter: 6| Accuracy: 0.6 | Loss: 0.27361584453853494
INFO:root:Iter: 7| Accuracy: 0.4 | Loss: 0.28078227367344455
INFO:root:Iter: 8| Accuracy: 0.4 | Loss: 0.2891967573311218
INFO:root:Iter: 9| Accuracy: 1.0 | Loss: 0.1955627409347021
INFO:root:Iter: 10| Accuracy: 0.8 | Loss: 0.20792859570470884
INFO:root:Iter: 11| Accuracy: 0.2 | Loss: 0.31314458124321065
INFO:root:Iter: 12| Accuracy: 1.0 | Loss: 0.19644798339968617
INFO:root:Iter: 13| Accuracy: 0.6 | Loss: 0.23974398467155006
INFO:root:Iter: 14| Accuracy: 0.2 | Loss: 0.27451743987948224
INFO:root:Iter: 15| Accuracy: 0.2 | Loss: 0.2586722519807768
INFO:root:Iter: 16| Accuracy: 0.4 | Loss: 0.30244007938427175
INFO:root:Iter: 17| Accuracy: 1.0 | Loss: 0.11044166570701494
INFO:root:Iter: 18| Accuracy: 0.6 | Loss: 0.21500054137920738
INFO:root:Iter: 19| Accuracy: 0.6 | Loss: 0.1892991085073185
INFO:root:Iter: 20| Accuracy: 0.4 | Loss: 0.28011705619644045
INFO:root:epoch 21 : Training Accuracy 0.56 , Loss 0.2385072955884326, Time 0.4771203637123108 minutes, Validation Accuracy 0.65, Minimal Info Left 0.9999999999999999
INFO:root:start epoch 22
INFO:root:Iter: 1| Accuracy: 1.0 | Loss: 0.1883902820413415
INFO:root:Iter: 2| Accuracy: 0.6 | Loss: 0.265751286316683
INFO:root:Iter: 3| Accuracy: 0.8 | Loss: 0.1708549923741396
INFO:root:Iter: 4| Accuracy: 0.4 | Loss: 0.24411861522370906
INFO:root:Iter: 5| Accuracy: 0.4 | Loss: 0.2951940517853851
INFO:root:Iter: 6| Accuracy: 0.4 | Loss: 0.2476686298178799
INFO:root:Iter: 7| Accuracy: 0.8 | Loss: 0.2192277915543423
INFO:root:Iter: 8| Accuracy: 0.4 | Loss: 0.28993985468673694
INFO:root:Iter: 9| Accuracy: 0.8 | Loss: 0.24047433310525293
INFO:root:Iter: 10| Accuracy: 0.6 | Loss: 0.3164030870457588
INFO:root:Iter: 11| Accuracy: 0.6 | Loss: 0.18054712159061603
INFO:root:Iter: 12| Accuracy: 0.4 | Loss: 0.33388912235960433
INFO:root:Iter: 13| Accuracy: 1.0 | Loss: 0.09131080305054504
INFO:root:Iter: 14| Accuracy: 0.2 | Loss: 0.3046353202879165
INFO:root:Iter: 15| Accuracy: 0.8 | Loss: 0.14571972732063174
INFO:root:Iter: 16| Accuracy: 0.4 | Loss: 0.40062629328779265
INFO:root:Iter: 17| Accuracy: 0.2 | Loss: 0.3787546262279991
INFO:root:Iter: 18| Accuracy: 0.0 | Loss: 0.3621455583621986
INFO:root:Iter: 19| Accuracy: 0.4 | Loss: 0.26456213774591497
INFO:root:Iter: 20| Accuracy: 0.8 | Loss: 0.18614815541724677
INFO:root:epoch 22 : Training Accuracy 0.55 , Loss 0.2548791547593127, Time 0.4749752243359884 minutes, Validation Accuracy 0.63, Minimal Info Left 0.9999999999999998
INFO:root:start epoch 23
INFO:root:Iter: 1| Accuracy: 0.6 | Loss: 0.2676608488224774
INFO:root:Iter: 2| Accuracy: 0.6 | Loss: 0.2135588189118856
INFO:root:Iter: 3| Accuracy: 0.4 | Loss: 0.26455756830838045
INFO:root:Iter: 4| Accuracy: 0.4 | Loss: 0.23635523256374052
INFO:root:Iter: 5| Accuracy: 0.6 | Loss: 0.2650031622375463
INFO:root:Iter: 6| Accuracy: 0.8 | Loss: 0.15475431554293104
INFO:root:Iter: 7| Accuracy: 0.6 | Loss: 0.24847332062879207
INFO:root:Iter: 8| Accuracy: 0.6 | Loss: 0.2472317005512243
INFO:root:Iter: 9| Accuracy: 0.8 | Loss: 0.1883837647312395
INFO:root:Iter: 10| Accuracy: 0.6 | Loss: 0.2720188222118707
INFO:root:Iter: 11| Accuracy: 0.6 | Loss: 0.2485406521100965
INFO:root:Iter: 12| Accuracy: 0.6 | Loss: 0.23678803351556063
INFO:root:Iter: 13| Accuracy: 0.6 | Loss: 0.22439063295376424
INFO:root:Iter: 14| Accuracy: 0.8 | Loss: 0.19206102263658842
INFO:root:Iter: 15| Accuracy: 0.6 | Loss: 0.26519489184344236
INFO:root:Iter: 16| Accuracy: 0.6 | Loss: 0.24536379934131097
INFO:root:Iter: 17| Accuracy: 0.0 | Loss: 0.35175839874231574
INFO:root:Iter: 18| Accuracy: 0.8 | Loss: 0.17974401432662232
INFO:root:Iter: 19| Accuracy: 0.4 | Loss: 0.3219103255718909
INFO:root:Iter: 20| Accuracy: 0.8 | Loss: 0.1776501776769384
INFO:root:epoch 23 : Training Accuracy 0.59 , Loss 0.24728860008476342, Time 0.4756603995958964 minutes, Validation Accuracy 0.62, Minimal Info Left 0.9999999999999998
INFO:root:start epoch 24
INFO:root:Iter: 1| Accuracy: 0.4 | Loss: 0.2850787704822827
INFO:root:Iter: 2| Accuracy: 0.0 | Loss: 0.368609371685062
INFO:root:Iter: 3| Accuracy: 0.6 | Loss: 0.2949798344999468
INFO:root:Iter: 4| Accuracy: 0.2 | Loss: 0.30821028039116094
INFO:root:Iter: 5| Accuracy: 0.6 | Loss: 0.22730673792015912
INFO:root:Iter: 6| Accuracy: 0.8 | Loss: 0.21875488481067862
INFO:root:Iter: 7| Accuracy: 0.8 | Loss: 0.1883520594922418
INFO:root:Iter: 8| Accuracy: 0.8 | Loss: 0.1894246628189288
INFO:root:Iter: 9| Accuracy: 0.4 | Loss: 0.232839879970436
INFO:root:Iter: 10| Accuracy: 0.2 | Loss: 0.3493434405316246
INFO:root:Iter: 11| Accuracy: 0.6 | Loss: 0.1860634115113748
INFO:root:Iter: 12| Accuracy: 1.0 | Loss: 0.16320875494329257
INFO:root:Iter: 13| Accuracy: 0.6 | Loss: 0.20608655996227218
INFO:root:Iter: 14| Accuracy: 0.2 | Loss: 0.3425430674482317
INFO:root:Iter: 15| Accuracy: 0.0 | Loss: 0.34925030234162086
INFO:root:Iter: 16| Accuracy: 1.0 | Loss: 0.1635258966481187
INFO:root:Iter: 17| Accuracy: 0.4 | Loss: 0.28895415933015395
INFO:root:Iter: 18| Accuracy: 0.8 | Loss: 0.19298620508835157
INFO:root:Iter: 19| Accuracy: 0.8 | Loss: 0.20226202313411495
INFO:root:Iter: 20| Accuracy: 0.4 | Loss: 0.38209651212283036
INFO:root:epoch 24 : Training Accuracy 0.53 , Loss 0.3332116504967608, Time 0.4643182873725891 minutes, Validation Accuracy 0.5, Minimal Info Left 0.9999999999999998
INFO:root:start epoch 25
INFO:root:Iter: 1| Accuracy: 0.6 | Loss: 0.27996718801492726
INFO:root:Iter: 2| Accuracy: 0.6 | Loss: 0.2980471872462246
INFO:root:Iter: 3| Accuracy: 0.6 | Loss: 0.23579157537728102
INFO:root:Iter: 4| Accuracy: 0.6 | Loss: 0.23083959941341536
INFO:root:Iter: 5| Accuracy: 0.6 | Loss: 0.24464010450024296
INFO:root:Iter: 6| Accuracy: 0.6 | Loss: 0.2969982248888209
INFO:root:Iter: 7| Accuracy: 0.4 | Loss: 0.2853066424335102
INFO:root:Iter: 8| Accuracy: 0.8 | Loss: 0.20967474889970736
INFO:root:Iter: 9| Accuracy: 0.6 | Loss: 0.24065169748193305
INFO:root:Iter: 10| Accuracy: 0.6 | Loss: 0.28676758124137713
INFO:root:Iter: 11| Accuracy: 0.4 | Loss: 0.270224296475785
INFO:root:Iter: 12| Accuracy: 0.4 | Loss: 0.2770929905763051
INFO:root:Iter: 13| Accuracy: 0.4 | Loss: 0.2855608529019703
INFO:root:Iter: 14| Accuracy: 1.0 | Loss: 0.17109445873771423
INFO:root:Iter: 15| Accuracy: 0.4 | Loss: 0.3349734057051684
INFO:root:Iter: 16| Accuracy: 0.6 | Loss: 0.21458825285843783
INFO:root:Iter: 17| Accuracy: 0.8 | Loss: 0.196972792216812
INFO:root:Iter: 18| Accuracy: 0.8 | Loss: 0.20949092847499387
INFO:root:Iter: 19| Accuracy: 0.4 | Loss: 0.2631057025249183
INFO:root:Iter: 20| Accuracy: 0.8 | Loss: 0.16637228776923693
INFO:root:epoch 25 : Training Accuracy 0.6 , Loss 0.24160169399920117, Time 0.4741870323816935 minutes, Validation Accuracy 0.69, Minimal Info Left 0.9999999999999999
INFO:root:start epoch 26
INFO:root:Iter: 1| Accuracy: 0.4 | Loss: 0.2805701728496582
INFO:root:Iter: 2| Accuracy: 0.6 | Loss: 0.2643518419440674
INFO:root:Iter: 3| Accuracy: 0.4 | Loss: 0.2502298328519865
INFO:root:Iter: 4| Accuracy: 0.4 | Loss: 0.27327254445694654
INFO:root:Iter: 5| Accuracy: 0.8 | Loss: 0.18939709174887162
INFO:root:Iter: 6| Accuracy: 0.6 | Loss: 0.2655231814511976
INFO:root:Iter: 7| Accuracy: 0.6 | Loss: 0.26028268508479246
INFO:root:Iter: 8| Accuracy: 0.4 | Loss: 0.2727174439224432
INFO:root:Iter: 9| Accuracy: 0.6 | Loss: 0.21024309246507983
INFO:root:Iter: 10| Accuracy: 0.6 | Loss: 0.18515107675786188
INFO:root:Iter: 11| Accuracy: 1.0 | Loss: 0.1923071843474698
INFO:root:Iter: 12| Accuracy: 0.8 | Loss: 0.21738616678721953
INFO:root:Iter: 13| Accuracy: 0.4 | Loss: 0.27222437680759237
INFO:root:Iter: 14| Accuracy: 0.6 | Loss: 0.2615424087931254
INFO:root:Iter: 15| Accuracy: 0.8 | Loss: 0.17384078860263502
INFO:root:Iter: 16| Accuracy: 0.0 | Loss: 0.3348377904674376
INFO:root:Iter: 17| Accuracy: 0.2 | Loss: 0.29092979156871845
INFO:root:Iter: 18| Accuracy: 0.6 | Loss: 0.23543946528086795
INFO:root:Iter: 19| Accuracy: 1.0 | Loss: 0.17657732691345113
INFO:root:Iter: 20| Accuracy: 0.2 | Loss: 0.30064647552601453
INFO:root:epoch 26 : Training Accuracy 0.55 , Loss 0.2425716441826107, Time 0.47457155386606853 minutes, Validation Accuracy 0.54, Minimal Info Left 0.9999999999999999
INFO:root:start epoch 27
INFO:root:Iter: 1| Accuracy: 0.6 | Loss: 0.1814869476012161
INFO:root:Iter: 2| Accuracy: 1.0 | Loss: 0.07518987176986362
INFO:root:Iter: 3| Accuracy: 0.8 | Loss: 0.20892977148159644
INFO:root:Iter: 4| Accuracy: 0.8 | Loss: 0.15644126589521734
INFO:root:Iter: 5| Accuracy: 0.2 | Loss: 0.4780608166313033
INFO:root:Iter: 6| Accuracy: 0.4 | Loss: 0.30471013255133506
INFO:root:Iter: 7| Accuracy: 0.4 | Loss: 0.25321062714785525
INFO:root:Iter: 8| Accuracy: 0.0 | Loss: 0.3112010157748828
INFO:root:Iter: 9| Accuracy: 0.8 | Loss: 0.17878152466307423
INFO:root:Iter: 10| Accuracy: 0.6 | Loss: 0.26000171075623096
INFO:root:Iter: 11| Accuracy: 1.0 | Loss: 0.13430461085057097
INFO:root:Iter: 12| Accuracy: 0.8 | Loss: 0.1857854257698234
INFO:root:Iter: 13| Accuracy: 0.2 | Loss: 0.3967568574943967
INFO:root:Iter: 14| Accuracy: 0.6 | Loss: 0.21246350401007827
INFO:root:Iter: 15| Accuracy: 0.4 | Loss: 0.24028433831347223
INFO:root:Iter: 16| Accuracy: 0.8 | Loss: 0.18964342846478638
INFO:root:Iter: 17| Accuracy: 0.8 | Loss: 0.20155672329762925
INFO:root:Iter: 18| Accuracy: 0.8 | Loss: 0.13747535724790633
INFO:root:Iter: 19| Accuracy: 0.6 | Loss: 0.21697488039778218
INFO:root:Iter: 20| Accuracy: 0.0 | Loss: 0.33739858987479776
INFO:root:epoch 27 : Training Accuracy 0.58 , Loss 0.2363457586705476, Time 0.47589616378148397 minutes, Validation Accuracy 0.73, Minimal Info Left 0.9999999999999998
INFO:root:start epoch 28
INFO:root:Iter: 1| Accuracy: 0.4 | Loss: 0.2753403841950601
INFO:root:Iter: 2| Accuracy: 0.2 | Loss: 0.2658631628916353
INFO:root:Iter: 3| Accuracy: 0.4 | Loss: 0.22265411597062007
INFO:root:Iter: 4| Accuracy: 0.4 | Loss: 0.23651106999967567
INFO:root:Iter: 5| Accuracy: 0.6 | Loss: 0.27266043230716097
INFO:root:Iter: 6| Accuracy: 0.6 | Loss: 0.20794827327392248
INFO:root:Iter: 7| Accuracy: 0.4 | Loss: 0.24690643239093343
INFO:root:Iter: 8| Accuracy: 1.0 | Loss: 0.1420277884913927
INFO:root:Iter: 9| Accuracy: 0.8 | Loss: 0.14779310350332225
INFO:root:Iter: 10| Accuracy: 0.6 | Loss: 0.2552694154633391
INFO:root:Iter: 11| Accuracy: 0.6 | Loss: 0.21790380410318916
INFO:root:Iter: 12| Accuracy: 0.6 | Loss: 0.24374106432884926
INFO:root:Iter: 13| Accuracy: 1.0 | Loss: 0.16618536092085562
INFO:root:Iter: 14| Accuracy: 0.6 | Loss: 0.19070613121345975
INFO:root:Iter: 15| Accuracy: 0.6 | Loss: 0.20236047355614364
INFO:root:Iter: 16| Accuracy: 0.6 | Loss: 0.295597447255603
INFO:root:Iter: 17| Accuracy: 0.6 | Loss: 0.25515403849190504
INFO:root:Iter: 18| Accuracy: 0.6 | Loss: 0.20697814234248108
INFO:root:Iter: 19| Accuracy: 0.2 | Loss: 0.3289623483668042
INFO:root:Iter: 20| Accuracy: 0.8 | Loss: 0.2171974237506867
INFO:root:epoch 28 : Training Accuracy 0.58 , Loss 0.24598802012588664, Time 0.4637232740720113 minutes, Validation Accuracy 0.56, Minimal Info Left 0.9999999999999999
INFO:root:start epoch 29
INFO:root:Iter: 1| Accuracy: 0.4 | Loss: 0.32446405194053723
INFO:root:Iter: 2| Accuracy: 0.4 | Loss: 0.3460953652231278
INFO:root:Iter: 3| Accuracy: 0.6 | Loss: 0.24290552772068713
INFO:root:Iter: 4| Accuracy: 0.4 | Loss: 0.321329631736042
INFO:root:Iter: 5| Accuracy: 0.4 | Loss: 0.3448577786523124
INFO:root:Iter: 6| Accuracy: 0.6 | Loss: 0.27128142976716535
INFO:root:Iter: 7| Accuracy: 0.8 | Loss: 0.1695738617224757
INFO:root:Iter: 8| Accuracy: 0.0 | Loss: 0.4137099345196186
INFO:root:Iter: 9| Accuracy: 0.2 | Loss: 0.27993467820836565
INFO:root:Iter: 10| Accuracy: 0.6 | Loss: 0.18508846084408181
INFO:root:Iter: 11| Accuracy: 0.6 | Loss: 0.20770397827889067
INFO:root:Iter: 12| Accuracy: 0.8 | Loss: 0.18267430459331774
INFO:root:Iter: 13| Accuracy: 0.6 | Loss: 0.29985497422898094
INFO:root:Iter: 14| Accuracy: 0.6 | Loss: 0.2607961246879489
INFO:root:Iter: 15| Accuracy: 0.4 | Loss: 0.3675671942185402
INFO:root:Iter: 16| Accuracy: 0.8 | Loss: 0.18339548180261003
INFO:root:Iter: 17| Accuracy: 0.8 | Loss: 0.21426259323231195
INFO:root:Iter: 18| Accuracy: 0.6 | Loss: 0.24705860591719825
INFO:root:Iter: 19| Accuracy: 0.6 | Loss: 0.2558522203206362
INFO:root:Iter: 20| Accuracy: 0.8 | Loss: 0.162754222412037
INFO:root:epoch 29 : Training Accuracy 0.55 , Loss 0.25046714661731817, Time 0.4670915404955546 minutes, Validation Accuracy 0.62, Minimal Info Left 0.9999999999999999
INFO:root:start epoch 30
INFO:root:Iter: 1| Accuracy: 0.8 | Loss: 0.17638607084316946
INFO:root:Iter: 2| Accuracy: 0.4 | Loss: 0.2967415600404803
INFO:root:Iter: 3| Accuracy: 1.0 | Loss: 0.16285511522998614
INFO:root:Iter: 4| Accuracy: 1.0 | Loss: 0.16407563094256006
INFO:root:Iter: 5| Accuracy: 0.6 | Loss: 0.21586582904025908
INFO:root:Iter: 6| Accuracy: 0.8 | Loss: 0.2571064878814452
INFO:root:Iter: 7| Accuracy: 0.6 | Loss: 0.32291960868108166
INFO:root:Iter: 8| Accuracy: 0.4 | Loss: 0.3689623731972875
INFO:root:Iter: 9| Accuracy: 0.6 | Loss: 0.19481406181463376
INFO:root:Iter: 10| Accuracy: 0.8 | Loss: 0.24826449437237627
INFO:root:Iter: 11| Accuracy: 0.8 | Loss: 0.1867480037362599
INFO:root:Iter: 12| Accuracy: 1.0 | Loss: 0.12545796161107212
INFO:root:Iter: 13| Accuracy: 0.6 | Loss: 0.2183130915164631
INFO:root:Iter: 14| Accuracy: 0.8 | Loss: 0.19926913924036
INFO:root:Iter: 15| Accuracy: 0.6 | Loss: 0.21122447799552296
INFO:root:Iter: 16| Accuracy: 0.2 | Loss: 0.3718855206618749
INFO:root:Iter: 17| Accuracy: 0.6 | Loss: 0.19945426407719577
INFO:root:Iter: 18| Accuracy: 0.4 | Loss: 0.36365896850701385
INFO:root:Iter: 19| Accuracy: 1.0 | Loss: 0.06584468932486813
INFO:root:Iter: 20| Accuracy: 0.2 | Loss: 0.5054719353906196
INFO:root:epoch 30 : Training Accuracy 0.66 , Loss 0.3011585820850324, Time 0.4762417197227478 minutes, Validation Accuracy 0.5, Minimal Info Left 0.9999999999999998
INFO:root:start epoch 31
INFO:root:Iter: 1| Accuracy: 0.4 | Loss: 0.3483529089544842
INFO:root:Iter: 2| Accuracy: 0.6 | Loss: 0.2943337530531786
INFO:root:Iter: 3| Accuracy: 0.6 | Loss: 0.2295404946196879
INFO:root:Iter: 4| Accuracy: 0.6 | Loss: 0.2935421063728592
INFO:root:Iter: 5| Accuracy: 0.6 | Loss: 0.22974952553962397
INFO:root:Iter: 6| Accuracy: 0.4 | Loss: 0.2784392496878944
INFO:root:Iter: 7| Accuracy: 0.4 | Loss: 0.34102016711155403
INFO:root:Iter: 8| Accuracy: 0.4 | Loss: 0.26739450369106754
INFO:root:Iter: 9| Accuracy: 1.0 | Loss: 0.1886611110532482
INFO:root:Iter: 10| Accuracy: 0.4 | Loss: 0.2804357248358479
INFO:root:Iter: 11| Accuracy: 0.4 | Loss: 0.2829214150951165
INFO:root:Iter: 12| Accuracy: 0.6 | Loss: 0.28045542319663963
INFO:root:Iter: 13| Accuracy: 0.4 | Loss: 0.24010535472288072
INFO:root:Iter: 14| Accuracy: 1.0 | Loss: 0.1619631893806397
INFO:root:Iter: 15| Accuracy: 0.6 | Loss: 0.2683727820698977
INFO:root:Iter: 16| Accuracy: 1.0 | Loss: 0.08570256147041891
INFO:root:Iter: 17| Accuracy: 0.0 | Loss: 0.3822681024668856
INFO:root:Iter: 18| Accuracy: 0.8 | Loss: 0.18193743364603404
INFO:root:Iter: 19| Accuracy: 0.6 | Loss: 0.20109844634057641
INFO:root:Iter: 20| Accuracy: 1.0 | Loss: 0.17019804471370262
INFO:root:epoch 31 : Training Accuracy 0.59 , Loss 0.23767434021808595, Time 0.4702602664629618 minutes, Validation Accuracy 0.88, Minimal Info Left 0.9999999999999999
INFO:root:start epoch 32
INFO:root:Iter: 1| Accuracy: 1.0 | Loss: 0.1528522716036346
INFO:root:Iter: 2| Accuracy: 0.4 | Loss: 0.23980772583869397
INFO:root:Iter: 3| Accuracy: 0.6 | Loss: 0.2161535046156393
INFO:root:Iter: 4| Accuracy: 0.4 | Loss: 0.25943499856662766
INFO:root:Iter: 5| Accuracy: 0.8 | Loss: 0.1915360377573937
INFO:root:Iter: 6| Accuracy: 0.6 | Loss: 0.16459332309121874
INFO:root:Iter: 7| Accuracy: 0.6 | Loss: 0.169786281084306
INFO:root:Iter: 8| Accuracy: 0.8 | Loss: 0.15891739301728428
INFO:root:Iter: 9| Accuracy: 0.8 | Loss: 0.13810657283829103
INFO:root:Iter: 10| Accuracy: 0.6 | Loss: 0.1736933748829388
INFO:root:Iter: 11| Accuracy: 0.4 | Loss: 0.33069758934266763
INFO:root:Iter: 12| Accuracy: 0.4 | Loss: 0.2555480247262639
INFO:root:Iter: 13| Accuracy: 0.8 | Loss: 0.20847251836586628
INFO:root:Iter: 14| Accuracy: 1.0 | Loss: 0.024832404308376094
INFO:root:Iter: 15| Accuracy: 0.8 | Loss: 0.15319526273751496
INFO:root:Iter: 16| Accuracy: 0.8 | Loss: 0.28992996198614696
INFO:root:Iter: 17| Accuracy: 0.6 | Loss: 0.4298410406158755
INFO:root:Iter: 18| Accuracy: 0.2 | Loss: 0.3645395575577505
INFO:root:Iter: 19| Accuracy: 0.6 | Loss: 0.21481821662605408
INFO:root:Iter: 20| Accuracy: 0.6 | Loss: 0.1458286393071792
INFO:root:epoch 32 : Training Accuracy 0.64 , Loss 0.278258375690165, Time 0.4684839208920797 minutes, Validation Accuracy 0.5, Minimal Info Left 0.9999999999999998
INFO:root:start epoch 33
INFO:root:Iter: 1| Accuracy: 0.4 | Loss: 0.48207063495157404
INFO:root:Iter: 2| Accuracy: 0.4 | Loss: 0.29094037532354855
INFO:root:Iter: 3| Accuracy: 0.4 | Loss: 0.4181165792521739
INFO:root:Iter: 4| Accuracy: 0.8 | Loss: 0.17473684967969566
INFO:root:Iter: 5| Accuracy: 1.0 | Loss: 0.16957124535352686
INFO:root:Iter: 6| Accuracy: 0.6 | Loss: 0.18993548152241307
INFO:root:Iter: 7| Accuracy: 0.2 | Loss: 0.29385469879944937
INFO:root:Iter: 8| Accuracy: 0.8 | Loss: 0.15715912439876084
INFO:root:Iter: 9| Accuracy: 0.2 | Loss: 0.3083284317174707
INFO:root:Iter: 10| Accuracy: 0.8 | Loss: 0.26423958381455614
INFO:root:Iter: 11| Accuracy: 0.8 | Loss: 0.23021384952826285
INFO:root:Iter: 12| Accuracy: 0.8 | Loss: 0.1528783893117565
INFO:root:Iter: 13| Accuracy: 0.8 | Loss: 0.22317969058507683
INFO:root:Iter: 14| Accuracy: 1.0 | Loss: 0.14325509424718286
INFO:root:Iter: 15| Accuracy: 0.2 | Loss: 0.2902408171615875
INFO:root:Iter: 16| Accuracy: 0.8 | Loss: 0.20712460430278087
INFO:root:Iter: 17| Accuracy: 1.0 | Loss: 0.11208535936915473
INFO:root:Iter: 18| Accuracy: 1.0 | Loss: 0.09724072581614926
INFO:root:Iter: 19| Accuracy: 0.8 | Loss: 0.12095703977403234
INFO:root:Iter: 20| Accuracy: 0.6 | Loss: 0.1976401515354802
INFO:root:epoch 33 : Training Accuracy 0.67 , Loss 0.24234905573704224, Time 0.4745807925860087 minutes, Validation Accuracy 0.55, Minimal Info Left 0.9999999999999998
INFO:root:start epoch 34
INFO:root:Iter: 1| Accuracy: 0.8 | Loss: 0.14667213590307676
INFO:root:Iter: 2| Accuracy: 0.6 | Loss: 0.22655035982111507
INFO:root:Iter: 3| Accuracy: 1.0 | Loss: 0.11495117344569891
INFO:root:Iter: 4| Accuracy: 1.0 | Loss: 0.09708416018377262
INFO:root:Iter: 5| Accuracy: 1.0 | Loss: 0.10649659013198018
INFO:root:Iter: 6| Accuracy: 0.6 | Loss: 0.28435496741427374
INFO:root:Iter: 7| Accuracy: 0.8 | Loss: 0.08067784814286877
INFO:root:Iter: 8| Accuracy: 0.6 | Loss: 0.5930960199690569
INFO:root:Iter: 9| Accuracy: 0.2 | Loss: 0.3080502540798329
INFO:root:Iter: 10| Accuracy: 0.2 | Loss: 0.43641863981367524
INFO:root:Iter: 11| Accuracy: 1.0 | Loss: 0.08599718021444164
INFO:root:Iter: 12| Accuracy: 0.6 | Loss: 0.19682952791310218
INFO:root:Iter: 13| Accuracy: 0.6 | Loss: 0.12224487579481425
INFO:root:Iter: 14| Accuracy: 0.8 | Loss: 0.12120087556873509
INFO:root:Iter: 15| Accuracy: 0.2 | Loss: 0.5967605949383332
INFO:root:Iter: 16| Accuracy: 0.6 | Loss: 0.15436722931440947
INFO:root:Iter: 17| Accuracy: 0.4 | Loss: 0.28746756210686975
INFO:root:Iter: 18| Accuracy: 0.6 | Loss: 0.21286806851920215
INFO:root:Iter: 19| Accuracy: 0.6 | Loss: 0.23937942417520267
INFO:root:Iter: 20| Accuracy: 1.0 | Loss: 0.07852663051584519
INFO:root:epoch 34 : Training Accuracy 0.66 , Loss 0.21248202181921802, Time 0.4772592782974243 minutes, Validation Accuracy 0.99, Minimal Info Left 0.9999999999999998
INFO:root:start epoch 35
INFO:root:Iter: 1| Accuracy: 1.0 | Loss: 0.11676079841393713
INFO:root:Iter: 2| Accuracy: 0.0 | Loss: 0.49752740337701445
INFO:root:Iter: 3| Accuracy: 0.0 | Loss: 0.4768345083697236
INFO:root:Iter: 4| Accuracy: 0.4 | Loss: 0.3549794893161507
INFO:root:Iter: 5| Accuracy: 0.2 | Loss: 0.4220572697603144
INFO:root:Iter: 6| Accuracy: 0.8 | Loss: 0.20966796436557802
INFO:root:Iter: 7| Accuracy: 0.8 | Loss: 0.1507760603541406
INFO:root:Iter: 8| Accuracy: 1.0 | Loss: 0.09096557544745687
INFO:root:Iter: 9| Accuracy: 0.8 | Loss: 0.16283424691684303
INFO:root:Iter: 10| Accuracy: 0.4 | Loss: 0.41472267247437344
INFO:root:Iter: 11| Accuracy: 0.4 | Loss: 0.35406326193597293
INFO:root:Iter: 12| Accuracy: 1.0 | Loss: 0.10171462086028678
INFO:root:Iter: 13| Accuracy: 1.0 | Loss: 0.11227440970336126
INFO:root:Iter: 14| Accuracy: 0.8 | Loss: 0.16417527118438452
INFO:root:Iter: 15| Accuracy: 0.2 | Loss: 0.3589752984570519
INFO:root:Iter: 16| Accuracy: 0.8 | Loss: 0.1777694207630473
INFO:root:Iter: 17| Accuracy: 0.8 | Loss: 0.253730354364602
INFO:root:Iter: 18| Accuracy: 0.8 | Loss: 0.1647652479659608
INFO:root:Iter: 19| Accuracy: 0.4 | Loss: 0.39058307115447255
INFO:root:Iter: 20| Accuracy: 1.0 | Loss: 0.12075414268054305
INFO:root:epoch 35 : Training Accuracy 0.63 , Loss 0.2594063749868452, Time 0.45933218002319337 minutes, Validation Accuracy 0.73, Minimal Info Left 0.9999999999999999
INFO:root:start epoch 36
INFO:root:Iter: 1| Accuracy: 0.4 | Loss: 0.38969823572800155
INFO:root:Iter: 2| Accuracy: 1.0 | Loss: 0.11688360945009742
INFO:root:Iter: 3| Accuracy: 0.4 | Loss: 0.22052734361487344
INFO:root:Iter: 4| Accuracy: 1.0 | Loss: 0.15828451648373373
INFO:root:Iter: 5| Accuracy: 1.0 | Loss: 0.13801804035776788
INFO:root:Iter: 6| Accuracy: 0.8 | Loss: 0.13176588413735354
INFO:root:Iter: 7| Accuracy: 0.6 | Loss: 0.14494881847870403
INFO:root:Iter: 8| Accuracy: 0.6 | Loss: 0.15190173436560273
INFO:root:Iter: 9| Accuracy: 0.8 | Loss: 0.10708752629035982
INFO:root:Iter: 10| Accuracy: 0.8 | Loss: 0.1450919631240469
INFO:root:Iter: 11| Accuracy: 0.2 | Loss: 0.36690012290898183
INFO:root:Iter: 12| Accuracy: 1.0 | Loss: 0.12708406321790447
INFO:root:Iter: 13| Accuracy: 1.0 | Loss: 0.12337711407092537
INFO:root:Iter: 14| Accuracy: 0.2 | Loss: 0.34656006967764325
INFO:root:Iter: 15| Accuracy: 0.2 | Loss: 0.4922309416228322
INFO:root:Iter: 16| Accuracy: 0.8 | Loss: 0.11574484145153618
INFO:root:Iter: 17| Accuracy: 0.8 | Loss: 0.2250388943447144
INFO:root:Iter: 18| Accuracy: 0.6 | Loss: 0.15063368418168102
INFO:root:Iter: 19| Accuracy: 0.8 | Loss: 0.15654022026924383
INFO:root:Iter: 20| Accuracy: 1.0 | Loss: 0.08095452235309913
INFO:root:epoch 36 : Training Accuracy 0.7 , Loss 0.19329333808071814, Time 0.4579312483469645 minutes, Validation Accuracy 0.99, Minimal Info Left 0.9999999999999999
INFO:root:start epoch 37
INFO:root:Iter: 1| Accuracy: 0.8 | Loss: 0.1722263673728034
INFO:root:Iter: 2| Accuracy: 1.0 | Loss: 0.10170428043799187
INFO:root:Iter: 3| Accuracy: 1.0 | Loss: 0.1016070254201964
INFO:root:Iter: 4| Accuracy: 1.0 | Loss: 0.08755945086014312
INFO:root:Iter: 5| Accuracy: 1.0 | Loss: 0.08449499615963044
INFO:root:Iter: 6| Accuracy: 1.0 | Loss: 0.08325765241343482
INFO:root:Iter: 7| Accuracy: 1.0 | Loss: 0.09982848799818886
INFO:root:Iter: 8| Accuracy: 1.0 | Loss: 0.04265224820216344
INFO:root:Iter: 9| Accuracy: 0.2 | Loss: 0.4887402110636284
INFO:root:Iter: 10| Accuracy: 1.0 | Loss: 0.12211398046983697
INFO:root:Iter: 11| Accuracy: 1.0 | Loss: 0.08283630540241382
INFO:root:Iter: 12| Accuracy: 0.0 | Loss: 0.5893250622408228
INFO:root:Iter: 13| Accuracy: 1.0 | Loss: 0.056967472616244644
INFO:root:Iter: 14| Accuracy: 0.4 | Loss: 0.364567711859298
INFO:root:Iter: 15| Accuracy: 0.8 | Loss: 0.15295742214771066
INFO:root:Iter: 16| Accuracy: 0.8 | Loss: 0.10025946735410726
INFO:root:Iter: 17| Accuracy: 1.0 | Loss: 0.10680796713169423
INFO:root:Iter: 18| Accuracy: 0.8 | Loss: 0.1382688783246399
INFO:root:Iter: 19| Accuracy: 1.0 | Loss: 0.0804832697893342
INFO:root:Iter: 20| Accuracy: 1.0 | Loss: 0.0725955869199031
INFO:root:epoch 37 : Training Accuracy 0.84 , Loss 0.20285387763992027, Time 0.4659486691157023 minutes, Validation Accuracy 0.78, Minimal Info Left 0.9999999999999999
INFO:root:start epoch 38
INFO:root:Iter: 1| Accuracy: 0.8 | Loss: 0.09748388730450891
INFO:root:Iter: 2| Accuracy: 1.0 | Loss: 0.057922348229140705
INFO:root:Iter: 3| Accuracy: 0.8 | Loss: 0.1288791270663752
INFO:root:Iter: 4| Accuracy: 0.8 | Loss: 0.1154864377629079
INFO:root:Iter: 5| Accuracy: 1.0 | Loss: 0.05746513485706532
INFO:root:Iter: 6| Accuracy: 0.0 | Loss: 0.5649176572873917
INFO:root:Iter: 7| Accuracy: 0.2 | Loss: 0.518285427706106
INFO:root:Iter: 8| Accuracy: 1.0 | Loss: 0.05602957835385336
INFO:root:Iter: 9| Accuracy: 0.0 | Loss: 0.5609453483767
INFO:root:Iter: 10| Accuracy: 0.4 | Loss: 0.38225680457553957
INFO:root:Iter: 11| Accuracy: 0.8 | Loss: 0.10093785197134886
INFO:root:Iter: 12| Accuracy: 0.6 | Loss: 0.19450088481937544
INFO:root:Iter: 13| Accuracy: 0.6 | Loss: 0.14548105088696453
INFO:root:Iter: 14| Accuracy: 0.6 | Loss: 0.36165738623767724
INFO:root:Iter: 15| Accuracy: 0.4 | Loss: 0.24139594981506657
INFO:root:Iter: 16| Accuracy: 1.0 | Loss: 0.08083204196814484
INFO:root:Iter: 17| Accuracy: 0.6 | Loss: 0.1811633457243786
INFO:root:Iter: 18| Accuracy: 0.2 | Loss: 0.5665593251833633
INFO:root:Iter: 19| Accuracy: 1.0 | Loss: 0.08257085325629969
INFO:root:Iter: 20| Accuracy: 0.4 | Loss: 0.2109217753515083
INFO:root:epoch 38 : Training Accuracy 0.61 , Loss 0.29434560998347115, Time 0.4752753774325053 minutes, Validation Accuracy 0.71, Minimal Info Left 0.9999999999999998
INFO:root:start epoch 39
INFO:root:Iter: 1| Accuracy: 0.0 | Loss: 0.5471508498419745
INFO:root:Iter: 2| Accuracy: 0.0 | Loss: 0.48499178521907005
INFO:root:Iter: 3| Accuracy: 1.0 | Loss: 0.07138514620694765
INFO:root:Iter: 4| Accuracy: 0.8 | Loss: 0.20894763621691168
INFO:root:Iter: 5| Accuracy: 0.2 | Loss: 0.5069815339838597
INFO:root:Iter: 6| Accuracy: 1.0 | Loss: 0.11380381377104828
INFO:root:Iter: 7| Accuracy: 0.2 | Loss: 0.3758820224450058
INFO:root:Iter: 8| Accuracy: 0.6 | Loss: 0.16241047554135063
INFO:root:Iter: 9| Accuracy: 1.0 | Loss: 0.11702409935614552
INFO:root:Iter: 10| Accuracy: 0.8 | Loss: 0.14168445428874404
INFO:root:Iter: 11| Accuracy: 1.0 | Loss: 0.09036537095235389
INFO:root:Iter: 12| Accuracy: 0.8 | Loss: 0.14865199543753918
INFO:root:Iter: 13| Accuracy: 0.8 | Loss: 0.15358956162175183
INFO:root:Iter: 14| Accuracy: 1.0 | Loss: 0.0971192718064118
INFO:root:Iter: 15| Accuracy: 0.2 | Loss: 0.4407162937549356
INFO:root:Iter: 16| Accuracy: 1.0 | Loss: 0.12023545203025077
INFO:root:Iter: 17| Accuracy: 0.8 | Loss: 0.11750568367410363
INFO:root:Iter: 18| Accuracy: 0.4 | Loss: 0.2852906149799773
INFO:root:Iter: 19| Accuracy: 1.0 | Loss: 0.13181695434372753
INFO:root:Iter: 20| Accuracy: 1.0 | Loss: 0.10737830813397997
INFO:root:epoch 39 : Training Accuracy 0.68 , Loss 0.21000452493795238, Time 0.47472620407740274 minutes, Validation Accuracy 0.97, Minimal Info Left 0.9999999999999999
INFO:root:start epoch 40
INFO:root:Iter: 1| Accuracy: 0.0 | Loss: 0.4397110689006064
INFO:root:Iter: 2| Accuracy: 0.6 | Loss: 0.2970776835523815
INFO:root:Iter: 3| Accuracy: 0.8 | Loss: 0.11889061613336013
INFO:root:Iter: 4| Accuracy: 1.0 | Loss: 0.08478658446990259
INFO:root:Iter: 5| Accuracy: 0.2 | Loss: 0.3859697011655381
INFO:root:Iter: 6| Accuracy: 1.0 | Loss: 0.12498621112791115
INFO:root:Iter: 7| Accuracy: 1.0 | Loss: 0.10797910266912239
INFO:root:Iter: 8| Accuracy: 0.0 | Loss: 0.3954114980666121
INFO:root:Iter: 9| Accuracy: 1.0 | Loss: 0.1254446805408334
INFO:root:Iter: 10| Accuracy: 1.0 | Loss: 0.09859832596639564
INFO:root:Iter: 11| Accuracy: 1.0 | Loss: 0.10307200795122744
INFO:root:Iter: 12| Accuracy: 0.8 | Loss: 0.1535678925644355
INFO:root:Iter: 13| Accuracy: 1.0 | Loss: 0.10473689875321776
INFO:root:Iter: 14| Accuracy: 1.0 | Loss: 0.07142275998714184
INFO:root:Iter: 15| Accuracy: 0.8 | Loss: 0.13984291309971647
INFO:root:Iter: 16| Accuracy: 0.8 | Loss: 0.150721876741352
INFO:root:Iter: 17| Accuracy: 1.0 | Loss: 0.0994635008722577
INFO:root:Iter: 18| Accuracy: 1.0 | Loss: 0.1181266524301359
INFO:root:Iter: 19| Accuracy: 0.8 | Loss: 0.13422129383739664
INFO:root:Iter: 20| Accuracy: 0.4 | Loss: 0.3916646665151311
INFO:root:epoch 40 : Training Accuracy 0.76 , Loss 0.1971279246817841, Time 0.47142669359842937 minutes, Validation Accuracy 0.96, Minimal Info Left 0.9999999999999998
INFO:root:start epoch 41
INFO:root:Iter: 1| Accuracy: 0.6 | Loss: 0.2146735054936289
INFO:root:Iter: 2| Accuracy: 0.2 | Loss: 0.4901074109757012
INFO:root:Iter: 3| Accuracy: 0.8 | Loss: 0.18850449340967493
INFO:root:Iter: 4| Accuracy: 1.0 | Loss: 0.08681090945390324
INFO:root:Iter: 5| Accuracy: 1.0 | Loss: 0.07082125756898557
INFO:root:Iter: 6| Accuracy: 1.0 | Loss: 0.0633844539092602
INFO:root:Iter: 7| Accuracy: 1.0 | Loss: 0.09894121412910155
INFO:root:Iter: 8| Accuracy: 1.0 | Loss: 0.0575140367016447
INFO:root:Iter: 9| Accuracy: 0.0 | Loss: 0.5764033573844813
INFO:root:Iter: 10| Accuracy: 0.2 | Loss: 0.45443667958850503
INFO:root:Iter: 11| Accuracy: 0.8 | Loss: 0.13622652476373345
INFO:root:Iter: 12| Accuracy: 0.4 | Loss: 0.2383498607008307
INFO:root:Iter: 13| Accuracy: 0.6 | Loss: 0.18155886627241394
INFO:root:Iter: 14| Accuracy: 0.8 | Loss: 0.13499078122318725
INFO:root:Iter: 15| Accuracy: 0.8 | Loss: 0.10516054114374988
INFO:root:Iter: 16| Accuracy: 1.0 | Loss: 0.07130145424587118
INFO:root:Iter: 17| Accuracy: 0.2 | Loss: 0.43588052758121576
INFO:root:Iter: 18| Accuracy: 0.2 | Loss: 0.5041553570626219
INFO:root:Iter: 19| Accuracy: 0.8 | Loss: 0.11773446102160819
INFO:root:Iter: 20| Accuracy: 1.0 | Loss: 0.10380183032917627
INFO:root:epoch 41 : Training Accuracy 0.67 , Loss 0.21079326866389125, Time 0.4760973572731018 minutes, Validation Accuracy 0.99, Minimal Info Left 0.9999999999999998
INFO:root:start epoch 42
INFO:root:Iter: 1| Accuracy: 1.0 | Loss: 0.05957944885895951
INFO:root:Iter: 2| Accuracy: 1.0 | Loss: 0.086743891414676
INFO:root:Iter: 3| Accuracy: 0.8 | Loss: 0.16295427832051376
INFO:root:Iter: 4| Accuracy: 0.6 | Loss: 0.33494201951467073
INFO:root:Iter: 5| Accuracy: 0.0 | Loss: 0.5466035625901812
INFO:root:Iter: 6| Accuracy: 0.2 | Loss: 0.44170050212720346
INFO:root:Iter: 7| Accuracy: 0.6 | Loss: 0.3257395728638217
INFO:root:Iter: 8| Accuracy: 0.4 | Loss: 0.23952197477059517
INFO:root:Iter: 9| Accuracy: 1.0 | Loss: 0.08855254473392597
INFO:root:Iter: 10| Accuracy: 0.4 | Loss: 0.1845840953935673
INFO:root:Iter: 11| Accuracy: 0.8 | Loss: 0.16491481955339754
INFO:root:Iter: 12| Accuracy: 0.4 | Loss: 0.2962570971195264
INFO:root:Iter: 13| Accuracy: 0.0 | Loss: 0.4536993832601464
INFO:root:Iter: 14| Accuracy: 1.0 | Loss: 0.10235496161384668
INFO:root:Iter: 15| Accuracy: 0.2 | Loss: 0.41426375771522855
INFO:root:Iter: 16| Accuracy: 1.0 | Loss: 0.10271889478106062
INFO:root:Iter: 17| Accuracy: 0.8 | Loss: 0.15407095574336105
INFO:root:Iter: 18| Accuracy: 0.2 | Loss: 0.3477759707500837
INFO:root:Iter: 19| Accuracy: 0.4 | Loss: 0.22382127417308775
INFO:root:Iter: 20| Accuracy: 0.6 | Loss: 0.1733491432835493
INFO:root:epoch 42 : Training Accuracy 0.57 , Loss 0.24254376907750544, Time 0.478010880947113 minutes, Validation Accuracy 0.78, Minimal Info Left 0.9999999999999998
INFO:root:start epoch 43
INFO:root:Iter: 1| Accuracy: 0.8 | Loss: 0.15907127410790173
INFO:root:Iter: 2| Accuracy: 0.6 | Loss: 0.19745430308503834
INFO:root:Iter: 3| Accuracy: 1.0 | Loss: 0.10913036249976363
INFO:root:Iter: 4| Accuracy: 0.4 | Loss: 0.3456260363487365
INFO:root:Iter: 5| Accuracy: 0.2 | Loss: 0.3450908538766358
INFO:root:Iter: 6| Accuracy: 0.8 | Loss: 0.23723972546649028
INFO:root:Iter: 7| Accuracy: 0.6 | Loss: 0.3104777722583242
INFO:root:Iter: 8| Accuracy: 0.2 | Loss: 0.37568205622258893
INFO:root:Iter: 9| Accuracy: 1.0 | Loss: 0.16806186203922321
INFO:root:Iter: 10| Accuracy: 1.0 | Loss: 0.15965570013900054
INFO:root:Iter: 11| Accuracy: 0.4 | Loss: 0.26767759231993216
INFO:root:Iter: 12| Accuracy: 0.8 | Loss: 0.20121317234166697
INFO:root:Iter: 13| Accuracy: 0.6 | Loss: 0.15188112810109522
INFO:root:Iter: 14| Accuracy: 1.0 | Loss: 0.1385426511922701
INFO:root:Iter: 15| Accuracy: 0.6 | Loss: 0.20682472046834316
INFO:root:Iter: 16| Accuracy: 0.6 | Loss: 0.19973084559805848
INFO:root:Iter: 17| Accuracy: 0.2 | Loss: 0.357403952860777
INFO:root:Iter: 18| Accuracy: 1.0 | Loss: 0.14794786715401215
INFO:root:Iter: 19| Accuracy: 0.2 | Loss: 0.3520788454960764
INFO:root:Iter: 20| Accuracy: 0.8 | Loss: 0.1491182756331113
INFO:root:epoch 43 : Training Accuracy 0.64 , Loss 0.22955375939322503, Time 0.4732839345932007 minutes, Validation Accuracy 0.83, Minimal Info Left 0.9999999999999998
INFO:root:start epoch 44
INFO:root:Iter: 1| Accuracy: 0.6 | Loss: 0.25069353767270164
INFO:root:Iter: 2| Accuracy: 0.4 | Loss: 0.30053359638701804
INFO:root:Iter: 3| Accuracy: 1.0 | Loss: 0.10505023021903633
INFO:root:Iter: 4| Accuracy: 1.0 | Loss: 0.13923826751546903
INFO:root:Iter: 5| Accuracy: 1.0 | Loss: 0.11735867494652681
INFO:root:Iter: 6| Accuracy: 1.0 | Loss: 0.1131641495537687
INFO:root:Iter: 7| Accuracy: 0.8 | Loss: 0.10295716257696419
INFO:root:Iter: 8| Accuracy: 1.0 | Loss: 0.09121274550344882
INFO:root:Iter: 9| Accuracy: 0.8 | Loss: 0.1068895847775599
INFO:root:Iter: 10| Accuracy: 0.4 | Loss: 0.3981642204776093
INFO:root:Iter: 11| Accuracy: 0.8 | Loss: 0.136675165796448
INFO:root:Iter: 12| Accuracy: 1.0 | Loss: 0.09463054527775709
INFO:root:Iter: 13| Accuracy: 0.6 | Loss: 0.14128952770057582
INFO:root:Iter: 14| Accuracy: 0.6 | Loss: 0.12804901404476682
INFO:root:Iter: 15| Accuracy: 0.8 | Loss: 0.16835935793902373
INFO:root:Iter: 16| Accuracy: 0.6 | Loss: 0.1678682126932492
INFO:root:Iter: 17| Accuracy: 0.8 | Loss: 0.13532041287455288
INFO:root:Iter: 18| Accuracy: 0.2 | Loss: 0.4593558458166996
INFO:root:Iter: 19| Accuracy: 0.0 | Loss: 0.5885505858842486
INFO:root:Iter: 20| Accuracy: 0.0 | Loss: 0.6409927189847122
INFO:root:epoch 44 : Training Accuracy 0.67 , Loss 0.21573704393124046, Time 0.46517481803894045 minutes, Validation Accuracy 1.0, Minimal Info Left 0.9999999999999999
INFO:root:start epoch 45
INFO:root:Iter: 1| Accuracy: 0.2 | Loss: 0.3543444755888416
INFO:root:Iter: 2| Accuracy: 0.8 | Loss: 0.13614723643554252
INFO:root:Iter: 3| Accuracy: 0.6 | Loss: 0.19966427003597406
INFO:root:Iter: 4| Accuracy: 0.8 | Loss: 0.18743426621189596
INFO:root:Iter: 5| Accuracy: 0.2 | Loss: 0.48040212352707623
INFO:root:Iter: 6| Accuracy: 0.6 | Loss: 0.13424832015385257
INFO:root:Iter: 7| Accuracy: 1.0 | Loss: 0.0899720600235489
INFO:root:Iter: 8| Accuracy: 0.2 | Loss: 0.43545404262445214
INFO:root:Iter: 9| Accuracy: 0.8 | Loss: 0.18049617373275478
INFO:root:Iter: 10| Accuracy: 0.6 | Loss: 0.18276985981426822
INFO:root:Iter: 11| Accuracy: 0.8 | Loss: 0.2368590330442255
INFO:root:Iter: 12| Accuracy: 0.2 | Loss: 0.28759478615239564
INFO:root:Iter: 13| Accuracy: 0.6 | Loss: 0.252853816014564
INFO:root:Iter: 14| Accuracy: 0.4 | Loss: 0.3324071616635895
INFO:root:Iter: 15| Accuracy: 0.8 | Loss: 0.1717447251254018
INFO:root:Iter: 16| Accuracy: 0.4 | Loss: 0.2932815226650926
INFO:root:Iter: 17| Accuracy: 0.4 | Loss: 0.34782746473232196
INFO:root:Iter: 18| Accuracy: 0.6 | Loss: 0.3011604912825152
INFO:root:Iter: 19| Accuracy: 0.4 | Loss: 0.21621679799211094
INFO:root:Iter: 20| Accuracy: 0.8 | Loss: 0.20041232620387647
INFO:root:epoch 45 : Training Accuracy 0.56 , Loss 0.23649581250815124, Time 0.46765211820602415 minutes, Validation Accuracy 0.95, Minimal Info Left 0.9999999999999998
INFO:root:start epoch 46
INFO:root:Iter: 1| Accuracy: 1.0 | Loss: 0.18959954993979905
INFO:root:Iter: 2| Accuracy: 0.4 | Loss: 0.30333996794466195
INFO:root:Iter: 3| Accuracy: 1.0 | Loss: 0.18794591395469779
INFO:root:Iter: 4| Accuracy: 1.0 | Loss: 0.1614596339288896
INFO:root:Iter: 5| Accuracy: 0.8 | Loss: 0.24574606990450315
INFO:root:Iter: 6| Accuracy: 0.6 | Loss: 0.1939604221753446
INFO:root:Iter: 7| Accuracy: 0.6 | Loss: 0.19268015602668578
INFO:root:Iter: 8| Accuracy: 1.0 | Loss: 0.16052488541572846
INFO:root:Iter: 9| Accuracy: 0.4 | Loss: 0.2798434309193218
INFO:root:Iter: 10| Accuracy: 0.4 | Loss: 0.2868086688396594
INFO:root:Iter: 11| Accuracy: 0.6 | Loss: 0.2522699220679227
INFO:root:Iter: 12| Accuracy: 1.0 | Loss: 0.15556171392917054
INFO:root:Iter: 13| Accuracy: 0.8 | Loss: 0.15277494884663476
INFO:root:Iter: 14| Accuracy: 0.8 | Loss: 0.17037344793641412
INFO:root:Iter: 15| Accuracy: 0.8 | Loss: 0.15560488974134085
INFO:root:Iter: 16| Accuracy: 1.0 | Loss: 0.10387573533038716
INFO:root:Iter: 17| Accuracy: 0.0 | Loss: 0.46002047268360347
INFO:root:Iter: 18| Accuracy: 0.2 | Loss: 0.35514679857044384
INFO:root:Iter: 19| Accuracy: 1.0 | Loss: 0.10438095540148729
INFO:root:Iter: 20| Accuracy: 0.6 | Loss: 0.2794346509276281
INFO:root:epoch 46 : Training Accuracy 0.7 , Loss 0.220702381227206, Time 0.4806838552157084 minutes, Validation Accuracy 0.91, Minimal Info Left 0.9999999999999998
INFO:root:start epoch 47
INFO:root:Iter: 1| Accuracy: 0.6 | Loss: 0.1413148087589456
INFO:root:Iter: 2| Accuracy: 0.4 | Loss: 0.22908853046981043
INFO:root:Iter: 3| Accuracy: 0.8 | Loss: 0.27642249459555035
INFO:root:Iter: 4| Accuracy: 1.0 | Loss: 0.08321182077823794
INFO:root:Iter: 5| Accuracy: 0.2 | Loss: 0.4426544010356036
INFO:root:Iter: 6| Accuracy: 0.8 | Loss: 0.16481879595314383
INFO:root:Iter: 7| Accuracy: 0.2 | Loss: 0.3437009677439222
INFO:root:Iter: 8| Accuracy: 0.8 | Loss: 0.12080574943970723
INFO:root:Iter: 9| Accuracy: 0.4 | Loss: 0.2375044662355809
INFO:root:Iter: 10| Accuracy: 0.8 | Loss: 0.1955551868476304
INFO:root:Iter: 11| Accuracy: 0.8 | Loss: 0.1505299299561696
INFO:root:Iter: 12| Accuracy: 0.0 | Loss: 0.42974029040984474
INFO:root:Iter: 13| Accuracy: 1.0 | Loss: 0.09487470213704084
INFO:root:Iter: 14| Accuracy: 0.2 | Loss: 0.33718607882891216
INFO:root:Iter: 15| Accuracy: 0.6 | Loss: 0.3428790271993696
INFO:root:Iter: 16| Accuracy: 0.6 | Loss: 0.36194101857306504
INFO:root:Iter: 17| Accuracy: 0.4 | Loss: 0.22617964001680296
INFO:root:Iter: 18| Accuracy: 1.0 | Loss: 0.1598263683680839
INFO:root:Iter: 19| Accuracy: 0.8 | Loss: 0.1615012152708189
INFO:root:Iter: 20| Accuracy: 1.0 | Loss: 0.17135802444933673
INFO:root:epoch 47 : Training Accuracy 0.62 , Loss 0.22257018146507757, Time 0.4721362789471944 minutes, Validation Accuracy 0.92, Minimal Info Left 0.9999999999999999
INFO:root:start epoch 48
INFO:root:Iter: 1| Accuracy: 0.4 | Loss: 0.20191935931714639
INFO:root:Iter: 2| Accuracy: 0.8 | Loss: 0.1919487958068952
INFO:root:Iter: 3| Accuracy: 0.2 | Loss: 0.3145080957021671
INFO:root:Iter: 4| Accuracy: 0.8 | Loss: 0.19635969437827067
INFO:root:Iter: 5| Accuracy: 0.2 | Loss: 0.33419677702209816
INFO:root:Iter: 6| Accuracy: 0.8 | Loss: 0.198204566364914
INFO:root:Iter: 7| Accuracy: 0.2 | Loss: 0.35746588570076043
INFO:root:Iter: 8| Accuracy: 1.0 | Loss: 0.14999916956956166
INFO:root:Iter: 9| Accuracy: 0.8 | Loss: 0.1774387523950536
INFO:root:Iter: 10| Accuracy: 0.2 | Loss: 0.33259534657402684
INFO:root:Iter: 11| Accuracy: 1.0 | Loss: 0.1373986012092234
INFO:root:Iter: 12| Accuracy: 0.8 | Loss: 0.17532816761980094
INFO:root:Iter: 13| Accuracy: 0.8 | Loss: 0.1870556230881648
INFO:root:Iter: 14| Accuracy: 1.0 | Loss: 0.17903591261591167
INFO:root:Iter: 15| Accuracy: 0.8 | Loss: 0.13906056274214385
INFO:root:Iter: 16| Accuracy: 0.8 | Loss: 0.2237789254764504
INFO:root:Iter: 17| Accuracy: 0.8 | Loss: 0.15138020447713613
INFO:root:Iter: 18| Accuracy: 0.8 | Loss: 0.19356544475771204
INFO:root:Iter: 19| Accuracy: 0.8 | Loss: 0.18673048547824256
INFO:root:Iter: 20| Accuracy: 0.2 | Loss: 0.42074494894523246
INFO:root:epoch 48 : Training Accuracy 0.66 , Loss 0.22449943986285856, Time 0.47157124678293866 minutes, Validation Accuracy 0.95, Minimal Info Left 0.9999999999999998
INFO:root:start epoch 49
INFO:root:Iter: 1| Accuracy: 1.0 | Loss: 0.14233765398615722
INFO:root:Iter: 2| Accuracy: 0.8 | Loss: 0.19301856576843743
INFO:root:Iter: 3| Accuracy: 0.8 | Loss: 0.14721485733139644
INFO:root:Iter: 4| Accuracy: 1.0 | Loss: 0.08253746452943093
INFO:root:Iter: 5| Accuracy: 0.2 | Loss: 0.4563819861388733
INFO:root:Iter: 6| Accuracy: 0.8 | Loss: 0.10651238380190575
INFO:root:Iter: 7| Accuracy: 0.0 | Loss: 0.46013165365212344
INFO:root:Iter: 8| Accuracy: 0.8 | Loss: 0.15587054070427192
INFO:root:Iter: 9| Accuracy: 0.8 | Loss: 0.15050906645556594
INFO:root:Iter: 10| Accuracy: 0.6 | Loss: 0.18963294113184884
INFO:root:Iter: 11| Accuracy: 1.0 | Loss: 0.12090720187589872
INFO:root:Iter: 12| Accuracy: 1.0 | Loss: 0.1130200596197662
INFO:root:Iter: 13| Accuracy: 1.0 | Loss: 0.12675927993586564
INFO:root:Iter: 14| Accuracy: 0.8 | Loss: 0.14992940235177027
INFO:root:Iter: 15| Accuracy: 0.8 | Loss: 0.1426635016497792
INFO:root:Iter: 16| Accuracy: 1.0 | Loss: 0.12489036776655849
INFO:root:Iter: 17| Accuracy: 0.2 | Loss: 0.4494313848841139
INFO:root:Iter: 18| Accuracy: 1.0 | Loss: 0.062473218557643574
INFO:root:Iter: 19| Accuracy: 1.0 | Loss: 0.09799250579818039
INFO:root:Iter: 20| Accuracy: 1.0 | Loss: 0.04392951419767267
INFO:root:epoch 49 : Training Accuracy 0.78 , Loss 0.20065206690968654, Time 0.46964461406071983 minutes, Validation Accuracy 0.84, Minimal Info Left 0.9999999999999998
INFO:root:start epoch 50
INFO:root:Iter: 1| Accuracy: 0.8 | Loss: 0.1241520557407233
INFO:root:Iter: 2| Accuracy: 0.8 | Loss: 0.1396442472280338
INFO:root:Iter: 3| Accuracy: 0.0 | Loss: 0.5861095235854803
INFO:root:Iter: 4| Accuracy: 0.8 | Loss: 0.1481147963414667
INFO:root:Iter: 5| Accuracy: 0.0 | Loss: 0.4929094857811932
INFO:root:Iter: 6| Accuracy: 0.0 | Loss: 0.5150445943280486
INFO:root:Iter: 7| Accuracy: 0.2 | Loss: 0.44285705388010077
INFO:root:Iter: 8| Accuracy: 1.0 | Loss: 0.08477300577052731
INFO:root:Iter: 9| Accuracy: 0.8 | Loss: 0.1275445228913114
INFO:root:Iter: 10| Accuracy: 0.8 | Loss: 0.12572743026696961
INFO:root:Iter: 11| Accuracy: 1.0 | Loss: 0.10846554289712614
INFO:root:Iter: 12| Accuracy: 0.6 | Loss: 0.1515388105462146
INFO:root:Iter: 13| Accuracy: 0.8 | Loss: 0.1700992018923156
INFO:root:Iter: 14| Accuracy: 0.2 | Loss: 0.4195468878499806
INFO:root:Iter: 15| Accuracy: 0.8 | Loss: 0.14146017766524496
INFO:root:Iter: 16| Accuracy: 0.0 | Loss: 0.41454683894876565
INFO:root:Iter: 17| Accuracy: 0.4 | Loss: 0.3313426293091542
INFO:root:Iter: 18| Accuracy: 0.8 | Loss: 0.2725639293883251
INFO:root:Iter: 19| Accuracy: 0.8 | Loss: 0.19760693816400532
INFO:root:Iter: 20| Accuracy: 0.6 | Loss: 0.41986952046244674
INFO:root:epoch 50 : Training Accuracy 0.56 , Loss 0.3340395606444311, Time 0.47205655177434286 minutes, Validation Accuracy 0.5, Minimal Info Left 0.9999999999999999
