INFO:root:embedding methods angle, sample number 50, batch size 5, learning rate 0.2, epoch number 50, layer number 2, pca parameter 5, numpy random seed 0, qubits number 5
INFO:root:start epoch 1
INFO:root:Iter: 1| Accuracy: 0.6 | Loss: 0.1891640416
INFO:root:Iter: 2| Accuracy: 0.8 | Loss: 0.20553068180735995
INFO:root:Iter: 3| Accuracy: 0.4 | Loss: 0.31471926606947226
INFO:root:Iter: 4| Accuracy: 0.4 | Loss: 0.26923547851145807
INFO:root:Iter: 5| Accuracy: 0.8 | Loss: 0.1689776091348053
INFO:root:Iter: 6| Accuracy: 0.6 | Loss: 0.1585510695430775
INFO:root:Iter: 7| Accuracy: 0.6 | Loss: 0.2128392070291293
INFO:root:Iter: 8| Accuracy: 0.6 | Loss: 0.2637503901258749
INFO:root:Iter: 9| Accuracy: 0.2 | Loss: 0.30114564674200694
INFO:root:Iter: 10| Accuracy: 0.6 | Loss: 0.25979533523126125
INFO:root:Iter: 11| Accuracy: 1.0 | Loss: 0.19053647224553255
INFO:root:Iter: 12| Accuracy: 1.0 | Loss: 0.15190821890314468
INFO:root:Iter: 13| Accuracy: 0.2 | Loss: 0.271301780648308
INFO:root:Iter: 14| Accuracy: 0.6 | Loss: 0.2396227123171141
INFO:root:Iter: 15| Accuracy: 0.4 | Loss: 0.2539957808659197
INFO:root:Iter: 16| Accuracy: 1.0 | Loss: 0.184008429631318
INFO:root:Iter: 17| Accuracy: 0.2 | Loss: 0.3012385714246465
INFO:root:Iter: 18| Accuracy: 0.8 | Loss: 0.22155371162728307
INFO:root:Iter: 19| Accuracy: 0.6 | Loss: 0.24508369750830267
INFO:root:Iter: 20| Accuracy: 0.8 | Loss: 0.17809876099753558
INFO:root:epoch 1 : Training Accuracy 0.61 , Loss 0.30724697905349413, Time 0.42568793694178264 minutes, Validation Accuracy 0.5, Minimal Info Left 0.9999999999999999
INFO:root:start epoch 2
INFO:root:Iter: 1| Accuracy: 0.4 | Loss: 0.26946544187957566
INFO:root:Iter: 2| Accuracy: 0.8 | Loss: 0.18488634767483902
INFO:root:Iter: 3| Accuracy: 0.8 | Loss: 0.1779013126491314
INFO:root:Iter: 4| Accuracy: 0.4 | Loss: 0.26740073872452974
INFO:root:Iter: 5| Accuracy: 0.8 | Loss: 0.21222913206309485
INFO:root:Iter: 6| Accuracy: 0.6 | Loss: 0.21492374039889645
INFO:root:Iter: 7| Accuracy: 0.8 | Loss: 0.12700285725437224
INFO:root:Iter: 8| Accuracy: 0.6 | Loss: 0.3515504033727615
INFO:root:Iter: 9| Accuracy: 0.8 | Loss: 0.11392903399746335
INFO:root:Iter: 10| Accuracy: 0.6 | Loss: 0.23571371486935977
INFO:root:Iter: 11| Accuracy: 0.8 | Loss: 0.2143715850631409
INFO:root:Iter: 12| Accuracy: 0.6 | Loss: 0.21480504598732714
INFO:root:Iter: 13| Accuracy: 0.4 | Loss: 0.24269147486464507
INFO:root:Iter: 14| Accuracy: 0.8 | Loss: 0.1139606096931188
INFO:root:Iter: 15| Accuracy: 0.4 | Loss: 0.2746889684646613
INFO:root:Iter: 16| Accuracy: 0.8 | Loss: 0.2648725413722909
INFO:root:Iter: 17| Accuracy: 0.8 | Loss: 0.22487773239617542
INFO:root:Iter: 18| Accuracy: 1.0 | Loss: 0.0362549126096874
INFO:root:Iter: 19| Accuracy: 0.8 | Loss: 0.1708763439092724
INFO:root:Iter: 20| Accuracy: 0.4 | Loss: 0.40434065574243505
INFO:root:epoch 2 : Training Accuracy 0.67 , Loss 0.29561633920916675, Time 0.4197637359301249 minutes, Validation Accuracy 0.5, Minimal Info Left 0.9999999999999998
INFO:root:start epoch 3
INFO:root:Iter: 1| Accuracy: 0.8 | Loss: 0.20490110102670175
INFO:root:Iter: 2| Accuracy: 0.8 | Loss: 0.20735108173491196
INFO:root:Iter: 3| Accuracy: 0.6 | Loss: 0.2557454620624226
INFO:root:Iter: 4| Accuracy: 0.8 | Loss: 0.17314714425374547
INFO:root:Iter: 5| Accuracy: 1.0 | Loss: 0.07196266359678552
INFO:root:Iter: 6| Accuracy: 0.8 | Loss: 0.17976810805895696
INFO:root:Iter: 7| Accuracy: 0.2 | Loss: 0.34307520258739627
INFO:root:Iter: 8| Accuracy: 0.2 | Loss: 0.29713285416671786
INFO:root:Iter: 9| Accuracy: 0.8 | Loss: 0.22556234607997294
INFO:root:Iter: 10| Accuracy: 0.8 | Loss: 0.22340676089861938
INFO:root:Iter: 11| Accuracy: 0.6 | Loss: 0.20455817464308898
INFO:root:Iter: 12| Accuracy: 0.8 | Loss: 0.23369305995879128
INFO:root:Iter: 13| Accuracy: 0.8 | Loss: 0.20172433952500696
INFO:root:Iter: 14| Accuracy: 0.8 | Loss: 0.20081779412067097
INFO:root:Iter: 15| Accuracy: 0.6 | Loss: 0.29964188512456535
INFO:root:Iter: 16| Accuracy: 0.8 | Loss: 0.18693574289476525
INFO:root:Iter: 17| Accuracy: 0.4 | Loss: 0.2406735909395513
INFO:root:Iter: 18| Accuracy: 0.8 | Loss: 0.24737452944176536
INFO:root:Iter: 19| Accuracy: 0.8 | Loss: 0.1877354057076996
INFO:root:Iter: 20| Accuracy: 0.8 | Loss: 0.22877241597941467
INFO:root:epoch 3 : Training Accuracy 0.7 , Loss 0.24370039782372876, Time 0.4259394327799479 minutes, Validation Accuracy 0.54, Minimal Info Left 0.9999999999999998
INFO:root:start epoch 4
INFO:root:Iter: 1| Accuracy: 0.8 | Loss: 0.14559745264862112
INFO:root:Iter: 2| Accuracy: 0.8 | Loss: 0.1335164802537526
INFO:root:Iter: 3| Accuracy: 0.8 | Loss: 0.23430550803006311
INFO:root:Iter: 4| Accuracy: 0.6 | Loss: 0.2276109725829504
INFO:root:Iter: 5| Accuracy: 0.6 | Loss: 0.2581580784673107
INFO:root:Iter: 6| Accuracy: 0.8 | Loss: 0.29562308733026554
INFO:root:Iter: 7| Accuracy: 0.4 | Loss: 0.2726390016725454
INFO:root:Iter: 8| Accuracy: 0.4 | Loss: 0.2842319421144218
INFO:root:Iter: 9| Accuracy: 0.6 | Loss: 0.1943829978041121
INFO:root:Iter: 10| Accuracy: 0.8 | Loss: 0.19990761412471728
INFO:root:Iter: 11| Accuracy: 1.0 | Loss: 0.13052931954282154
INFO:root:Iter: 12| Accuracy: 0.6 | Loss: 0.28164823688409124
INFO:root:Iter: 13| Accuracy: 1.0 | Loss: 0.1737653068112857
INFO:root:Iter: 14| Accuracy: 0.0 | Loss: 0.3164777381436359
INFO:root:Iter: 15| Accuracy: 0.6 | Loss: 0.2515727646006324
INFO:root:Iter: 16| Accuracy: 0.4 | Loss: 0.27687594721772013
INFO:root:Iter: 17| Accuracy: 0.8 | Loss: 0.23791035686636838
INFO:root:Iter: 18| Accuracy: 0.8 | Loss: 0.17597385916229985
INFO:root:Iter: 19| Accuracy: 0.6 | Loss: 0.1981595398213617
INFO:root:Iter: 20| Accuracy: 1.0 | Loss: 0.18695885295531334
INFO:root:epoch 4 : Training Accuracy 0.67 , Loss 0.23509313914289368, Time 0.44271255334218346 minutes, Validation Accuracy 0.74, Minimal Info Left 0.9999999999999998
INFO:root:start epoch 5
INFO:root:Iter: 1| Accuracy: 0.6 | Loss: 0.2564677046411295
INFO:root:Iter: 2| Accuracy: 0.8 | Loss: 0.16615311683207487
INFO:root:Iter: 3| Accuracy: 0.4 | Loss: 0.3284932088316229
INFO:root:Iter: 4| Accuracy: 0.4 | Loss: 0.24219075735687862
INFO:root:Iter: 5| Accuracy: 0.8 | Loss: 0.22201562633651512
INFO:root:Iter: 6| Accuracy: 0.6 | Loss: 0.22719322222663046
INFO:root:Iter: 7| Accuracy: 0.8 | Loss: 0.19280939053665952
INFO:root:Iter: 8| Accuracy: 0.6 | Loss: 0.22459186281124582
INFO:root:Iter: 9| Accuracy: 0.6 | Loss: 0.23740868184018823
INFO:root:Iter: 10| Accuracy: 0.8 | Loss: 0.1702568263853071
INFO:root:Iter: 11| Accuracy: 0.4 | Loss: 0.26131174126857715
INFO:root:Iter: 12| Accuracy: 0.6 | Loss: 0.2160422253081705
INFO:root:Iter: 13| Accuracy: 0.6 | Loss: 0.22203493972452396
INFO:root:Iter: 14| Accuracy: 0.8 | Loss: 0.1526865283384543
INFO:root:Iter: 15| Accuracy: 0.6 | Loss: 0.19836913609401913
INFO:root:Iter: 16| Accuracy: 0.8 | Loss: 0.1752890259461616
INFO:root:Iter: 17| Accuracy: 0.0 | Loss: 0.38396830455235265
INFO:root:Iter: 18| Accuracy: 0.6 | Loss: 0.22644787272912398
INFO:root:Iter: 19| Accuracy: 0.4 | Loss: 0.20584646477581123
INFO:root:Iter: 20| Accuracy: 0.6 | Loss: 0.24062326280253732
INFO:root:epoch 5 : Training Accuracy 0.59 , Loss 0.23943941033231306, Time 0.4372825225194295 minutes, Validation Accuracy 0.66, Minimal Info Left 0.9999999999999998
INFO:root:start epoch 6
INFO:root:Iter: 1| Accuracy: 0.4 | Loss: 0.2414405012233382
INFO:root:Iter: 2| Accuracy: 0.4 | Loss: 0.23092169635593604
INFO:root:Iter: 3| Accuracy: 0.8 | Loss: 0.20985282355782792
INFO:root:Iter: 4| Accuracy: 0.6 | Loss: 0.23144894896781606
INFO:root:Iter: 5| Accuracy: 0.6 | Loss: 0.2415518587105187
INFO:root:Iter: 6| Accuracy: 1.0 | Loss: 0.053850354655457254
INFO:root:Iter: 7| Accuracy: 0.6 | Loss: 0.20499137603330025
INFO:root:Iter: 8| Accuracy: 0.6 | Loss: 0.21191614281750853
INFO:root:Iter: 9| Accuracy: 0.2 | Loss: 0.3159849576483441
INFO:root:Iter: 10| Accuracy: 0.2 | Loss: 0.3318817034227203
INFO:root:Iter: 11| Accuracy: 0.8 | Loss: 0.1458230129423474
INFO:root:Iter: 12| Accuracy: 0.4 | Loss: 0.19919639982680337
INFO:root:Iter: 13| Accuracy: 0.8 | Loss: 0.166670204053245
INFO:root:Iter: 14| Accuracy: 0.6 | Loss: 0.22586819891248563
INFO:root:Iter: 15| Accuracy: 0.6 | Loss: 0.28067298709555094
INFO:root:Iter: 16| Accuracy: 0.6 | Loss: 0.23082575178025463
INFO:root:Iter: 17| Accuracy: 0.4 | Loss: 0.25188627615277986
INFO:root:Iter: 18| Accuracy: 0.8 | Loss: 0.143815007699772
INFO:root:Iter: 19| Accuracy: 0.6 | Loss: 0.21710693774727402
INFO:root:Iter: 20| Accuracy: 0.6 | Loss: 0.23939961157191023
INFO:root:epoch 6 : Training Accuracy 0.58 , Loss 0.2613044731528226, Time 0.9553156495094299 minutes, Validation Accuracy 0.5, Minimal Info Left 0.9999999999999998
INFO:root:start epoch 7
INFO:root:Iter: 1| Accuracy: 0.6 | Loss: 0.22011141529244585
INFO:root:Iter: 2| Accuracy: 0.6 | Loss: 0.23331911799584032
INFO:root:Iter: 3| Accuracy: 0.6 | Loss: 0.24762120729414905
INFO:root:Iter: 4| Accuracy: 0.6 | Loss: 0.18230822656997447
INFO:root:Iter: 5| Accuracy: 0.4 | Loss: 0.27960456692441304
INFO:root:Iter: 6| Accuracy: 0.6 | Loss: 0.2099794768338338
INFO:root:Iter: 7| Accuracy: 0.6 | Loss: 0.2276703627360833
INFO:root:Iter: 8| Accuracy: 0.6 | Loss: 0.23278805923881637
INFO:root:Iter: 9| Accuracy: 0.8 | Loss: 0.128904323139675
INFO:root:Iter: 10| Accuracy: 0.8 | Loss: 0.20197990329806736
INFO:root:Iter: 11| Accuracy: 0.4 | Loss: 0.23345023973809748
INFO:root:Iter: 12| Accuracy: 0.4 | Loss: 0.23081891804071425
INFO:root:Iter: 13| Accuracy: 0.4 | Loss: 0.20098283359284003
INFO:root:Iter: 14| Accuracy: 0.8 | Loss: 0.19111245861945864
INFO:root:Iter: 15| Accuracy: 1.0 | Loss: 0.014914150089466375
INFO:root:Iter: 16| Accuracy: 0.6 | Loss: 0.31072526051255067
INFO:root:Iter: 17| Accuracy: 0.4 | Loss: 0.2909013079314998
INFO:root:Iter: 18| Accuracy: 0.4 | Loss: 0.255323075928464
INFO:root:Iter: 19| Accuracy: 0.2 | Loss: 0.27491138536246923
INFO:root:Iter: 20| Accuracy: 0.8 | Loss: 0.21859114339078115
INFO:root:epoch 7 : Training Accuracy 0.58 , Loss 0.24648277474862096, Time 0.6915369908014933 minutes, Validation Accuracy 0.79, Minimal Info Left 0.9999999999999998
INFO:root:start epoch 8
INFO:root:Iter: 1| Accuracy: 0.6 | Loss: 0.21815227788070599
INFO:root:Iter: 2| Accuracy: 0.8 | Loss: 0.11142488536631545
INFO:root:Iter: 3| Accuracy: 0.4 | Loss: 0.3646189594134205
INFO:root:Iter: 4| Accuracy: 1.0 | Loss: 0.10265555263206003
INFO:root:Iter: 5| Accuracy: 0.4 | Loss: 0.2844353116502746
INFO:root:Iter: 6| Accuracy: 0.4 | Loss: 0.27363592257577685
INFO:root:Iter: 7| Accuracy: 0.6 | Loss: 0.28947143555271637
INFO:root:Iter: 8| Accuracy: 0.8 | Loss: 0.2321665198881433
INFO:root:Iter: 9| Accuracy: 0.4 | Loss: 0.20033718263153596
INFO:root:Iter: 10| Accuracy: 0.6 | Loss: 0.23024292624706205
INFO:root:Iter: 11| Accuracy: 0.6 | Loss: 0.22167997389342348
INFO:root:Iter: 12| Accuracy: 0.6 | Loss: 0.21375766393201015
INFO:root:Iter: 13| Accuracy: 0.8 | Loss: 0.19798025777210274
INFO:root:Iter: 14| Accuracy: 0.6 | Loss: 0.25721881639719973
INFO:root:Iter: 15| Accuracy: 0.8 | Loss: 0.21367984650478683
INFO:root:Iter: 16| Accuracy: 0.4 | Loss: 0.2537811011454632
INFO:root:Iter: 17| Accuracy: 0.6 | Loss: 0.21476336315230551
INFO:root:Iter: 18| Accuracy: 0.8 | Loss: 0.21644346421271016
INFO:root:Iter: 19| Accuracy: 0.8 | Loss: 0.2149041267330924
INFO:root:Iter: 20| Accuracy: 0.8 | Loss: 0.22199120766936362
INFO:root:epoch 8 : Training Accuracy 0.64 , Loss 0.24590833603846263, Time 0.468636147181193 minutes, Validation Accuracy 0.52, Minimal Info Left 0.9999999999999999
INFO:root:start epoch 9
INFO:root:Iter: 1| Accuracy: 0.6 | Loss: 0.21102757662151433
INFO:root:Iter: 2| Accuracy: 0.6 | Loss: 0.21192436532064557
INFO:root:Iter: 3| Accuracy: 0.6 | Loss: 0.24800771292185497
INFO:root:Iter: 4| Accuracy: 0.8 | Loss: 0.19872730071373756
INFO:root:Iter: 5| Accuracy: 0.6 | Loss: 0.24265290125482353
INFO:root:Iter: 6| Accuracy: 0.6 | Loss: 0.26889416896017654
INFO:root:Iter: 7| Accuracy: 0.4 | Loss: 0.2380561541091267
INFO:root:Iter: 8| Accuracy: 0.4 | Loss: 0.2701206366509624
INFO:root:Iter: 9| Accuracy: 0.6 | Loss: 0.2431058133481408
INFO:root:Iter: 10| Accuracy: 0.4 | Loss: 0.37026166684331085
INFO:root:Iter: 11| Accuracy: 0.4 | Loss: 0.24071188367432303
INFO:root:Iter: 12| Accuracy: 0.6 | Loss: 0.20417137539238098
INFO:root:Iter: 13| Accuracy: 0.4 | Loss: 0.29074403542720106
INFO:root:Iter: 14| Accuracy: 1.0 | Loss: 0.1570782867250861
INFO:root:Iter: 15| Accuracy: 0.6 | Loss: 0.29153632986614614
INFO:root:Iter: 16| Accuracy: 0.4 | Loss: 0.288811022275826
INFO:root:Iter: 17| Accuracy: 0.6 | Loss: 0.27098470432043315
INFO:root:Iter: 18| Accuracy: 0.4 | Loss: 0.27751500976981536
INFO:root:Iter: 19| Accuracy: 0.8 | Loss: 0.1901161412528513
INFO:root:Iter: 20| Accuracy: 0.6 | Loss: 0.22615834706837384
INFO:root:epoch 9 : Training Accuracy 0.57 , Loss 0.2929702198625941, Time 0.4644606351852417 minutes, Validation Accuracy 0.5, Minimal Info Left 0.9999999999999999
INFO:root:start epoch 10
INFO:root:Iter: 1| Accuracy: 0.8 | Loss: 0.15676422559387032
INFO:root:Iter: 2| Accuracy: 0.4 | Loss: 0.2864742970043159
INFO:root:Iter: 3| Accuracy: 0.4 | Loss: 0.2950633377790827
INFO:root:Iter: 4| Accuracy: 0.4 | Loss: 0.29229524169869114
INFO:root:Iter: 5| Accuracy: 0.4 | Loss: 0.22916665110681395
INFO:root:Iter: 6| Accuracy: 0.8 | Loss: 0.17071290774530623
INFO:root:Iter: 7| Accuracy: 0.4 | Loss: 0.3135699957844743
INFO:root:Iter: 8| Accuracy: 0.4 | Loss: 0.3071725911804696
INFO:root:Iter: 9| Accuracy: 0.8 | Loss: 0.18742300145061602
INFO:root:Iter: 10| Accuracy: 1.0 | Loss: 0.045417025027265565
INFO:root:Iter: 11| Accuracy: 0.6 | Loss: 0.19924632824267738
INFO:root:Iter: 12| Accuracy: 0.6 | Loss: 0.23355112668345973
INFO:root:Iter: 13| Accuracy: 1.0 | Loss: 0.1697761424589592
INFO:root:Iter: 14| Accuracy: 0.6 | Loss: 0.239874246886795
INFO:root:Iter: 15| Accuracy: 0.2 | Loss: 0.2324605492134328
INFO:root:Iter: 16| Accuracy: 0.6 | Loss: 0.2268426570088482
INFO:root:Iter: 17| Accuracy: 0.8 | Loss: 0.15987393912770034
INFO:root:Iter: 18| Accuracy: 0.0 | Loss: 0.3337855013586552
INFO:root:Iter: 19| Accuracy: 1.0 | Loss: 0.08582565534333704
INFO:root:Iter: 20| Accuracy: 0.6 | Loss: 0.22745127686285405
INFO:root:epoch 10 : Training Accuracy 0.59 , Loss 0.31094091621616915, Time 0.46494608322779335 minutes, Validation Accuracy 0.5, Minimal Info Left 0.9999999999999999
INFO:root:start epoch 11
INFO:root:Iter: 1| Accuracy: 0.6 | Loss: 0.2577739284703011
INFO:root:Iter: 2| Accuracy: 0.6 | Loss: 0.2198432864058538
INFO:root:Iter: 3| Accuracy: 0.6 | Loss: 0.20776760632266233
INFO:root:Iter: 4| Accuracy: 0.8 | Loss: 0.1789026158760326
INFO:root:Iter: 5| Accuracy: 0.6 | Loss: 0.27763897484360034
INFO:root:Iter: 6| Accuracy: 0.8 | Loss: 0.16971001715578787
INFO:root:Iter: 7| Accuracy: 0.8 | Loss: 0.2023262963226624
INFO:root:Iter: 8| Accuracy: 0.4 | Loss: 0.27313024388770263
INFO:root:Iter: 9| Accuracy: 0.4 | Loss: 0.21107738103271484
INFO:root:Iter: 10| Accuracy: 0.6 | Loss: 0.22734586852852617
INFO:root:Iter: 11| Accuracy: 0.6 | Loss: 0.23152639125975738
INFO:root:Iter: 12| Accuracy: 0.6 | Loss: 0.22894801754634092
INFO:root:Iter: 13| Accuracy: 0.6 | Loss: 0.2593620013624494
INFO:root:Iter: 14| Accuracy: 0.8 | Loss: 0.21462078012850444
INFO:root:Iter: 15| Accuracy: 0.8 | Loss: 0.2087420036129488
INFO:root:Iter: 16| Accuracy: 0.8 | Loss: 0.24327345413318352
INFO:root:Iter: 17| Accuracy: 0.8 | Loss: 0.2401888322929334
INFO:root:Iter: 18| Accuracy: 1.0 | Loss: 0.08048289008456778
INFO:root:Iter: 19| Accuracy: 0.6 | Loss: 0.1796780524672002
INFO:root:Iter: 20| Accuracy: 0.0 | Loss: 0.31636250553178413
INFO:root:epoch 11 : Training Accuracy 0.64 , Loss 0.2253334502795967, Time 0.4519290606180827 minutes, Validation Accuracy 0.7, Minimal Info Left 0.9999999999999999
INFO:root:start epoch 12
INFO:root:Iter: 1| Accuracy: 0.8 | Loss: 0.18987190257246755
INFO:root:Iter: 2| Accuracy: 0.8 | Loss: 0.14502099614636577
INFO:root:Iter: 3| Accuracy: 0.4 | Loss: 0.26994245206699585
INFO:root:Iter: 4| Accuracy: 0.4 | Loss: 0.28581130348700545
INFO:root:Iter: 5| Accuracy: 0.8 | Loss: 0.15283636211169074
INFO:root:Iter: 6| Accuracy: 1.0 | Loss: 0.0015853601848457217
INFO:root:Iter: 7| Accuracy: 0.6 | Loss: 0.3188685519489392
INFO:root:Iter: 8| Accuracy: 0.4 | Loss: 0.29200139394803654
INFO:root:Iter: 9| Accuracy: 0.6 | Loss: 0.23721876937751007
INFO:root:Iter: 10| Accuracy: 0.8 | Loss: 0.20773651238027865
INFO:root:Iter: 11| Accuracy: 0.6 | Loss: 0.1602067294852983
INFO:root:Iter: 12| Accuracy: 0.8 | Loss: 0.19803060096539943
INFO:root:Iter: 13| Accuracy: 0.4 | Loss: 0.34347668074528853
INFO:root:Iter: 14| Accuracy: 0.8 | Loss: 0.20013562973652904
INFO:root:Iter: 15| Accuracy: 0.6 | Loss: 0.21974240685747062
INFO:root:Iter: 16| Accuracy: 0.2 | Loss: 0.3671144820077616
INFO:root:Iter: 17| Accuracy: 0.6 | Loss: 0.2020970502275099
INFO:root:Iter: 18| Accuracy: 0.6 | Loss: 0.2431672528885346
INFO:root:Iter: 19| Accuracy: 0.8 | Loss: 0.17495129479446278
INFO:root:Iter: 20| Accuracy: 0.4 | Loss: 0.24588868046332696
INFO:root:epoch 12 : Training Accuracy 0.62 , Loss 0.27329630841484454, Time 0.4540404677391052 minutes, Validation Accuracy 0.5, Minimal Info Left 0.9999999999999998
INFO:root:start epoch 13
INFO:root:Iter: 1| Accuracy: 0.6 | Loss: 0.19848058514906056
INFO:root:Iter: 2| Accuracy: 0.6 | Loss: 0.2712183118244624
INFO:root:Iter: 3| Accuracy: 0.4 | Loss: 0.24111041234016456
INFO:root:Iter: 4| Accuracy: 0.2 | Loss: 0.27044939340641894
INFO:root:Iter: 5| Accuracy: 0.6 | Loss: 0.2145051470514848
INFO:root:Iter: 6| Accuracy: 0.4 | Loss: 0.27977631172137196
INFO:root:Iter: 7| Accuracy: 0.8 | Loss: 0.18691109896986635
INFO:root:Iter: 8| Accuracy: 0.6 | Loss: 0.23668995803208798
INFO:root:Iter: 9| Accuracy: 0.6 | Loss: 0.2223807465443425
INFO:root:Iter: 10| Accuracy: 0.6 | Loss: 0.2845421123179413
INFO:root:Iter: 11| Accuracy: 0.8 | Loss: 0.20951389652339308
INFO:root:Iter: 12| Accuracy: 0.8 | Loss: 0.21311469500383992
INFO:root:Iter: 13| Accuracy: 0.8 | Loss: 0.21818746762025248
INFO:root:Iter: 14| Accuracy: 0.8 | Loss: 0.18718128588386737
INFO:root:Iter: 15| Accuracy: 0.6 | Loss: 0.22919028386810664
INFO:root:Iter: 16| Accuracy: 0.6 | Loss: 0.2671282275840717
INFO:root:Iter: 17| Accuracy: 0.8 | Loss: 0.14326474974591885
INFO:root:Iter: 18| Accuracy: 1.0 | Loss: 0.03737781798736471
INFO:root:Iter: 19| Accuracy: 0.4 | Loss: 0.44948460162430165
INFO:root:Iter: 20| Accuracy: 0.4 | Loss: 0.2711524485700756
INFO:root:epoch 13 : Training Accuracy 0.62 , Loss 0.24237615100898866, Time 0.4618724584579468 minutes, Validation Accuracy 0.73, Minimal Info Left 0.9999999999999998
INFO:root:start epoch 14
INFO:root:Iter: 1| Accuracy: 0.6 | Loss: 0.25940980478575415
INFO:root:Iter: 2| Accuracy: 0.6 | Loss: 0.33368081576968345
INFO:root:Iter: 3| Accuracy: 0.2 | Loss: 0.3394287541698456
INFO:root:Iter: 4| Accuracy: 0.6 | Loss: 0.20324966407914968
INFO:root:Iter: 5| Accuracy: 0.4 | Loss: 0.25774325677314625
INFO:root:Iter: 6| Accuracy: 0.6 | Loss: 0.23076871122413317
INFO:root:Iter: 7| Accuracy: 0.6 | Loss: 0.1628615501233278
INFO:root:Iter: 8| Accuracy: 0.6 | Loss: 0.1680516280159991
INFO:root:Iter: 9| Accuracy: 0.8 | Loss: 0.18676806480432334
INFO:root:Iter: 10| Accuracy: 0.6 | Loss: 0.21677017528474912
INFO:root:Iter: 11| Accuracy: 0.6 | Loss: 0.24704935604713665
INFO:root:Iter: 12| Accuracy: 0.4 | Loss: 0.24610645872410702
INFO:root:Iter: 13| Accuracy: 1.0 | Loss: 0.0369451023651743
INFO:root:Iter: 14| Accuracy: 0.6 | Loss: 0.29973883795508816
INFO:root:Iter: 15| Accuracy: 0.0 | Loss: 0.34335673751179197
INFO:root:Iter: 16| Accuracy: 0.6 | Loss: 0.1975391957439354
INFO:root:Iter: 17| Accuracy: 0.8 | Loss: 0.106384197862833
INFO:root:Iter: 18| Accuracy: 0.4 | Loss: 0.40670892795362396
INFO:root:Iter: 19| Accuracy: 0.6 | Loss: 0.28087912507837137
INFO:root:Iter: 20| Accuracy: 0.6 | Loss: 0.1906920527207216
INFO:root:epoch 14 : Training Accuracy 0.56 , Loss 0.24297021767533242, Time 0.46310768127441404 minutes, Validation Accuracy 0.64, Minimal Info Left 0.9999999999999998
INFO:root:start epoch 15
INFO:root:Iter: 1| Accuracy: 0.6 | Loss: 0.20964874259193364
INFO:root:Iter: 2| Accuracy: 1.0 | Loss: 0.16028546467270743
INFO:root:Iter: 3| Accuracy: 0.8 | Loss: 0.1560949971235252
INFO:root:Iter: 4| Accuracy: 0.6 | Loss: 0.2917246734471941
INFO:root:Iter: 5| Accuracy: 0.6 | Loss: 0.24843560565063966
INFO:root:Iter: 6| Accuracy: 0.8 | Loss: 0.19310678579679935
INFO:root:Iter: 7| Accuracy: 0.8 | Loss: 0.2230932734675314
INFO:root:Iter: 8| Accuracy: 0.6 | Loss: 0.3101825464674589
INFO:root:Iter: 9| Accuracy: 0.6 | Loss: 0.21537591722715027
INFO:root:Iter: 10| Accuracy: 1.0 | Loss: 0.03692374484105529
INFO:root:Iter: 11| Accuracy: 0.6 | Loss: 0.28947118797617677
INFO:root:Iter: 12| Accuracy: 0.6 | Loss: 0.19766176134363733
INFO:root:Iter: 13| Accuracy: 0.6 | Loss: 0.2598576502720481
INFO:root:Iter: 14| Accuracy: 0.6 | Loss: 0.20863395646228175
INFO:root:Iter: 15| Accuracy: 0.4 | Loss: 0.29737354309596664
INFO:root:Iter: 16| Accuracy: 0.6 | Loss: 0.18036192875319587
INFO:root:Iter: 17| Accuracy: 0.6 | Loss: 0.21461400123061378
INFO:root:Iter: 18| Accuracy: 0.6 | Loss: 0.18151344736888061
INFO:root:Iter: 19| Accuracy: 0.6 | Loss: 0.24454361320701032
INFO:root:Iter: 20| Accuracy: 0.6 | Loss: 0.2255022938997949
INFO:root:epoch 15 : Training Accuracy 0.66 , Loss 0.23095679483365225, Time 0.46761029958724976 minutes, Validation Accuracy 0.56, Minimal Info Left 0.9999999999999998
INFO:root:start epoch 16
INFO:root:Iter: 1| Accuracy: 0.8 | Loss: 0.21225704340119692
INFO:root:Iter: 2| Accuracy: 0.6 | Loss: 0.2256109868595897
INFO:root:Iter: 3| Accuracy: 0.8 | Loss: 0.2500894834777964
INFO:root:Iter: 4| Accuracy: 0.4 | Loss: 0.24584002390697807
INFO:root:Iter: 5| Accuracy: 0.8 | Loss: 0.15338559458711068
INFO:root:Iter: 6| Accuracy: 0.6 | Loss: 0.3018883260172029
INFO:root:Iter: 7| Accuracy: 0.8 | Loss: 0.23871241125751935
INFO:root:Iter: 8| Accuracy: 0.8 | Loss: 0.19148330425403648
INFO:root:Iter: 9| Accuracy: 0.4 | Loss: 0.26550795602679333
INFO:root:Iter: 10| Accuracy: 0.6 | Loss: 0.2362057566420896
INFO:root:Iter: 11| Accuracy: 1.0 | Loss: 0.16485493753439182
INFO:root:Iter: 12| Accuracy: 1.0 | Loss: 0.13072261141656655
INFO:root:Iter: 13| Accuracy: 0.6 | Loss: 0.23294819770728226
INFO:root:Iter: 14| Accuracy: 0.6 | Loss: 0.2532184455156801
INFO:root:Iter: 15| Accuracy: 1.0 | Loss: 0.19554734751311906
INFO:root:Iter: 16| Accuracy: 0.6 | Loss: 0.1866005525447485
INFO:root:Iter: 17| Accuracy: 0.6 | Loss: 0.2368110694165828
INFO:root:Iter: 18| Accuracy: 0.8 | Loss: 0.24577654599484097
INFO:root:Iter: 19| Accuracy: 0.4 | Loss: 0.29110104864493286
INFO:root:Iter: 20| Accuracy: 1.0 | Loss: 0.1581290900725358
INFO:root:epoch 16 : Training Accuracy 0.71 , Loss 0.2288225027413492, Time 0.4709744373957316 minutes, Validation Accuracy 0.78, Minimal Info Left 0.9999999999999999
INFO:root:start epoch 17
INFO:root:Iter: 1| Accuracy: 1.0 | Loss: 0.1315915103570867
INFO:root:Iter: 2| Accuracy: 0.2 | Loss: 0.33051605486641567
INFO:root:Iter: 3| Accuracy: 0.4 | Loss: 0.26473243118639306
INFO:root:Iter: 4| Accuracy: 0.6 | Loss: 0.2825635392547764
INFO:root:Iter: 5| Accuracy: 0.6 | Loss: 0.21801335482141654
INFO:root:Iter: 6| Accuracy: 0.6 | Loss: 0.21740241872643015
INFO:root:Iter: 7| Accuracy: 0.2 | Loss: 0.25287717993404385
INFO:root:Iter: 8| Accuracy: 0.8 | Loss: 0.13397879442232258
INFO:root:Iter: 9| Accuracy: 0.6 | Loss: 0.28009996247745805
INFO:root:Iter: 10| Accuracy: 0.6 | Loss: 0.1953537542042491
INFO:root:Iter: 11| Accuracy: 0.2 | Loss: 0.2926127828681277
INFO:root:Iter: 12| Accuracy: 0.6 | Loss: 0.21152811052413528
INFO:root:Iter: 13| Accuracy: 0.6 | Loss: 0.29369199553789116
INFO:root:Iter: 14| Accuracy: 0.8 | Loss: 0.2348353338630261
INFO:root:Iter: 15| Accuracy: 0.8 | Loss: 0.19947167633717117
INFO:root:Iter: 16| Accuracy: 0.8 | Loss: 0.20218200917635393
INFO:root:Iter: 17| Accuracy: 0.8 | Loss: 0.17727656317063878
INFO:root:Iter: 18| Accuracy: 0.8 | Loss: 0.15666032961515236
INFO:root:Iter: 19| Accuracy: 0.4 | Loss: 0.35456663716803294
INFO:root:Iter: 20| Accuracy: 0.6 | Loss: 0.3297562416083607
INFO:root:epoch 17 : Training Accuracy 0.6 , Loss 0.25246157537043395, Time 0.4718906203905741 minutes, Validation Accuracy 0.56, Minimal Info Left 0.9999999999999998
INFO:root:start epoch 18
INFO:root:Iter: 1| Accuracy: 0.2 | Loss: 0.27079105477591286
INFO:root:Iter: 2| Accuracy: 0.8 | Loss: 0.18429796335582602
INFO:root:Iter: 3| Accuracy: 0.8 | Loss: 0.16860476835448573
INFO:root:Iter: 4| Accuracy: 0.6 | Loss: 0.22389004007116542
INFO:root:Iter: 5| Accuracy: 0.6 | Loss: 0.24233651064172235
INFO:root:Iter: 6| Accuracy: 1.0 | Loss: 0.13901855599672297
INFO:root:Iter: 7| Accuracy: 0.6 | Loss: 0.3099626825448857
INFO:root:Iter: 8| Accuracy: 0.2 | Loss: 0.27193511538587967
INFO:root:Iter: 9| Accuracy: 0.2 | Loss: 0.2818029991313624
INFO:root:Iter: 10| Accuracy: 0.8 | Loss: 0.19909090093928775
INFO:root:Iter: 11| Accuracy: 0.4 | Loss: 0.2685661924351626
INFO:root:Iter: 12| Accuracy: 1.0 | Loss: 0.12181608584653121
INFO:root:Iter: 13| Accuracy: 0.4 | Loss: 0.2715959903397008
INFO:root:Iter: 14| Accuracy: 0.6 | Loss: 0.2148726393361525
INFO:root:Iter: 15| Accuracy: 0.8 | Loss: 0.15134758002961193
INFO:root:Iter: 16| Accuracy: 0.6 | Loss: 0.22167849875602902
INFO:root:Iter: 17| Accuracy: 1.0 | Loss: 0.0274954846231757
INFO:root:Iter: 18| Accuracy: 0.2 | Loss: 0.3745243489965288
INFO:root:Iter: 19| Accuracy: 0.6 | Loss: 0.21808438849248651
INFO:root:Iter: 20| Accuracy: 0.8 | Loss: 0.19024878344052937
INFO:root:epoch 18 : Training Accuracy 0.61 , Loss 0.22732657661938796, Time 0.47036697864532473 minutes, Validation Accuracy 0.68, Minimal Info Left 0.9999999999999998
INFO:root:start epoch 19
INFO:root:Iter: 1| Accuracy: 0.4 | Loss: 0.2568642015696259
INFO:root:Iter: 2| Accuracy: 1.0 | Loss: 0.1076353372252414
INFO:root:Iter: 3| Accuracy: 0.6 | Loss: 0.25062438495528766
INFO:root:Iter: 4| Accuracy: 0.8 | Loss: 0.15171679665757737
INFO:root:Iter: 5| Accuracy: 0.8 | Loss: 0.19867843928086262
INFO:root:Iter: 6| Accuracy: 0.8 | Loss: 0.1974606629456685
INFO:root:Iter: 7| Accuracy: 1.0 | Loss: 0.1852021980962754
INFO:root:Iter: 8| Accuracy: 0.6 | Loss: 0.21916584935893252
INFO:root:Iter: 9| Accuracy: 0.6 | Loss: 0.18058662485933524
INFO:root:Iter: 10| Accuracy: 1.0 | Loss: 0.05323222874547077
INFO:root:Iter: 11| Accuracy: 0.4 | Loss: 0.37248748771561124
INFO:root:Iter: 12| Accuracy: 0.8 | Loss: 0.2143030236868182
INFO:root:Iter: 13| Accuracy: 0.8 | Loss: 0.19912492913909371
INFO:root:Iter: 14| Accuracy: 0.6 | Loss: 0.3439186495337344
INFO:root:Iter: 15| Accuracy: 0.4 | Loss: 0.33055160083281704
INFO:root:Iter: 16| Accuracy: 0.8 | Loss: 0.199730843090402
INFO:root:Iter: 17| Accuracy: 0.6 | Loss: 0.2350250376606804
INFO:root:Iter: 18| Accuracy: 0.4 | Loss: 0.24107623181475155
INFO:root:Iter: 19| Accuracy: 0.6 | Loss: 0.22410118114426583
INFO:root:Iter: 20| Accuracy: 0.2 | Loss: 0.2737746041128736
INFO:root:epoch 19 : Training Accuracy 0.66 , Loss 0.2335517047629687, Time 0.46875327030817665 minutes, Validation Accuracy 0.69, Minimal Info Left 0.9999999999999999
INFO:root:start epoch 20
INFO:root:Iter: 1| Accuracy: 0.6 | Loss: 0.20867920030948012
INFO:root:Iter: 2| Accuracy: 0.4 | Loss: 0.2679268734811481
INFO:root:Iter: 3| Accuracy: 0.0 | Loss: 0.31477356536472106
INFO:root:Iter: 4| Accuracy: 0.8 | Loss: 0.22661482088233292
INFO:root:Iter: 5| Accuracy: 0.8 | Loss: 0.2306637979551464
INFO:root:Iter: 6| Accuracy: 0.6 | Loss: 0.22580502502376715
INFO:root:Iter: 7| Accuracy: 1.0 | Loss: 0.05864534618461155
INFO:root:Iter: 8| Accuracy: 0.2 | Loss: 0.2880755438354512
INFO:root:Iter: 9| Accuracy: 0.6 | Loss: 0.28440291904454557
INFO:root:Iter: 10| Accuracy: 0.8 | Loss: 0.2061373083912926
INFO:root:Iter: 11| Accuracy: 0.4 | Loss: 0.26631666581353175
INFO:root:Iter: 12| Accuracy: 0.8 | Loss: 0.2536789494038182
INFO:root:Iter: 13| Accuracy: 0.4 | Loss: 0.2583340163082807
INFO:root:Iter: 14| Accuracy: 0.6 | Loss: 0.1870815471141045
INFO:root:Iter: 15| Accuracy: 0.4 | Loss: 0.23488099739901808
INFO:root:Iter: 16| Accuracy: 0.8 | Loss: 0.21592497228357396
INFO:root:Iter: 17| Accuracy: 0.8 | Loss: 0.1685638411444895
INFO:root:Iter: 18| Accuracy: 0.2 | Loss: 0.29664545379965657
INFO:root:Iter: 19| Accuracy: 0.8 | Loss: 0.1298501592494313
INFO:root:Iter: 20| Accuracy: 0.8 | Loss: 0.15002692615988744
INFO:root:epoch 20 : Training Accuracy 0.59 , Loss 0.23448934447316208, Time 0.47545892794926964 minutes, Validation Accuracy 0.73, Minimal Info Left 0.9999999999999999
INFO:root:start epoch 21
INFO:root:Iter: 1| Accuracy: 0.8 | Loss: 0.08274969861492819
INFO:root:Iter: 2| Accuracy: 0.8 | Loss: 0.21643964617257846
INFO:root:Iter: 3| Accuracy: 0.2 | Loss: 0.41919089677861326
INFO:root:Iter: 4| Accuracy: 0.6 | Loss: 0.1857782134695261
INFO:root:Iter: 5| Accuracy: 0.0 | Loss: 0.4512901140238773
INFO:root:Iter: 6| Accuracy: 1.0 | Loss: 0.1305304847628883
INFO:root:Iter: 7| Accuracy: 0.4 | Loss: 0.32490581655371126
INFO:root:Iter: 8| Accuracy: 1.0 | Loss: 0.13796178375712081
INFO:root:Iter: 9| Accuracy: 0.8 | Loss: 0.15609480860573882
INFO:root:Iter: 10| Accuracy: 0.8 | Loss: 0.19579442489564314
INFO:root:Iter: 11| Accuracy: 0.8 | Loss: 0.1654330995724057
INFO:root:Iter: 12| Accuracy: 1.0 | Loss: 0.05827050851402406
INFO:root:Iter: 13| Accuracy: 0.4 | Loss: 0.4935369604863692
INFO:root:Iter: 14| Accuracy: 1.0 | Loss: 0.1389564723871563
INFO:root:Iter: 15| Accuracy: 1.0 | Loss: 0.07798318983286676
INFO:root:Iter: 16| Accuracy: 0.0 | Loss: 0.43964718570233785
INFO:root:Iter: 17| Accuracy: 1.0 | Loss: 0.0892631037319375
INFO:root:Iter: 18| Accuracy: 0.8 | Loss: 0.16920554406607038
INFO:root:Iter: 19| Accuracy: 0.0 | Loss: 0.4064848791380934
INFO:root:Iter: 20| Accuracy: 0.8 | Loss: 0.24412257967055492
INFO:root:epoch 21 : Training Accuracy 0.66 , Loss 0.2643186008552546, Time 0.4741027990976969 minutes, Validation Accuracy 0.5, Minimal Info Left 0.9999999999999999
INFO:root:start epoch 22
INFO:root:Iter: 1| Accuracy: 0.4 | Loss: 0.20575881136139346
INFO:root:Iter: 2| Accuracy: 0.8 | Loss: 0.1613530374534382
INFO:root:Iter: 3| Accuracy: 1.0 | Loss: 0.04017328523165584
INFO:root:Iter: 4| Accuracy: 0.2 | Loss: 0.2598552927225329
INFO:root:Iter: 5| Accuracy: 1.0 | Loss: 0.17690098216774508
INFO:root:Iter: 6| Accuracy: 1.0 | Loss: 0.03132376107411271
INFO:root:Iter: 7| Accuracy: 0.6 | Loss: 0.18031042510334833
INFO:root:Iter: 8| Accuracy: 0.8 | Loss: 0.08181512089403045
INFO:root:Iter: 9| Accuracy: 0.8 | Loss: 0.17752302878572218
INFO:root:Iter: 10| Accuracy: 0.8 | Loss: 0.1141364346252238
INFO:root:Iter: 11| Accuracy: 0.2 | Loss: 0.36303941502873416
INFO:root:Iter: 12| Accuracy: 1.0 | Loss: 0.12738857697456624
INFO:root:Iter: 13| Accuracy: 1.0 | Loss: 0.06905529467531649
INFO:root:Iter: 14| Accuracy: 0.0 | Loss: 0.5262093478767569
INFO:root:Iter: 15| Accuracy: 0.4 | Loss: 0.19033310523363042
INFO:root:Iter: 16| Accuracy: 0.8 | Loss: 0.22470016350875827
INFO:root:Iter: 17| Accuracy: 0.6 | Loss: 0.27554016253033675
INFO:root:Iter: 18| Accuracy: 0.6 | Loss: 0.1674850059319904
INFO:root:Iter: 19| Accuracy: 1.0 | Loss: 0.1097501277995921
INFO:root:Iter: 20| Accuracy: 1.0 | Loss: 0.14564851029599454
INFO:root:epoch 22 : Training Accuracy 0.7 , Loss 0.22939643698089604, Time 0.46966416041056314 minutes, Validation Accuracy 0.65, Minimal Info Left 0.9999999999999998
INFO:root:start epoch 23
INFO:root:Iter: 1| Accuracy: 1.0 | Loss: 0.14005053241138313
INFO:root:Iter: 2| Accuracy: 1.0 | Loss: 0.09829363690377978
INFO:root:Iter: 3| Accuracy: 0.8 | Loss: 0.2049106663370038
INFO:root:Iter: 4| Accuracy: 1.0 | Loss: 0.09531998928362317
INFO:root:Iter: 5| Accuracy: 1.0 | Loss: 0.06603723780737362
INFO:root:Iter: 6| Accuracy: 1.0 | Loss: 0.052281778775534624
INFO:root:Iter: 7| Accuracy: 0.0 | Loss: 0.45372461507440354
INFO:root:Iter: 8| Accuracy: 1.0 | Loss: 0.07442036998393645
INFO:root:Iter: 9| Accuracy: 1.0 | Loss: 0.07364482101731892
INFO:root:Iter: 10| Accuracy: 0.0 | Loss: 0.5911731733224774
INFO:root:Iter: 11| Accuracy: 1.0 | Loss: 0.09732371542276645
INFO:root:Iter: 12| Accuracy: 1.0 | Loss: 0.10052779816555386
INFO:root:Iter: 13| Accuracy: 0.2 | Loss: 0.5323738719136164
INFO:root:Iter: 14| Accuracy: 0.2 | Loss: 0.4881549915014493
INFO:root:Iter: 15| Accuracy: 1.0 | Loss: 0.08865967090254331
INFO:root:Iter: 16| Accuracy: 0.6 | Loss: 0.49744789849696325
INFO:root:Iter: 17| Accuracy: 0.4 | Loss: 0.15177747754235915
INFO:root:Iter: 18| Accuracy: 1.0 | Loss: 0.1250413756661388
INFO:root:Iter: 19| Accuracy: 1.0 | Loss: 0.11555747811639694
INFO:root:Iter: 20| Accuracy: 0.0 | Loss: 0.4609901603032561
INFO:root:epoch 23 : Training Accuracy 0.71 , Loss 0.23883245155859, Time 0.4722182552019755 minutes, Validation Accuracy 0.75, Minimal Info Left 0.9999999999999999
INFO:root:start epoch 24
INFO:root:Iter: 1| Accuracy: 1.0 | Loss: 0.12361797351732436
INFO:root:Iter: 2| Accuracy: 0.6 | Loss: 0.26531328784463587
INFO:root:Iter: 3| Accuracy: 1.0 | Loss: 0.1276895208940117
INFO:root:Iter: 4| Accuracy: 1.0 | Loss: 0.13746757242148128
INFO:root:Iter: 5| Accuracy: 0.6 | Loss: 0.16708150931599408
INFO:root:Iter: 6| Accuracy: 0.0 | Loss: 0.363347277169672
INFO:root:Iter: 7| Accuracy: 1.0 | Loss: 0.15417056962552986
INFO:root:Iter: 8| Accuracy: 0.8 | Loss: 0.2074765465515494
INFO:root:Iter: 9| Accuracy: 1.0 | Loss: 0.10681630094301879
INFO:root:Iter: 10| Accuracy: 1.0 | Loss: 0.07484920966607352
INFO:root:Iter: 11| Accuracy: 0.0 | Loss: 0.41911149062245806
INFO:root:Iter: 12| Accuracy: 0.0 | Loss: 0.44627659225054206
INFO:root:Iter: 13| Accuracy: 1.0 | Loss: 0.1116215576397392
INFO:root:Iter: 14| Accuracy: 0.8 | Loss: 0.1206850375944795
INFO:root:Iter: 15| Accuracy: 0.8 | Loss: 0.15770351696612842
INFO:root:Iter: 16| Accuracy: 1.0 | Loss: 0.08863762882772559
INFO:root:Iter: 17| Accuracy: 0.6 | Loss: 0.30592495558765986
INFO:root:Iter: 18| Accuracy: 1.0 | Loss: 0.10018531420913505
INFO:root:Iter: 19| Accuracy: 1.0 | Loss: 0.07136907751216706
INFO:root:Iter: 20| Accuracy: 0.0 | Loss: 0.4474508985920552
INFO:root:epoch 24 : Training Accuracy 0.71 , Loss 0.19714356756474335, Time 0.4617894252141317 minutes, Validation Accuracy 0.99, Minimal Info Left 0.9999999999999998
INFO:root:start epoch 25
INFO:root:Iter: 1| Accuracy: 1.0 | Loss: 0.07690556625643316
INFO:root:Iter: 2| Accuracy: 0.6 | Loss: 0.5384196800291013
INFO:root:Iter: 3| Accuracy: 0.6 | Loss: 0.17872364753081063
INFO:root:Iter: 4| Accuracy: 0.2 | Loss: 0.29599607654826376
INFO:root:Iter: 5| Accuracy: 1.0 | Loss: 0.12428437606695505
INFO:root:Iter: 6| Accuracy: 0.2 | Loss: 0.4115364737559899
INFO:root:Iter: 7| Accuracy: 1.0 | Loss: 0.10696202875652824
INFO:root:Iter: 8| Accuracy: 0.8 | Loss: 0.13945386047321312
INFO:root:Iter: 9| Accuracy: 0.8 | Loss: 0.12587746263380462
INFO:root:Iter: 10| Accuracy: 0.2 | Loss: 0.37298316190987946
INFO:root:Iter: 11| Accuracy: 1.0 | Loss: 0.13197995652386704
INFO:root:Iter: 12| Accuracy: 0.4 | Loss: 0.3324547820642684
INFO:root:Iter: 13| Accuracy: 0.6 | Loss: 0.17187418867850002
INFO:root:Iter: 14| Accuracy: 1.0 | Loss: 0.15247585483853107
INFO:root:Iter: 15| Accuracy: 0.0 | Loss: 0.41785491342117415
INFO:root:Iter: 16| Accuracy: 1.0 | Loss: 0.09733987829774661
INFO:root:Iter: 17| Accuracy: 1.0 | Loss: 0.053561429106924595
INFO:root:Iter: 18| Accuracy: 1.0 | Loss: 0.042608856726407615
INFO:root:Iter: 19| Accuracy: 0.8 | Loss: 0.23025046733093157
INFO:root:Iter: 20| Accuracy: 1.0 | Loss: 0.07484787100862227
INFO:root:epoch 25 : Training Accuracy 0.71 , Loss 0.22020902325371988, Time 0.4784020264943441 minutes, Validation Accuracy 0.86, Minimal Info Left 0.9999999999999998
INFO:root:start epoch 26
INFO:root:Iter: 1| Accuracy: 1.0 | Loss: 0.06727610312431039
INFO:root:Iter: 2| Accuracy: 0.0 | Loss: 0.5299310195827681
INFO:root:Iter: 3| Accuracy: 1.0 | Loss: 0.10913401957862638
INFO:root:Iter: 4| Accuracy: 0.0 | Loss: 0.48212703952430475
INFO:root:Iter: 5| Accuracy: 1.0 | Loss: 0.06788699468570193
INFO:root:Iter: 6| Accuracy: 0.0 | Loss: 0.5622791920565758
INFO:root:Iter: 7| Accuracy: 0.8 | Loss: 0.12867945394552235
INFO:root:Iter: 8| Accuracy: 1.0 | Loss: 0.12105897878985346
INFO:root:Iter: 9| Accuracy: 0.8 | Loss: 0.17511757825436014
INFO:root:Iter: 10| Accuracy: 0.0 | Loss: 0.46054250071016156
INFO:root:Iter: 11| Accuracy: 1.0 | Loss: 0.10182525650273273
INFO:root:Iter: 12| Accuracy: 1.0 | Loss: 0.05644363937503307
INFO:root:Iter: 13| Accuracy: 0.2 | Loss: 0.3779427964526301
INFO:root:Iter: 14| Accuracy: 0.8 | Loss: 0.13029656963212352
INFO:root:Iter: 15| Accuracy: 0.6 | Loss: 0.16414838801716855
INFO:root:Iter: 16| Accuracy: 0.8 | Loss: 0.16760531810137302
INFO:root:Iter: 17| Accuracy: 0.2 | Loss: 0.352191057957281
INFO:root:Iter: 18| Accuracy: 1.0 | Loss: 0.11637486974341202
INFO:root:Iter: 19| Accuracy: 1.0 | Loss: 0.09218439797208716
INFO:root:Iter: 20| Accuracy: 0.0 | Loss: 0.4242411803435944
INFO:root:epoch 26 : Training Accuracy 0.61 , Loss 0.23564129829768288, Time 0.4753519336382548 minutes, Validation Accuracy 0.89, Minimal Info Left 0.9999999999999998
INFO:root:start epoch 27
INFO:root:Iter: 1| Accuracy: 0.6 | Loss: 0.2858923196843944
INFO:root:Iter: 2| Accuracy: 0.6 | Loss: 0.24557630767301833
INFO:root:Iter: 3| Accuracy: 1.0 | Loss: 0.16143137503541033
INFO:root:Iter: 4| Accuracy: 0.8 | Loss: 0.131365371229406
INFO:root:Iter: 5| Accuracy: 0.6 | Loss: 0.15138374419105424
INFO:root:Iter: 6| Accuracy: 0.0 | Loss: 0.4004269710548649
INFO:root:Iter: 7| Accuracy: 0.2 | Loss: 0.3628825654172617
INFO:root:Iter: 8| Accuracy: 0.6 | Loss: 0.327646537281727
INFO:root:Iter: 9| Accuracy: 0.8 | Loss: 0.214246828647217
INFO:root:Iter: 10| Accuracy: 0.8 | Loss: 0.20785722337274892
INFO:root:Iter: 11| Accuracy: 0.0 | Loss: 0.32911115642182853
INFO:root:Iter: 12| Accuracy: 0.4 | Loss: 0.2830084610469728
INFO:root:Iter: 13| Accuracy: 1.0 | Loss: 0.19645577711242188
INFO:root:Iter: 14| Accuracy: 0.2 | Loss: 0.27945317261719593
INFO:root:Iter: 15| Accuracy: 0.6 | Loss: 0.2499957945001467
INFO:root:Iter: 16| Accuracy: 0.8 | Loss: 0.21009212134987848
INFO:root:Iter: 17| Accuracy: 0.6 | Loss: 0.2374836142410242
INFO:root:Iter: 18| Accuracy: 0.6 | Loss: 0.22976391663162557
INFO:root:Iter: 19| Accuracy: 0.6 | Loss: 0.23315734738227797
INFO:root:Iter: 20| Accuracy: 0.6 | Loss: 0.23688858892184897
INFO:root:epoch 27 : Training Accuracy 0.57 , Loss 0.25647639746652456, Time 0.46455198923746743 minutes, Validation Accuracy 0.51, Minimal Info Left 0.9999999999999999
INFO:root:start epoch 28
INFO:root:Iter: 1| Accuracy: 1.0 | Loss: 0.037029897068097825
INFO:root:Iter: 2| Accuracy: 0.4 | Loss: 0.36262490823836785
INFO:root:Iter: 3| Accuracy: 0.4 | Loss: 0.2537940408530705
INFO:root:Iter: 4| Accuracy: 0.4 | Loss: 0.2518540560633252
INFO:root:Iter: 5| Accuracy: 1.0 | Loss: 0.21001977241349565
INFO:root:Iter: 6| Accuracy: 0.4 | Loss: 0.25063646140200263
INFO:root:Iter: 7| Accuracy: 0.6 | Loss: 0.19186249218632576
INFO:root:Iter: 8| Accuracy: 0.8 | Loss: 0.1832860440092276
INFO:root:Iter: 9| Accuracy: 0.4 | Loss: 0.3077140036218199
INFO:root:Iter: 10| Accuracy: 0.8 | Loss: 0.19854602997471427
INFO:root:Iter: 11| Accuracy: 0.8 | Loss: 0.18287806337175505
INFO:root:Iter: 12| Accuracy: 0.4 | Loss: 0.2874481739975503
INFO:root:Iter: 13| Accuracy: 0.6 | Loss: 0.2396699288335375
INFO:root:Iter: 14| Accuracy: 1.0 | Loss: 0.1930518156763142
INFO:root:Iter: 15| Accuracy: 0.4 | Loss: 0.30742268814478546
INFO:root:Iter: 16| Accuracy: 0.8 | Loss: 0.23503439144069418
INFO:root:Iter: 17| Accuracy: 0.0 | Loss: 0.3054572618267858
INFO:root:Iter: 18| Accuracy: 0.8 | Loss: 0.1749172549498015
INFO:root:Iter: 19| Accuracy: 0.6 | Loss: 0.26842107281445077
INFO:root:Iter: 20| Accuracy: 0.6 | Loss: 0.2805448864829681
INFO:root:epoch 28 : Training Accuracy 0.61 , Loss 0.2678698893493568, Time 0.4652702808380127 minutes, Validation Accuracy 0.5, Minimal Info Left 0.9999999999999999
INFO:root:start epoch 29
INFO:root:Iter: 1| Accuracy: 0.8 | Loss: 0.1614662598761627
INFO:root:Iter: 2| Accuracy: 0.4 | Loss: 0.2864743132993551
INFO:root:Iter: 3| Accuracy: 0.2 | Loss: 0.2917408846631525
INFO:root:Iter: 4| Accuracy: 1.0 | Loss: 0.026474429406878875
INFO:root:Iter: 5| Accuracy: 0.4 | Loss: 0.33046624656989093
INFO:root:Iter: 6| Accuracy: 0.4 | Loss: 0.2884557460049214
INFO:root:Iter: 7| Accuracy: 0.6 | Loss: 0.24798618946230447
INFO:root:Iter: 8| Accuracy: 0.4 | Loss: 0.29752645711554515
INFO:root:Iter: 9| Accuracy: 0.8 | Loss: 0.1989883739048063
INFO:root:Iter: 10| Accuracy: 0.4 | Loss: 0.30029087644339214
INFO:root:Iter: 11| Accuracy: 0.4 | Loss: 0.26612139501716847
INFO:root:Iter: 12| Accuracy: 0.8 | Loss: 0.19279001357187364
INFO:root:Iter: 13| Accuracy: 0.4 | Loss: 0.3402442323104982
INFO:root:Iter: 14| Accuracy: 0.4 | Loss: 0.28949024860853484
INFO:root:Iter: 15| Accuracy: 0.8 | Loss: 0.20115846385191513
INFO:root:Iter: 16| Accuracy: 0.2 | Loss: 0.2918518013324851
INFO:root:Iter: 17| Accuracy: 0.8 | Loss: 0.16814177668555455
INFO:root:Iter: 18| Accuracy: 0.4 | Loss: 0.27968735556500707
INFO:root:Iter: 19| Accuracy: 0.8 | Loss: 0.18219591428198886
INFO:root:Iter: 20| Accuracy: 0.6 | Loss: 0.2539256015742368
INFO:root:epoch 29 : Training Accuracy 0.55 , Loss 0.2850388220914374, Time 0.468560254573822 minutes, Validation Accuracy 0.5, Minimal Info Left 0.9999999999999999
INFO:root:start epoch 30
INFO:root:Iter: 1| Accuracy: 0.8 | Loss: 0.21338590774273153
INFO:root:Iter: 2| Accuracy: 0.6 | Loss: 0.2563614941109162
INFO:root:Iter: 3| Accuracy: 0.6 | Loss: 0.2441146267508937
INFO:root:Iter: 4| Accuracy: 0.8 | Loss: 0.19147079850736332
INFO:root:Iter: 5| Accuracy: 1.0 | Loss: 0.026635268232246857
INFO:root:Iter: 6| Accuracy: 0.4 | Loss: 0.3250517483430257
INFO:root:Iter: 7| Accuracy: 0.4 | Loss: 0.264873565577507
INFO:root:Iter: 8| Accuracy: 0.8 | Loss: 0.20033759481545665
INFO:root:Iter: 9| Accuracy: 0.2 | Loss: 0.34406890100367876
INFO:root:Iter: 10| Accuracy: 0.8 | Loss: 0.17619473608584263
INFO:root:Iter: 11| Accuracy: 0.6 | Loss: 0.18699861451239422
INFO:root:Iter: 12| Accuracy: 0.6 | Loss: 0.22938099088423858
INFO:root:Iter: 13| Accuracy: 0.8 | Loss: 0.15485507095715914
INFO:root:Iter: 14| Accuracy: 0.6 | Loss: 0.22483306285875324
INFO:root:Iter: 15| Accuracy: 0.6 | Loss: 0.265764440824092
INFO:root:Iter: 16| Accuracy: 0.4 | Loss: 0.20819184201070606
INFO:root:Iter: 17| Accuracy: 0.8 | Loss: 0.1598916922665371
INFO:root:Iter: 18| Accuracy: 0.6 | Loss: 0.22188024641911896
INFO:root:Iter: 19| Accuracy: 0.6 | Loss: 0.2797813053291126
INFO:root:Iter: 20| Accuracy: 0.6 | Loss: 0.13944989184921586
INFO:root:epoch 30 : Training Accuracy 0.63 , Loss 0.22635070852333808, Time 0.4777070045471191 minutes, Validation Accuracy 0.65, Minimal Info Left 0.9999999999999997
INFO:root:start epoch 31
INFO:root:Iter: 1| Accuracy: 0.4 | Loss: 0.24307256727388463
INFO:root:Iter: 2| Accuracy: 0.6 | Loss: 0.15866719617016006
INFO:root:Iter: 3| Accuracy: 0.6 | Loss: 0.2089987455275779
INFO:root:Iter: 4| Accuracy: 0.6 | Loss: 0.20951159132005553
INFO:root:Iter: 5| Accuracy: 0.6 | Loss: 0.1838717715808414
INFO:root:Iter: 6| Accuracy: 0.8 | Loss: 0.14086834494386063
INFO:root:Iter: 7| Accuracy: 1.0 | Loss: 0.030555038237618994
INFO:root:Iter: 8| Accuracy: 0.6 | Loss: 0.16739396527172867
INFO:root:Iter: 9| Accuracy: 0.6 | Loss: 0.17976850679983797
INFO:root:Iter: 10| Accuracy: 0.8 | Loss: 0.15302383077457066
INFO:root:Iter: 11| Accuracy: 1.0 | Loss: 0.12713621422897647
INFO:root:Iter: 12| Accuracy: 1.0 | Loss: 0.14661681965267698
INFO:root:Iter: 13| Accuracy: 0.2 | Loss: 0.36467132509348
INFO:root:Iter: 14| Accuracy: 1.0 | Loss: 0.1299496739886549
INFO:root:Iter: 15| Accuracy: 0.2 | Loss: 0.3435518584621854
INFO:root:Iter: 16| Accuracy: 0.6 | Loss: 0.3018440931462437
INFO:root:Iter: 17| Accuracy: 1.0 | Loss: 0.14970855286000756
INFO:root:Iter: 18| Accuracy: 0.8 | Loss: 0.30565345864382293
INFO:root:Iter: 19| Accuracy: 0.8 | Loss: 0.1251603189169386
INFO:root:Iter: 20| Accuracy: 1.0 | Loss: 0.13368692786871605
INFO:root:epoch 31 : Training Accuracy 0.71 , Loss 0.21354261754593534, Time 0.4679717063903809 minutes, Validation Accuracy 0.76, Minimal Info Left 0.9999999999999998
INFO:root:start epoch 32
INFO:root:Iter: 1| Accuracy: 0.8 | Loss: 0.15826789787176707
INFO:root:Iter: 2| Accuracy: 0.6 | Loss: 0.22309454949869045
INFO:root:Iter: 3| Accuracy: 1.0 | Loss: 0.12453384210055005
INFO:root:Iter: 4| Accuracy: 0.8 | Loss: 0.15002582539632217
INFO:root:Iter: 5| Accuracy: 0.8 | Loss: 0.13365804670216747
INFO:root:Iter: 6| Accuracy: 0.8 | Loss: 0.11507269599292025
INFO:root:Iter: 7| Accuracy: 1.0 | Loss: 0.1077838509678598
INFO:root:Iter: 8| Accuracy: 0.8 | Loss: 0.13645291178422042
INFO:root:Iter: 9| Accuracy: 1.0 | Loss: 0.09512000996930654
INFO:root:Iter: 10| Accuracy: 1.0 | Loss: 0.06626473964551213
INFO:root:Iter: 11| Accuracy: 0.8 | Loss: 0.23150301625288114
INFO:root:Iter: 12| Accuracy: 1.0 | Loss: 0.1060595386955467
INFO:root:Iter: 13| Accuracy: 0.6 | Loss: 0.25751061814393156
INFO:root:Iter: 14| Accuracy: 0.4 | Loss: 0.40164233756870626
INFO:root:Iter: 15| Accuracy: 0.6 | Loss: 0.33343772628674817
INFO:root:Iter: 16| Accuracy: 0.6 | Loss: 0.512697365919197
INFO:root:Iter: 17| Accuracy: 1.0 | Loss: 0.12088346491645638
INFO:root:Iter: 18| Accuracy: 0.0 | Loss: 0.49065392628857396
INFO:root:Iter: 19| Accuracy: 1.0 | Loss: 0.08535135098638418
INFO:root:Iter: 20| Accuracy: 0.4 | Loss: 0.3278637853455698
INFO:root:epoch 32 : Training Accuracy 0.75 , Loss 0.21424321009925174, Time 0.4727030634880066 minutes, Validation Accuracy 0.93, Minimal Info Left 0.9999999999999998
INFO:root:start epoch 33
INFO:root:Iter: 1| Accuracy: 1.0 | Loss: 0.08801855045876274
INFO:root:Iter: 2| Accuracy: 0.4 | Loss: 0.22496211767172486
INFO:root:Iter: 3| Accuracy: 0.6 | Loss: 0.11556545450249534
INFO:root:Iter: 4| Accuracy: 1.0 | Loss: 0.11933003277234686
INFO:root:Iter: 5| Accuracy: 1.0 | Loss: 0.10362675758469293
INFO:root:Iter: 6| Accuracy: 0.2 | Loss: 0.4246226033636777
INFO:root:Iter: 7| Accuracy: 0.8 | Loss: 0.1518355594401884
INFO:root:Iter: 8| Accuracy: 0.2 | Loss: 0.37248866209029075
INFO:root:Iter: 9| Accuracy: 1.0 | Loss: 0.10515599064098347
INFO:root:Iter: 10| Accuracy: 1.0 | Loss: 0.1109713021180617
INFO:root:Iter: 11| Accuracy: 0.2 | Loss: 0.36268871824271603
INFO:root:Iter: 12| Accuracy: 0.8 | Loss: 0.1341689630110781
INFO:root:Iter: 13| Accuracy: 1.0 | Loss: 0.08763300956139283
INFO:root:Iter: 14| Accuracy: 1.0 | Loss: 0.08094642006153216
INFO:root:Iter: 15| Accuracy: 1.0 | Loss: 0.1149570103862702
INFO:root:Iter: 16| Accuracy: 1.0 | Loss: 0.09051289668997005
INFO:root:Iter: 17| Accuracy: 0.0 | Loss: 0.4201480891575965
INFO:root:Iter: 18| Accuracy: 1.0 | Loss: 0.102873197311558
INFO:root:Iter: 19| Accuracy: 1.0 | Loss: 0.09988131443501108
INFO:root:Iter: 20| Accuracy: 1.0 | Loss: 0.11340211656491875
INFO:root:epoch 33 : Training Accuracy 0.76 , Loss 0.16800694855891415, Time 0.4814443270365397 minutes, Validation Accuracy 0.99, Minimal Info Left 0.9999999999999999
INFO:root:start epoch 34
INFO:root:Iter: 1| Accuracy: 0.6 | Loss: 0.13558712223988975
INFO:root:Iter: 2| Accuracy: 0.4 | Loss: 0.16806283397218874
INFO:root:Iter: 3| Accuracy: 0.4 | Loss: 0.35575071564469724
INFO:root:Iter: 4| Accuracy: 0.8 | Loss: 0.35462756866443945
INFO:root:Iter: 5| Accuracy: 0.6 | Loss: 0.11452747801336498
INFO:root:Iter: 6| Accuracy: 0.8 | Loss: 0.12802345214229005
INFO:root:Iter: 7| Accuracy: 0.6 | Loss: 0.3250151470204948
INFO:root:Iter: 8| Accuracy: 1.0 | Loss: 0.09945149493748791
INFO:root:Iter: 9| Accuracy: 1.0 | Loss: 0.1108154514645773
INFO:root:Iter: 10| Accuracy: 1.0 | Loss: 0.1268065261995579
INFO:root:Iter: 11| Accuracy: 0.6 | Loss: 0.16937556130064163
INFO:root:Iter: 12| Accuracy: 1.0 | Loss: 0.08985671864744278
INFO:root:Iter: 13| Accuracy: 0.2 | Loss: 0.43384448428727324
INFO:root:Iter: 14| Accuracy: 0.8 | Loss: 0.20302334559936597
INFO:root:Iter: 15| Accuracy: 1.0 | Loss: 0.07641842839556139
INFO:root:Iter: 16| Accuracy: 0.8 | Loss: 0.1430725484363446
INFO:root:Iter: 17| Accuracy: 0.0 | Loss: 0.46149474709616023
INFO:root:Iter: 18| Accuracy: 1.0 | Loss: 0.07503552081035472
INFO:root:Iter: 19| Accuracy: 1.0 | Loss: 0.09261147236566145
INFO:root:Iter: 20| Accuracy: 0.8 | Loss: 0.1522181147859772
INFO:root:epoch 34 : Training Accuracy 0.72 , Loss 0.22897160787576115, Time 0.4681254386901855 minutes, Validation Accuracy 0.82, Minimal Info Left 0.9999999999999999
INFO:root:start epoch 35
INFO:root:Iter: 1| Accuracy: 0.0 | Loss: 0.4694165492537463
INFO:root:Iter: 2| Accuracy: 1.0 | Loss: 0.05778860509040867
INFO:root:Iter: 3| Accuracy: 0.8 | Loss: 0.11795743578779909
INFO:root:Iter: 4| Accuracy: 1.0 | Loss: 0.11057746352569442
INFO:root:Iter: 5| Accuracy: 1.0 | Loss: 0.08396459875088845
INFO:root:Iter: 6| Accuracy: 0.2 | Loss: 0.4424571110205167
INFO:root:Iter: 7| Accuracy: 1.0 | Loss: 0.05514116610244785
INFO:root:Iter: 8| Accuracy: 0.6 | Loss: 0.29653542462658866
INFO:root:Iter: 9| Accuracy: 0.4 | Loss: 0.4215062061760383
INFO:root:Iter: 10| Accuracy: 1.0 | Loss: 0.1270720954035116
INFO:root:Iter: 11| Accuracy: 0.2 | Loss: 0.43446740954190843
INFO:root:Iter: 12| Accuracy: 1.0 | Loss: 0.07530805571174318
INFO:root:Iter: 13| Accuracy: 0.8 | Loss: 0.1300376097806843
INFO:root:Iter: 14| Accuracy: 0.8 | Loss: 0.1279362574713471
INFO:root:Iter: 15| Accuracy: 0.8 | Loss: 0.19211011930493593
INFO:root:Iter: 16| Accuracy: 0.2 | Loss: 0.32447216045495
INFO:root:Iter: 17| Accuracy: 0.8 | Loss: 0.23800020955365492
INFO:root:Iter: 18| Accuracy: 0.6 | Loss: 0.15862265688689622
INFO:root:Iter: 19| Accuracy: 0.6 | Loss: 0.17347639941660403
INFO:root:Iter: 20| Accuracy: 0.2 | Loss: 0.38801938731021224
INFO:root:epoch 35 : Training Accuracy 0.65 , Loss 0.24836206598642677, Time 0.45528305768966676 minutes, Validation Accuracy 0.75, Minimal Info Left 0.9999999999999998
INFO:root:start epoch 36
INFO:root:Iter: 1| Accuracy: 1.0 | Loss: 0.12619375405220867
INFO:root:Iter: 2| Accuracy: 0.6 | Loss: 0.20146959526975622
INFO:root:Iter: 3| Accuracy: 0.8 | Loss: 0.19690462674885087
INFO:root:Iter: 4| Accuracy: 0.8 | Loss: 0.1311224368776313
INFO:root:Iter: 5| Accuracy: 0.8 | Loss: 0.08377401625280644
INFO:root:Iter: 6| Accuracy: 0.8 | Loss: 0.07493172880502914
INFO:root:Iter: 7| Accuracy: 0.6 | Loss: 0.16359771046016003
INFO:root:Iter: 8| Accuracy: 0.0 | Loss: 0.44177202309531116
INFO:root:Iter: 9| Accuracy: 0.8 | Loss: 0.29323492612382396
INFO:root:Iter: 10| Accuracy: 0.6 | Loss: 0.1529159661611446
INFO:root:Iter: 11| Accuracy: 0.6 | Loss: 0.3649889564855762
INFO:root:Iter: 12| Accuracy: 0.8 | Loss: 0.2883654267709106
INFO:root:Iter: 13| Accuracy: 0.6 | Loss: 0.18000298171290127
INFO:root:Iter: 14| Accuracy: 1.0 | Loss: 0.10347200810179916
INFO:root:Iter: 15| Accuracy: 1.0 | Loss: 0.10363167111756735
INFO:root:Iter: 16| Accuracy: 0.6 | Loss: 0.20197123849062998
INFO:root:Iter: 17| Accuracy: 0.8 | Loss: 0.2921968971259411
INFO:root:Iter: 18| Accuracy: 0.8 | Loss: 0.14936262115255367
INFO:root:Iter: 19| Accuracy: 1.0 | Loss: 0.07514787755596469
INFO:root:Iter: 20| Accuracy: 0.4 | Loss: 0.23421469644607812
INFO:root:epoch 36 : Training Accuracy 0.72 , Loss 0.2522699818054654, Time 0.46058834791183473 minutes, Validation Accuracy 0.54, Minimal Info Left 0.9999999999999999
INFO:root:start epoch 37
INFO:root:Iter: 1| Accuracy: 0.0 | Loss: 0.3466574815349355
INFO:root:Iter: 2| Accuracy: 0.6 | Loss: 0.33048143343968117
INFO:root:Iter: 3| Accuracy: 0.8 | Loss: 0.21039020081433518
INFO:root:Iter: 4| Accuracy: 1.0 | Loss: 0.03930857728630405
INFO:root:Iter: 5| Accuracy: 0.2 | Loss: 0.36284034415106275
INFO:root:Iter: 6| Accuracy: 0.8 | Loss: 0.17247394935107754
INFO:root:Iter: 7| Accuracy: 0.4 | Loss: 0.29214814049359195
INFO:root:Iter: 8| Accuracy: 0.6 | Loss: 0.34067754928915994
INFO:root:Iter: 9| Accuracy: 0.8 | Loss: 0.18660337746519468
INFO:root:Iter: 10| Accuracy: 0.6 | Loss: 0.31587289405232777
INFO:root:Iter: 11| Accuracy: 0.6 | Loss: 0.2425157578984019
INFO:root:Iter: 12| Accuracy: 0.6 | Loss: 0.3032417168158276
INFO:root:Iter: 13| Accuracy: 0.8 | Loss: 0.19427936686117755
INFO:root:Iter: 14| Accuracy: 0.6 | Loss: 0.2876224694032792
INFO:root:Iter: 15| Accuracy: 0.4 | Loss: 0.3007029779764129
INFO:root:Iter: 16| Accuracy: 0.2 | Loss: 0.2651979161399348
INFO:root:Iter: 17| Accuracy: 0.6 | Loss: 0.2670511728398349
INFO:root:Iter: 18| Accuracy: 0.8 | Loss: 0.23304116886986118
INFO:root:Iter: 19| Accuracy: 0.8 | Loss: 0.21458416614142592
INFO:root:Iter: 20| Accuracy: 0.6 | Loss: 0.24109432702973935
INFO:root:epoch 37 : Training Accuracy 0.59 , Loss 0.25756688259826044, Time 0.4703649957974752 minutes, Validation Accuracy 0.51, Minimal Info Left 0.9999999999999998
INFO:root:start epoch 38
INFO:root:Iter: 1| Accuracy: 0.4 | Loss: 0.23398112245646954
INFO:root:Iter: 2| Accuracy: 0.8 | Loss: 0.22910072756604904
INFO:root:Iter: 3| Accuracy: 1.0 | Loss: 0.12008664037382917
INFO:root:Iter: 4| Accuracy: 0.6 | Loss: 0.28276989728346724
INFO:root:Iter: 5| Accuracy: 0.4 | Loss: 0.22238882605004956
INFO:root:Iter: 6| Accuracy: 1.0 | Loss: 0.16887435928536287
INFO:root:Iter: 7| Accuracy: 0.6 | Loss: 0.21378812644121198
INFO:root:Iter: 8| Accuracy: 0.4 | Loss: 0.33055509657124954
INFO:root:Iter: 9| Accuracy: 1.0 | Loss: 0.16974865805217393
INFO:root:Iter: 10| Accuracy: 0.8 | Loss: 0.21036049455179556
INFO:root:Iter: 11| Accuracy: 1.0 | Loss: 0.15152466444772
INFO:root:Iter: 12| Accuracy: 0.2 | Loss: 0.27584943029181996
INFO:root:Iter: 13| Accuracy: 0.6 | Loss: 0.16922050334856822
INFO:root:Iter: 14| Accuracy: 0.6 | Loss: 0.1964744871132397
INFO:root:Iter: 15| Accuracy: 0.8 | Loss: 0.1538376412608553
INFO:root:Iter: 16| Accuracy: 0.8 | Loss: 0.17607453032468404
INFO:root:Iter: 17| Accuracy: 0.8 | Loss: 0.17039663976837147
INFO:root:Iter: 18| Accuracy: 0.4 | Loss: 0.22676487351215813
INFO:root:Iter: 19| Accuracy: 0.8 | Loss: 0.18043420944271
INFO:root:Iter: 20| Accuracy: 0.8 | Loss: 0.14397518497569028
INFO:root:epoch 38 : Training Accuracy 0.69 , Loss 0.21239876202936647, Time 0.4786585807800293 minutes, Validation Accuracy 0.88, Minimal Info Left 0.9999999999999998
INFO:root:start epoch 39
INFO:root:Iter: 1| Accuracy: 0.2 | Loss: 0.2710025930787479
INFO:root:Iter: 2| Accuracy: 0.2 | Loss: 0.3915265080323174
INFO:root:Iter: 3| Accuracy: 0.6 | Loss: 0.22252864456410731
INFO:root:Iter: 4| Accuracy: 1.0 | Loss: 0.13632863869537265
INFO:root:Iter: 5| Accuracy: 1.0 | Loss: 0.11081847988084577
INFO:root:Iter: 6| Accuracy: 1.0 | Loss: 0.09880770906910753
INFO:root:Iter: 7| Accuracy: 1.0 | Loss: 0.12059402063408817
INFO:root:Iter: 8| Accuracy: 1.0 | Loss: 0.09019971818796264
INFO:root:Iter: 9| Accuracy: 0.0 | Loss: 0.49022157255382054
INFO:root:Iter: 10| Accuracy: 1.0 | Loss: 0.10204200658419346
INFO:root:Iter: 11| Accuracy: 1.0 | Loss: 0.08799046594129933
INFO:root:Iter: 12| Accuracy: 0.6 | Loss: 0.2835904327739852
INFO:root:Iter: 13| Accuracy: 0.8 | Loss: 0.15961489686725158
INFO:root:Iter: 14| Accuracy: 0.0 | Loss: 0.49780784638107123
INFO:root:Iter: 15| Accuracy: 0.6 | Loss: 0.283637686136146
INFO:root:Iter: 16| Accuracy: 0.8 | Loss: 0.083950259528766
INFO:root:Iter: 17| Accuracy: 0.0 | Loss: 0.4730332874733767
INFO:root:Iter: 18| Accuracy: 0.2 | Loss: 0.40896004532220964
INFO:root:Iter: 19| Accuracy: 1.0 | Loss: 0.16316129623627967
INFO:root:Iter: 20| Accuracy: 0.6 | Loss: 0.3176190319129425
INFO:root:epoch 39 : Training Accuracy 0.63 , Loss 0.25305104779836984, Time 0.47344065507253014 minutes, Validation Accuracy 0.63, Minimal Info Left 0.9999999999999999
INFO:root:start epoch 40
INFO:root:Iter: 1| Accuracy: 0.6 | Loss: 0.26876002321589915
INFO:root:Iter: 2| Accuracy: 0.4 | Loss: 0.24544693393910894
INFO:root:Iter: 3| Accuracy: 0.4 | Loss: 0.244253815313663
INFO:root:Iter: 4| Accuracy: 1.0 | Loss: 0.03037162405167703
INFO:root:Iter: 5| Accuracy: 0.2 | Loss: 0.35051469174218186
INFO:root:Iter: 6| Accuracy: 1.0 | Loss: 0.22175249247710668
INFO:root:Iter: 7| Accuracy: 1.0 | Loss: 0.17515835177752614
INFO:root:Iter: 8| Accuracy: 1.0 | Loss: 0.11373648531818865
INFO:root:Iter: 9| Accuracy: 0.2 | Loss: 0.35507011386907
INFO:root:Iter: 10| Accuracy: 0.4 | Loss: 0.3202801319984276
INFO:root:Iter: 11| Accuracy: 1.0 | Loss: 0.11508285702919174
INFO:root:Iter: 12| Accuracy: 0.6 | Loss: 0.2845871735725676
INFO:root:Iter: 13| Accuracy: 1.0 | Loss: 0.12205662441994428
INFO:root:Iter: 14| Accuracy: 0.4 | Loss: 0.3732195787524872
INFO:root:Iter: 15| Accuracy: 0.2 | Loss: 0.4039988938854135
INFO:root:Iter: 16| Accuracy: 0.8 | Loss: 0.2822915869596564
INFO:root:Iter: 17| Accuracy: 0.8 | Loss: 0.14368582950444883
INFO:root:Iter: 18| Accuracy: 0.6 | Loss: 0.19596286618087172
INFO:root:Iter: 19| Accuracy: 1.0 | Loss: 0.14981338686226164
INFO:root:Iter: 20| Accuracy: 0.0 | Loss: 0.3856636673981633
INFO:root:epoch 40 : Training Accuracy 0.63 , Loss 0.2365787968455505, Time 0.47220553557078043 minutes, Validation Accuracy 0.84, Minimal Info Left 0.9999999999999999
INFO:root:start epoch 41
INFO:root:Iter: 1| Accuracy: 0.8 | Loss: 0.13729342240358758
INFO:root:Iter: 2| Accuracy: 1.0 | Loss: 0.08223493577486349
INFO:root:Iter: 3| Accuracy: 0.6 | Loss: 0.14759948044211532
INFO:root:Iter: 4| Accuracy: 0.4 | Loss: 0.31904890566253846
INFO:root:Iter: 5| Accuracy: 0.4 | Loss: 0.27737748516548943
INFO:root:Iter: 6| Accuracy: 1.0 | Loss: 0.14161708939611437
INFO:root:Iter: 7| Accuracy: 1.0 | Loss: 0.15049294696570387
INFO:root:Iter: 8| Accuracy: 0.8 | Loss: 0.19433833991651736
INFO:root:Iter: 9| Accuracy: 1.0 | Loss: 0.13060468478487106
INFO:root:Iter: 10| Accuracy: 1.0 | Loss: 0.13187431047874223
INFO:root:Iter: 11| Accuracy: 0.4 | Loss: 0.36380845858234434
INFO:root:Iter: 12| Accuracy: 1.0 | Loss: 0.1307599684536972
INFO:root:Iter: 13| Accuracy: 1.0 | Loss: 0.11527001338881049
INFO:root:Iter: 14| Accuracy: 0.2 | Loss: 0.4173038434062926
INFO:root:Iter: 15| Accuracy: 0.4 | Loss: 0.3349397025378459
INFO:root:Iter: 16| Accuracy: 0.8 | Loss: 0.1480218823790807
INFO:root:Iter: 17| Accuracy: 0.8 | Loss: 0.16060810169634201
INFO:root:Iter: 18| Accuracy: 0.8 | Loss: 0.12112332755683589
INFO:root:Iter: 19| Accuracy: 0.4 | Loss: 0.4329833876873089
INFO:root:Iter: 20| Accuracy: 0.8 | Loss: 0.12926933723181439
INFO:root:epoch 41 : Training Accuracy 0.73 , Loss 0.21555232049385448, Time 0.47226399183273315 minutes, Validation Accuracy 0.84, Minimal Info Left 0.9999999999999998
INFO:root:start epoch 42
INFO:root:Iter: 1| Accuracy: 1.0 | Loss: 0.04455831736936071
INFO:root:Iter: 2| Accuracy: 0.6 | Loss: 0.30597694382099594
INFO:root:Iter: 3| Accuracy: 0.8 | Loss: 0.13140184496603066
INFO:root:Iter: 4| Accuracy: 0.8 | Loss: 0.2753460504101226
INFO:root:Iter: 5| Accuracy: 0.6 | Loss: 0.2740178249264544
INFO:root:Iter: 6| Accuracy: 0.6 | Loss: 0.20466862995501814
INFO:root:Iter: 7| Accuracy: 0.8 | Loss: 0.14179914751796777
INFO:root:Iter: 8| Accuracy: 1.0 | Loss: 0.10118558065652719
INFO:root:Iter: 9| Accuracy: 0.8 | Loss: 0.12115305850138217
INFO:root:Iter: 10| Accuracy: 1.0 | Loss: 0.03515343057162638
INFO:root:Iter: 11| Accuracy: 1.0 | Loss: 0.06102138671966697
INFO:root:Iter: 12| Accuracy: 0.8 | Loss: 0.1121506842176246
INFO:root:Iter: 13| Accuracy: 0.2 | Loss: 0.33775512158750265
INFO:root:Iter: 14| Accuracy: 1.0 | Loss: 0.10307773156911257
INFO:root:Iter: 15| Accuracy: 0.8 | Loss: 0.12230024148855989
INFO:root:Iter: 16| Accuracy: 1.0 | Loss: 0.10330446638560993
INFO:root:Iter: 17| Accuracy: 1.0 | Loss: 0.08439019776191141
INFO:root:Iter: 18| Accuracy: 0.0 | Loss: 0.5357760128215474
INFO:root:Iter: 19| Accuracy: 1.0 | Loss: 0.08769447210341651
INFO:root:Iter: 20| Accuracy: 1.0 | Loss: 0.06595582695333264
INFO:root:epoch 42 : Training Accuracy 0.79 , Loss 0.17205341411863156, Time 0.4769836743672689 minutes, Validation Accuracy 0.91, Minimal Info Left 0.9999999999999998
INFO:root:start epoch 43
INFO:root:Iter: 1| Accuracy: 1.0 | Loss: 0.06931053693167752
INFO:root:Iter: 2| Accuracy: 0.6 | Loss: 0.17829633837350825
INFO:root:Iter: 3| Accuracy: 0.0 | Loss: 0.5371613929737175
INFO:root:Iter: 4| Accuracy: 0.4 | Loss: 0.3503037453415959
INFO:root:Iter: 5| Accuracy: 0.8 | Loss: 0.14650641883859078
INFO:root:Iter: 6| Accuracy: 0.6 | Loss: 0.15609659565517303
INFO:root:Iter: 7| Accuracy: 1.0 | Loss: 0.07692326030046112
INFO:root:Iter: 8| Accuracy: 1.0 | Loss: 0.06963033388505026
INFO:root:Iter: 9| Accuracy: 0.0 | Loss: 0.5717388452920599
INFO:root:Iter: 10| Accuracy: 1.0 | Loss: 0.02888113928795453
INFO:root:Iter: 11| Accuracy: 1.0 | Loss: 0.06853406509570147
INFO:root:Iter: 12| Accuracy: 1.0 | Loss: 0.04319180301998214
INFO:root:Iter: 13| Accuracy: 0.0 | Loss: 0.5557748062324658
INFO:root:Iter: 14| Accuracy: 1.0 | Loss: 0.11714533871145474
INFO:root:Iter: 15| Accuracy: 1.0 | Loss: 0.07420235526470284
INFO:root:Iter: 16| Accuracy: 1.0 | Loss: 0.12239784952833546
INFO:root:Iter: 17| Accuracy: 0.4 | Loss: 0.33996220624633483
INFO:root:Iter: 18| Accuracy: 0.8 | Loss: 0.12275668863636757
INFO:root:Iter: 19| Accuracy: 1.0 | Loss: 0.06326464834648862
INFO:root:Iter: 20| Accuracy: 0.8 | Loss: 0.15505842399116873
INFO:root:epoch 43 : Training Accuracy 0.72 , Loss 0.2035405056928014, Time 0.4598089893658956 minutes, Validation Accuracy 0.99, Minimal Info Left 0.9999999999999999
INFO:root:start epoch 44
INFO:root:Iter: 1| Accuracy: 0.2 | Loss: 0.5522772335466202
INFO:root:Iter: 2| Accuracy: 1.0 | Loss: 0.10245708581337702
INFO:root:Iter: 3| Accuracy: 1.0 | Loss: 0.02982202196974374
INFO:root:Iter: 4| Accuracy: 1.0 | Loss: 0.04419630415811607
INFO:root:Iter: 5| Accuracy: 0.4 | Loss: 0.3169474682547056
INFO:root:Iter: 6| Accuracy: 1.0 | Loss: 0.08499670476974981
INFO:root:Iter: 7| Accuracy: 0.8 | Loss: 0.11940029333472743
INFO:root:Iter: 8| Accuracy: 1.0 | Loss: 0.10679512095856783
INFO:root:Iter: 9| Accuracy: 0.4 | Loss: 0.31007531201891975
INFO:root:Iter: 10| Accuracy: 0.2 | Loss: 0.43860672925820127
INFO:root:Iter: 11| Accuracy: 0.2 | Loss: 0.4221448183231975
INFO:root:Iter: 12| Accuracy: 0.8 | Loss: 0.17036476003247897
INFO:root:Iter: 13| Accuracy: 1.0 | Loss: 0.0683562304582386
INFO:root:Iter: 14| Accuracy: 0.0 | Loss: 0.4853450042793656
INFO:root:Iter: 15| Accuracy: 1.0 | Loss: 0.08179304894356816
INFO:root:Iter: 16| Accuracy: 0.0 | Loss: 0.48103924370924434
INFO:root:Iter: 17| Accuracy: 0.0 | Loss: 0.4336416619133404
INFO:root:Iter: 18| Accuracy: 1.0 | Loss: 0.11018824896571289
INFO:root:Iter: 19| Accuracy: 1.0 | Loss: 0.13960541316369357
INFO:root:Iter: 20| Accuracy: 1.0 | Loss: 0.11414551125812089
INFO:root:epoch 44 : Training Accuracy 0.65 , Loss 0.24695560122235524, Time 0.4640782872835795 minutes, Validation Accuracy 0.72, Minimal Info Left 0.9999999999999998
INFO:root:start epoch 45
INFO:root:Iter: 1| Accuracy: 0.2 | Loss: 0.32092572768324545
INFO:root:Iter: 2| Accuracy: 0.8 | Loss: 0.23008317889274443
INFO:root:Iter: 3| Accuracy: 0.8 | Loss: 0.15938803444946678
INFO:root:Iter: 4| Accuracy: 1.0 | Loss: 0.12632120153560983
INFO:root:Iter: 5| Accuracy: 1.0 | Loss: 0.1188773972922594
INFO:root:Iter: 6| Accuracy: 1.0 | Loss: 0.11469031175419953
INFO:root:Iter: 7| Accuracy: 1.0 | Loss: 0.10459415278413686
INFO:root:Iter: 8| Accuracy: 0.8 | Loss: 0.1363165117198582
INFO:root:Iter: 9| Accuracy: 1.0 | Loss: 0.096823857746774
INFO:root:Iter: 10| Accuracy: 1.0 | Loss: 0.06907252907343671
INFO:root:Iter: 11| Accuracy: 0.8 | Loss: 0.1340741779632955
INFO:root:Iter: 12| Accuracy: 0.8 | Loss: 0.11758877079430849
INFO:root:Iter: 13| Accuracy: 0.2 | Loss: 0.47299801343249986
INFO:root:Iter: 14| Accuracy: 0.4 | Loss: 0.3903635110957765
INFO:root:Iter: 15| Accuracy: 0.8 | Loss: 0.16512639808700436
INFO:root:Iter: 16| Accuracy: 0.0 | Loss: 0.4372700868583504
INFO:root:Iter: 17| Accuracy: 1.0 | Loss: 0.10828762507401361
INFO:root:Iter: 18| Accuracy: 1.0 | Loss: 0.09368076937121458
INFO:root:Iter: 19| Accuracy: 0.6 | Loss: 0.3228312035177469
INFO:root:Iter: 20| Accuracy: 0.2 | Loss: 0.4877273195590314
INFO:root:epoch 45 : Training Accuracy 0.72 , Loss 0.2267849033959421, Time 0.47321256399154665 minutes, Validation Accuracy 0.96, Minimal Info Left 0.9999999999999998
INFO:root:start epoch 46
INFO:root:Iter: 1| Accuracy: 1.0 | Loss: 0.13189210286493608
INFO:root:Iter: 2| Accuracy: 1.0 | Loss: 0.11431907421453022
INFO:root:Iter: 3| Accuracy: 1.0 | Loss: 0.11025112149530888
INFO:root:Iter: 4| Accuracy: 0.0 | Loss: 0.45373253771660654
INFO:root:Iter: 5| Accuracy: 0.6 | Loss: 0.2857139563208548
INFO:root:Iter: 6| Accuracy: 0.6 | Loss: 0.20594642250147452
INFO:root:Iter: 7| Accuracy: 1.0 | Loss: 0.13790089537289213
INFO:root:Iter: 8| Accuracy: 0.0 | Loss: 0.3363713791737405
INFO:root:Iter: 9| Accuracy: 1.0 | Loss: 0.13112549263999435
INFO:root:Iter: 10| Accuracy: 0.0 | Loss: 0.349585949190352
INFO:root:Iter: 11| Accuracy: 1.0 | Loss: 0.09503719776687658
INFO:root:Iter: 12| Accuracy: 0.0 | Loss: 0.3412260605750355
INFO:root:Iter: 13| Accuracy: 1.0 | Loss: 0.19586070508132403
INFO:root:Iter: 14| Accuracy: 1.0 | Loss: 0.1336252371996691
INFO:root:Iter: 15| Accuracy: 0.8 | Loss: 0.19182164701830812
INFO:root:Iter: 16| Accuracy: 0.0 | Loss: 0.3863286830080327
INFO:root:Iter: 17| Accuracy: 0.4 | Loss: 0.30545159953427187
INFO:root:Iter: 18| Accuracy: 0.6 | Loss: 0.27576821752971037
INFO:root:Iter: 19| Accuracy: 0.6 | Loss: 0.2663187528393901
INFO:root:Iter: 20| Accuracy: 0.6 | Loss: 0.21115914303681196
INFO:root:epoch 46 : Training Accuracy 0.61 , Loss 0.26640943808224526, Time 0.47800376812616985 minutes, Validation Accuracy 0.45, Minimal Info Left 0.9999999999999998
INFO:root:start epoch 47
INFO:root:Iter: 1| Accuracy: 0.6 | Loss: 0.19423472340770692
INFO:root:Iter: 2| Accuracy: 0.6 | Loss: 0.17828919085922132
INFO:root:Iter: 3| Accuracy: 0.2 | Loss: 0.3580335890418759
INFO:root:Iter: 4| Accuracy: 0.0 | Loss: 0.33428218420616007
INFO:root:Iter: 5| Accuracy: 0.2 | Loss: 0.3568695960144076
INFO:root:Iter: 6| Accuracy: 0.0 | Loss: 0.34059600813789076
INFO:root:Iter: 7| Accuracy: 0.8 | Loss: 0.17728816507395448
INFO:root:Iter: 8| Accuracy: 0.6 | Loss: 0.25488706943292944
INFO:root:Iter: 9| Accuracy: 0.6 | Loss: 0.22058201550312312
INFO:root:Iter: 10| Accuracy: 0.8 | Loss: 0.17431896982358855
INFO:root:Iter: 11| Accuracy: 0.2 | Loss: 0.30165752323564665
INFO:root:Iter: 12| Accuracy: 1.0 | Loss: 0.21160789715863867
INFO:root:Iter: 13| Accuracy: 0.8 | Loss: 0.1465464342200456
INFO:root:Iter: 14| Accuracy: 0.6 | Loss: 0.26188306777362425
INFO:root:Iter: 15| Accuracy: 0.8 | Loss: 0.19442133792014918
INFO:root:Iter: 16| Accuracy: 0.2 | Loss: 0.287794790696464
INFO:root:Iter: 17| Accuracy: 0.8 | Loss: 0.2335643662517107
INFO:root:Iter: 18| Accuracy: 1.0 | Loss: 0.20871512182496765
INFO:root:Iter: 19| Accuracy: 0.8 | Loss: 0.15795488403094984
INFO:root:Iter: 20| Accuracy: 0.6 | Loss: 0.25965277291203676
INFO:root:epoch 47 : Training Accuracy 0.56 , Loss 0.2897772249573252, Time 0.4682215730349223 minutes, Validation Accuracy 0.5, Minimal Info Left 0.9999999999999999
INFO:root:start epoch 48
INFO:root:Iter: 1| Accuracy: 0.4 | Loss: 0.2910550480409711
INFO:root:Iter: 2| Accuracy: 0.4 | Loss: 0.2657210950162346
INFO:root:Iter: 3| Accuracy: 0.8 | Loss: 0.2209359475063022
INFO:root:Iter: 4| Accuracy: 0.6 | Loss: 0.2559051077789713
INFO:root:Iter: 5| Accuracy: 0.6 | Loss: 0.251059441351605
INFO:root:Iter: 6| Accuracy: 0.8 | Loss: 0.18902853727889093
INFO:root:Iter: 7| Accuracy: 0.4 | Loss: 0.2552035606319522
INFO:root:Iter: 8| Accuracy: 0.6 | Loss: 0.22760944560451257
INFO:root:Iter: 9| Accuracy: 0.8 | Loss: 0.18661507440704367
INFO:root:Iter: 10| Accuracy: 0.6 | Loss: 0.29527789143870947
INFO:root:Iter: 11| Accuracy: 0.4 | Loss: 0.2266176007145128
INFO:root:Iter: 12| Accuracy: 0.8 | Loss: 0.16691323328759328
INFO:root:Iter: 13| Accuracy: 0.8 | Loss: 0.12756618854511817
INFO:root:Iter: 14| Accuracy: 0.4 | Loss: 0.37164085602671
INFO:root:Iter: 15| Accuracy: 0.6 | Loss: 0.16558967351200518
INFO:root:Iter: 16| Accuracy: 0.6 | Loss: 0.24425353545855302
INFO:root:Iter: 17| Accuracy: 0.4 | Loss: 0.23599798211431877
INFO:root:Iter: 18| Accuracy: 0.6 | Loss: 0.22783594312185396
INFO:root:Iter: 19| Accuracy: 0.2 | Loss: 0.28309491836320083
INFO:root:Iter: 20| Accuracy: 1.0 | Loss: 0.18048389383820224
INFO:root:epoch 48 : Training Accuracy 0.59 , Loss 0.23013810116649303, Time 0.467263921101888 minutes, Validation Accuracy 0.93, Minimal Info Left 0.9999999999999998
INFO:root:start epoch 49
INFO:root:Iter: 1| Accuracy: 0.8 | Loss: 0.17956494400436424
INFO:root:Iter: 2| Accuracy: 0.8 | Loss: 0.12129271485934097
INFO:root:Iter: 3| Accuracy: 0.8 | Loss: 0.2067854705117235
INFO:root:Iter: 4| Accuracy: 0.8 | Loss: 0.1791982976229104
INFO:root:Iter: 5| Accuracy: 1.0 | Loss: 0.14851526521779174
INFO:root:Iter: 6| Accuracy: 0.6 | Loss: 0.29914733026043483
INFO:root:Iter: 7| Accuracy: 0.8 | Loss: 0.14270063360833807
INFO:root:Iter: 8| Accuracy: 0.8 | Loss: 0.10605501352481284
INFO:root:Iter: 9| Accuracy: 0.6 | Loss: 0.16481441926768087
INFO:root:Iter: 10| Accuracy: 1.0 | Loss: 0.10666622293355217
INFO:root:Iter: 11| Accuracy: 0.4 | Loss: 0.34592904665667223
INFO:root:Iter: 12| Accuracy: 1.0 | Loss: 0.10046702852285445
INFO:root:Iter: 13| Accuracy: 1.0 | Loss: 0.07558327807334808
INFO:root:Iter: 14| Accuracy: 0.8 | Loss: 0.09842724533752567
INFO:root:Iter: 15| Accuracy: 0.8 | Loss: 0.08159710270844381
INFO:root:Iter: 16| Accuracy: 0.6 | Loss: 0.3002440758406045
INFO:root:Iter: 17| Accuracy: 0.2 | Loss: 0.49005970789089026
INFO:root:Iter: 18| Accuracy: 0.0 | Loss: 0.47187363442533226
INFO:root:Iter: 19| Accuracy: 0.4 | Loss: 0.5214616070754111
INFO:root:Iter: 20| Accuracy: 0.8 | Loss: 0.14983537545278164
INFO:root:epoch 49 : Training Accuracy 0.7 , Loss 0.2877811747419597, Time 0.4738386591275533 minutes, Validation Accuracy 0.6, Minimal Info Left 0.9999999999999998
INFO:root:start epoch 50
INFO:root:Iter: 1| Accuracy: 0.8 | Loss: 0.10963676526961671
INFO:root:Iter: 2| Accuracy: 1.0 | Loss: 0.10302418284352335
INFO:root:Iter: 3| Accuracy: 0.4 | Loss: 0.32281731747172476
INFO:root:Iter: 4| Accuracy: 1.0 | Loss: 0.11429333151827685
INFO:root:Iter: 5| Accuracy: 1.0 | Loss: 0.10632915760558939
INFO:root:Iter: 6| Accuracy: 0.2 | Loss: 0.3767178686388326
INFO:root:Iter: 7| Accuracy: 0.8 | Loss: 0.12124445889371809
INFO:root:Iter: 8| Accuracy: 1.0 | Loss: 0.07060256127272689
INFO:root:Iter: 9| Accuracy: 0.0 | Loss: 0.49944283623711205
INFO:root:Iter: 10| Accuracy: 1.0 | Loss: 0.09517304128435752
INFO:root:Iter: 11| Accuracy: 0.2 | Loss: 0.3457622360551994
INFO:root:Iter: 12| Accuracy: 1.0 | Loss: 0.13173186783514163
INFO:root:Iter: 13| Accuracy: 0.8 | Loss: 0.12660266925316577
INFO:root:Iter: 14| Accuracy: 0.8 | Loss: 0.11216423002167461
INFO:root:Iter: 15| Accuracy: 0.0 | Loss: 0.4581012289151455
INFO:root:Iter: 16| Accuracy: 1.0 | Loss: 0.1310626975969471
INFO:root:Iter: 17| Accuracy: 1.0 | Loss: 0.12580566707863716
INFO:root:Iter: 18| Accuracy: 0.8 | Loss: 0.26585900236804955
INFO:root:Iter: 19| Accuracy: 0.6 | Loss: 0.45775396851125827
INFO:root:Iter: 20| Accuracy: 0.4 | Loss: 0.4273857612712092
INFO:root:epoch 50 : Training Accuracy 0.69 , Loss 0.26055286498211605, Time 0.4513054529825846 minutes, Validation Accuracy 0.79, Minimal Info Left 0.9999999999999998
